#
# A fatal error has been detected by the Java Runtime Environment:
#
#  EXCEPTION_ACCESS_VIOLATION (0xc0000005) at pc=0x0000000066bcbd0d, pid=5356, tid=0x0000000000000950
#
# JRE version: OpenJDK Runtime Environment (8.0_76-b03) (build 1.8.0_76-release-b03)
# Java VM: OpenJDK 64-Bit Server VM (25.76-b03 mixed mode windows-amd64 compressed oops)
# Problematic frame:
# C  [gdx-box2d64.dll+0xbd0d]
#
# Failed to write core dump. Minidumps are not enabled by default on client versions of Windows
#
# If you would like to submit a bug report, please visit:
#   http://bugreport.java.com/bugreport/crash.jsp
# The crash happened outside the Java Virtual Machine in native code.
# See problematic frame for where to report the bug.
#

---------------  T H R E A D  ---------------

Current thread (0x0000000056c24000):  JavaThread "LWJGL Application" [_thread_in_native, id=2384, stack(0x00000000582c0000,0x00000000583c0000)]

siginfo: ExceptionCode=0xc0000005, reading address 0x00000002003de790

Registers:
RAX=0x00000002003de790, RBX=0x0000000000357de0, RCX=0x0000000000357db0, RDX=0x00000000000000b8
RSP=0x00000000583bf1e0, RBP=0x0000000000000006, RSI=0x0000000000357db0, RDI=0x00000000583bf2a0
R8 =0x0000000000357db0, R9 =0x0000000000000002, R10=0x0000000000000000, R11=0x0000000000000001
R12=0x0000000000000000, R13=0x000000005493f300, R14=0x00000000583bf490, R15=0x0000000056c24000
RIP=0x0000000066bcbd0d, EFLAGS=0x0000000000010206

Top of Stack: (sp=0x00000000583bf1e0)
0x00000000583bf1e0:   000000005493f300 0000000056c24000
0x00000000583bf1f0:   0000000059d16628 0000000056e27a40
0x00000000583bf200:   0000000000000012 0000000000357db0
0x00000000583bf210:   000000001158a000 00000000583bf2a0
0x00000000583bf220:   00000000583bf3e8 0000000000000000
0x00000000583bf230:   000000005493f300 0000000066be2483
0x00000000583bf240:   00000000583bf2e0 00000000583bf2e0
0x00000000583bf250:   0000000000000003 000000005493f300
0x00000000583bf260:   0000000000000001 000000001158a000
0x00000000583bf270:   00000000000871b0 0000000066be8616
0x00000000583bf280:   0000000000000000 00000000000871b0
0x00000000583bf290:   00000000583bf3e8 00000000027d54d8
0x00000000583bf2a0:   40da666c00000002 000000003ff9eb85
0x00000000583bf2b0:   0000000000000000 0000000000000000
0x00000000583bf2c0:   0000010100000000 00000000583bf401
0x00000000583bf2d0:   0000000000000000 000000003f800000 

Instructions: (pc=0x0000000066bcbd0d)
0x0000000066bcbced:   48 8d 05 6c a3 05 00 0f b6 1c 18 80 fb 0d 0f b6
0x0000000066bcbcfd:   eb 77 21 48 8d 1c de 48 8b 43 10 48 85 c0 74 3a
0x0000000066bcbd0d:   48 8b 10 48 89 53 10 48 83 c4 28 5b 5e 5f 5d 41
0x0000000066bcbd1d:   5c 41 5d c3 48 8d 15 18 9e 04 00 48 8d 0d 99 9e 


Register to memory mapping:

RAX=0x00000002003de790 is an unknown value
RBX=0x0000000000357de0 is an unknown value
RCX=0x0000000000357db0 is an unknown value
RDX=0x00000000000000b8 is an unknown value
RSP=0x00000000583bf1e0 is pointing into the stack for thread: 0x0000000056c24000
RBP=0x0000000000000006 is an unknown value
RSI=0x0000000000357db0 is an unknown value
RDI=0x00000000583bf2a0 is pointing into the stack for thread: 0x0000000056c24000
R8 =0x0000000000357db0 is an unknown value
R9 =0x0000000000000002 is an unknown value
R10=0x0000000000000000 is an unknown value
R11=0x0000000000000001 is an unknown value
R12=0x0000000000000000 is an unknown value
R13={method} {0x000000005493f308} 'jniCreateBody' '(JIFFFFFFFFZZZZZF)J' in 'com/badlogic/gdx/physics/box2d/World'
R14=0x00000000583bf490 is pointing into the stack for thread: 0x0000000056c24000
R15=0x0000000056c24000 is a thread


Stack: [0x00000000582c0000,0x00000000583c0000],  sp=0x00000000583bf1e0,  free space=1020k
Native frames: (J=compiled Java code, j=interpreted, Vv=VM code, C=native code)
C  [gdx-box2d64.dll+0xbd0d]
C  [gdx-box2d64.dll+0x22483]
C  [gdx-box2d64.dll+0x28616]
C  0x00000000027e5594

Java frames: (J=compiled Java code, j=interpreted, Vv=VM code)
j  com.badlogic.gdx.physics.box2d.World.jniCreateBody(JIFFFFFFFFZZZZZF)J+0
j  com.badlogic.gdx.physics.box2d.World.createBody(Lcom/badlogic/gdx/physics/box2d/BodyDef;)Lcom/badlogic/gdx/physics/box2d/Body;+80
j  com.runner.utils.WorldUtils.createProjectile(Lcom/badlogic/gdx/physics/box2d/World;FFZ)Lcom/badlogic/gdx/physics/box2d/Body;+154
j  com.runner.stages.GameStage.shoot()V+41
j  com.runner.stages.HudStage.touchDown(IIII)Z+38
j  com.badlogic.gdx.backends.lwjgl.LwjglInput.processEvents()V+253
j  com.badlogic.gdx.backends.lwjgl.LwjglApplication.mainLoop()V+600
j  com.badlogic.gdx.backends.lwjgl.LwjglApplication$1.run()V+27
v  ~StubRoutines::call_stub

---------------  P R O C E S S  ---------------

Java Threads: ( => current thread )
  0x0000000056cbe000 JavaThread "LWJGL Timer" daemon [_thread_blocked, id=6072, stack(0x000000005fa40000,0x000000005fb40000)]
  0x0000000002080000 JavaThread "DestroyJavaVM" [_thread_blocked, id=5936, stack(0x0000000002400000,0x0000000002500000)]
=>0x0000000056c24000 JavaThread "LWJGL Application" [_thread_in_native, id=2384, stack(0x00000000582c0000,0x00000000583c0000)]
  0x00000000562be800 JavaThread "Monitor Ctrl-Break" daemon [_thread_in_native, id=5792, stack(0x0000000056980000,0x0000000056a80000)]
  0x0000000056190800 JavaThread "Service Thread" daemon [_thread_blocked, id=5720, stack(0x00000000565f0000,0x00000000566f0000)]
  0x0000000054d27800 JavaThread "C1 CompilerThread1" daemon [_thread_blocked, id=5032, stack(0x0000000056090000,0x0000000056190000)]
  0x0000000054cc9800 JavaThread "C2 CompilerThread0" daemon [_thread_blocked, id=2608, stack(0x0000000055f90000,0x0000000056090000)]
  0x0000000054cc8000 JavaThread "Attach Listener" daemon [_thread_blocked, id=5292, stack(0x0000000055d70000,0x0000000055e70000)]
  0x0000000054cc6800 JavaThread "Signal Dispatcher" daemon [_thread_blocked, id=5704, stack(0x0000000055ad0000,0x0000000055bd0000)]
  0x0000000054cad800 JavaThread "Finalizer" daemon [_thread_blocked, id=4260, stack(0x00000000559b0000,0x0000000055ab0000)]
  0x0000000054c66800 JavaThread "Reference Handler" daemon [_thread_blocked, id=4092, stack(0x00000000558b0000,0x00000000559b0000)]

Other Threads:
  0x0000000054c5c800 VMThread [stack: 0x0000000055630000,0x0000000055730000] [id=2432]
  0x0000000056191800 WatcherThread [stack: 0x0000000056850000,0x0000000056950000] [id=2604]

VM state:not at safepoint (normal execution)

VM Mutex/Monitor currently owned by a thread: None

Heap:
 PSYoungGen      total 18944K, used 9484K [0x00000000eaf00000, 0x00000000ec400000, 0x0000000100000000)
  eden space 16384K, 42% used [0x00000000eaf00000,0x00000000eb5c86e8,0x00000000ebf00000)
  from space 2560K, 99% used [0x00000000ebf00000,0x00000000ec17aa88,0x00000000ec180000)
  to   space 2560K, 0% used [0x00000000ec180000,0x00000000ec180000,0x00000000ec400000)
 ParOldGen       total 44032K, used 1445K [0x00000000c0c00000, 0x00000000c3700000, 0x00000000eaf00000)
  object space 44032K, 3% used [0x00000000c0c00000,0x00000000c0d69510,0x00000000c3700000)
 Metaspace       used 8360K, capacity 8399K, committed 8576K, reserved 1056768K
  class space    used 757K, capacity 784K, committed 896K, reserved 1048576K

Card table byte_map: [0x0000000011b90000,0x0000000011d90000] byte_map_base: 0x000000001158a000

Marking Bits: (ParMarkBitMap*) 0x0000000059ed9d00
 Begin Bits: [0x0000000012190000, 0x0000000013160000)
 End Bits:   [0x0000000013160000, 0x0000000014130000)

Polling page: 0x0000000000430000

CodeCache: size=245760Kb used=4391Kb max_used=4391Kb free=241368Kb
 bounds [0x00000000027d0000, 0x0000000002c20000, 0x00000000117d0000]
 total_blobs=1697 nmethods=1198 adapters=414
 compilation: enabled

Compilation events (10 events):
Event: 9.884 Thread 0x0000000054d27800 1197       3       sun.nio.cs.StreamDecoder::implRead (243 bytes)
Event: 9.885 Thread 0x0000000054d27800 nmethod 1197 0x0000000002c1b310 code [0x0000000002c1b5e0, 0x0000000002c1cfa8]
Event: 9.885 Thread 0x0000000054d27800 1194   !   3       java.nio.CharBuffer::wrap (20 bytes)
Event: 9.885 Thread 0x0000000054d27800 nmethod 1194 0x0000000002c18a10 code [0x0000000002c18ba0, 0x0000000002c18f78]
Event: 9.885 Thread 0x0000000054d27800 1195       3       java.nio.HeapCharBuffer::<init> (14 bytes)
Event: 9.886 Thread 0x0000000054d27800 nmethod 1195 0x0000000002c18510 code [0x0000000002c18680, 0x0000000002c188c8]
Event: 9.886 Thread 0x0000000054d27800 1198       3       com.badlogic.gdx.graphics.g2d.TextureRegion::setRegion (71 bytes)
Event: 9.886 Thread 0x0000000054d27800 nmethod 1198 0x0000000002c1da90 code [0x0000000002c1dc60, 0x0000000002c1e1a8]
Event: 9.886 Thread 0x0000000054d27800 1196       3       sun.nio.cs.StreamDecoder::ensureOpen (18 bytes)
Event: 9.886 Thread 0x0000000054d27800 nmethod 1196 0x0000000002c0a6d0 code [0x0000000002c0a840, 0x0000000002c0aa88]

GC Heap History (2 events):
Event: 2.702 GC heap before
{Heap before GC invocations=1 (full 0):
 PSYoungGen      total 18944K, used 16384K [0x00000000eaf00000, 0x00000000ec400000, 0x0000000100000000)
  eden space 16384K, 100% used [0x00000000eaf00000,0x00000000ebf00000,0x00000000ebf00000)
  from space 2560K, 0% used [0x00000000ec180000,0x00000000ec180000,0x00000000ec400000)
  to   space 2560K, 0% used [0x00000000ebf00000,0x00000000ebf00000,0x00000000ec180000)
 ParOldGen       total 44032K, used 0K [0x00000000c0c00000, 0x00000000c3700000, 0x00000000eaf00000)
  object space 44032K, 0% used [0x00000000c0c00000,0x00000000c0c00000,0x00000000c3700000)
 Metaspace       used 7436K, capacity 7555K, committed 7680K, reserved 1056768K
  class space    used 690K, capacity 720K, committed 768K, reserved 1048576K
Event: 2.706 GC heap after
Heap after GC invocations=1 (full 0):
 PSYoungGen      total 18944K, used 2538K [0x00000000eaf00000, 0x00000000ec400000, 0x0000000100000000)
  eden space 16384K, 0% used [0x00000000eaf00000,0x00000000eaf00000,0x00000000ebf00000)
  from space 2560K, 99% used [0x00000000ebf00000,0x00000000ec17aa88,0x00000000ec180000)
  to   space 2560K, 0% used [0x00000000ec180000,0x00000000ec180000,0x00000000ec400000)
 ParOldGen       total 44032K, used 1445K [0x00000000c0c00000, 0x00000000c3700000, 0x00000000eaf00000)
  object space 44032K, 3% used [0x00000000c0c00000,0x00000000c0d69510,0x00000000c3700000)
 Metaspace       used 7436K, capacity 7555K, committed 7680K, reserved 1056768K
  class space    used 690K, capacity 720K, committed 768K, reserved 1048576K
}

Deoptimization events (7 events):
Event: 2.594 Thread 0x0000000056c24000 Uncommon trap: reason=unstable_if action=reinterpret pc=0x0000000002985250 method=java.lang.String.<init>([CII)V @ 18
Event: 4.807 Thread 0x0000000056c24000 Uncommon trap: reason=array_check action=maybe_recompile pc=0x0000000002ae15f8 method=com.badlogic.gdx.utils.Array.add(Ljava/lang/Object;)V @ 46
Event: 6.814 Thread 0x0000000056c24000 Uncommon trap: reason=array_check action=maybe_recompile pc=0x0000000002ae15f8 method=com.badlogic.gdx.utils.Array.add(Ljava/lang/Object;)V @ 46
Event: 7.146 Thread 0x0000000056c24000 Uncommon trap: reason=unstable_if action=reinterpret pc=0x0000000002bcf294 method=com.runner.stages.GameStage.update(Lcom/badlogic/gdx/physics/box2d/Body;)V @ 24
Event: 7.180 Thread 0x0000000056c24000 Uncommon trap: reason=array_check action=maybe_recompile pc=0x0000000002ae15f8 method=com.badlogic.gdx.utils.Array.add(Ljava/lang/Object;)V @ 46
Event: 7.513 Thread 0x0000000056c24000 Uncommon trap: reason=unstable_if action=reinterpret pc=0x0000000002af680c method=com.runner.stages.GameStage.update(Lcom/badlogic/gdx/physics/box2d/Body;)V @ 24
Event: 7.898 Thread 0x0000000056c24000 Uncommon trap: reason=array_check action=maybe_recompile pc=0x0000000002ae15f8 method=com.badlogic.gdx.utils.Array.add(Ljava/lang/Object;)V @ 46

Internal exceptions (10 events):
Event: 0.772 Thread 0x0000000002080000 Exception <a 'java/security/PrivilegedActionException'> (0x00000000eb1ca198) thrown at [C:\src\android\AOSP-openjdk\external\jetbrains\jdk\hotspot\src\share\vm\prims\jvm.cpp, line 1386]
Event: 0.772 Thread 0x0000000002080000 Exception <a 'java/security/PrivilegedActionException'> (0x00000000eb1ca3a8) thrown at [C:\src\android\AOSP-openjdk\external\jetbrains\jdk\hotspot\src\share\vm\prims\jvm.cpp, line 1386]
Event: 0.772 Thread 0x0000000002080000 Exception <a 'java/security/PrivilegedActionException'> (0x00000000eb1cb780) thrown at [C:\src\android\AOSP-openjdk\external\jetbrains\jdk\hotspot\src\share\vm\prims\jvm.cpp, line 1386]
Event: 0.772 Thread 0x0000000002080000 Exception <a 'java/security/PrivilegedActionException'> (0x00000000eb1cb990) thrown at [C:\src\android\AOSP-openjdk\external\jetbrains\jdk\hotspot\src\share\vm\prims\jvm.cpp, line 1386]
Event: 1.238 Thread 0x0000000002080000 Exception <a 'java/security/PrivilegedActionException'> (0x00000000eb3bf428) thrown at [C:\src\android\AOSP-openjdk\external\jetbrains\jdk\hotspot\src\share\vm\prims\jvm.cpp, line 1386]
Event: 1.238 Thread 0x0000000002080000 Exception <a 'java/security/PrivilegedActionException'> (0x00000000eb3c1100) thrown at [C:\src\android\AOSP-openjdk\external\jetbrains\jdk\hotspot\src\share\vm\prims\jvm.cpp, line 1386]
Event: 1.238 Thread 0x0000000002080000 Exception <a 'java/security/PrivilegedActionException'> (0x00000000eb3c2270) thrown at [C:\src\android\AOSP-openjdk\external\jetbrains\jdk\hotspot\src\share\vm\prims\jvm.cpp, line 1386]
Event: 1.238 Thread 0x0000000002080000 Exception <a 'java/security/PrivilegedActionException'> (0x00000000eb3c73d8) thrown at [C:\src\android\AOSP-openjdk\external\jetbrains\jdk\hotspot\src\share\vm\prims\jvm.cpp, line 1386]
Event: 1.238 Thread 0x0000000002080000 Exception <a 'java/security/PrivilegedActionException'> (0x00000000eb3c8030) thrown at [C:\src\android\AOSP-openjdk\external\jetbrains\jdk\hotspot\src\share\vm\prims\jvm.cpp, line 1386]
Event: 1.238 Thread 0x0000000002080000 Exception <a 'java/security/PrivilegedActionException'> (0x00000000eb3c8c58) thrown at [C:\src\android\AOSP-openjdk\external\jetbrains\jdk\hotspot\src\share\vm\prims\jvm.cpp, line 1386]

Events (10 events):
Event: 7.613 Thread 0x0000000056c24000 DEOPT UNPACKING pc=0x00000000028171bf sp=0x00000000583bf338 mode 0
Event: 7.847 Thread 0x0000000056c24000 DEOPT PACKING pc=0x0000000002bdde47 sp=0x00000000583bf530
Event: 7.847 Thread 0x0000000056c24000 DEOPT UNPACKING pc=0x00000000028171bf sp=0x00000000583bf338 mode 0
Event: 7.898 Thread 0x0000000056c24000 Uncommon trap: trap_request=0xffffffd6 fr.pc=0x0000000002ae15f8
Event: 7.899 Thread 0x0000000056c24000 DEOPT PACKING pc=0x0000000002ae15f8 sp=0x00000000583bf4b0
Event: 7.899 Thread 0x0000000056c24000 DEOPT UNPACKING pc=0x000000000281556a sp=0x00000000583bf440 mode 2
Event: 8.081 Thread 0x0000000056c24000 DEOPT PACKING pc=0x0000000002bdde47 sp=0x00000000583bf530
Event: 8.081 Thread 0x0000000056c24000 DEOPT UNPACKING pc=0x00000000028171bf sp=0x00000000583bf338 mode 0
Event: 8.325 Thread 0x0000000056c24000 DEOPT PACKING pc=0x0000000002bdde47 sp=0x00000000583bf530
Event: 8.325 Thread 0x0000000056c24000 DEOPT UNPACKING pc=0x00000000028171bf sp=0x00000000583bf338 mode 0


Dynamic libraries:
0x000000013f0d0000 - 0x000000013f101000 	C:\Android\Android Studio\jre\bin\java.exe
0x00000000772e0000 - 0x000000007748a000 	C:\Windows\SYSTEM32\ntdll.dll
0x00000000771c0000 - 0x00000000772df000 	C:\Windows\system32\kernel32.dll
0x000007fefd360000 - 0x000007fefd3ca000 	C:\Windows\system32\KERNELBASE.dll
0x000007fefe690000 - 0x000007fefe76b000 	C:\Windows\system32\ADVAPI32.dll
0x000007fefed40000 - 0x000007fefeddf000 	C:\Windows\system32\msvcrt.dll
0x000007fefe880000 - 0x000007fefe89f000 	C:\Windows\SYSTEM32\sechost.dll
0x000007fefec10000 - 0x000007fefed3d000 	C:\Windows\system32\RPCRT4.dll
0x00000000770c0000 - 0x00000000771ba000 	C:\Windows\system32\USER32.dll
0x000007fefef20000 - 0x000007fefef87000 	C:\Windows\system32\GDI32.dll
0x000007fefe770000 - 0x000007fefe77e000 	C:\Windows\system32\LPK.dll
0x000007fefe440000 - 0x000007fefe50a000 	C:\Windows\system32\USP10.dll
0x000007fefbb50000 - 0x000007fefbd44000 	C:\Windows\WinSxS\amd64_microsoft.windows.common-controls_6595b64144ccf1df_6.0.7601.18837_none_fa3b1e3d17594757\COMCTL32.dll
0x000007fefeea0000 - 0x000007fefef11000 	C:\Windows\system32\SHLWAPI.dll
0x000007fefe7d0000 - 0x000007fefe7fe000 	C:\Windows\system32\IMM32.DLL
0x000007feff200000 - 0x000007feff309000 	C:\Windows\system32\MSCTF.dll
0x0000000055bf0000 - 0x0000000055cc2000 	C:\Android\Android Studio\jre\jre\bin\msvcr100.dll
0x0000000059720000 - 0x0000000059f54000 	C:\Android\Android Studio\jre\jre\bin\server\jvm.dll
0x000007feef7e0000 - 0x000007feef7e9000 	C:\Windows\system32\WSOCK32.dll
0x000007fefe780000 - 0x000007fefe7cd000 	C:\Windows\system32\WS2_32.dll
0x000007fefd3d0000 - 0x000007fefd3d8000 	C:\Windows\system32\NSI.dll
0x000007fefab10000 - 0x000007fefab4b000 	C:\Windows\system32\WINMM.dll
0x000007fefc040000 - 0x000007fefc04c000 	C:\Windows\system32\VERSION.dll
0x00000000774b0000 - 0x00000000774b7000 	C:\Windows\system32\PSAPI.DLL
0x000007fefb0d0000 - 0x000007fefb0df000 	C:\Android\Android Studio\jre\jre\bin\verify.dll
0x000007fef1740000 - 0x000007fef1769000 	C:\Android\Android Studio\jre\jre\bin\java.dll
0x000007fefae20000 - 0x000007fefae36000 	C:\Android\Android Studio\jre\jre\bin\zip.dll
0x000007fefd6b0000 - 0x000007fefe439000 	C:\Windows\system32\SHELL32.dll
0x000007fefeff0000 - 0x000007feff1f3000 	C:\Windows\system32\ole32.dll
0x000007fefd020000 - 0x000007fefd02f000 	C:\Windows\system32\profapi.dll
0x000007fefadf0000 - 0x000007fefadff000 	C:\Android\Android Studio\bin\breakgen64.dll
0x000007fefab60000 - 0x000007fefab7a000 	C:\Android\Android Studio\jre\jre\bin\net.dll
0x000007fefc7f0000 - 0x000007fefc845000 	C:\Windows\system32\mswsock.dll
0x000007fefc7e0000 - 0x000007fefc7e7000 	C:\Windows\System32\wship6.dll
0x0000000065580000 - 0x0000000065616000 	C:\Users\oCocha\AppData\Local\Temp\libgdxoCocha\8aad67a5\gdx64.dll
0x000007fefcb90000 - 0x000007fefcba8000 	C:\Windows\system32\CRYPTSP.dll
0x000007fefc550000 - 0x000007fefc597000 	C:\Windows\system32\rsaenh.dll
0x000007fefd120000 - 0x000007fefd13e000 	C:\Windows\system32\USERENV.dll
0x000007fefceb0000 - 0x000007fefcebf000 	C:\Windows\system32\CRYPTBASE.dll
0x000007fefa480000 - 0x000007fefa4a7000 	C:\Windows\system32\IPHLPAPI.DLL
0x000007fefa470000 - 0x000007fefa47b000 	C:\Windows\system32\WINNSI.DLL
0x000007fefa010000 - 0x000007fefa021000 	C:\Windows\system32\dhcpcsvc6.DLL
0x000007fef9ff0000 - 0x000007fefa008000 	C:\Windows\system32\dhcpcsvc.DLL
0x000007fef1780000 - 0x000007fef1791000 	C:\Android\Android Studio\jre\jre\bin\nio.dll
0x0000000180000000 - 0x0000000180053000 	C:\Users\oCocha\AppData\Local\Temp\libgdxoCocha\dc0f0009\lwjgl64.dll
0x000007fedb820000 - 0x000007fedb93d000 	C:\Windows\system32\OPENGL32.dll
0x000007fef16f0000 - 0x000007fef171d000 	C:\Windows\system32\GLU32.dll
0x000007fedc7d0000 - 0x000007fedc8c1000 	C:\Windows\system32\DDRAW.dll
0x000007fef16e0000 - 0x000007fef16e8000 	C:\Windows\system32\DCIMAN32.dll
0x000007fefea30000 - 0x000007fefec07000 	C:\Windows\system32\SETUPAPI.dll
0x000007fefd030000 - 0x000007fefd066000 	C:\Windows\system32\CFGMGR32.dll
0x000007fefe510000 - 0x000007fefe5ea000 	C:\Windows\system32\OLEAUT32.dll
0x000007fefd0d0000 - 0x000007fefd0ea000 	C:\Windows\system32\DEVOBJ.dll
0x000007fefc110000 - 0x000007fefc128000 	C:\Windows\system32\dwmapi.dll
0x0000000055820000 - 0x0000000055884000 	C:\Users\oCocha\AppData\Local\Temp\libgdxoCocha\dc0f0009\OpenAL64.dll
0x000007fefb970000 - 0x000007fefb9c6000 	C:\Windows\system32\uxtheme.dll
0x000007fefee00000 - 0x000007fefee99000 	C:\Windows\system32\CLBCatQ.DLL
0x000007fefb9d0000 - 0x000007fefbafc000 	C:\Windows\System32\PROPSYS.dll
0x000007fefd080000 - 0x000007fefd0bb000 	C:\Windows\system32\WINTRUST.dll
0x000007fefd1f0000 - 0x000007fefd35d000 	C:\Windows\system32\CRYPT32.dll
0x000007fefd010000 - 0x000007fefd01f000 	C:\Windows\system32\MSASN1.dll
0x000007fedd820000 - 0x000007fedd8a8000 	C:\Windows\system32\dsound.dll
0x000007fefc130000 - 0x000007fefc15c000 	C:\Windows\system32\POWRPROF.dll
0x000007fefb560000 - 0x000007fefb5ab000 	C:\Windows\System32\MMDevApi.dll
0x000007fefa700000 - 0x000007fefa74f000 	C:\Windows\system32\AUDIOSES.DLL
0x000007fef16c0000 - 0x000007fef16d8000 	C:\Windows\system32\atig6pxx.dll
0x0000000059f60000 - 0x000000005bd60000 	C:\Windows\system32\atio6axx.dll
0x000007feee340000 - 0x000007feee481000 	C:\Windows\system32\atiadlxx.dll
0x000007fefc160000 - 0x000007fefc171000 	C:\Windows\system32\WTSAPI32.dll
0x000007fee2810000 - 0x000007fee283c000 	C:\Windows\system32\atig6txx.dll
0x000007feef210000 - 0x000007feef2ac000 	C:\Windows\system32\mscms.dll
0x000007fee0290000 - 0x000007fee02d2000 	C:\Windows\system32\icm32.dll
0x0000000066bc0000 - 0x0000000066c7b000 	C:\Users\oCocha\AppData\Local\Temp\libgdxoCocha\b6038e5c\gdx-box2d64.dll
0x000007fef4100000 - 0x000007fef4225000 	C:\Windows\system32\dbghelp.dll

VM Arguments:
jvm_args: -Didea.launcher.port=7541 -Didea.launcher.bin.path=C:\Android\Android Studio\bin -Dfile.encoding=UTF-8 
java_command: com.intellij.rt.execution.application.AppMain com.runner.desktop.DesktopLauncher
java_class_path (initial): C:\Android\Android Studio\jre\jre\lib\charsets.jar;C:\Android\Android Studio\jre\jre\lib\ext\access-bridge-64.jar;C:\Android\Android Studio\jre\jre\lib\ext\cldrdata.jar;C:\Android\Android Studio\jre\jre\lib\ext\dnsns.jar;C:\Android\Android Studio\jre\jre\lib\ext\jaccess.jar;C:\Android\Android Studio\jre\jre\lib\ext\localedata.jar;C:\Android\Android Studio\jre\jre\lib\ext\nashorn.jar;C:\Android\Android Studio\jre\jre\lib\ext\sunec.jar;C:\Android\Android Studio\jre\jre\lib\ext\sunjce_provider.jar;C:\Android\Android Studio\jre\jre\lib\ext\sunmscapi.jar;C:\Android\Android Studio\jre\jre\lib\ext\sunpkcs11.jar;C:\Android\Android Studio\jre\jre\lib\ext\zipfs.jar;C:\Android\Android Studio\jre\jre\lib\jce.jar;C:\Android\Android Studio\jre\jre\lib\jsse.jar;C:\Android\Android Studio\jre\jre\lib\management-agent.jar;C:\Android\Android Studio\jre\jre\lib\resources.jar;C:\Android\Android Studio\jre\jre\lib\rt.jar;C:\Android\Projekte\ItsAMe\desktop\build\classes\main;C:\Android\Projekte\ItsAMe\core\build\classes\main;C:\Users\oCocha\.gradle\caches\modules-2\files-2.1\com.badlogicgames.gdx\gdx\1.9.4\4b4b7962d1bc75af0438f5c81ec1010557bc9ee5\gdx-1.9.4.jar;C:\Users\oCocha\.gradle\caches\modules-2\files-2.1\com.badlogicgames.gdx\gdx-box2d\1.9.4\98a0d25c9f0637fecac6e4aacf7287aa635964f5\gdx-box2d-1.9.4.jar;C:\Users\oCocha\.gradle\caches\modules-2\files-2.1\com.badlogicgames.gdx\gdx-backend-lwjgl\1.9.4\4c6c108a9dcbc07096de8594b93f9cab33856fe2\gdx-backend-lwjgl-1.9.4.jar;C:\Users\oCocha\.gradle\caches\modules-2\files-2.1\com.badlogicgames.gdx\gdx-platform\1.9.4\8e93afecc287ab152179983fc1b5f65db4c2fa4c\gdx-platform-1.9.4-natives-desktop.jar;C:\Users\oCocha\.gradle\caches\modules-2\files-2.1\com.badlogicgames.gdx\gdx-box2d-platform\1.9.4\905a9ed3017cd3917b7fbada5ece58c40fddcbca\gdx-box2d-platform-1.9.4-natives-desktop.jar;C:\Users\oCocha\.gradle\caches\modules-2\files-2.1\org.lwjgl.lwjgl\lwjgl\2.9.2\a9d80fe5935c7a9149f6584d9777cfd471f65489\lwjgl-2.9.2.jar;C:\User
Launcher Type: SUN_STANDARD

Environment Variables:
PATH=C:\ProgramData\Oracle\Java\javapath;C:\Program Files\Common Files\Microsoft Shared\Windows Live;C:\Program Files (x86)\Common Files\Microsoft Shared\Windows Live;C:\Windows\system32;C:\Windows;C:\Windows\System32\Wbem;C:\Windows\System32\WindowsPowerShell\v1.0\;C:\Program Files (x86)\ATI Technologies\ATI.ACE\Core-Static;C:\Program Files (x86)\Windows Live\Shared;C:\Program Files (x86)\GtkSharp\2.12\bin;C:\Program Files (x86)\Skype\Phone\;C:\Program Files (x86)\AMD\ATI.ACE\Core-Static;C:\Program Files (x86)\Common Files\Softimage;C:\Program Files\Common Files\Softimage;C:\Program Files (x86)\Mozilla Firefox;C:\ProgramData\Oracle\Java\javapath;C:\Program Files\Common Files\Microsoft Shared\Windows Live;C:\Program Files (x86)\Common Files\Microsoft Shared\Windows Live;C:\Windows\system32;C:\Windows;C:\Windows\System32\Wbem;C:\Windows\System32\WindowsPowerShell\v1.0\;C:\Program Files (x86)\ATI Technologies\ATI.ACE\Core-Static;C:\Program Files (x86)\Windows Live\Shared;C:\Program Files (x86)\GtkSharp\2.12\bin;C:\Program Files (x86)\Skype\Phone\;C:\Program Files (x86)\AMD\ATI.ACE\Core-Static
USERNAME=oCocha
OS=Windows_NT
PROCESSOR_IDENTIFIER=Intel64 Family 6 Model 58 Stepping 9, GenuineIntel



---------------  S Y S T E M  ---------------

OS: Windows 7 , 64 bit Build 7601 (6.1.7601.23543)

CPU:total 2 (2 cores per cpu, 1 threads per core) family 6 model 58 stepping 9, cmov, cx8, fxsr, mmx, sse, sse2, sse3, ssse3, sse4.1, sse4.2, popcnt, clmul, erms, tsc, tscinvbit, tscinv

Memory: 4k page, physical 4143476k(772696k free), swap 8285092k(2954308k free)

vm_info: OpenJDK 64-Bit Server VM (25.76-b03) for windows-amd64 JRE (1.8.0_76-release-b03), built on Jun 29 2016 19:09:20 by "ralucas" with MS VC++ 10.0 (VS2010)

time: Mon Dec 05 11:47:04 2016
elapsed time: 10 seconds (0d 0h 0m 10s)

