#
# A fatal error has been detected by the Java Runtime Environment:
#
#  EXCEPTION_ACCESS_VIOLATION (0xc0000005) at pc=0x0000000066bcbd0d, pid=324, tid=0x0000000000000454
#
# JRE version: OpenJDK Runtime Environment (8.0_76-b03) (build 1.8.0_76-release-b03)
# Java VM: OpenJDK 64-Bit Server VM (25.76-b03 mixed mode windows-amd64 compressed oops)
# Problematic frame:
# C  [gdx-box2d64.dll+0xbd0d]
#
# Failed to write core dump. Minidumps are not enabled by default on client versions of Windows
#
# If you would like to submit a bug report, please visit:
#   http://bugreport.java.com/bugreport/crash.jsp
# The crash happened outside the Java Virtual Machine in native code.
# See problematic frame for where to report the bug.
#

---------------  T H R E A D  ---------------

Current thread (0x000000005778b800):  JavaThread "LWJGL Application" [_thread_in_native, id=1108, stack(0x0000000058ec0000,0x0000000058fc0000)]

siginfo: ExceptionCode=0xc0000005, reading address 0x00000002005ee6d0

Registers:
RAX=0x00000002005ee6d0, RBX=0x0000000000567de0, RCX=0x0000000000567db0, RDX=0x00000000000000b8
RSP=0x0000000058fbf100, RBP=0x0000000000000006, RSI=0x0000000000567db0, RDI=0x0000000058fbf1c0
R8 =0x0000000000567db0, R9 =0x0000000000000002, R10=0x0000000000000000, R11=0x0000000000000001
R12=0x0000000000000000, R13=0x0000000054cbf300, R14=0x0000000058fbf3a8, R15=0x000000005778b800
RIP=0x0000000066bcbd0d, EFLAGS=0x0000000000010202

Top of Stack: (sp=0x0000000058fbf100)
0x0000000058fbf100:   0000000054cbf300 000000005778b800
0x0000000058fbf110:   00000000573c6628 000000005782df80
0x0000000058fbf120:   0000000000000012 0000000000567db0
0x0000000058fbf130:   00000000118aa000 0000000058fbf1c0
0x0000000058fbf140:   0000000058fbf300 0000000000000000
0x0000000058fbf150:   0000000054cbf300 0000000066be2483
0x0000000058fbf160:   0000000058fbf200 0000000058fbf200
0x0000000058fbf170:   0000000000000003 0000000054cbf300
0x0000000058fbf180:   0000000000000001 00000000118aa000
0x0000000058fbf190:   0000000000099cd0 0000000066be8616
0x0000000058fbf1a0:   0000000000000000 0000000000099cd0
0x0000000058fbf1b0:   0000000058fbf300 0000000002af54d8
0x0000000058fbf1c0:   418de06900000002 000000003ff9eb83
0x0000000058fbf1d0:   0000000000000000 0000000000000000
0x0000000058fbf1e0:   0000010100000000 0000000058fbf301
0x0000000058fbf1f0:   0000000000000000 000000003f800000 

Instructions: (pc=0x0000000066bcbd0d)
0x0000000066bcbced:   48 8d 05 6c a3 05 00 0f b6 1c 18 80 fb 0d 0f b6
0x0000000066bcbcfd:   eb 77 21 48 8d 1c de 48 8b 43 10 48 85 c0 74 3a
0x0000000066bcbd0d:   48 8b 10 48 89 53 10 48 83 c4 28 5b 5e 5f 5d 41
0x0000000066bcbd1d:   5c 41 5d c3 48 8d 15 18 9e 04 00 48 8d 0d 99 9e 


Register to memory mapping:

RAX=0x00000002005ee6d0 is an unknown value
RBX=0x0000000000567de0 is an unknown value
RCX=0x0000000000567db0 is an unknown value
RDX=0x00000000000000b8 is an unknown value
RSP=0x0000000058fbf100 is pointing into the stack for thread: 0x000000005778b800
RBP=0x0000000000000006 is an unknown value
RSI=0x0000000000567db0 is an unknown value
RDI=0x0000000058fbf1c0 is pointing into the stack for thread: 0x000000005778b800
R8 =0x0000000000567db0 is an unknown value
R9 =0x0000000000000002 is an unknown value
R10=0x0000000000000000 is an unknown value
R11=0x0000000000000001 is an unknown value
R12=0x0000000000000000 is an unknown value
R13={method} {0x0000000054cbf308} 'jniCreateBody' '(JIFFFFFFFFZZZZZF)J' in 'com/badlogic/gdx/physics/box2d/World'
R14=0x0000000058fbf3a8 is pointing into the stack for thread: 0x000000005778b800
R15=0x000000005778b800 is a thread


Stack: [0x0000000058ec0000,0x0000000058fc0000],  sp=0x0000000058fbf100,  free space=1020k
Native frames: (J=compiled Java code, j=interpreted, Vv=VM code, C=native code)
C  [gdx-box2d64.dll+0xbd0d]
C  [gdx-box2d64.dll+0x22483]
C  [gdx-box2d64.dll+0x28616]
C  0x0000000002b05594

Java frames: (J=compiled Java code, j=interpreted, Vv=VM code)
j  com.badlogic.gdx.physics.box2d.World.jniCreateBody(JIFFFFFFFFZZZZZF)J+0
j  com.badlogic.gdx.physics.box2d.World.createBody(Lcom/badlogic/gdx/physics/box2d/BodyDef;)Lcom/badlogic/gdx/physics/box2d/Body;+80
j  com.runner.utils.WorldUtils.createProjectile(Lcom/badlogic/gdx/physics/box2d/World;FFZI)Lcom/badlogic/gdx/physics/box2d/Body;+156
j  com.runner.stages.GameStage.shoot()V+44
j  com.runner.stages.HudStage.touchDown(IIII)Z+30
J 1193 C1 com.badlogic.gdx.backends.lwjgl.LwjglInput.processEvents()V (478 bytes) @ 0x0000000002f397cc [0x0000000002f38960+0xe6c]
j  com.badlogic.gdx.backends.lwjgl.LwjglApplication.mainLoop()V+600
j  com.badlogic.gdx.backends.lwjgl.LwjglApplication$1.run()V+27
v  ~StubRoutines::call_stub

---------------  P R O C E S S  ---------------

Java Threads: ( => current thread )
  0x00000000577f7000 JavaThread "LWJGL Timer" daemon [_thread_blocked, id=5440, stack(0x000000005c100000,0x000000005c200000)]
  0x00000000022c0000 JavaThread "DestroyJavaVM" [_thread_blocked, id=5416, stack(0x0000000002720000,0x0000000002820000)]
=>0x000000005778b800 JavaThread "LWJGL Application" [_thread_in_native, id=1108, stack(0x0000000058ec0000,0x0000000058fc0000)]
  0x0000000056761000 JavaThread "Monitor Ctrl-Break" daemon [_thread_in_native, id=1304, stack(0x0000000056ab0000,0x0000000056bb0000)]
  0x00000000550a9000 JavaThread "Service Thread" daemon [_thread_blocked, id=3192, stack(0x0000000056540000,0x0000000056640000)]
  0x00000000550a4000 JavaThread "C1 CompilerThread1" daemon [_thread_blocked, id=2384, stack(0x00000000562b0000,0x00000000563b0000)]
  0x0000000055049800 JavaThread "C2 CompilerThread0" daemon [_thread_blocked, id=5772, stack(0x00000000560a0000,0x00000000561a0000)]
  0x0000000055048000 JavaThread "Attach Listener" daemon [_thread_blocked, id=3984, stack(0x0000000055f40000,0x0000000056040000)]
  0x0000000055046800 JavaThread "Signal Dispatcher" daemon [_thread_blocked, id=5148, stack(0x0000000055980000,0x0000000055a80000)]
  0x000000005502d800 JavaThread "Finalizer" daemon [_thread_blocked, id=3704, stack(0x0000000055d70000,0x0000000055e70000)]
  0x0000000054fe6800 JavaThread "Reference Handler" daemon [_thread_blocked, id=156, stack(0x0000000055c60000,0x0000000055d60000)]

Other Threads:
  0x0000000054fdc800 VMThread [stack: 0x0000000055ae0000,0x0000000055be0000] [id=5984]
  0x00000000550aa800 WatcherThread [stack: 0x00000000563c0000,0x00000000564c0000] [id=3360]

VM state:not at safepoint (normal execution)

VM Mutex/Monitor currently owned by a thread: None

Heap:
 PSYoungGen      total 18944K, used 12726K [0x00000000eaf00000, 0x00000000ec400000, 0x0000000100000000)
  eden space 16384K, 62% used [0x00000000eaf00000,0x00000000eb8f2ec0,0x00000000ebf00000)
  from space 2560K, 99% used [0x00000000ebf00000,0x00000000ec17aa68,0x00000000ec180000)
  to   space 2560K, 0% used [0x00000000ec180000,0x00000000ec180000,0x00000000ec400000)
 ParOldGen       total 44032K, used 1454K [0x00000000c0c00000, 0x00000000c3700000, 0x00000000eaf00000)
  object space 44032K, 3% used [0x00000000c0c00000,0x00000000c0d6b890,0x00000000c3700000)
 Metaspace       used 8392K, capacity 8451K, committed 8576K, reserved 1056768K
  class space    used 757K, capacity 784K, committed 896K, reserved 1048576K

Card table byte_map: [0x0000000011eb0000,0x00000000120b0000] byte_map_base: 0x00000000118aa000

Marking Bits: (ParMarkBitMap*) 0x0000000057589d00
 Begin Bits: [0x0000000012510000, 0x00000000134e0000)
 End Bits:   [0x00000000134e0000, 0x00000000144b0000)

Polling page: 0x0000000000130000

CodeCache: size=245760Kb used=4801Kb max_used=4805Kb free=240958Kb
 bounds [0x0000000002af0000, 0x0000000002fb0000, 0x0000000011af0000]
 total_blobs=1798 nmethods=1297 adapters=416
 compilation: enabled

Compilation events (10 events):
Event: 108.814 Thread 0x00000000550a4000 1293       1       java.lang.Boolean::booleanValue (5 bytes)
Event: 108.814 Thread 0x00000000550a4000 nmethod 1293 0x0000000002f9fd90 code [0x0000000002f9fee0, 0x0000000002f9fff0]
Event: 108.830 Thread 0x00000000550a4000 1294       1       org.lwjgl.opengl.Display::wasResized (4 bytes)
Event: 108.830 Thread 0x00000000550a4000 nmethod 1294 0x0000000002f9fad0 code [0x0000000002f9fc20, 0x0000000002f9fd10]
Event: 108.864 Thread 0x0000000055049800 1295       4       com.runner.actors.Background::updateXBounds (39 bytes)
Event: 108.864 Thread 0x0000000055049800 nmethod 1295 0x0000000002f93190 code [0x0000000002f932c0, 0x0000000002f93358]
Event: 108.997 Thread 0x00000000550a4000 1296       3       com.badlogic.gdx.graphics.g2d.TextureAtlas::readValue (55 bytes)
Event: 108.998 Thread 0x00000000550a4000 nmethod 1296 0x0000000002f94d50 code [0x0000000002f94f80, 0x0000000002f95b18]
Event: 109.000 Thread 0x00000000550a4000 1297       3       com.badlogic.gdx.graphics.g2d.TextureRegion::setRegion (71 bytes)
Event: 109.000 Thread 0x00000000550a4000 nmethod 1297 0x0000000002f94350 code [0x0000000002f94520, 0x0000000002f94a68]

GC Heap History (2 events):
Event: 85.791 GC heap before
{Heap before GC invocations=1 (full 0):
 PSYoungGen      total 18944K, used 16384K [0x00000000eaf00000, 0x00000000ec400000, 0x0000000100000000)
  eden space 16384K, 100% used [0x00000000eaf00000,0x00000000ebf00000,0x00000000ebf00000)
  from space 2560K, 0% used [0x00000000ec180000,0x00000000ec180000,0x00000000ec400000)
  to   space 2560K, 0% used [0x00000000ebf00000,0x00000000ebf00000,0x00000000ec180000)
 ParOldGen       total 44032K, used 0K [0x00000000c0c00000, 0x00000000c3700000, 0x00000000eaf00000)
  object space 44032K, 0% used [0x00000000c0c00000,0x00000000c0c00000,0x00000000c3700000)
 Metaspace       used 7409K, capacity 7555K, committed 7680K, reserved 1056768K
  class space    used 690K, capacity 720K, committed 768K, reserved 1048576K
Event: 85.799 GC heap after
Heap after GC invocations=1 (full 0):
 PSYoungGen      total 18944K, used 2538K [0x00000000eaf00000, 0x00000000ec400000, 0x0000000100000000)
  eden space 16384K, 0% used [0x00000000eaf00000,0x00000000eaf00000,0x00000000ebf00000)
  from space 2560K, 99% used [0x00000000ebf00000,0x00000000ec17aa68,0x00000000ec180000)
  to   space 2560K, 0% used [0x00000000ec180000,0x00000000ec180000,0x00000000ec400000)
 ParOldGen       total 44032K, used 1454K [0x00000000c0c00000, 0x00000000c3700000, 0x00000000eaf00000)
  object space 44032K, 3% used [0x00000000c0c00000,0x00000000c0d6b890,0x00000000c3700000)
 Metaspace       used 7409K, capacity 7555K, committed 7680K, reserved 1056768K
  class space    used 690K, capacity 720K, committed 768K, reserved 1048576K
}

Deoptimization events (10 events):
Event: 100.198 Thread 0x000000005778b800 Uncommon trap: reason=unstable_if action=reinterpret pc=0x0000000002f41b94 method=com.badlogic.gdx.scenes.scene2d.ui.Widget.validate()V @ 79
Event: 100.198 Thread 0x000000005778b800 Uncommon trap: reason=unstable_if action=reinterpret pc=0x0000000002f56a00 method=com.badlogic.gdx.graphics.g2d.BitmapFontCache.translate(FF)V @ 3
Event: 100.773 Thread 0x000000005778b800 Uncommon trap: reason=array_check action=maybe_recompile pc=0x0000000002dee278 method=com.badlogic.gdx.utils.Array.add(Ljava/lang/Object;)V @ 46
Event: 100.907 Thread 0x000000005778b800 Uncommon trap: reason=array_check action=maybe_recompile pc=0x0000000002dee278 method=com.badlogic.gdx.utils.Array.add(Ljava/lang/Object;)V @ 46
Event: 101.166 Thread 0x000000005778b800 Uncommon trap: reason=unstable_if action=reinterpret pc=0x0000000002ed71dc method=com.runner.stages.GameStage.act(F)V @ 213
Event: 101.182 Thread 0x000000005778b800 Uncommon trap: reason=unstable_if action=reinterpret pc=0x0000000002ee3104 method=com.badlogic.gdx.utils.SnapshotArray.modified()V @ 4
Event: 101.182 Thread 0x000000005778b800 Uncommon trap: reason=unstable_if action=reinterpret pc=0x0000000002f2ee98 method=com.badlogic.gdx.utils.SnapshotArray.end()V @ 30
Event: 101.316 Thread 0x000000005778b800 Uncommon trap: reason=unstable_if action=reinterpret pc=0x0000000002f55838 method=com.badlogic.gdx.utils.SnapshotArray.end()V @ 30
Event: 103.587 Thread 0x000000005778b800 Uncommon trap: reason=unstable_if action=reinterpret pc=0x0000000002ee8b7c method=com.badlogic.gdx.graphics.g2d.SpriteBatch.flush()V @ 41
Event: 105.190 Thread 0x000000005778b800 Uncommon trap: reason=unstable_if action=reinterpret pc=0x0000000002f30a00 method=com.badlogic.gdx.scenes.scene2d.Actor.hit(FFZ)Lcom/badlogic/gdx/scenes/scene2d/Actor; @ 34

Internal exceptions (10 events):
Event: 0.430 Thread 0x00000000022c0000 Exception <a 'java/security/PrivilegedActionException'> (0x00000000eb1ca0a0) thrown at [C:\src\android\AOSP-openjdk\external\jetbrains\jdk\hotspot\src\share\vm\prims\jvm.cpp, line 1386]
Event: 0.430 Thread 0x00000000022c0000 Exception <a 'java/security/PrivilegedActionException'> (0x00000000eb1ca2b0) thrown at [C:\src\android\AOSP-openjdk\external\jetbrains\jdk\hotspot\src\share\vm\prims\jvm.cpp, line 1386]
Event: 0.430 Thread 0x00000000022c0000 Exception <a 'java/security/PrivilegedActionException'> (0x00000000eb1cb688) thrown at [C:\src\android\AOSP-openjdk\external\jetbrains\jdk\hotspot\src\share\vm\prims\jvm.cpp, line 1386]
Event: 0.430 Thread 0x00000000022c0000 Exception <a 'java/security/PrivilegedActionException'> (0x00000000eb1cb898) thrown at [C:\src\android\AOSP-openjdk\external\jetbrains\jdk\hotspot\src\share\vm\prims\jvm.cpp, line 1386]
Event: 1.846 Thread 0x00000000022c0000 Exception <a 'java/security/PrivilegedActionException'> (0x00000000eb3bf9f0) thrown at [C:\src\android\AOSP-openjdk\external\jetbrains\jdk\hotspot\src\share\vm\prims\jvm.cpp, line 1386]
Event: 1.846 Thread 0x00000000022c0000 Exception <a 'java/security/PrivilegedActionException'> (0x00000000eb3c16c8) thrown at [C:\src\android\AOSP-openjdk\external\jetbrains\jdk\hotspot\src\share\vm\prims\jvm.cpp, line 1386]
Event: 1.846 Thread 0x00000000022c0000 Exception <a 'java/security/PrivilegedActionException'> (0x00000000eb3c2838) thrown at [C:\src\android\AOSP-openjdk\external\jetbrains\jdk\hotspot\src\share\vm\prims\jvm.cpp, line 1386]
Event: 1.846 Thread 0x00000000022c0000 Exception <a 'java/security/PrivilegedActionException'> (0x00000000eb3c79a0) thrown at [C:\src\android\AOSP-openjdk\external\jetbrains\jdk\hotspot\src\share\vm\prims\jvm.cpp, line 1386]
Event: 1.846 Thread 0x00000000022c0000 Exception <a 'java/security/PrivilegedActionException'> (0x00000000eb3c85f8) thrown at [C:\src\android\AOSP-openjdk\external\jetbrains\jdk\hotspot\src\share\vm\prims\jvm.cpp, line 1386]
Event: 1.847 Thread 0x00000000022c0000 Exception <a 'java/security/PrivilegedActionException'> (0x00000000eb3c9220) thrown at [C:\src\android\AOSP-openjdk\external\jetbrains\jdk\hotspot\src\share\vm\prims\jvm.cpp, line 1386]

Events (10 events):
Event: 102.118 Thread 0x000000005778b800 DEOPT PACKING pc=0x0000000002f6d6af sp=0x0000000058fbf3c0
Event: 102.118 Thread 0x000000005778b800 DEOPT UNPACKING pc=0x0000000002b371bf sp=0x0000000058fbf1b8 mode 0
Event: 102.479 Thread 0x000000005778b800 DEOPT PACKING pc=0x0000000002f6d6af sp=0x0000000058fbf3c0
Event: 102.479 Thread 0x000000005778b800 DEOPT UNPACKING pc=0x0000000002b371bf sp=0x0000000058fbf1b8 mode 0
Event: 103.587 Thread 0x000000005778b800 Uncommon trap: trap_request=0xffffff65 fr.pc=0x0000000002ee8b7c
Event: 103.587 Thread 0x000000005778b800 DEOPT PACKING pc=0x0000000002ee8b7c sp=0x0000000058fbf280
Event: 103.587 Thread 0x000000005778b800 DEOPT UNPACKING pc=0x0000000002b3556a sp=0x0000000058fbf250 mode 2
Event: 105.190 Thread 0x000000005778b800 Uncommon trap: trap_request=0xffffff65 fr.pc=0x0000000002f30a00
Event: 105.190 Thread 0x000000005778b800 DEOPT PACKING pc=0x0000000002f30a00 sp=0x0000000058fbf130
Event: 105.190 Thread 0x000000005778b800 DEOPT UNPACKING pc=0x0000000002b3556a sp=0x0000000058fbf0b8 mode 2


Dynamic libraries:
0x000000013fd60000 - 0x000000013fd91000 	C:\Android\Android Studio\jre\bin\java.exe
0x0000000077be0000 - 0x0000000077d8a000 	C:\Windows\SYSTEM32\ntdll.dll
0x00000000779c0000 - 0x0000000077adf000 	C:\Windows\system32\kernel32.dll
0x000007fefdbf0000 - 0x000007fefdc5a000 	C:\Windows\system32\KERNELBASE.dll
0x000007feffb00000 - 0x000007feffbdb000 	C:\Windows\system32\ADVAPI32.dll
0x000007feffc80000 - 0x000007feffd1f000 	C:\Windows\system32\msvcrt.dll
0x000007fefe210000 - 0x000007fefe22f000 	C:\Windows\SYSTEM32\sechost.dll
0x000007feff960000 - 0x000007feffa8d000 	C:\Windows\system32\RPCRT4.dll
0x0000000077ae0000 - 0x0000000077bda000 	C:\Windows\system32\USER32.dll
0x000007feffa90000 - 0x000007feffaf7000 	C:\Windows\system32\GDI32.dll
0x000007feffdc0000 - 0x000007feffdce000 	C:\Windows\system32\LPK.dll
0x000007feffdd0000 - 0x000007feffe9a000 	C:\Windows\system32\USP10.dll
0x000007fefc450000 - 0x000007fefc644000 	C:\Windows\WinSxS\amd64_microsoft.windows.common-controls_6595b64144ccf1df_6.0.7601.18837_none_fa3b1e3d17594757\COMCTL32.dll
0x000007fefe310000 - 0x000007fefe381000 	C:\Windows\system32\SHLWAPI.dll
0x000007feff640000 - 0x000007feff66e000 	C:\Windows\system32\IMM32.DLL
0x000007feff120000 - 0x000007feff229000 	C:\Windows\system32\MSCTF.dll
0x000000005b340000 - 0x000000005b412000 	C:\Android\Android Studio\jre\jre\bin\msvcr100.dll
0x0000000056dd0000 - 0x0000000057604000 	C:\Android\Android Studio\jre\jre\bin\server\jvm.dll
0x000007fefa3f0000 - 0x000007fefa3f9000 	C:\Windows\system32\WSOCK32.dll
0x000007feffea0000 - 0x000007feffeed000 	C:\Windows\system32\WS2_32.dll
0x000007feff230000 - 0x000007feff238000 	C:\Windows\system32\NSI.dll
0x000007fefb060000 - 0x000007fefb09b000 	C:\Windows\system32\WINMM.dll
0x000007fefc960000 - 0x000007fefc96c000 	C:\Windows\system32\VERSION.dll
0x0000000077db0000 - 0x0000000077db7000 	C:\Windows\system32\PSAPI.DLL
0x000007fefbc90000 - 0x000007fefbc9f000 	C:\Android\Android Studio\jre\jre\bin\verify.dll
0x000007fef6850000 - 0x000007fef6879000 	C:\Android\Android Studio\jre\jre\bin\java.dll
0x000007fefbc70000 - 0x000007fefbc86000 	C:\Android\Android Studio\jre\jre\bin\zip.dll
0x000007fefe390000 - 0x000007feff119000 	C:\Windows\system32\SHELL32.dll
0x000007feff430000 - 0x000007feff633000 	C:\Windows\system32\ole32.dll
0x000007fefd910000 - 0x000007fefd91f000 	C:\Windows\system32\profapi.dll
0x000007fef4fc0000 - 0x000007fef4fcf000 	C:\Android\Android Studio\bin\breakgen64.dll
0x000007fef5070000 - 0x000007fef508a000 	C:\Android\Android Studio\jre\jre\bin\net.dll
0x000007fefd0b0000 - 0x000007fefd105000 	C:\Windows\system32\mswsock.dll
0x000007fefd0a0000 - 0x000007fefd0a7000 	C:\Windows\System32\wship6.dll
0x0000000065580000 - 0x0000000065616000 	C:\Users\oCocha\AppData\Local\Temp\libgdxoCocha\8aad67a5\gdx64.dll
0x000007fefd110000 - 0x000007fefd128000 	C:\Windows\system32\CRYPTSP.dll
0x000007fefce10000 - 0x000007fefce57000 	C:\Windows\system32\rsaenh.dll
0x000007fefdcb0000 - 0x000007fefdcce000 	C:\Windows\system32\USERENV.dll
0x000007fefd7b0000 - 0x000007fefd7bf000 	C:\Windows\system32\CRYPTBASE.dll
0x000007fefb010000 - 0x000007fefb037000 	C:\Windows\system32\IPHLPAPI.DLL
0x000007fefb000000 - 0x000007fefb00b000 	C:\Windows\system32\WINNSI.DLL
0x000007fefae10000 - 0x000007fefae21000 	C:\Windows\system32\dhcpcsvc6.DLL
0x000007fefadf0000 - 0x000007fefae08000 	C:\Windows\system32\dhcpcsvc.DLL
0x000007fef5050000 - 0x000007fef5061000 	C:\Android\Android Studio\jre\jre\bin\nio.dll
0x0000000180000000 - 0x0000000180053000 	C:\Users\oCocha\AppData\Local\Temp\libgdxoCocha\dc0f0009\lwjgl64.dll
0x000007fedc130000 - 0x000007fedc24d000 	C:\Windows\system32\OPENGL32.dll
0x000007fef2460000 - 0x000007fef248d000 	C:\Windows\system32\GLU32.dll
0x000007fedc030000 - 0x000007fedc121000 	C:\Windows\system32\DDRAW.dll
0x000007fef4b80000 - 0x000007fef4b88000 	C:\Windows\system32\DCIMAN32.dll
0x000007fefe030000 - 0x000007fefe207000 	C:\Windows\system32\SETUPAPI.dll
0x000007fefdc60000 - 0x000007fefdc96000 	C:\Windows\system32\CFGMGR32.dll
0x000007fefe230000 - 0x000007fefe30a000 	C:\Windows\system32\OLEAUT32.dll
0x000007fefda40000 - 0x000007fefda5a000 	C:\Windows\system32\DEVOBJ.dll
0x000007fefc940000 - 0x000007fefc958000 	C:\Windows\system32\dwmapi.dll
0x00000000002a0000 - 0x0000000000304000 	C:\Users\oCocha\AppData\Local\Temp\libgdxoCocha\dc0f0009\OpenAL64.dll
0x000007fefc270000 - 0x000007fefc2c6000 	C:\Windows\system32\uxtheme.dll
0x000007feffbe0000 - 0x000007feffc79000 	C:\Windows\system32\CLBCatQ.DLL
0x000007fefc2d0000 - 0x000007fefc3fc000 	C:\Windows\System32\PROPSYS.dll
0x000007fefd940000 - 0x000007fefd97b000 	C:\Windows\system32\WINTRUST.dll
0x000007fefda80000 - 0x000007fefdbed000 	C:\Windows\system32\CRYPT32.dll
0x000007fefd920000 - 0x000007fefd92f000 	C:\Windows\system32\MSASN1.dll
0x000007fef2130000 - 0x000007fef21b8000 	C:\Windows\system32\dsound.dll
0x000007fefc970000 - 0x000007fefc99c000 	C:\Windows\system32\POWRPROF.dll
0x000007fefbe60000 - 0x000007fefbeab000 	C:\Windows\System32\MMDevApi.dll
0x000007fefa760000 - 0x000007fefa7af000 	C:\Windows\system32\AUDIOSES.DLL
0x000007fef2700000 - 0x000007fef2718000 	C:\Windows\system32\atig6pxx.dll
0x0000000058fc0000 - 0x000000005adc0000 	C:\Windows\system32\atio6axx.dll
0x000007fee8760000 - 0x000007fee88a1000 	C:\Windows\system32\atiadlxx.dll
0x000007fefca60000 - 0x000007fefca71000 	C:\Windows\system32\WTSAPI32.dll
0x000007fef05d0000 - 0x000007fef05fc000 	C:\Windows\system32\atig6txx.dll
0x000007fee6ba0000 - 0x000007fee6c3c000 	C:\Windows\system32\mscms.dll
0x000007fedf860000 - 0x000007fedf8a2000 	C:\Windows\system32\icm32.dll
0x0000000066bc0000 - 0x0000000066c7b000 	C:\Users\oCocha\AppData\Local\Temp\libgdxoCocha\b6038e5c\gdx-box2d64.dll
0x000007fef54e0000 - 0x000007fef5605000 	C:\Windows\system32\dbghelp.dll

VM Arguments:
jvm_args: -Didea.launcher.port=7532 -Didea.launcher.bin.path=C:\Android\Android Studio\bin -Dfile.encoding=UTF-8 
java_command: com.intellij.rt.execution.application.AppMain com.runner.desktop.DesktopLauncher
java_class_path (initial): C:\Android\Android Studio\jre\jre\lib\charsets.jar;C:\Android\Android Studio\jre\jre\lib\ext\access-bridge-64.jar;C:\Android\Android Studio\jre\jre\lib\ext\cldrdata.jar;C:\Android\Android Studio\jre\jre\lib\ext\dnsns.jar;C:\Android\Android Studio\jre\jre\lib\ext\jaccess.jar;C:\Android\Android Studio\jre\jre\lib\ext\localedata.jar;C:\Android\Android Studio\jre\jre\lib\ext\nashorn.jar;C:\Android\Android Studio\jre\jre\lib\ext\sunec.jar;C:\Android\Android Studio\jre\jre\lib\ext\sunjce_provider.jar;C:\Android\Android Studio\jre\jre\lib\ext\sunmscapi.jar;C:\Android\Android Studio\jre\jre\lib\ext\sunpkcs11.jar;C:\Android\Android Studio\jre\jre\lib\ext\zipfs.jar;C:\Android\Android Studio\jre\jre\lib\jce.jar;C:\Android\Android Studio\jre\jre\lib\jsse.jar;C:\Android\Android Studio\jre\jre\lib\management-agent.jar;C:\Android\Android Studio\jre\jre\lib\resources.jar;C:\Android\Android Studio\jre\jre\lib\rt.jar;C:\Android\Projekte\ItsAMe\desktop\build\classes\main;C:\Android\Projekte\ItsAMe\core\build\classes\main;C:\Users\oCocha\.gradle\caches\modules-2\files-2.1\com.badlogicgames.gdx\gdx\1.9.4\4b4b7962d1bc75af0438f5c81ec1010557bc9ee5\gdx-1.9.4.jar;C:\Users\oCocha\.gradle\caches\modules-2\files-2.1\com.badlogicgames.gdx\gdx-box2d\1.9.4\98a0d25c9f0637fecac6e4aacf7287aa635964f5\gdx-box2d-1.9.4.jar;C:\Users\oCocha\.gradle\caches\modules-2\files-2.1\com.badlogicgames.gdx\gdx-backend-lwjgl\1.9.4\4c6c108a9dcbc07096de8594b93f9cab33856fe2\gdx-backend-lwjgl-1.9.4.jar;C:\Users\oCocha\.gradle\caches\modules-2\files-2.1\com.badlogicgames.gdx\gdx-platform\1.9.4\8e93afecc287ab152179983fc1b5f65db4c2fa4c\gdx-platform-1.9.4-natives-desktop.jar;C:\Users\oCocha\.gradle\caches\modules-2\files-2.1\com.badlogicgames.gdx\gdx-box2d-platform\1.9.4\905a9ed3017cd3917b7fbada5ece58c40fddcbca\gdx-box2d-platform-1.9.4-natives-desktop.jar;C:\Users\oCocha\.gradle\caches\modules-2\files-2.1\org.lwjgl.lwjgl\lwjgl\2.9.2\a9d80fe5935c7a9149f6584d9777cfd471f65489\lwjgl-2.9.2.jar;C:\User
Launcher Type: SUN_STANDARD

Environment Variables:
PATH=C:\ProgramData\Oracle\Java\javapath;C:\Program Files\Common Files\Microsoft Shared\Windows Live;C:\Program Files (x86)\Common Files\Microsoft Shared\Windows Live;C:\Windows\system32;C:\Windows;C:\Windows\System32\Wbem;C:\Windows\System32\WindowsPowerShell\v1.0\;C:\Program Files (x86)\ATI Technologies\ATI.ACE\Core-Static;C:\Program Files (x86)\Windows Live\Shared;C:\Program Files (x86)\GtkSharp\2.12\bin;C:\Program Files (x86)\Skype\Phone\;C:\Program Files (x86)\AMD\ATI.ACE\Core-Static;C:\Program Files (x86)\Common Files\Softimage;C:\Program Files\Common Files\Softimage;C:\Program Files (x86)\Mozilla Firefox;C:\ProgramData\Oracle\Java\javapath;C:\Program Files\Common Files\Microsoft Shared\Windows Live;C:\Program Files (x86)\Common Files\Microsoft Shared\Windows Live;C:\Windows\system32;C:\Windows;C:\Windows\System32\Wbem;C:\Windows\System32\WindowsPowerShell\v1.0\;C:\Program Files (x86)\ATI Technologies\ATI.ACE\Core-Static;C:\Program Files (x86)\Windows Live\Shared;C:\Program Files (x86)\GtkSharp\2.12\bin;C:\Program Files (x86)\Skype\Phone\;C:\Program Files (x86)\AMD\ATI.ACE\Core-Static
USERNAME=oCocha
OS=Windows_NT
PROCESSOR_IDENTIFIER=Intel64 Family 6 Model 58 Stepping 9, GenuineIntel



---------------  S Y S T E M  ---------------

OS: Windows 7 , 64 bit Build 7601 (6.1.7601.23543)

CPU:total 2 (2 cores per cpu, 1 threads per core) family 6 model 58 stepping 9, cmov, cx8, fxsr, mmx, sse, sse2, sse3, ssse3, sse4.1, sse4.2, popcnt, clmul, erms, tsc, tscinvbit, tscinv

Memory: 4k page, physical 4143476k(730320k free), swap 8285092k(2761908k free)

vm_info: OpenJDK 64-Bit Server VM (25.76-b03) for windows-amd64 JRE (1.8.0_76-release-b03), built on Jun 29 2016 19:09:20 by "ralucas" with MS VC++ 10.0 (VS2010)

time: Tue Dec 06 14:20:29 2016
elapsed time: 109 seconds (0d 0h 1m 49s)

