#
# A fatal error has been detected by the Java Runtime Environment:
#
#  EXCEPTION_ACCESS_VIOLATION (0xc0000005) at pc=0x0000000066bcbd0d, pid=1916, tid=0x0000000000001114
#
# JRE version: OpenJDK Runtime Environment (8.0_76-b03) (build 1.8.0_76-release-b03)
# Java VM: OpenJDK 64-Bit Server VM (25.76-b03 mixed mode windows-amd64 compressed oops)
# Problematic frame:
# C  [gdx-box2d64.dll+0xbd0d]
#
# Failed to write core dump. Minidumps are not enabled by default on client versions of Windows
#
# If you would like to submit a bug report, please visit:
#   http://bugreport.java.com/bugreport/crash.jsp
# The crash happened outside the Java Virtual Machine in native code.
# See problematic frame for where to report the bug.
#

---------------  T H R E A D  ---------------

Current thread (0x00000000577fa800):  JavaThread "LWJGL Application" [_thread_in_native, id=4372, stack(0x0000000058db0000,0x0000000058eb0000)]

siginfo: ExceptionCode=0xc0000005, reading address 0x000000025d7ab840

Registers:
RAX=0x000000025d7ab840, RBX=0x00000000002d4790, RCX=0x00000000002d4760, RDX=0x00000000000000b8
RSP=0x0000000058eaee80, RBP=0x0000000000000006, RSI=0x00000000002d4760, RDI=0x0000000058eaef40
R8 =0x00000000002d4760, R9 =0x0000000000000002, R10=0x0000000000000000, R11=0x0000000000000001
R12=0x0000000000000000, R13=0x0000000054a71938, R14=0x0000000058eaf1f8, R15=0x00000000577fa800
RIP=0x0000000066bcbd0d, EFLAGS=0x0000000000010202

Top of Stack: (sp=0x0000000058eaee80)
0x0000000058eaee80:   00000000143c6318 00000000003b3900
0x0000000058eaee90:   0000000000000004 0000000066bf9b92
0x0000000058eaeea0:   00000000eb44a998 00000000002d4760
0x0000000058eaeeb0:   0000000000000001 0000000058eaef40
0x0000000058eaeec0:   0000000058eaf060 0000000000000000
0x0000000058eaeed0:   0000000054a71938 0000000066be2483
0x0000000058eaeee0:   000000000069f650 0000000066bfc2f5
0x0000000058eaeef0:   0000000054300480 00000000549f93c8
0x0000000058eaef00:   0000000000000001 0000000000000001
0x0000000058eaef10:   0000000000000001 0000000066be8616
0x0000000058eaef20:   00000000577fa800 0000000058eaf100
0x0000000058eaef30:   00000000549f93c8 0000000000000000
0x0000000058eaef40:   41a5b54b00000002 0000000040000000
0x0000000058eaef50:   0000000000000000 0000000000000000
0x0000000058eaef60:   0000010100000000 0000000000000001
0x0000000058eaef70:   0000000000000000 000000003f800000 

Instructions: (pc=0x0000000066bcbd0d)
0x0000000066bcbced:   48 8d 05 6c a3 05 00 0f b6 1c 18 80 fb 0d 0f b6
0x0000000066bcbcfd:   eb 77 21 48 8d 1c de 48 8b 43 10 48 85 c0 74 3a
0x0000000066bcbd0d:   48 8b 10 48 89 53 10 48 83 c4 28 5b 5e 5f 5d 41
0x0000000066bcbd1d:   5c 41 5d c3 48 8d 15 18 9e 04 00 48 8d 0d 99 9e 


Register to memory mapping:

RAX=0x000000025d7ab840 is an unknown value
RBX=0x00000000002d4790 is an unknown value
RCX=0x00000000002d4760 is an unknown value
RDX=0x00000000000000b8 is an unknown value
RSP=0x0000000058eaee80 is pointing into the stack for thread: 0x00000000577fa800
RBP=0x0000000000000006 is an unknown value
RSI=0x00000000002d4760 is an unknown value
RDI=0x0000000058eaef40 is pointing into the stack for thread: 0x00000000577fa800
R8 =0x00000000002d4760 is an unknown value
R9 =0x0000000000000002 is an unknown value
R10=0x0000000000000000 is an unknown value
R11=0x0000000000000001 is an unknown value
R12=0x0000000000000000 is an unknown value
R13=0x0000000054a71938 is pointing into metadata
R14=0x0000000058eaf1f8 is pointing into the stack for thread: 0x00000000577fa800
R15=0x00000000577fa800 is a thread


Stack: [0x0000000058db0000,0x0000000058eb0000],  sp=0x0000000058eaee80,  free space=1019k
Native frames: (J=compiled Java code, j=interpreted, Vv=VM code, C=native code)
C  [gdx-box2d64.dll+0xbd0d]
C  [gdx-box2d64.dll+0x22483]
C  [gdx-box2d64.dll+0x28616]
C  0x0000000002a58f64

Java frames: (J=compiled Java code, j=interpreted, Vv=VM code)
J 895  com.badlogic.gdx.physics.box2d.World.jniCreateBody(JIFFFFFFFFZZZZZF)J (0 bytes) @ 0x0000000002a58ee6 [0x0000000002a58e40+0xa6]
J 894 C1 com.badlogic.gdx.physics.box2d.World.createBody(Lcom/badlogic/gdx/physics/box2d/BodyDef;)Lcom/badlogic/gdx/physics/box2d/Body; (120 bytes) @ 0x0000000002a57afc [0x0000000002a57960+0x19c]
j  com.runner.utils.WorldUtils.createEnemy(Lcom/badlogic/gdx/physics/box2d/World;F)Lcom/badlogic/gdx/physics/box2d/Body;+115
j  com.runner.stages.GameStage.createEnemy(F)V+14
j  com.runner.stages.GameStage.act(F)V+285
J 1398 C1 com.runner.screens.GameScreen.render(F)V (50 bytes) @ 0x0000000002c0045c [0x0000000002bff9e0+0xa7c]
J 1122 C1 com.badlogic.gdx.Game.render()V (25 bytes) @ 0x0000000002ae9414 [0x0000000002ae9240+0x1d4]
j  com.badlogic.gdx.backends.lwjgl.LwjglApplication.mainLoop()V+698
j  com.badlogic.gdx.backends.lwjgl.LwjglApplication$1.run()V+27
v  ~StubRoutines::call_stub

---------------  P R O C E S S  ---------------

Java Threads: ( => current thread )
  0x0000000057951000 JavaThread "LWJGL Timer" daemon [_thread_blocked, id=5552, stack(0x000000005fae0000,0x000000005fbe0000)]
  0x0000000002100000 JavaThread "DestroyJavaVM" [_thread_blocked, id=4224, stack(0x0000000002330000,0x0000000002430000)]
=>0x00000000577fa800 JavaThread "LWJGL Application" [_thread_in_native, id=4372, stack(0x0000000058db0000,0x0000000058eb0000)]
  0x0000000057017000 JavaThread "Monitor Ctrl-Break" daemon [_thread_in_native, id=156, stack(0x0000000057410000,0x0000000057510000)]
  0x0000000054caa000 JavaThread "Service Thread" daemon [_thread_blocked, id=6336, stack(0x0000000056c50000,0x0000000056d50000)]
  0x0000000054ca0000 JavaThread "C1 CompilerThread1" daemon [_thread_blocked, id=6788, stack(0x00000000569c0000,0x0000000056ac0000)]
  0x0000000054c9a000 JavaThread "C2 CompilerThread0" daemon [_thread_blocked, id=4944, stack(0x0000000056790000,0x0000000056890000)]
  0x0000000054c98000 JavaThread "Attach Listener" daemon [_thread_blocked, id=6216, stack(0x00000000565e0000,0x00000000566e0000)]
  0x0000000054c96800 JavaThread "Signal Dispatcher" daemon [_thread_blocked, id=7016, stack(0x0000000055a30000,0x0000000055b30000)]
  0x0000000054c7d800 JavaThread "Finalizer" daemon [_thread_blocked, id=6260, stack(0x0000000056480000,0x0000000056580000)]
  0x0000000054c36800 JavaThread "Reference Handler" daemon [_thread_blocked, id=324, stack(0x0000000055900000,0x0000000055a00000)]

Other Threads:
  0x0000000054c2c800 VMThread [stack: 0x0000000055770000,0x0000000055870000] [id=2432]
  0x0000000054cab800 WatcherThread [stack: 0x0000000056e40000,0x0000000056f40000] [id=2548]

VM state:not at safepoint (normal execution)

VM Mutex/Monitor currently owned by a thread: None

Heap:
 PSYoungGen      total 18944K, used 8092K [0x00000000eaf00000, 0x00000000ec400000, 0x0000000100000000)
  eden space 16384K, 33% used [0x00000000eaf00000,0x00000000eb46d778,0x00000000ebf00000)
  from space 2560K, 99% used [0x00000000ec180000,0x00000000ec3f9be0,0x00000000ec400000)
  to   space 2560K, 0% used [0x00000000ebf00000,0x00000000ebf00000,0x00000000ec180000)
 ParOldGen       total 44032K, used 3204K [0x00000000c0c00000, 0x00000000c3700000, 0x00000000eaf00000)
  object space 44032K, 7% used [0x00000000c0c00000,0x00000000c0f211b0,0x00000000c3700000)
 Metaspace       used 9075K, capacity 9177K, committed 9344K, reserved 1058816K
  class space    used 810K, capacity 849K, committed 896K, reserved 1048576K

Card table byte_map: [0x0000000011ac0000,0x0000000011cc0000] byte_map_base: 0x00000000114ba000

Marking Bits: (ParMarkBitMap*) 0x00000000562f9d00
 Begin Bits: [0x0000000012160000, 0x0000000013130000)
 End Bits:   [0x0000000013130000, 0x0000000014100000)

Polling page: 0x0000000000130000

CodeCache: size=245760Kb used=5816Kb max_used=5824Kb free=239943Kb
 bounds [0x0000000002700000, 0x0000000002cc0000, 0x0000000011700000]
 total_blobs=2120 nmethods=1596 adapters=439
 compilation: enabled

Compilation events (10 events):
Event: 41.825 Thread 0x0000000054ca0000 1597       3       sun.nio.cs.UTF_8::access$200 (8 bytes)
Event: 41.826 Thread 0x0000000054ca0000 nmethod 1597 0x0000000002c9b510 code [0x0000000002c9b6a0, 0x0000000002c9bb38]
Event: 42.761 Thread 0x0000000054c9a000 1598       4       com.badlogic.gdx.physics.box2d.PolygonShape::getVertexCount (9 bytes)
Event: 42.762 Thread 0x0000000054c9a000 nmethod 1598 0x0000000002ca3790 code [0x0000000002ca38e0, 0x0000000002ca3968]
Event: 42.995 Thread 0x0000000054ca0000 1599       1       com.runner.actors.Projectile::getUserData (5 bytes)
Event: 42.995 Thread 0x0000000054ca0000 nmethod 1599 0x0000000002cb2450 code [0x0000000002cb25a0, 0x0000000002cb26b0]
Event: 42.995 Thread 0x0000000054ca0000 1600       1       com.runner.box2d.ProjectileUserData::getTextureRegions (5 bytes)
Event: 42.995 Thread 0x0000000054ca0000 nmethod 1600 0x0000000002cb2190 code [0x0000000002cb22e0, 0x0000000002cb23f0]
Event: 44.280 Thread 0x0000000054ca0000 1601       3       java.io.File::getName (42 bytes)
Event: 44.281 Thread 0x0000000054ca0000 nmethod 1601 0x0000000002cb1990 code [0x0000000002cb1b20, 0x0000000002cb1fe8]

GC Heap History (4 events):
Event: 1.161 GC heap before
{Heap before GC invocations=1 (full 0):
 PSYoungGen      total 18944K, used 16384K [0x00000000eaf00000, 0x00000000ec400000, 0x0000000100000000)
  eden space 16384K, 100% used [0x00000000eaf00000,0x00000000ebf00000,0x00000000ebf00000)
  from space 2560K, 0% used [0x00000000ec180000,0x00000000ec180000,0x00000000ec400000)
  to   space 2560K, 0% used [0x00000000ebf00000,0x00000000ebf00000,0x00000000ec180000)
 ParOldGen       total 44032K, used 0K [0x00000000c0c00000, 0x00000000c3700000, 0x00000000eaf00000)
  object space 44032K, 0% used [0x00000000c0c00000,0x00000000c0c00000,0x00000000c3700000)
 Metaspace       used 7501K, capacity 7683K, committed 7936K, reserved 1056768K
  class space    used 705K, capacity 720K, committed 768K, reserved 1048576K
Event: 1.165 GC heap after
Heap after GC invocations=1 (full 0):
 PSYoungGen      total 18944K, used 2555K [0x00000000eaf00000, 0x00000000ec400000, 0x0000000100000000)
  eden space 16384K, 0% used [0x00000000eaf00000,0x00000000eaf00000,0x00000000ebf00000)
  from space 2560K, 99% used [0x00000000ebf00000,0x00000000ec17ec58,0x00000000ec180000)
  to   space 2560K, 0% used [0x00000000ec180000,0x00000000ec180000,0x00000000ec400000)
 ParOldGen       total 44032K, used 1076K [0x00000000c0c00000, 0x00000000c3700000, 0x00000000eaf00000)
  object space 44032K, 2% used [0x00000000c0c00000,0x00000000c0d0d060,0x00000000c3700000)
 Metaspace       used 7501K, capacity 7683K, committed 7936K, reserved 1056768K
  class space    used 705K, capacity 720K, committed 768K, reserved 1048576K
}
Event: 20.452 GC heap before
{Heap before GC invocations=2 (full 0):
 PSYoungGen      total 18944K, used 18939K [0x00000000eaf00000, 0x00000000ec400000, 0x0000000100000000)
  eden space 16384K, 100% used [0x00000000eaf00000,0x00000000ebf00000,0x00000000ebf00000)
  from space 2560K, 99% used [0x00000000ebf00000,0x00000000ec17ec58,0x00000000ec180000)
  to   space 2560K, 0% used [0x00000000ec180000,0x00000000ec180000,0x00000000ec400000)
 ParOldGen       total 44032K, used 1076K [0x00000000c0c00000, 0x00000000c3700000, 0x00000000eaf00000)
  object space 44032K, 2% used [0x00000000c0c00000,0x00000000c0d0d060,0x00000000c3700000)
 Metaspace       used 9054K, capacity 9177K, committed 9344K, reserved 1058816K
  class space    used 810K, capacity 849K, committed 896K, reserved 1048576K
Event: 20.457 GC heap after
Heap after GC invocations=2 (full 0):
 PSYoungGen      total 18944K, used 2534K [0x00000000eaf00000, 0x00000000ec400000, 0x0000000100000000)
  eden space 16384K, 0% used [0x00000000eaf00000,0x00000000eaf00000,0x00000000ebf00000)
  from space 2560K, 99% used [0x00000000ec180000,0x00000000ec3f9be0,0x00000000ec400000)
  to   space 2560K, 0% used [0x00000000ebf00000,0x00000000ebf00000,0x00000000ec180000)
 ParOldGen       total 44032K, used 3204K [0x00000000c0c00000, 0x00000000c3700000, 0x00000000eaf00000)
  object space 44032K, 7% used [0x00000000c0c00000,0x00000000c0f211b0,0x00000000c3700000)
 Metaspace       used 9054K, capacity 9177K, committed 9344K, reserved 1058816K
  class space    used 810K, capacity 849K, committed 896K, reserved 1048576K
}

Deoptimization events (10 events):
Event: 6.640 Thread 0x00000000577fa800 Uncommon trap: reason=array_check action=maybe_recompile pc=0x0000000002aabab8 method=com.badlogic.gdx.utils.Array.add(Ljava/lang/Object;)V @ 46
Event: 7.463 Thread 0x00000000577fa800 Uncommon trap: reason=array_check action=maybe_recompile pc=0x0000000002aabab8 method=com.badlogic.gdx.utils.Array.add(Ljava/lang/Object;)V @ 46
Event: 8.211 Thread 0x00000000577fa800 Uncommon trap: reason=array_check action=maybe_recompile pc=0x0000000002aabab8 method=com.badlogic.gdx.utils.Array.add(Ljava/lang/Object;)V @ 46
Event: 8.628 Thread 0x00000000577fa800 Uncommon trap: reason=unstable_if action=reinterpret pc=0x0000000002bc5db8 method=com.runner.stages.GameStage.update(Lcom/badlogic/gdx/physics/box2d/Body;)V @ 24
Event: 8.895 Thread 0x00000000577fa800 Uncommon trap: reason=array_check action=maybe_recompile pc=0x0000000002aabab8 method=com.badlogic.gdx.utils.Array.add(Ljava/lang/Object;)V @ 46
Event: 12.970 Thread 0x00000000577fa800 Uncommon trap: reason=unstable_if action=reinterpret pc=0x0000000002aeb6cc method=com.runner.stages.GameStage.update(Lcom/badlogic/gdx/physics/box2d/Body;)V @ 24
Event: 15.693 Thread 0x00000000577fa800 Uncommon trap: reason=unstable_if action=reinterpret pc=0x0000000002c2c108 method=java.lang.Math.round(F)I @ 36
Event: 15.693 Thread 0x00000000577fa800 Uncommon trap: reason=unstable_if action=reinterpret pc=0x0000000002c105a0 method=java.lang.Math.round(F)I @ 36
Event: 15.693 Thread 0x00000000577fa800 Uncommon trap: reason=unstable_if action=reinterpret pc=0x0000000002b24284 method=java.lang.Math.round(F)I @ 36
Event: 44.283 Thread 0x00000000577fa800 Uncommon trap: reason=unstable_if action=reinterpret pc=0x0000000002bf2cdc method=com.runner.stages.GameStage.act(F)V @ 261

Internal exceptions (10 events):
Event: 0.248 Thread 0x0000000002100000 Exception <a 'java/security/PrivilegedActionException'> (0x00000000eb1cf438) thrown at [C:\src\android\AOSP-openjdk\external\jetbrains\jdk\hotspot\src\share\vm\prims\jvm.cpp, line 1386]
Event: 0.248 Thread 0x0000000002100000 Exception <a 'java/security/PrivilegedActionException'> (0x00000000eb1cf648) thrown at [C:\src\android\AOSP-openjdk\external\jetbrains\jdk\hotspot\src\share\vm\prims\jvm.cpp, line 1386]
Event: 0.248 Thread 0x0000000002100000 Exception <a 'java/security/PrivilegedActionException'> (0x00000000eb1d0a20) thrown at [C:\src\android\AOSP-openjdk\external\jetbrains\jdk\hotspot\src\share\vm\prims\jvm.cpp, line 1386]
Event: 0.248 Thread 0x0000000002100000 Exception <a 'java/security/PrivilegedActionException'> (0x00000000eb1d0c30) thrown at [C:\src\android\AOSP-openjdk\external\jetbrains\jdk\hotspot\src\share\vm\prims\jvm.cpp, line 1386]
Event: 0.614 Thread 0x0000000002100000 Exception <a 'java/security/PrivilegedActionException'> (0x00000000eb3c76f8) thrown at [C:\src\android\AOSP-openjdk\external\jetbrains\jdk\hotspot\src\share\vm\prims\jvm.cpp, line 1386]
Event: 0.615 Thread 0x0000000002100000 Exception <a 'java/security/PrivilegedActionException'> (0x00000000eb3c93d0) thrown at [C:\src\android\AOSP-openjdk\external\jetbrains\jdk\hotspot\src\share\vm\prims\jvm.cpp, line 1386]
Event: 0.615 Thread 0x0000000002100000 Exception <a 'java/security/PrivilegedActionException'> (0x00000000eb3ca540) thrown at [C:\src\android\AOSP-openjdk\external\jetbrains\jdk\hotspot\src\share\vm\prims\jvm.cpp, line 1386]
Event: 0.615 Thread 0x0000000002100000 Exception <a 'java/security/PrivilegedActionException'> (0x00000000eb3cf6a8) thrown at [C:\src\android\AOSP-openjdk\external\jetbrains\jdk\hotspot\src\share\vm\prims\jvm.cpp, line 1386]
Event: 0.615 Thread 0x0000000002100000 Exception <a 'java/security/PrivilegedActionException'> (0x00000000eb3d0300) thrown at [C:\src\android\AOSP-openjdk\external\jetbrains\jdk\hotspot\src\share\vm\prims\jvm.cpp, line 1386]
Event: 0.615 Thread 0x0000000002100000 Exception <a 'java/security/PrivilegedActionException'> (0x00000000eb3d0f28) thrown at [C:\src\android\AOSP-openjdk\external\jetbrains\jdk\hotspot\src\share\vm\prims\jvm.cpp, line 1386]

Events (10 events):
Event: 20.459 Executing VM operation: RevokeBias done
Event: 20.459 Executing VM operation: RevokeBias
Event: 20.459 Executing VM operation: RevokeBias done
Event: 20.459 Executing VM operation: RevokeBias
Event: 20.459 Executing VM operation: RevokeBias done
Event: 20.459 Executing VM operation: RevokeBias
Event: 20.459 Executing VM operation: RevokeBias done
Event: 44.283 Thread 0x00000000577fa800 Uncommon trap: trap_request=0xffffff65 fr.pc=0x0000000002bf2cdc
Event: 44.283 Thread 0x00000000577fa800 DEOPT PACKING pc=0x0000000002bf2cdc sp=0x0000000058eaf220
Event: 44.283 Thread 0x00000000577fa800 DEOPT UNPACKING pc=0x000000000274556a sp=0x0000000058eaf238 mode 2


Dynamic libraries:
0x000000013f850000 - 0x000000013f881000 	C:\Android\Android Studio\jre\bin\java.exe
0x0000000076cc0000 - 0x0000000076e6a000 	C:\Windows\SYSTEM32\ntdll.dll
0x0000000076aa0000 - 0x0000000076bbf000 	C:\Windows\system32\kernel32.dll
0x000007fefcb00000 - 0x000007fefcb6a000 	C:\Windows\system32\KERNELBASE.dll
0x000007fefd4f0000 - 0x000007fefd5cb000 	C:\Windows\system32\ADVAPI32.dll
0x000007fefdd90000 - 0x000007fefde2f000 	C:\Windows\system32\msvcrt.dll
0x000007fefdaa0000 - 0x000007fefdabf000 	C:\Windows\SYSTEM32\sechost.dll
0x000007fefd290000 - 0x000007fefd3bd000 	C:\Windows\system32\RPCRT4.dll
0x0000000076bc0000 - 0x0000000076cba000 	C:\Windows\system32\USER32.dll
0x000007fefd670000 - 0x000007fefd6d7000 	C:\Windows\system32\GDI32.dll
0x000007fefe230000 - 0x000007fefe23e000 	C:\Windows\system32\LPK.dll
0x000007fefde30000 - 0x000007fefdefa000 	C:\Windows\system32\USP10.dll
0x000007fefaff0000 - 0x000007fefb1e4000 	C:\Windows\WinSxS\amd64_microsoft.windows.common-controls_6595b64144ccf1df_6.0.7601.18837_none_fa3b1e3d17594757\COMCTL32.dll
0x000007fefd210000 - 0x000007fefd281000 	C:\Windows\system32\SHLWAPI.dll
0x000007fefd3c0000 - 0x000007fefd3ee000 	C:\Windows\system32\IMM32.DLL
0x000007fefd990000 - 0x000007fefda99000 	C:\Windows\system32\MSCTF.dll
0x000000005cb60000 - 0x000000005cc32000 	C:\Android\Android Studio\jre\jre\bin\msvcr100.dll
0x0000000055b40000 - 0x0000000056374000 	C:\Android\Android Studio\jre\jre\bin\server\jvm.dll
0x000007fee7d70000 - 0x000007fee7d79000 	C:\Windows\system32\WSOCK32.dll
0x000007fefe1e0000 - 0x000007fefe22d000 	C:\Windows\system32\WS2_32.dll
0x000007fefd010000 - 0x000007fefd018000 	C:\Windows\system32\NSI.dll
0x000007fefa4f0000 - 0x000007fefa52b000 	C:\Windows\system32\WINMM.dll
0x000007fefba20000 - 0x000007fefba2c000 	C:\Windows\system32\VERSION.dll
0x0000000076e90000 - 0x0000000076e97000 	C:\Windows\system32\PSAPI.DLL
0x000007fee8be0000 - 0x000007fee8bef000 	C:\Android\Android Studio\jre\jre\bin\verify.dll
0x000007fee7e30000 - 0x000007fee7e59000 	C:\Android\Android Studio\jre\jre\bin\java.dll
0x000007fee82c0000 - 0x000007fee82d6000 	C:\Android\Android Studio\jre\jre\bin\zip.dll
0x000007fefe240000 - 0x000007fefefc9000 	C:\Windows\system32\SHELL32.dll
0x000007fefd780000 - 0x000007fefd983000 	C:\Windows\system32\ole32.dll
0x000007fefca00000 - 0x000007fefca0f000 	C:\Windows\system32\profapi.dll
0x000007fedd6c0000 - 0x000007fedd6cf000 	C:\Android\Android Studio\bin\breakgen64.dll
0x000007fee8430000 - 0x000007fee844a000 	C:\Android\Android Studio\jre\jre\bin\net.dll
0x000007fefc1d0000 - 0x000007fefc225000 	C:\Windows\system32\mswsock.dll
0x000007fefc1c0000 - 0x000007fefc1c7000 	C:\Windows\System32\wship6.dll
0x0000000065580000 - 0x0000000065616000 	C:\Users\oCocha\AppData\Local\Temp\libgdxoCocha\8aad67a5\gdx64.dll
0x000007fefc230000 - 0x000007fefc248000 	C:\Windows\system32\CRYPTSP.dll
0x000007fefbf30000 - 0x000007fefbf77000 	C:\Windows\system32\rsaenh.dll
0x000007fefcb70000 - 0x000007fefcb8e000 	C:\Windows\system32\USERENV.dll
0x000007fefc890000 - 0x000007fefc89f000 	C:\Windows\system32\CRYPTBASE.dll
0x000007fef9fa0000 - 0x000007fef9fc7000 	C:\Windows\system32\IPHLPAPI.DLL
0x000007fef9f90000 - 0x000007fef9f9b000 	C:\Windows\system32\WINNSI.DLL
0x000007fef9d50000 - 0x000007fef9d61000 	C:\Windows\system32\dhcpcsvc6.DLL
0x000007fef9d30000 - 0x000007fef9d48000 	C:\Windows\system32\dhcpcsvc.DLL
0x000007fee4050000 - 0x000007fee4061000 	C:\Android\Android Studio\jre\jre\bin\nio.dll
0x0000000180000000 - 0x0000000180053000 	C:\Users\oCocha\AppData\Local\Temp\libgdxoCocha\dc0f0009\lwjgl64.dll
0x000007fed4ef0000 - 0x000007fed500d000 	C:\Windows\system32\OPENGL32.dll
0x000007fedd1c0000 - 0x000007fedd1ed000 	C:\Windows\system32\GLU32.dll
0x000007fed5030000 - 0x000007fed5121000 	C:\Windows\system32\DDRAW.dll
0x000007fedd700000 - 0x000007fedd708000 	C:\Windows\system32\DCIMAN32.dll
0x000007fefce30000 - 0x000007fefd007000 	C:\Windows\system32\SETUPAPI.dll
0x000007fefca90000 - 0x000007fefcac6000 	C:\Windows\system32\CFGMGR32.dll
0x000007fefd3f0000 - 0x000007fefd4ca000 	C:\Windows\system32\OLEAUT32.dll
0x000007fefca60000 - 0x000007fefca7a000 	C:\Windows\system32\DEVOBJ.dll
0x000007fefbaf0000 - 0x000007fefbb08000 	C:\Windows\system32\dwmapi.dll
0x0000000002280000 - 0x00000000022e4000 	C:\Users\oCocha\AppData\Local\Temp\libgdxoCocha\dc0f0009\OpenAL64.dll
0x000007fefaf40000 - 0x000007fefaf96000 	C:\Windows\system32\uxtheme.dll
0x000007fefd5d0000 - 0x000007fefd669000 	C:\Windows\system32\CLBCatQ.DLL
0x000007fefb650000 - 0x000007fefb77c000 	C:\Windows\System32\PROPSYS.dll
0x000007fefca10000 - 0x000007fefca4b000 	C:\Windows\system32\WINTRUST.dll
0x000007fefcc40000 - 0x000007fefcdad000 	C:\Windows\system32\CRYPT32.dll
0x000007fefc9f0000 - 0x000007fefc9ff000 	C:\Windows\system32\MSASN1.dll
0x000007fedb8f0000 - 0x000007fedb978000 	C:\Windows\system32\dsound.dll
0x000007fefbb10000 - 0x000007fefbb3c000 	C:\Windows\system32\POWRPROF.dll
0x000007fefb780000 - 0x000007fefb7cb000 	C:\Windows\System32\MMDevApi.dll
0x000007fefa060000 - 0x000007fefa0af000 	C:\Windows\system32\AUDIOSES.DLL
0x000007fedd670000 - 0x000007fedd688000 	C:\Windows\system32\atig6pxx.dll
0x0000000058eb0000 - 0x000000005acb0000 	C:\Windows\system32\atio6axx.dll
0x000007feec540000 - 0x000007feec681000 	C:\Windows\system32\atiadlxx.dll
0x000007fefbb40000 - 0x000007fefbb51000 	C:\Windows\system32\WTSAPI32.dll
0x000007fedbf20000 - 0x000007fedbf4c000 	C:\Windows\system32\atig6txx.dll
0x000007fedfff0000 - 0x000007fee008c000 	C:\Windows\system32\mscms.dll
0x000007fedff50000 - 0x000007fedff92000 	C:\Windows\system32\icm32.dll
0x0000000066bc0000 - 0x0000000066c7b000 	C:\Users\oCocha\AppData\Local\Temp\libgdxoCocha\b6038e5c\gdx-box2d64.dll
0x000007fef39b0000 - 0x000007fef3ad5000 	C:\Windows\system32\dbghelp.dll

VM Arguments:
jvm_args: -Didea.launcher.port=7542 -Didea.launcher.bin.path=C:\Android\Android Studio\bin -Dfile.encoding=UTF-8 
java_command: com.intellij.rt.execution.application.AppMain com.runner.desktop.DesktopLauncher
java_class_path (initial): C:\Android\Android Studio\jre\jre\lib\charsets.jar;C:\Android\Android Studio\jre\jre\lib\ext\access-bridge-64.jar;C:\Android\Android Studio\jre\jre\lib\ext\cldrdata.jar;C:\Android\Android Studio\jre\jre\lib\ext\dnsns.jar;C:\Android\Android Studio\jre\jre\lib\ext\jaccess.jar;C:\Android\Android Studio\jre\jre\lib\ext\localedata.jar;C:\Android\Android Studio\jre\jre\lib\ext\nashorn.jar;C:\Android\Android Studio\jre\jre\lib\ext\sunec.jar;C:\Android\Android Studio\jre\jre\lib\ext\sunjce_provider.jar;C:\Android\Android Studio\jre\jre\lib\ext\sunmscapi.jar;C:\Android\Android Studio\jre\jre\lib\ext\sunpkcs11.jar;C:\Android\Android Studio\jre\jre\lib\ext\zipfs.jar;C:\Android\Android Studio\jre\jre\lib\jce.jar;C:\Android\Android Studio\jre\jre\lib\jsse.jar;C:\Android\Android Studio\jre\jre\lib\management-agent.jar;C:\Android\Android Studio\jre\jre\lib\resources.jar;C:\Android\Android Studio\jre\jre\lib\rt.jar;C:\Android\Projekte\ItsAMe\desktop\build\classes\main;C:\Android\Projekte\ItsAMe\core\build\classes\main;C:\Users\oCocha\.gradle\caches\modules-2\files-2.1\com.badlogicgames.gdx\gdx\1.9.4\4b4b7962d1bc75af0438f5c81ec1010557bc9ee5\gdx-1.9.4.jar;C:\Users\oCocha\.gradle\caches\modules-2\files-2.1\com.badlogicgames.gdx\gdx-box2d\1.9.4\98a0d25c9f0637fecac6e4aacf7287aa635964f5\gdx-box2d-1.9.4.jar;C:\Android\Projekte\ItsAMe\core\build\libs\core-1.0.jar;C:\Users\oCocha\.gradle\caches\modules-2\files-2.1\com.badlogicgames.gdx\gdx-backend-lwjgl\1.9.4\4c6c108a9dcbc07096de8594b93f9cab33856fe2\gdx-backend-lwjgl-1.9.4.jar;C:\Users\oCocha\.gradle\caches\modules-2\files-2.1\com.badlogicgames.gdx\gdx-platform\1.9.4\8e93afecc287ab152179983fc1b5f65db4c2fa4c\gdx-platform-1.9.4-natives-desktop.jar;C:\Users\oCocha\.gradle\caches\modules-2\files-2.1\com.badlogicgames.gdx\gdx-box2d-platform\1.9.4\905a9ed3017cd3917b7fbada5ece58c40fddcbca\gdx-box2d-platform-1.9.4-natives-desktop.jar;C:\Users\oCocha\.gradle\caches\modules-2\files-2.1\org.lwjgl.lwjgl\lwjgl\2.9.2\a9d80fe5
Launcher Type: SUN_STANDARD

Environment Variables:
PATH=C:\ProgramData\Oracle\Java\javapath;C:\Program Files\Common Files\Microsoft Shared\Windows Live;C:\Program Files (x86)\Common Files\Microsoft Shared\Windows Live;C:\Windows\system32;C:\Windows;C:\Windows\System32\Wbem;C:\Windows\System32\WindowsPowerShell\v1.0\;C:\Program Files (x86)\ATI Technologies\ATI.ACE\Core-Static;C:\Program Files (x86)\Windows Live\Shared;C:\Program Files (x86)\GtkSharp\2.12\bin;C:\Program Files (x86)\Skype\Phone\;C:\Program Files (x86)\AMD\ATI.ACE\Core-Static;C:\Program Files (x86)\Common Files\Softimage;C:\Program Files\Common Files\Softimage;C:\Program Files (x86)\Mozilla Firefox;C:\ProgramData\Oracle\Java\javapath;C:\Program Files\Common Files\Microsoft Shared\Windows Live;C:\Program Files (x86)\Common Files\Microsoft Shared\Windows Live;C:\Windows\system32;C:\Windows;C:\Windows\System32\Wbem;C:\Windows\System32\WindowsPowerShell\v1.0\;C:\Program Files (x86)\ATI Technologies\ATI.ACE\Core-Static;C:\Program Files (x86)\Windows Live\Shared;C:\Program Files (x86)\GtkSharp\2.12\bin;C:\Program Files (x86)\Skype\Phone\;C:\Program Files (x86)\AMD\ATI.ACE\Core-Static
USERNAME=oCocha
OS=Windows_NT
PROCESSOR_IDENTIFIER=Intel64 Family 6 Model 58 Stepping 9, GenuineIntel



---------------  S Y S T E M  ---------------

OS: Windows 7 , 64 bit Build 7601 (6.1.7601.23543)

CPU:total 2 (2 cores per cpu, 1 threads per core) family 6 model 58 stepping 9, cmov, cx8, fxsr, mmx, sse, sse2, sse3, ssse3, sse4.1, sse4.2, popcnt, clmul, erms, tsc, tscinvbit, tscinv

Memory: 4k page, physical 4143476k(1058916k free), swap 8285092k(2825800k free)

vm_info: OpenJDK 64-Bit Server VM (25.76-b03) for windows-amd64 JRE (1.8.0_76-release-b03), built on Jun 29 2016 19:09:20 by "ralucas" with MS VC++ 10.0 (VS2010)

time: Sat Dec 10 12:01:32 2016
elapsed time: 44 seconds (0d 0h 0m 44s)

