#
# A fatal error has been detected by the Java Runtime Environment:
#
#  EXCEPTION_ACCESS_VIOLATION (0xc0000005) at pc=0x0000000066bcbd0d, pid=5208, tid=0x00000000000017d8
#
# JRE version: OpenJDK Runtime Environment (8.0_76-b03) (build 1.8.0_76-release-b03)
# Java VM: OpenJDK 64-Bit Server VM (25.76-b03 mixed mode windows-amd64 compressed oops)
# Problematic frame:
# C  [gdx-box2d64.dll+0xbd0d]
#
# Failed to write core dump. Minidumps are not enabled by default on client versions of Windows
#
# If you would like to submit a bug report, please visit:
#   http://bugreport.java.com/bugreport/crash.jsp
# The crash happened outside the Java Virtual Machine in native code.
# See problematic frame for where to report the bug.
#

---------------  T H R E A D  ---------------

Current thread (0x0000000057913000):  JavaThread "LWJGL Application" [_thread_in_native, id=6104, stack(0x00000000583d0000,0x00000000584d0000)]

siginfo: ExceptionCode=0xc0000005, reading address 0x00000002003ef150

Registers:
RAX=0x00000002003ef150, RBX=0x0000000000367de0, RCX=0x0000000000367db0, RDX=0x00000000000000b8
RSP=0x00000000584cef30, RBP=0x0000000000000006, RSI=0x0000000000367db0, RDI=0x00000000584ceff0
R8 =0x0000000000367db0, R9 =0x0000000000000002, R10=0x0000000000000000, R11=0x0000000000000001
R12=0x0000000000000000, R13=0x00000000548aaf38, R14=0x00000000584cf2b8, R15=0x0000000057913000
RIP=0x0000000066bcbd0d, EFLAGS=0x0000000000010206

Top of Stack: (sp=0x00000000584cef30)
0x00000000584cef30:   0000000000000048 0000000057913000
0x00000000584cef40:   00000000eb7282d8 0000000066bf9b92
0x00000000584cef50:   00000000142c1308 0000000000367db0
0x00000000584cef60:   0000000000000001 00000000584ceff0
0x00000000584cef70:   00000000584cf110 0000000000000000
0x00000000584cef80:   00000000548aaf38 0000000066be2483
0x00000000584cef90:   0000000000367d30 0000000066bfc2f5
0x00000000584cefa0:   0000000054200480 000000005480a4c8
0x00000000584cefb0:   0000000000000001 0000000000000001
0x00000000584cefc0:   0000000000000001 0000000066be8616
0x00000000584cefd0:   0000000057913000 00000000584cf1a8
0x00000000584cefe0:   000000005480a4c8 0000000000000000
0x00000000584ceff0:   4154800000000002 00000000407cf5c1
0x00000000584cf000:   0000000000000000 0000000000000000
0x00000000584cf010:   0000010100000000 0000000000000001
0x00000000584cf020:   0000000000000000 000000003f800000 

Instructions: (pc=0x0000000066bcbd0d)
0x0000000066bcbced:   48 8d 05 6c a3 05 00 0f b6 1c 18 80 fb 0d 0f b6
0x0000000066bcbcfd:   eb 77 21 48 8d 1c de 48 8b 43 10 48 85 c0 74 3a
0x0000000066bcbd0d:   48 8b 10 48 89 53 10 48 83 c4 28 5b 5e 5f 5d 41
0x0000000066bcbd1d:   5c 41 5d c3 48 8d 15 18 9e 04 00 48 8d 0d 99 9e 


Register to memory mapping:

RAX=0x00000002003ef150 is an unknown value
RBX=0x0000000000367de0 is an unknown value
RCX=0x0000000000367db0 is an unknown value
RDX=0x00000000000000b8 is an unknown value
RSP=0x00000000584cef30 is pointing into the stack for thread: 0x0000000057913000
RBP=0x0000000000000006 is an unknown value
RSI=0x0000000000367db0 is an unknown value
RDI=0x00000000584ceff0 is pointing into the stack for thread: 0x0000000057913000
R8 =0x0000000000367db0 is an unknown value
R9 =0x0000000000000002 is an unknown value
R10=0x0000000000000000 is an unknown value
R11=0x0000000000000001 is an unknown value
R12=0x0000000000000000 is an unknown value
R13=0x00000000548aaf38 is pointing into metadata
R14=0x00000000584cf2b8 is pointing into the stack for thread: 0x0000000057913000
R15=0x0000000057913000 is a thread


Stack: [0x00000000583d0000,0x00000000584d0000],  sp=0x00000000584cef30,  free space=1019k
Native frames: (J=compiled Java code, j=interpreted, Vv=VM code, C=native code)
C  [gdx-box2d64.dll+0xbd0d]
C  [gdx-box2d64.dll+0x22483]
C  [gdx-box2d64.dll+0x28616]
C  0x0000000002988424

Java frames: (J=compiled Java code, j=interpreted, Vv=VM code)
J 652  com.badlogic.gdx.physics.box2d.World.jniCreateBody(JIFFFFFFFFZZZZZF)J (0 bytes) @ 0x00000000029883a6 [0x0000000002988300+0xa6]
J 651 C1 com.badlogic.gdx.physics.box2d.World.createBody(Lcom/badlogic/gdx/physics/box2d/BodyDef;)Lcom/badlogic/gdx/physics/box2d/Body; (120 bytes) @ 0x00000000029878fc [0x0000000002987760+0x19c]
j  com.runner.utils.WorldUtils.createProjectile(Lcom/badlogic/gdx/physics/box2d/World;FFZI)Lcom/badlogic/gdx/physics/box2d/Body;+156
j  com.runner.stages.GameStage.shoot()V+54
j  com.runner.stages.HudStage.touchDown(IIII)Z+30
J 1197 C1 com.badlogic.gdx.backends.lwjgl.LwjglInput.processEvents()V (478 bytes) @ 0x0000000002b0ff8c [0x0000000002b0f120+0xe6c]
j  com.badlogic.gdx.backends.lwjgl.LwjglApplication.mainLoop()V+600
j  com.badlogic.gdx.backends.lwjgl.LwjglApplication$1.run()V+27
v  ~StubRoutines::call_stub

---------------  P R O C E S S  ---------------

Java Threads: ( => current thread )
  0x0000000057c83800 JavaThread "LWJGL Timer" daemon [_thread_blocked, id=5308, stack(0x000000005fb80000,0x000000005fc80000)]
  0x00000000020b0000 JavaThread "DestroyJavaVM" [_thread_blocked, id=6012, stack(0x00000000022f0000,0x00000000023f0000)]
=>0x0000000057913000 JavaThread "LWJGL Application" [_thread_in_native, id=6104, stack(0x00000000583d0000,0x00000000584d0000)]
  0x00000000564c8800 JavaThread "Monitor Ctrl-Break" daemon [_thread_in_native, id=2884, stack(0x0000000056b20000,0x0000000056c20000)]
  0x0000000054bfc000 JavaThread "Service Thread" daemon [_thread_blocked, id=2372, stack(0x0000000055fc0000,0x00000000560c0000)]
  0x0000000054bf7800 JavaThread "C1 CompilerThread1" daemon [_thread_blocked, id=2136, stack(0x00000000562a0000,0x00000000563a0000)]
  0x0000000054b99800 JavaThread "C2 CompilerThread0" daemon [_thread_blocked, id=5392, stack(0x00000000560d0000,0x00000000561d0000)]
  0x0000000054b97800 JavaThread "Attach Listener" daemon [_thread_blocked, id=4272, stack(0x0000000055e40000,0x0000000055f40000)]
  0x0000000054b96800 JavaThread "Signal Dispatcher" daemon [_thread_blocked, id=4608, stack(0x0000000055c80000,0x0000000055d80000)]
  0x0000000054b7d800 JavaThread "Finalizer" daemon [_thread_blocked, id=5432, stack(0x0000000055a80000,0x0000000055b80000)]
  0x0000000054b36800 JavaThread "Reference Handler" daemon [_thread_blocked, id=4204, stack(0x00000000557b0000,0x00000000558b0000)]

Other Threads:
  0x0000000054b2c800 VMThread [stack: 0x0000000055640000,0x0000000055740000] [id=3888]
  0x0000000054bfd800 WatcherThread [stack: 0x0000000056820000,0x0000000056920000] [id=6068]

VM state:not at safepoint (normal execution)

VM Mutex/Monitor currently owned by a thread: None

Heap:
 PSYoungGen      total 18944K, used 11143K [0x00000000eaf00000, 0x00000000ec400000, 0x0000000100000000)
  eden space 16384K, 52% used [0x00000000eaf00000,0x00000000eb766838,0x00000000ebf00000)
  from space 2560K, 99% used [0x00000000ebf00000,0x00000000ec17b718,0x00000000ec180000)
  to   space 2560K, 0% used [0x00000000ec180000,0x00000000ec180000,0x00000000ec400000)
 ParOldGen       total 44032K, used 1436K [0x00000000c0c00000, 0x00000000c3700000, 0x00000000eaf00000)
  object space 44032K, 3% used [0x00000000c0c00000,0x00000000c0d67238,0x00000000c3700000)
 Metaspace       used 8376K, capacity 8455K, committed 8576K, reserved 1056768K
  class space    used 756K, capacity 784K, committed 896K, reserved 1048576K

Card table byte_map: [0x0000000011a80000,0x0000000011c80000] byte_map_base: 0x000000001147a000

Marking Bits: (ParMarkBitMap*) 0x0000000057589d00
 Begin Bits: [0x0000000012060000, 0x0000000013030000)
 End Bits:   [0x0000000013030000, 0x0000000014000000)

Polling page: 0x0000000001b60000

CodeCache: size=245760Kb used=4504Kb max_used=4515Kb free=241255Kb
 bounds [0x00000000026c0000, 0x0000000002b30000, 0x00000000116c0000]
 total_blobs=1732 nmethods=1231 adapters=416
 compilation: enabled

Compilation events (10 events):
Event: 6.710 Thread 0x0000000054bf7800 1227       3       com.badlogic.gdx.graphics.g2d.TextureRegion::<init> (20 bytes)
Event: 6.710 Thread 0x0000000054bf7800 nmethod 1227 0x0000000002b24f90 code [0x0000000002b25100, 0x0000000002b25388]
Event: 6.873 Thread 0x0000000054b99800 1228       4       com.badlogic.gdx.scenes.scene2d.Actor::hit (52 bytes)
Event: 6.874 Thread 0x0000000054b99800 nmethod 1228 0x0000000002af32d0 code [0x0000000002af3440, 0x0000000002af34f8]
Event: 6.892 Thread 0x0000000054bf7800 1229       3       com.runner.stages.GameStage::act (295 bytes)
Event: 6.893 Thread 0x0000000054bf7800 nmethod 1229 0x0000000002b26150 code [0x0000000002b26620, 0x0000000002b28eb8]
Event: 7.290 Thread 0x0000000054bf7800 1230       3       org.lwjgl.opengl.Display::getWidth (30 bytes)
Event: 7.291 Thread 0x0000000054bf7800 nmethod 1230 0x0000000002b256d0 code [0x0000000002b25880, 0x0000000002b25f68]
Event: 7.391 Thread 0x0000000054b99800 1231       4       com.badlogic.gdx.scenes.scene2d.Actor::act (133 bytes)
Event: 7.391 Thread 0x0000000054b99800 nmethod 1231 0x0000000002b2d550 code [0x0000000002b2d680, 0x0000000002b2d718]

GC Heap History (2 events):
Event: 1.690 GC heap before
{Heap before GC invocations=1 (full 0):
 PSYoungGen      total 18944K, used 16384K [0x00000000eaf00000, 0x00000000ec400000, 0x0000000100000000)
  eden space 16384K, 100% used [0x00000000eaf00000,0x00000000ebf00000,0x00000000ebf00000)
  from space 2560K, 0% used [0x00000000ec180000,0x00000000ec180000,0x00000000ec400000)
  to   space 2560K, 0% used [0x00000000ebf00000,0x00000000ebf00000,0x00000000ec180000)
 ParOldGen       total 44032K, used 0K [0x00000000c0c00000, 0x00000000c3700000, 0x00000000eaf00000)
  object space 44032K, 0% used [0x00000000c0c00000,0x00000000c0c00000,0x00000000c3700000)
 Metaspace       used 7462K, capacity 7555K, committed 7680K, reserved 1056768K
  class space    used 690K, capacity 720K, committed 768K, reserved 1048576K
Event: 1.694 GC heap after
Heap after GC invocations=1 (full 0):
 PSYoungGen      total 18944K, used 2541K [0x00000000eaf00000, 0x00000000ec400000, 0x0000000100000000)
  eden space 16384K, 0% used [0x00000000eaf00000,0x00000000eaf00000,0x00000000ebf00000)
  from space 2560K, 99% used [0x00000000ebf00000,0x00000000ec17b718,0x00000000ec180000)
  to   space 2560K, 0% used [0x00000000ec180000,0x00000000ec180000,0x00000000ec400000)
 ParOldGen       total 44032K, used 1436K [0x00000000c0c00000, 0x00000000c3700000, 0x00000000eaf00000)
  object space 44032K, 3% used [0x00000000c0c00000,0x00000000c0d67238,0x00000000c3700000)
 Metaspace       used 7462K, capacity 7555K, committed 7680K, reserved 1056768K
  class space    used 690K, capacity 720K, committed 768K, reserved 1048576K
}

Deoptimization events (6 events):
Event: 1.582 Thread 0x0000000057913000 Uncommon trap: reason=unstable_if action=reinterpret pc=0x0000000002857310 method=java.lang.String.<init>([CII)V @ 18
Event: 2.939 Thread 0x0000000057913000 Uncommon trap: reason=array_check action=maybe_recompile pc=0x00000000029e8f78 method=com.badlogic.gdx.utils.Array.add(Ljava/lang/Object;)V @ 46
Event: 3.085 Thread 0x0000000057913000 Uncommon trap: reason=array_check action=maybe_recompile pc=0x00000000029e8f78 method=com.badlogic.gdx.utils.Array.add(Ljava/lang/Object;)V @ 46
Event: 3.553 Thread 0x0000000057913000 Uncommon trap: reason=array_check action=maybe_recompile pc=0x00000000029e8f78 method=com.badlogic.gdx.utils.Array.add(Ljava/lang/Object;)V @ 46
Event: 3.728 Thread 0x0000000057913000 Uncommon trap: reason=array_check action=maybe_recompile pc=0x00000000029e8f78 method=com.badlogic.gdx.utils.Array.add(Ljava/lang/Object;)V @ 46
Event: 6.874 Thread 0x0000000057913000 Uncommon trap: reason=unstable_if action=reinterpret pc=0x0000000002ad2f1c method=com.runner.stages.GameStage.act(F)V @ 223

Internal exceptions (10 events):
Event: 0.182 Thread 0x00000000020b0000 Exception <a 'java/security/PrivilegedActionException'> (0x00000000eb1781d0) thrown at [C:\src\android\AOSP-openjdk\external\jetbrains\jdk\hotspot\src\share\vm\prims\jvm.cpp, line 1386]
Event: 0.182 Thread 0x00000000020b0000 Exception <a 'java/security/PrivilegedActionException'> (0x00000000eb1783e0) thrown at [C:\src\android\AOSP-openjdk\external\jetbrains\jdk\hotspot\src\share\vm\prims\jvm.cpp, line 1386]
Event: 0.182 Thread 0x00000000020b0000 Exception <a 'java/security/PrivilegedActionException'> (0x00000000eb1797b8) thrown at [C:\src\android\AOSP-openjdk\external\jetbrains\jdk\hotspot\src\share\vm\prims\jvm.cpp, line 1386]
Event: 0.182 Thread 0x00000000020b0000 Exception <a 'java/security/PrivilegedActionException'> (0x00000000eb1799c8) thrown at [C:\src\android\AOSP-openjdk\external\jetbrains\jdk\hotspot\src\share\vm\prims\jvm.cpp, line 1386]
Event: 1.065 Thread 0x00000000020b0000 Exception <a 'java/security/PrivilegedActionException'> (0x00000000eb3bfc68) thrown at [C:\src\android\AOSP-openjdk\external\jetbrains\jdk\hotspot\src\share\vm\prims\jvm.cpp, line 1386]
Event: 1.065 Thread 0x00000000020b0000 Exception <a 'java/security/PrivilegedActionException'> (0x00000000eb3c1940) thrown at [C:\src\android\AOSP-openjdk\external\jetbrains\jdk\hotspot\src\share\vm\prims\jvm.cpp, line 1386]
Event: 1.065 Thread 0x00000000020b0000 Exception <a 'java/security/PrivilegedActionException'> (0x00000000eb3c2ab0) thrown at [C:\src\android\AOSP-openjdk\external\jetbrains\jdk\hotspot\src\share\vm\prims\jvm.cpp, line 1386]
Event: 1.065 Thread 0x00000000020b0000 Exception <a 'java/security/PrivilegedActionException'> (0x00000000eb3c7c18) thrown at [C:\src\android\AOSP-openjdk\external\jetbrains\jdk\hotspot\src\share\vm\prims\jvm.cpp, line 1386]
Event: 1.065 Thread 0x00000000020b0000 Exception <a 'java/security/PrivilegedActionException'> (0x00000000eb3c8870) thrown at [C:\src\android\AOSP-openjdk\external\jetbrains\jdk\hotspot\src\share\vm\prims\jvm.cpp, line 1386]
Event: 1.065 Thread 0x00000000020b0000 Exception <a 'java/security/PrivilegedActionException'> (0x00000000eb3c9498) thrown at [C:\src\android\AOSP-openjdk\external\jetbrains\jdk\hotspot\src\share\vm\prims\jvm.cpp, line 1386]

Events (10 events):
Event: 5.037 Thread 0x0000000057913000 DEOPT UNPACKING pc=0x00000000027071bf sp=0x00000000584cef30 mode 0
Event: 5.071 Thread 0x0000000057913000 DEOPT PACKING pc=0x0000000002aa46c7 sp=0x00000000584cf260
Event: 5.071 Thread 0x0000000057913000 DEOPT UNPACKING pc=0x00000000027071bf sp=0x00000000584cf068 mode 0
Event: 6.874 Thread 0x0000000057913000 Uncommon trap: trap_request=0xffffff65 fr.pc=0x0000000002ad2f1c
Event: 6.874 Thread 0x0000000057913000 DEOPT PACKING pc=0x0000000002ad2f1c sp=0x00000000584cf280
Event: 6.874 Thread 0x0000000057913000 DEOPT UNPACKING pc=0x000000000270556a sp=0x00000000584cf230 mode 2
Event: 7.041 Thread 0x0000000057913000 DEOPT PACKING pc=0x0000000002b289b7 sp=0x00000000584cf1b0
Event: 7.041 Thread 0x0000000057913000 DEOPT UNPACKING pc=0x00000000027071bf sp=0x00000000584cefa8 mode 0
Event: 7.275 Thread 0x0000000057913000 DEOPT PACKING pc=0x0000000002b289b7 sp=0x00000000584cf1b0
Event: 7.275 Thread 0x0000000057913000 DEOPT UNPACKING pc=0x00000000027071bf sp=0x00000000584cefa8 mode 0


Dynamic libraries:
0x000000013fd60000 - 0x000000013fd91000 	C:\Android\Android Studio\jre\bin\java.exe
0x0000000077be0000 - 0x0000000077d8a000 	C:\Windows\SYSTEM32\ntdll.dll
0x00000000779c0000 - 0x0000000077adf000 	C:\Windows\system32\kernel32.dll
0x000007fefdbf0000 - 0x000007fefdc5a000 	C:\Windows\system32\KERNELBASE.dll
0x000007feffb00000 - 0x000007feffbdb000 	C:\Windows\system32\ADVAPI32.dll
0x000007feffc80000 - 0x000007feffd1f000 	C:\Windows\system32\msvcrt.dll
0x000007fefe210000 - 0x000007fefe22f000 	C:\Windows\SYSTEM32\sechost.dll
0x000007feff960000 - 0x000007feffa8d000 	C:\Windows\system32\RPCRT4.dll
0x0000000077ae0000 - 0x0000000077bda000 	C:\Windows\system32\USER32.dll
0x000007feffa90000 - 0x000007feffaf7000 	C:\Windows\system32\GDI32.dll
0x000007feffdc0000 - 0x000007feffdce000 	C:\Windows\system32\LPK.dll
0x000007feffdd0000 - 0x000007feffe9a000 	C:\Windows\system32\USP10.dll
0x000007fefc450000 - 0x000007fefc644000 	C:\Windows\WinSxS\amd64_microsoft.windows.common-controls_6595b64144ccf1df_6.0.7601.18837_none_fa3b1e3d17594757\COMCTL32.dll
0x000007fefe310000 - 0x000007fefe381000 	C:\Windows\system32\SHLWAPI.dll
0x000007feff640000 - 0x000007feff66e000 	C:\Windows\system32\IMM32.DLL
0x000007feff120000 - 0x000007feff229000 	C:\Windows\system32\MSCTF.dll
0x000000005b340000 - 0x000000005b412000 	C:\Android\Android Studio\jre\jre\bin\msvcr100.dll
0x0000000056dd0000 - 0x0000000057604000 	C:\Android\Android Studio\jre\jre\bin\server\jvm.dll
0x000007fefa3f0000 - 0x000007fefa3f9000 	C:\Windows\system32\WSOCK32.dll
0x000007feffea0000 - 0x000007feffeed000 	C:\Windows\system32\WS2_32.dll
0x000007feff230000 - 0x000007feff238000 	C:\Windows\system32\NSI.dll
0x000007fefb060000 - 0x000007fefb09b000 	C:\Windows\system32\WINMM.dll
0x000007fefc960000 - 0x000007fefc96c000 	C:\Windows\system32\VERSION.dll
0x0000000077db0000 - 0x0000000077db7000 	C:\Windows\system32\PSAPI.DLL
0x000007fefbc90000 - 0x000007fefbc9f000 	C:\Android\Android Studio\jre\jre\bin\verify.dll
0x000007fef6850000 - 0x000007fef6879000 	C:\Android\Android Studio\jre\jre\bin\java.dll
0x000007fefbc70000 - 0x000007fefbc86000 	C:\Android\Android Studio\jre\jre\bin\zip.dll
0x000007fefe390000 - 0x000007feff119000 	C:\Windows\system32\SHELL32.dll
0x000007feff430000 - 0x000007feff633000 	C:\Windows\system32\ole32.dll
0x000007fefd910000 - 0x000007fefd91f000 	C:\Windows\system32\profapi.dll
0x000007fef4f50000 - 0x000007fef4f5f000 	C:\Android\Android Studio\bin\breakgen64.dll
0x000007fef5070000 - 0x000007fef508a000 	C:\Android\Android Studio\jre\jre\bin\net.dll
0x000007fefd0b0000 - 0x000007fefd105000 	C:\Windows\system32\mswsock.dll
0x000007fefd0a0000 - 0x000007fefd0a7000 	C:\Windows\System32\wship6.dll
0x0000000065580000 - 0x0000000065616000 	C:\Users\oCocha\AppData\Local\Temp\libgdxoCocha\8aad67a5\gdx64.dll
0x000007fefd110000 - 0x000007fefd128000 	C:\Windows\system32\CRYPTSP.dll
0x000007fefce10000 - 0x000007fefce57000 	C:\Windows\system32\rsaenh.dll
0x000007fefdcb0000 - 0x000007fefdcce000 	C:\Windows\system32\USERENV.dll
0x000007fefd7b0000 - 0x000007fefd7bf000 	C:\Windows\system32\CRYPTBASE.dll
0x000007fefb010000 - 0x000007fefb037000 	C:\Windows\system32\IPHLPAPI.DLL
0x000007fefb000000 - 0x000007fefb00b000 	C:\Windows\system32\WINNSI.DLL
0x000007fefae10000 - 0x000007fefae21000 	C:\Windows\system32\dhcpcsvc6.DLL
0x000007fefadf0000 - 0x000007fefae08000 	C:\Windows\system32\dhcpcsvc.DLL
0x000007fef5050000 - 0x000007fef5061000 	C:\Android\Android Studio\jre\jre\bin\nio.dll
0x0000000180000000 - 0x0000000180053000 	C:\Users\oCocha\AppData\Local\Temp\libgdxoCocha\dc0f0009\lwjgl64.dll
0x000007fedc010000 - 0x000007fedc12d000 	C:\Windows\system32\OPENGL32.dll
0x000007fef2190000 - 0x000007fef21bd000 	C:\Windows\system32\GLU32.dll
0x000007fedc150000 - 0x000007fedc241000 	C:\Windows\system32\DDRAW.dll
0x000007fef4fc0000 - 0x000007fef4fc8000 	C:\Windows\system32\DCIMAN32.dll
0x000007fefe030000 - 0x000007fefe207000 	C:\Windows\system32\SETUPAPI.dll
0x000007fefdc60000 - 0x000007fefdc96000 	C:\Windows\system32\CFGMGR32.dll
0x000007fefe230000 - 0x000007fefe30a000 	C:\Windows\system32\OLEAUT32.dll
0x000007fefda40000 - 0x000007fefda5a000 	C:\Windows\system32\DEVOBJ.dll
0x000007fefc940000 - 0x000007fefc958000 	C:\Windows\system32\dwmapi.dll
0x0000000002260000 - 0x00000000022c4000 	C:\Users\oCocha\AppData\Local\Temp\libgdxoCocha\dc0f0009\OpenAL64.dll
0x000007fefc270000 - 0x000007fefc2c6000 	C:\Windows\system32\uxtheme.dll
0x000007feffbe0000 - 0x000007feffc79000 	C:\Windows\system32\CLBCatQ.DLL
0x000007fefc2d0000 - 0x000007fefc3fc000 	C:\Windows\System32\PROPSYS.dll
0x000007fefd940000 - 0x000007fefd97b000 	C:\Windows\system32\WINTRUST.dll
0x000007fefda80000 - 0x000007fefdbed000 	C:\Windows\system32\CRYPT32.dll
0x000007fefd920000 - 0x000007fefd92f000 	C:\Windows\system32\MSASN1.dll
0x000007feef1c0000 - 0x000007feef248000 	C:\Windows\system32\dsound.dll
0x000007fefc970000 - 0x000007fefc99c000 	C:\Windows\system32\POWRPROF.dll
0x000007fefbe60000 - 0x000007fefbeab000 	C:\Windows\System32\MMDevApi.dll
0x000007fefa760000 - 0x000007fefa7af000 	C:\Windows\system32\AUDIOSES.DLL
0x000007fef2470000 - 0x000007fef2488000 	C:\Windows\system32\atig6pxx.dll
0x0000000058eb0000 - 0x000000005acb0000 	C:\Windows\system32\atio6axx.dll
0x000007fee8760000 - 0x000007fee88a1000 	C:\Windows\system32\atiadlxx.dll
0x000007fefca60000 - 0x000007fefca71000 	C:\Windows\system32\WTSAPI32.dll
0x000007fef2130000 - 0x000007fef215c000 	C:\Windows\system32\atig6txx.dll
0x000007fee6ba0000 - 0x000007fee6c3c000 	C:\Windows\system32\mscms.dll
0x000007fedf860000 - 0x000007fedf8a2000 	C:\Windows\system32\icm32.dll
0x0000000066bc0000 - 0x0000000066c7b000 	C:\Users\oCocha\AppData\Local\Temp\libgdxoCocha\b6038e5c\gdx-box2d64.dll
0x000007fef54e0000 - 0x000007fef5605000 	C:\Windows\system32\dbghelp.dll

VM Arguments:
jvm_args: -Didea.launcher.port=7533 -Didea.launcher.bin.path=C:\Android\Android Studio\bin -Dfile.encoding=UTF-8 
java_command: com.intellij.rt.execution.application.AppMain com.runner.desktop.DesktopLauncher
java_class_path (initial): C:\Android\Android Studio\jre\jre\lib\charsets.jar;C:\Android\Android Studio\jre\jre\lib\ext\access-bridge-64.jar;C:\Android\Android Studio\jre\jre\lib\ext\cldrdata.jar;C:\Android\Android Studio\jre\jre\lib\ext\dnsns.jar;C:\Android\Android Studio\jre\jre\lib\ext\jaccess.jar;C:\Android\Android Studio\jre\jre\lib\ext\localedata.jar;C:\Android\Android Studio\jre\jre\lib\ext\nashorn.jar;C:\Android\Android Studio\jre\jre\lib\ext\sunec.jar;C:\Android\Android Studio\jre\jre\lib\ext\sunjce_provider.jar;C:\Android\Android Studio\jre\jre\lib\ext\sunmscapi.jar;C:\Android\Android Studio\jre\jre\lib\ext\sunpkcs11.jar;C:\Android\Android Studio\jre\jre\lib\ext\zipfs.jar;C:\Android\Android Studio\jre\jre\lib\jce.jar;C:\Android\Android Studio\jre\jre\lib\jsse.jar;C:\Android\Android Studio\jre\jre\lib\management-agent.jar;C:\Android\Android Studio\jre\jre\lib\resources.jar;C:\Android\Android Studio\jre\jre\lib\rt.jar;C:\Android\Projekte\ItsAMe\desktop\build\classes\main;C:\Android\Projekte\ItsAMe\core\build\classes\main;C:\Users\oCocha\.gradle\caches\modules-2\files-2.1\com.badlogicgames.gdx\gdx\1.9.4\4b4b7962d1bc75af0438f5c81ec1010557bc9ee5\gdx-1.9.4.jar;C:\Users\oCocha\.gradle\caches\modules-2\files-2.1\com.badlogicgames.gdx\gdx-box2d\1.9.4\98a0d25c9f0637fecac6e4aacf7287aa635964f5\gdx-box2d-1.9.4.jar;C:\Users\oCocha\.gradle\caches\modules-2\files-2.1\com.badlogicgames.gdx\gdx-backend-lwjgl\1.9.4\4c6c108a9dcbc07096de8594b93f9cab33856fe2\gdx-backend-lwjgl-1.9.4.jar;C:\Users\oCocha\.gradle\caches\modules-2\files-2.1\com.badlogicgames.gdx\gdx-platform\1.9.4\8e93afecc287ab152179983fc1b5f65db4c2fa4c\gdx-platform-1.9.4-natives-desktop.jar;C:\Users\oCocha\.gradle\caches\modules-2\files-2.1\com.badlogicgames.gdx\gdx-box2d-platform\1.9.4\905a9ed3017cd3917b7fbada5ece58c40fddcbca\gdx-box2d-platform-1.9.4-natives-desktop.jar;C:\Users\oCocha\.gradle\caches\modules-2\files-2.1\org.lwjgl.lwjgl\lwjgl\2.9.2\a9d80fe5935c7a9149f6584d9777cfd471f65489\lwjgl-2.9.2.jar;C:\User
Launcher Type: SUN_STANDARD

Environment Variables:
PATH=C:\ProgramData\Oracle\Java\javapath;C:\Program Files\Common Files\Microsoft Shared\Windows Live;C:\Program Files (x86)\Common Files\Microsoft Shared\Windows Live;C:\Windows\system32;C:\Windows;C:\Windows\System32\Wbem;C:\Windows\System32\WindowsPowerShell\v1.0\;C:\Program Files (x86)\ATI Technologies\ATI.ACE\Core-Static;C:\Program Files (x86)\Windows Live\Shared;C:\Program Files (x86)\GtkSharp\2.12\bin;C:\Program Files (x86)\Skype\Phone\;C:\Program Files (x86)\AMD\ATI.ACE\Core-Static;C:\Program Files (x86)\Common Files\Softimage;C:\Program Files\Common Files\Softimage;C:\Program Files (x86)\Mozilla Firefox;C:\ProgramData\Oracle\Java\javapath;C:\Program Files\Common Files\Microsoft Shared\Windows Live;C:\Program Files (x86)\Common Files\Microsoft Shared\Windows Live;C:\Windows\system32;C:\Windows;C:\Windows\System32\Wbem;C:\Windows\System32\WindowsPowerShell\v1.0\;C:\Program Files (x86)\ATI Technologies\ATI.ACE\Core-Static;C:\Program Files (x86)\Windows Live\Shared;C:\Program Files (x86)\GtkSharp\2.12\bin;C:\Program Files (x86)\Skype\Phone\;C:\Program Files (x86)\AMD\ATI.ACE\Core-Static
USERNAME=oCocha
OS=Windows_NT
PROCESSOR_IDENTIFIER=Intel64 Family 6 Model 58 Stepping 9, GenuineIntel



---------------  S Y S T E M  ---------------

OS: Windows 7 , 64 bit Build 7601 (6.1.7601.23543)

CPU:total 2 (2 cores per cpu, 1 threads per core) family 6 model 58 stepping 9, cmov, cx8, fxsr, mmx, sse, sse2, sse3, ssse3, sse4.1, sse4.2, popcnt, clmul, erms, tsc, tscinvbit, tscinv

Memory: 4k page, physical 4143476k(770112k free), swap 8285092k(2833848k free)

vm_info: OpenJDK 64-Bit Server VM (25.76-b03) for windows-amd64 JRE (1.8.0_76-release-b03), built on Jun 29 2016 19:09:20 by "ralucas" with MS VC++ 10.0 (VS2010)

time: Tue Dec 06 14:23:56 2016
elapsed time: 7 seconds (0d 0h 0m 7s)

