#
# A fatal error has been detected by the Java Runtime Environment:
#
#  EXCEPTION_ACCESS_VIOLATION (0xc0000005) at pc=0x0000000066bcbd0d, pid=5788, tid=0x0000000000001654
#
# JRE version: OpenJDK Runtime Environment (8.0_76-b03) (build 1.8.0_76-release-b03)
# Java VM: OpenJDK 64-Bit Server VM (25.76-b03 mixed mode windows-amd64 compressed oops)
# Problematic frame:
# C  [gdx-box2d64.dll+0xbd0d]
#
# Failed to write core dump. Minidumps are not enabled by default on client versions of Windows
#
# If you would like to submit a bug report, please visit:
#   http://bugreport.java.com/bugreport/crash.jsp
# The crash happened outside the Java Virtual Machine in native code.
# See problematic frame for where to report the bug.
#

---------------  T H R E A D  ---------------

Current thread (0x0000000056813000):  JavaThread "LWJGL Application" [_thread_in_native, id=5716, stack(0x0000000058450000,0x0000000058550000)]

siginfo: ExceptionCode=0xc0000005, reading address 0x00000002004ee790

Registers:
RAX=0x00000002004ee790, RBX=0x0000000000467de0, RCX=0x0000000000467db0, RDX=0x00000000000000b8
RSP=0x000000005854eff0, RBP=0x0000000000000006, RSI=0x0000000000467db0, RDI=0x000000005854f0b0
R8 =0x0000000000467db0, R9 =0x0000000000000002, R10=0x0000000000000000, R11=0x0000000000000001
R12=0x0000000000000000, R13=0x00000000548f8338, R14=0x000000005854f370, R15=0x0000000056813000
RIP=0x0000000066bcbd0d, EFLAGS=0x0000000000010206

Top of Stack: (sp=0x000000005854eff0)
0x000000005854eff0:   0000000014311748 00000000026c7a01
0x000000005854f000:   0000000000000005 0000000066bf9b92
0x000000005854f010:   00000000eb6bdb38 0000000000467db0
0x000000005854f020:   0000000000000001 000000005854f0b0
0x000000005854f030:   000000005854f1d0 0000000000000000
0x000000005854f040:   00000000548f8338 0000000066be2483
0x000000005854f050:   0000000000467d30 0000000066bfc2f5
0x000000005854f060:   0000000054250480 000000005485a468
0x000000005854f070:   0000000000000001 0000000000000001
0x000000005854f080:   0000000000000001 0000000066be8616
0x000000005854f090:   0000000056813000 000000005854f268
0x000000005854f0a0:   000000005485a468 0000000000000000
0x000000005854f0b0:   4138361500000002 00000000407cf5c1
0x000000005854f0c0:   0000000000000000 0000000000000000
0x000000005854f0d0:   0000010100000000 0000000000000001
0x000000005854f0e0:   0000000000000000 000000003f800000 

Instructions: (pc=0x0000000066bcbd0d)
0x0000000066bcbced:   48 8d 05 6c a3 05 00 0f b6 1c 18 80 fb 0d 0f b6
0x0000000066bcbcfd:   eb 77 21 48 8d 1c de 48 8b 43 10 48 85 c0 74 3a
0x0000000066bcbd0d:   48 8b 10 48 89 53 10 48 83 c4 28 5b 5e 5f 5d 41
0x0000000066bcbd1d:   5c 41 5d c3 48 8d 15 18 9e 04 00 48 8d 0d 99 9e 


Register to memory mapping:

RAX=0x00000002004ee790 is an unknown value
RBX=0x0000000000467de0 is an unknown value
RCX=0x0000000000467db0 is an unknown value
RDX=0x00000000000000b8 is an unknown value
RSP=0x000000005854eff0 is pointing into the stack for thread: 0x0000000056813000
RBP=0x0000000000000006 is an unknown value
RSI=0x0000000000467db0 is an unknown value
RDI=0x000000005854f0b0 is pointing into the stack for thread: 0x0000000056813000
R8 =0x0000000000467db0 is an unknown value
R9 =0x0000000000000002 is an unknown value
R10=0x0000000000000000 is an unknown value
R11=0x0000000000000001 is an unknown value
R12=0x0000000000000000 is an unknown value
R13=0x00000000548f8338 is pointing into metadata
R14=0x000000005854f370 is pointing into the stack for thread: 0x0000000056813000
R15=0x0000000056813000 is a thread


Stack: [0x0000000058450000,0x0000000058550000],  sp=0x000000005854eff0,  free space=1019k
Native frames: (J=compiled Java code, j=interpreted, Vv=VM code, C=native code)
C  [gdx-box2d64.dll+0xbd0d]
C  [gdx-box2d64.dll+0x22483]
C  [gdx-box2d64.dll+0x28616]
C  0x000000000295aaa4

Java frames: (J=compiled Java code, j=interpreted, Vv=VM code)
J 585  com.badlogic.gdx.physics.box2d.World.jniCreateBody(JIFFFFFFFFZZZZZF)J (0 bytes) @ 0x000000000295aa26 [0x000000000295a980+0xa6]
J 584 C1 com.badlogic.gdx.physics.box2d.World.createBody(Lcom/badlogic/gdx/physics/box2d/BodyDef;)Lcom/badlogic/gdx/physics/box2d/Body; (120 bytes) @ 0x000000000295cdfc [0x000000000295cc60+0x19c]
j  com.runner.utils.WorldUtils.createProjectile(Lcom/badlogic/gdx/physics/box2d/World;FFZ)Lcom/badlogic/gdx/physics/box2d/Body;+154
j  com.runner.stages.GameStage.shoot()V+41
j  com.runner.stages.HudStage.touchDown(IIII)Z+38
J 1210 C1 com.badlogic.gdx.backends.lwjgl.LwjglInput.processEvents()V (478 bytes) @ 0x0000000002b1870c [0x0000000002b178a0+0xe6c]
j  com.badlogic.gdx.backends.lwjgl.LwjglApplication.mainLoop()V+600
j  com.badlogic.gdx.backends.lwjgl.LwjglApplication$1.run()V+27
v  ~StubRoutines::call_stub

---------------  P R O C E S S  ---------------

Java Threads: ( => current thread )
  0x0000000057f35800 JavaThread "LWJGL Timer" daemon [_thread_blocked, id=4912, stack(0x000000005fba0000,0x000000005fca0000)]
  0x0000000002100000 JavaThread "DestroyJavaVM" [_thread_blocked, id=5152, stack(0x0000000002270000,0x0000000002370000)]
=>0x0000000056813000 JavaThread "LWJGL Application" [_thread_in_native, id=5716, stack(0x0000000058450000,0x0000000058550000)]
  0x0000000056615800 JavaThread "Monitor Ctrl-Break" daemon [_thread_in_native, id=1876, stack(0x00000000569d0000,0x0000000056ad0000)]
  0x0000000054c47000 JavaThread "Service Thread" daemon [_thread_blocked, id=704, stack(0x00000000563d0000,0x00000000564d0000)]
  0x0000000054c44800 JavaThread "C1 CompilerThread1" daemon [_thread_blocked, id=5612, stack(0x0000000055eb0000,0x0000000055fb0000)]
  0x0000000054bea000 JavaThread "C2 CompilerThread0" daemon [_thread_blocked, id=2812, stack(0x0000000056150000,0x0000000056250000)]
  0x0000000054be8000 JavaThread "Attach Listener" daemon [_thread_blocked, id=5892, stack(0x0000000056020000,0x0000000056120000)]
  0x0000000054be6800 JavaThread "Signal Dispatcher" daemon [_thread_blocked, id=6080, stack(0x0000000055d80000,0x0000000055e80000)]
  0x0000000054bcd800 JavaThread "Finalizer" daemon [_thread_blocked, id=5548, stack(0x0000000055be0000,0x0000000055ce0000)]
  0x0000000054b86800 JavaThread "Reference Handler" daemon [_thread_blocked, id=5616, stack(0x0000000055a50000,0x0000000055b50000)]

Other Threads:
  0x0000000054b7c800 VMThread [stack: 0x00000000556a0000,0x00000000557a0000] [id=5276]
  0x0000000054c48800 WatcherThread [stack: 0x0000000056290000,0x0000000056390000] [id=1496]

VM state:not at safepoint (normal execution)

VM Mutex/Monitor currently owned by a thread: None

Heap:
 PSYoungGen      total 18944K, used 10550K [0x00000000eaf00000, 0x00000000ec400000, 0x0000000100000000)
  eden space 16384K, 48% used [0x00000000eaf00000,0x00000000eb6cefa0,0x00000000ebf00000)
  from space 2560K, 99% used [0x00000000ebf00000,0x00000000ec17ea30,0x00000000ec180000)
  to   space 2560K, 0% used [0x00000000ec180000,0x00000000ec180000,0x00000000ec400000)
 ParOldGen       total 44032K, used 1461K [0x00000000c0c00000, 0x00000000c3700000, 0x00000000eaf00000)
  object space 44032K, 3% used [0x00000000c0c00000,0x00000000c0d6d510,0x00000000c3700000)
 Metaspace       used 8393K, capacity 8455K, committed 8576K, reserved 1056768K
  class space    used 757K, capacity 784K, committed 896K, reserved 1048576K

Card table byte_map: [0x0000000011a80000,0x0000000011c80000] byte_map_base: 0x000000001147a000

Marking Bits: (ParMarkBitMap*) 0x0000000058d49d00
 Begin Bits: [0x00000000120b0000, 0x0000000013080000)
 End Bits:   [0x0000000013080000, 0x0000000014050000)

Polling page: 0x0000000000230000

CodeCache: size=245760Kb used=4640Kb max_used=4652Kb free=241119Kb
 bounds [0x00000000026c0000, 0x0000000002b60000, 0x00000000116c0000]
 total_blobs=1756 nmethods=1257 adapters=414
 compilation: enabled

Compilation events (10 events):
Event: 17.278 Thread 0x0000000054bea000 1253       4       com.badlogic.gdx.graphics.glutils.ShapeRenderer::circle (452 bytes)
Event: 17.297 Thread 0x0000000054bea000 nmethod 1253 0x0000000002b3d890 code [0x0000000002b3da80, 0x0000000002b3e9f8]
Event: 17.444 Thread 0x0000000054c44800 1254       1       java.lang.Boolean::booleanValue (5 bytes)
Event: 17.444 Thread 0x0000000054bea000 1255       4       java.nio.charset.CoderResult::isUnderflow (13 bytes)
Event: 17.444 Thread 0x0000000054c44800 nmethod 1254 0x0000000002b289d0 code [0x0000000002b28b20, 0x0000000002b28c30]
Event: 17.444 Thread 0x0000000054bea000 nmethod 1255 0x0000000002b33f50 code [0x0000000002b34080, 0x0000000002b340d8]
Event: 17.911 Thread 0x0000000054bea000 1256       4       java.nio.DirectIntBufferU::put (18 bytes)
Event: 17.912 Thread 0x0000000054bea000 nmethod 1256 0x0000000002b3b750 code [0x0000000002b3b880, 0x0000000002b3b938]
Event: 17.979 Thread 0x0000000054bea000 1257       4       com.badlogic.gdx.math.Vector3::crs (62 bytes)
Event: 17.980 Thread 0x0000000054bea000 nmethod 1257 0x0000000002b3b4d0 code [0x0000000002b3b600, 0x0000000002b3b6b8]

GC Heap History (2 events):
Event: 2.108 GC heap before
{Heap before GC invocations=1 (full 0):
 PSYoungGen      total 18944K, used 16384K [0x00000000eaf00000, 0x00000000ec400000, 0x0000000100000000)
  eden space 16384K, 100% used [0x00000000eaf00000,0x00000000ebf00000,0x00000000ebf00000)
  from space 2560K, 0% used [0x00000000ec180000,0x00000000ec180000,0x00000000ec400000)
  to   space 2560K, 0% used [0x00000000ebf00000,0x00000000ebf00000,0x00000000ec180000)
 ParOldGen       total 44032K, used 0K [0x00000000c0c00000, 0x00000000c3700000, 0x00000000eaf00000)
  object space 44032K, 0% used [0x00000000c0c00000,0x00000000c0c00000,0x00000000c3700000)
 Metaspace       used 7425K, capacity 7555K, committed 7680K, reserved 1056768K
  class space    used 690K, capacity 720K, committed 768K, reserved 1048576K
Event: 2.112 GC heap after
Heap after GC invocations=1 (full 0):
 PSYoungGen      total 18944K, used 2554K [0x00000000eaf00000, 0x00000000ec400000, 0x0000000100000000)
  eden space 16384K, 0% used [0x00000000eaf00000,0x00000000eaf00000,0x00000000ebf00000)
  from space 2560K, 99% used [0x00000000ebf00000,0x00000000ec17ea30,0x00000000ec180000)
  to   space 2560K, 0% used [0x00000000ec180000,0x00000000ec180000,0x00000000ec400000)
 ParOldGen       total 44032K, used 1461K [0x00000000c0c00000, 0x00000000c3700000, 0x00000000eaf00000)
  object space 44032K, 3% used [0x00000000c0c00000,0x00000000c0d6d510,0x00000000c3700000)
 Metaspace       used 7425K, capacity 7555K, committed 7680K, reserved 1056768K
  class space    used 690K, capacity 720K, committed 768K, reserved 1048576K
}

Deoptimization events (6 events):
Event: 2.049 Thread 0x0000000056813000 Uncommon trap: reason=unstable_if action=reinterpret pc=0x0000000002874590 method=java.lang.String.<init>([CII)V @ 18
Event: 4.485 Thread 0x0000000056813000 Uncommon trap: reason=array_check action=maybe_recompile pc=0x00000000029bd278 method=com.badlogic.gdx.utils.Array.add(Ljava/lang/Object;)V @ 46
Event: 5.207 Thread 0x0000000056813000 Uncommon trap: reason=array_check action=maybe_recompile pc=0x00000000029bd278 method=com.badlogic.gdx.utils.Array.add(Ljava/lang/Object;)V @ 46
Event: 6.858 Thread 0x0000000056813000 Uncommon trap: reason=unstable_if action=reinterpret pc=0x0000000002aa461c method=com.runner.stages.GameStage.act(F)V @ 213
Event: 7.875 Thread 0x0000000056813000 Uncommon trap: reason=array_check action=maybe_recompile pc=0x00000000029bd278 method=com.badlogic.gdx.utils.Array.add(Ljava/lang/Object;)V @ 46
Event: 8.779 Thread 0x0000000056813000 Uncommon trap: reason=array_check action=maybe_recompile pc=0x00000000029bd278 method=com.badlogic.gdx.utils.Array.add(Ljava/lang/Object;)V @ 46

Internal exceptions (10 events):
Event: 0.176 Thread 0x0000000002100000 Exception <a 'java/security/PrivilegedActionException'> (0x00000000eb17d490) thrown at [C:\src\android\AOSP-openjdk\external\jetbrains\jdk\hotspot\src\share\vm\prims\jvm.cpp, line 1386]
Event: 0.176 Thread 0x0000000002100000 Exception <a 'java/security/PrivilegedActionException'> (0x00000000eb17d6a0) thrown at [C:\src\android\AOSP-openjdk\external\jetbrains\jdk\hotspot\src\share\vm\prims\jvm.cpp, line 1386]
Event: 0.176 Thread 0x0000000002100000 Exception <a 'java/security/PrivilegedActionException'> (0x00000000eb17ea78) thrown at [C:\src\android\AOSP-openjdk\external\jetbrains\jdk\hotspot\src\share\vm\prims\jvm.cpp, line 1386]
Event: 0.176 Thread 0x0000000002100000 Exception <a 'java/security/PrivilegedActionException'> (0x00000000eb17ec88) thrown at [C:\src\android\AOSP-openjdk\external\jetbrains\jdk\hotspot\src\share\vm\prims\jvm.cpp, line 1386]
Event: 0.442 Thread 0x0000000002100000 Exception <a 'java/security/PrivilegedActionException'> (0x00000000eb3c58e8) thrown at [C:\src\android\AOSP-openjdk\external\jetbrains\jdk\hotspot\src\share\vm\prims\jvm.cpp, line 1386]
Event: 0.442 Thread 0x0000000002100000 Exception <a 'java/security/PrivilegedActionException'> (0x00000000eb3c75c0) thrown at [C:\src\android\AOSP-openjdk\external\jetbrains\jdk\hotspot\src\share\vm\prims\jvm.cpp, line 1386]
Event: 0.442 Thread 0x0000000002100000 Exception <a 'java/security/PrivilegedActionException'> (0x00000000eb3c8730) thrown at [C:\src\android\AOSP-openjdk\external\jetbrains\jdk\hotspot\src\share\vm\prims\jvm.cpp, line 1386]
Event: 0.443 Thread 0x0000000002100000 Exception <a 'java/security/PrivilegedActionException'> (0x00000000eb3cd898) thrown at [C:\src\android\AOSP-openjdk\external\jetbrains\jdk\hotspot\src\share\vm\prims\jvm.cpp, line 1386]
Event: 0.443 Thread 0x0000000002100000 Exception <a 'java/security/PrivilegedActionException'> (0x00000000eb3ce4f0) thrown at [C:\src\android\AOSP-openjdk\external\jetbrains\jdk\hotspot\src\share\vm\prims\jvm.cpp, line 1386]
Event: 0.443 Thread 0x0000000002100000 Exception <a 'java/security/PrivilegedActionException'> (0x00000000eb3cf118) thrown at [C:\src\android\AOSP-openjdk\external\jetbrains\jdk\hotspot\src\share\vm\prims\jvm.cpp, line 1386]

Events (10 events):
Event: 7.875 Thread 0x0000000056813000 Uncommon trap: trap_request=0xffffffd6 fr.pc=0x00000000029bd278
Event: 7.875 Thread 0x0000000056813000 DEOPT PACKING pc=0x00000000029bd278 sp=0x000000005854f140
Event: 7.875 Thread 0x0000000056813000 DEOPT UNPACKING pc=0x000000000270556a sp=0x000000005854f0d0 mode 2
Event: 8.052 Thread 0x0000000056813000 DEOPT PACKING pc=0x0000000002ac0eef sp=0x000000005854f320
Event: 8.052 Thread 0x0000000056813000 DEOPT UNPACKING pc=0x00000000027071bf sp=0x000000005854f128 mode 0
Event: 8.779 Thread 0x0000000056813000 Uncommon trap: trap_request=0xffffffd6 fr.pc=0x00000000029bd278
Event: 8.779 Thread 0x0000000056813000 DEOPT PACKING pc=0x00000000029bd278 sp=0x000000005854f2a0
Event: 8.779 Thread 0x0000000056813000 DEOPT UNPACKING pc=0x000000000270556a sp=0x000000005854f230 mode 2
Event: 13.664 Thread 0x0000000056813000 DEOPT PACKING pc=0x000000000296c89b sp=0x000000005854ea20
Event: 13.664 Thread 0x0000000056813000 DEOPT UNPACKING pc=0x00000000027071bf sp=0x000000005854e820 mode 0


Dynamic libraries:
0x000000013fb50000 - 0x000000013fb81000 	C:\Android\Android Studio\jre\bin\java.exe
0x0000000077470000 - 0x000000007761a000 	C:\Windows\SYSTEM32\ntdll.dll
0x0000000077350000 - 0x000000007746f000 	C:\Windows\system32\kernel32.dll
0x000007fefd4d0000 - 0x000007fefd53a000 	C:\Windows\system32\KERNELBASE.dll
0x000007feff6a0000 - 0x000007feff77b000 	C:\Windows\system32\ADVAPI32.dll
0x000007fefd5a0000 - 0x000007fefd63f000 	C:\Windows\system32\msvcrt.dll
0x000007fefe890000 - 0x000007fefe8af000 	C:\Windows\SYSTEM32\sechost.dll
0x000007fefd750000 - 0x000007fefd87d000 	C:\Windows\system32\RPCRT4.dll
0x0000000077250000 - 0x000000007734a000 	C:\Windows\system32\USER32.dll
0x000007fefef50000 - 0x000007fefefb7000 	C:\Windows\system32\GDI32.dll
0x000007fefd590000 - 0x000007fefd59e000 	C:\Windows\system32\LPK.dll
0x000007feff120000 - 0x000007feff1ea000 	C:\Windows\system32\USP10.dll
0x000007fefbce0000 - 0x000007fefbed4000 	C:\Windows\WinSxS\amd64_microsoft.windows.common-controls_6595b64144ccf1df_6.0.7601.18837_none_fa3b1e3d17594757\COMCTL32.dll
0x000007fefefc0000 - 0x000007feff031000 	C:\Windows\system32\SHLWAPI.dll
0x000007fefd560000 - 0x000007fefd58e000 	C:\Windows\system32\IMM32.DLL
0x000007fefeda0000 - 0x000007fefeea9000 	C:\Windows\system32\MSCTF.dll
0x00000000557b0000 - 0x0000000055882000 	C:\Android\Android Studio\jre\jre\bin\msvcr100.dll
0x0000000058590000 - 0x0000000058dc4000 	C:\Android\Android Studio\jre\jre\bin\server\jvm.dll
0x000007fee8fb0000 - 0x000007fee8fb9000 	C:\Windows\system32\WSOCK32.dll
0x000007feff650000 - 0x000007feff69d000 	C:\Windows\system32\WS2_32.dll
0x000007fefd6a0000 - 0x000007fefd6a8000 	C:\Windows\system32\NSI.dll
0x000007fefad50000 - 0x000007fefad8b000 	C:\Windows\system32\WINMM.dll
0x000007fefc1f0000 - 0x000007fefc1fc000 	C:\Windows\system32\VERSION.dll
0x0000000077640000 - 0x0000000077647000 	C:\Windows\system32\PSAPI.DLL
0x000007fefad90000 - 0x000007fefad9f000 	C:\Android\Android Studio\jre\jre\bin\verify.dll
0x000007fef4230000 - 0x000007fef4259000 	C:\Android\Android Studio\jre\jre\bin\java.dll
0x000007fef4a10000 - 0x000007fef4a26000 	C:\Android\Android Studio\jre\jre\bin\zip.dll
0x000007fefd880000 - 0x000007fefe609000 	C:\Windows\system32\SHELL32.dll
0x000007fefeb90000 - 0x000007fefed93000 	C:\Windows\system32\ole32.dll
0x000007fefd1b0000 - 0x000007fefd1bf000 	C:\Windows\system32\profapi.dll
0x000007fef4280000 - 0x000007fef428f000 	C:\Android\Android Studio\bin\breakgen64.dll
0x000007fef4210000 - 0x000007fef422a000 	C:\Android\Android Studio\jre\jre\bin\net.dll
0x000007fefc940000 - 0x000007fefc995000 	C:\Windows\system32\mswsock.dll
0x000007fefc930000 - 0x000007fefc937000 	C:\Windows\System32\wship6.dll
0x0000000065580000 - 0x0000000065616000 	C:\Users\oCocha\AppData\Local\Temp\libgdxoCocha\8aad67a5\gdx64.dll
0x000007fefc9a0000 - 0x000007fefc9b8000 	C:\Windows\system32\CRYPTSP.dll
0x000007fefc6a0000 - 0x000007fefc6e7000 	C:\Windows\system32\rsaenh.dll
0x000007fefd540000 - 0x000007fefd55e000 	C:\Windows\system32\USERENV.dll
0x000007fefd040000 - 0x000007fefd04f000 	C:\Windows\system32\CRYPTBASE.dll
0x000007fefab60000 - 0x000007fefab87000 	C:\Windows\system32\IPHLPAPI.DLL
0x000007fefb6d0000 - 0x000007fefb6db000 	C:\Windows\system32\WINNSI.DLL
0x000007fefa970000 - 0x000007fefa981000 	C:\Windows\system32\dhcpcsvc6.DLL
0x000007fefa950000 - 0x000007fefa968000 	C:\Windows\system32\dhcpcsvc.DLL
0x000007fee8d70000 - 0x000007fee8d81000 	C:\Android\Android Studio\jre\jre\bin\nio.dll
0x0000000180000000 - 0x0000000180053000 	C:\Users\oCocha\AppData\Local\Temp\libgdxoCocha\dc0f0009\lwjgl64.dll
0x000007fedad70000 - 0x000007fedae8d000 	C:\Windows\system32\OPENGL32.dll
0x000007fee8bd0000 - 0x000007fee8bfd000 	C:\Windows\system32\GLU32.dll
0x000007fedac70000 - 0x000007fedad61000 	C:\Windows\system32\DDRAW.dll
0x000007fef4270000 - 0x000007fef4278000 	C:\Windows\system32\DCIMAN32.dll
0x000007fefe610000 - 0x000007fefe7e7000 	C:\Windows\system32\SETUPAPI.dll
0x000007fefd290000 - 0x000007fefd2c6000 	C:\Windows\system32\CFGMGR32.dll
0x000007feff040000 - 0x000007feff11a000 	C:\Windows\system32\OLEAUT32.dll
0x000007fefd260000 - 0x000007fefd27a000 	C:\Windows\system32\DEVOBJ.dll
0x000007fefc1d0000 - 0x000007fefc1e8000 	C:\Windows\system32\dwmapi.dll
0x00000000021e0000 - 0x0000000002244000 	C:\Users\oCocha\AppData\Local\Temp\libgdxoCocha\dc0f0009\OpenAL64.dll
0x000007fefb3a0000 - 0x000007fefb3f6000 	C:\Windows\system32\uxtheme.dll
0x000007fefe7f0000 - 0x000007fefe889000 	C:\Windows\system32\CLBCatQ.DLL
0x000007fefb8b0000 - 0x000007fefb9dc000 	C:\Windows\System32\PROPSYS.dll
0x000007fefd450000 - 0x000007fefd48b000 	C:\Windows\system32\WINTRUST.dll
0x000007fefd2d0000 - 0x000007fefd43d000 	C:\Windows\system32\CRYPT32.dll
0x000007fefd1a0000 - 0x000007fefd1af000 	C:\Windows\system32\MSASN1.dll
0x000007fede060000 - 0x000007fede0e8000 	C:\Windows\system32\dsound.dll
0x000007fefc200000 - 0x000007fefc22c000 	C:\Windows\system32\POWRPROF.dll
0x000007fefb9e0000 - 0x000007fefba2b000 	C:\Windows\System32\MMDevApi.dll
0x000007fefacc0000 - 0x000007fefad0f000 	C:\Windows\system32\AUDIOSES.DLL
0x000007fee8c10000 - 0x000007fee8c28000 	C:\Windows\system32\atig6pxx.dll
0x0000000058dd0000 - 0x000000005abd0000 	C:\Windows\system32\atio6axx.dll
0x000007feea090000 - 0x000007feea1d1000 	C:\Windows\system32\atiadlxx.dll
0x000007fefc2f0000 - 0x000007fefc301000 	C:\Windows\system32\WTSAPI32.dll
0x000007fee8b20000 - 0x000007fee8b4c000 	C:\Windows\system32\atig6txx.dll
0x000007fee0600000 - 0x000007fee069c000 	C:\Windows\system32\mscms.dll
0x000007fee0560000 - 0x000007fee05a2000 	C:\Windows\system32\icm32.dll
0x0000000066bc0000 - 0x0000000066c7b000 	C:\Users\oCocha\AppData\Local\Temp\libgdxoCocha\b6038e5c\gdx-box2d64.dll
0x000007fef4d40000 - 0x000007fef4e65000 	C:\Windows\system32\dbghelp.dll

VM Arguments:
jvm_args: -Didea.launcher.port=7535 -Didea.launcher.bin.path=C:\Android\Android Studio\bin -Dfile.encoding=UTF-8 
java_command: com.intellij.rt.execution.application.AppMain com.runner.desktop.DesktopLauncher
java_class_path (initial): C:\Android\Android Studio\jre\jre\lib\charsets.jar;C:\Android\Android Studio\jre\jre\lib\ext\access-bridge-64.jar;C:\Android\Android Studio\jre\jre\lib\ext\cldrdata.jar;C:\Android\Android Studio\jre\jre\lib\ext\dnsns.jar;C:\Android\Android Studio\jre\jre\lib\ext\jaccess.jar;C:\Android\Android Studio\jre\jre\lib\ext\localedata.jar;C:\Android\Android Studio\jre\jre\lib\ext\nashorn.jar;C:\Android\Android Studio\jre\jre\lib\ext\sunec.jar;C:\Android\Android Studio\jre\jre\lib\ext\sunjce_provider.jar;C:\Android\Android Studio\jre\jre\lib\ext\sunmscapi.jar;C:\Android\Android Studio\jre\jre\lib\ext\sunpkcs11.jar;C:\Android\Android Studio\jre\jre\lib\ext\zipfs.jar;C:\Android\Android Studio\jre\jre\lib\jce.jar;C:\Android\Android Studio\jre\jre\lib\jsse.jar;C:\Android\Android Studio\jre\jre\lib\management-agent.jar;C:\Android\Android Studio\jre\jre\lib\resources.jar;C:\Android\Android Studio\jre\jre\lib\rt.jar;C:\Android\Projekte\ItsAMe\desktop\build\classes\main;C:\Android\Projekte\ItsAMe\core\build\classes\main;C:\Users\oCocha\.gradle\caches\modules-2\files-2.1\com.badlogicgames.gdx\gdx\1.9.4\4b4b7962d1bc75af0438f5c81ec1010557bc9ee5\gdx-1.9.4.jar;C:\Users\oCocha\.gradle\caches\modules-2\files-2.1\com.badlogicgames.gdx\gdx-box2d\1.9.4\98a0d25c9f0637fecac6e4aacf7287aa635964f5\gdx-box2d-1.9.4.jar;C:\Android\Projekte\ItsAMe\core\build\libs\core-1.0.jar;C:\Users\oCocha\.gradle\caches\modules-2\files-2.1\com.badlogicgames.gdx\gdx-backend-lwjgl\1.9.4\4c6c108a9dcbc07096de8594b93f9cab33856fe2\gdx-backend-lwjgl-1.9.4.jar;C:\Users\oCocha\.gradle\caches\modules-2\files-2.1\com.badlogicgames.gdx\gdx-platform\1.9.4\8e93afecc287ab152179983fc1b5f65db4c2fa4c\gdx-platform-1.9.4-natives-desktop.jar;C:\Users\oCocha\.gradle\caches\modules-2\files-2.1\com.badlogicgames.gdx\gdx-box2d-platform\1.9.4\905a9ed3017cd3917b7fbada5ece58c40fddcbca\gdx-box2d-platform-1.9.4-natives-desktop.jar;C:\Users\oCocha\.gradle\caches\modules-2\files-2.1\org.lwjgl.lwjgl\lwjgl\2.9.2\a9d80fe5
Launcher Type: SUN_STANDARD

Environment Variables:
PATH=C:\ProgramData\Oracle\Java\javapath;C:\Program Files\Common Files\Microsoft Shared\Windows Live;C:\Program Files (x86)\Common Files\Microsoft Shared\Windows Live;C:\Windows\system32;C:\Windows;C:\Windows\System32\Wbem;C:\Windows\System32\WindowsPowerShell\v1.0\;C:\Program Files (x86)\ATI Technologies\ATI.ACE\Core-Static;C:\Program Files (x86)\Windows Live\Shared;C:\Program Files (x86)\GtkSharp\2.12\bin;C:\Program Files (x86)\Skype\Phone\;C:\Program Files (x86)\AMD\ATI.ACE\Core-Static;C:\Program Files (x86)\Common Files\Softimage;C:\Program Files\Common Files\Softimage;C:\Program Files (x86)\Mozilla Firefox;C:\ProgramData\Oracle\Java\javapath;C:\Program Files\Common Files\Microsoft Shared\Windows Live;C:\Program Files (x86)\Common Files\Microsoft Shared\Windows Live;C:\Windows\system32;C:\Windows;C:\Windows\System32\Wbem;C:\Windows\System32\WindowsPowerShell\v1.0\;C:\Program Files (x86)\ATI Technologies\ATI.ACE\Core-Static;C:\Program Files (x86)\Windows Live\Shared;C:\Program Files (x86)\GtkSharp\2.12\bin;C:\Program Files (x86)\Skype\Phone\;C:\Program Files (x86)\AMD\ATI.ACE\Core-Static
USERNAME=oCocha
OS=Windows_NT
PROCESSOR_IDENTIFIER=Intel64 Family 6 Model 58 Stepping 9, GenuineIntel



---------------  S Y S T E M  ---------------

OS: Windows 7 , 64 bit Build 7601 (6.1.7601.23543)

CPU:total 2 (2 cores per cpu, 1 threads per core) family 6 model 58 stepping 9, cmov, cx8, fxsr, mmx, sse, sse2, sse3, ssse3, sse4.1, sse4.2, popcnt, clmul, erms, tsc, tscinvbit, tscinv

Memory: 4k page, physical 4143476k(894288k free), swap 8285092k(3405664k free)

vm_info: OpenJDK 64-Bit Server VM (25.76-b03) for windows-amd64 JRE (1.8.0_76-release-b03), built on Jun 29 2016 19:09:20 by "ralucas" with MS VC++ 10.0 (VS2010)

time: Mon Dec 05 20:42:12 2016
elapsed time: 18 seconds (0d 0h 0m 18s)

