#
# A fatal error has been detected by the Java Runtime Environment:
#
#  EXCEPTION_ACCESS_VIOLATION (0xc0000005) at pc=0x0000000066bcbd0d, pid=3896, tid=0x0000000000001224
#
# JRE version: OpenJDK Runtime Environment (8.0_76-b03) (build 1.8.0_76-release-b03)
# Java VM: OpenJDK 64-Bit Server VM (25.76-b03 mixed mode windows-amd64 compressed oops)
# Problematic frame:
# C  [gdx-box2d64.dll+0xbd0d]
#
# Failed to write core dump. Minidumps are not enabled by default on client versions of Windows
#
# If you would like to submit a bug report, please visit:
#   http://bugreport.java.com/bugreport/crash.jsp
# The crash happened outside the Java Virtual Machine in native code.
# See problematic frame for where to report the bug.
#

---------------  T H R E A D  ---------------

Current thread (0x0000000057e16800):  JavaThread "LWJGL Application" [_thread_in_native, id=4644, stack(0x0000000058610000,0x0000000058710000)]

siginfo: ExceptionCode=0xc0000005, reading address 0x00000002005fe790

Registers:
RAX=0x00000002005fe790, RBX=0x0000000000577de0, RCX=0x0000000000577db0, RDX=0x00000000000000b8
RSP=0x000000005870e970, RBP=0x0000000000000006, RSI=0x0000000000577db0, RDI=0x000000005870ea30
R8 =0x0000000000577db0, R9 =0x0000000000000002, R10=0x0000000000000000, R11=0x0000000000000001
R12=0x0000000000000000, R13=0x00000000549c7aa0, R14=0x000000005870ecf0, R15=0x0000000057e16800
RIP=0x0000000066bcbd0d, EFLAGS=0x0000000000010206

Top of Stack: (sp=0x000000005870e970)
0x000000005870e970:   00000000143e1738 00000000029c7a01
0x000000005870e980:   0000000000000005 0000000066bf9b92
0x000000005870e990:   00000000eb645b50 0000000000577db0
0x000000005870e9a0:   0000000000000001 000000005870ea30
0x000000005870e9b0:   000000005870eb50 0000000000000000
0x000000005870e9c0:   00000000549c7aa0 0000000066be2483
0x000000005870e9d0:   0000000000577d30 0000000066bfc2f5
0x000000005870e9e0:   0000000054320480 000000005492a468
0x000000005870e9f0:   0000000000000001 0000000000000001
0x000000005870ea00:   0000000000000001 0000000066be8616
0x000000005870ea10:   0000000057e16800 000000005870ebe8
0x000000005870ea20:   000000005492a468 0000000000000000
0x000000005870ea30:   4151a39600000002 00000000407cf5c1
0x000000005870ea40:   0000000000000000 0000000000000000
0x000000005870ea50:   0000010100000000 0000000000000001
0x000000005870ea60:   0000000000000000 000000003f800000 

Instructions: (pc=0x0000000066bcbd0d)
0x0000000066bcbced:   48 8d 05 6c a3 05 00 0f b6 1c 18 80 fb 0d 0f b6
0x0000000066bcbcfd:   eb 77 21 48 8d 1c de 48 8b 43 10 48 85 c0 74 3a
0x0000000066bcbd0d:   48 8b 10 48 89 53 10 48 83 c4 28 5b 5e 5f 5d 41
0x0000000066bcbd1d:   5c 41 5d c3 48 8d 15 18 9e 04 00 48 8d 0d 99 9e 


Register to memory mapping:

RAX=0x00000002005fe790 is an unknown value
RBX=0x0000000000577de0 is an unknown value
RCX=0x0000000000577db0 is an unknown value
RDX=0x00000000000000b8 is an unknown value
RSP=0x000000005870e970 is pointing into the stack for thread: 0x0000000057e16800
RBP=0x0000000000000006 is an unknown value
RSI=0x0000000000577db0 is an unknown value
RDI=0x000000005870ea30 is pointing into the stack for thread: 0x0000000057e16800
R8 =0x0000000000577db0 is an unknown value
R9 =0x0000000000000002 is an unknown value
R10=0x0000000000000000 is an unknown value
R11=0x0000000000000001 is an unknown value
R12=0x0000000000000000 is an unknown value
R13=0x00000000549c7aa0 is pointing into metadata
R14=0x000000005870ecf0 is pointing into the stack for thread: 0x0000000057e16800
R15=0x0000000057e16800 is a thread


Stack: [0x0000000058610000,0x0000000058710000],  sp=0x000000005870e970,  free space=1018k
Native frames: (J=compiled Java code, j=interpreted, Vv=VM code, C=native code)
C  [gdx-box2d64.dll+0xbd0d]
C  [gdx-box2d64.dll+0x22483]
C  [gdx-box2d64.dll+0x28616]
C  0x0000000002c43aa4

Java frames: (J=compiled Java code, j=interpreted, Vv=VM code)
J 564  com.badlogic.gdx.physics.box2d.World.jniCreateBody(JIFFFFFFFFZZZZZF)J (0 bytes) @ 0x0000000002c43a26 [0x0000000002c43980+0xa6]
J 563 C1 com.badlogic.gdx.physics.box2d.World.createBody(Lcom/badlogic/gdx/physics/box2d/BodyDef;)Lcom/badlogic/gdx/physics/box2d/Body; (120 bytes) @ 0x0000000002c4453c [0x0000000002c443a0+0x19c]
j  com.runner.utils.WorldUtils.createProjectile(Lcom/badlogic/gdx/physics/box2d/World;FFZ)Lcom/badlogic/gdx/physics/box2d/Body;+154
j  com.runner.stages.GameStage.shoot()V+41
j  com.runner.stages.HudStage.touchDown(IIII)Z+38
J 1191 C1 com.badlogic.gdx.backends.lwjgl.LwjglInput.processEvents()V (478 bytes) @ 0x0000000002dfb24c [0x0000000002dfa3e0+0xe6c]
j  com.badlogic.gdx.backends.lwjgl.LwjglApplication.mainLoop()V+600
j  com.badlogic.gdx.backends.lwjgl.LwjglApplication$1.run()V+27
v  ~StubRoutines::call_stub

---------------  P R O C E S S  ---------------

Java Threads: ( => current thread )
  0x0000000057fbe000 JavaThread "LWJGL Timer" daemon [_thread_blocked, id=692, stack(0x000000005c0b0000,0x000000005c1b0000)]
  0x0000000002230000 JavaThread "DestroyJavaVM" [_thread_blocked, id=5104, stack(0x00000000025f0000,0x00000000026f0000)]
=>0x0000000057e16800 JavaThread "LWJGL Application" [_thread_in_native, id=4644, stack(0x0000000058610000,0x0000000058710000)]
  0x00000000568f5800 JavaThread "Monitor Ctrl-Break" daemon [_thread_in_native, id=1884, stack(0x0000000056310000,0x0000000056410000)]
  0x0000000054d17000 JavaThread "Service Thread" daemon [_thread_blocked, id=5416, stack(0x0000000056540000,0x0000000056640000)]
  0x0000000054d14000 JavaThread "C1 CompilerThread1" daemon [_thread_blocked, id=2832, stack(0x0000000056440000,0x0000000056540000)]
  0x0000000054cb9800 JavaThread "C2 CompilerThread0" daemon [_thread_blocked, id=2208, stack(0x00000000561f0000,0x00000000562f0000)]
  0x0000000054cb8000 JavaThread "Attach Listener" daemon [_thread_blocked, id=5460, stack(0x0000000055e40000,0x0000000055f40000)]
  0x0000000054cb6800 JavaThread "Signal Dispatcher" daemon [_thread_blocked, id=4796, stack(0x0000000055fb0000,0x00000000560b0000)]
  0x0000000054c9d800 JavaThread "Finalizer" daemon [_thread_blocked, id=2384, stack(0x0000000055920000,0x0000000055a20000)]
  0x0000000054c56800 JavaThread "Reference Handler" daemon [_thread_blocked, id=4808, stack(0x0000000055a50000,0x0000000055b50000)]

Other Threads:
  0x0000000054c4c800 VMThread [stack: 0x0000000055760000,0x0000000055860000] [id=3360]
  0x0000000054d18800 WatcherThread [stack: 0x00000000566c0000,0x00000000567c0000] [id=5752]

VM state:not at safepoint (normal execution)

VM Mutex/Monitor currently owned by a thread: None

Heap:
 PSYoungGen      total 18944K, used 10011K [0x00000000eaf00000, 0x00000000ed400000, 0x0000000100000000)
  eden space 16384K, 45% used [0x00000000eaf00000,0x00000000eb64c5b8,0x00000000ebf00000)
  from space 2560K, 99% used [0x00000000ebf00000,0x00000000ec17aa20,0x00000000ec180000)
  to   space 2560K, 0% used [0x00000000ed180000,0x00000000ed180000,0x00000000ed400000)
 ParOldGen       total 44032K, used 1417K [0x00000000c0c00000, 0x00000000c3700000, 0x00000000eaf00000)
  object space 44032K, 3% used [0x00000000c0c00000,0x00000000c0d624a8,0x00000000c3700000)
 Metaspace       used 8382K, capacity 8451K, committed 8576K, reserved 1056768K
  class space    used 757K, capacity 784K, committed 896K, reserved 1048576K

Card table byte_map: [0x0000000011d80000,0x0000000011f80000] byte_map_base: 0x000000001177a000

Marking Bits: (ParMarkBitMap*) 0x0000000059ed9d00
 Begin Bits: [0x0000000012180000, 0x0000000013150000)
 End Bits:   [0x0000000013150000, 0x0000000014120000)

Polling page: 0x0000000000130000

CodeCache: size=245760Kb used=4473Kb max_used=4473Kb free=241287Kb
 bounds [0x00000000029c0000, 0x0000000002e30000, 0x00000000119c0000]
 total_blobs=1724 nmethods=1225 adapters=414
 compilation: enabled

Compilation events (10 events):
Event: 16.891 Thread 0x0000000054d14000 1221       3       com.runner.actors.Projectile::act (45 bytes)
Event: 16.891 Thread 0x0000000054d14000 nmethod 1221 0x0000000002e1e310 code [0x0000000002e1e520, 0x0000000002e1ee88]
Event: 16.989 Thread 0x0000000054d14000 1222       3       sun.nio.cs.StreamDecoder::implRead (243 bytes)
Event: 16.990 Thread 0x0000000054d14000 nmethod 1222 0x0000000002e1fa90 code [0x0000000002e1fd60, 0x0000000002e21708]
Event: 16.990 Thread 0x0000000054d14000 1223       3       java.io.BufferedReader::fill (170 bytes)
Event: 16.991 Thread 0x0000000054d14000 nmethod 1223 0x0000000002e1d910 code [0x0000000002e1dac0, 0x0000000002e1e148]
Event: 17.089 Thread 0x0000000054d14000 1224       3       org.lwjgl.opengl.WindowsDisplay$Rect::copyFromBuffer (37 bytes)
Event: 17.089 Thread 0x0000000054d14000 nmethod 1224 0x0000000002e1d1d0 code [0x0000000002e1d360, 0x0000000002e1d7f8]
Event: 17.142 Thread 0x0000000054d14000 1225       1       com.badlogic.gdx.scenes.scene2d.Event::isHandled (5 bytes)
Event: 17.142 Thread 0x0000000054d14000 nmethod 1225 0x0000000002e1cf10 code [0x0000000002e1d060, 0x0000000002e1d170]

GC Heap History (2 events):
Event: 3.009 GC heap before
{Heap before GC invocations=1 (full 0):
 PSYoungGen      total 18944K, used 16384K [0x00000000eaf00000, 0x00000000ec400000, 0x0000000100000000)
  eden space 16384K, 100% used [0x00000000eaf00000,0x00000000ebf00000,0x00000000ebf00000)
  from space 2560K, 0% used [0x00000000ec180000,0x00000000ec180000,0x00000000ec400000)
  to   space 2560K, 0% used [0x00000000ebf00000,0x00000000ebf00000,0x00000000ec180000)
 ParOldGen       total 44032K, used 0K [0x00000000c0c00000, 0x00000000c3700000, 0x00000000eaf00000)
  object space 44032K, 0% used [0x00000000c0c00000,0x00000000c0c00000,0x00000000c3700000)
 Metaspace       used 7391K, capacity 7555K, committed 7680K, reserved 1056768K
  class space    used 690K, capacity 720K, committed 768K, reserved 1048576K
Event: 3.094 GC heap after
Heap after GC invocations=1 (full 0):
 PSYoungGen      total 18944K, used 2538K [0x00000000eaf00000, 0x00000000ed400000, 0x0000000100000000)
  eden space 16384K, 0% used [0x00000000eaf00000,0x00000000eaf00000,0x00000000ebf00000)
  from space 2560K, 99% used [0x00000000ebf00000,0x00000000ec17aa20,0x00000000ec180000)
  to   space 2560K, 0% used [0x00000000ed180000,0x00000000ed180000,0x00000000ed400000)
 ParOldGen       total 44032K, used 1417K [0x00000000c0c00000, 0x00000000c3700000, 0x00000000eaf00000)
  object space 44032K, 3% used [0x00000000c0c00000,0x00000000c0d624a8,0x00000000c3700000)
 Metaspace       used 7391K, capacity 7555K, committed 7680K, reserved 1056768K
  class space    used 690K, capacity 720K, committed 768K, reserved 1048576K
}

Deoptimization events (7 events):
Event: 2.408 Thread 0x0000000057e16800 Uncommon trap: reason=unstable_if action=reinterpret pc=0x0000000002b8b188 method=org.lwjgl.opengl.WindowsDisplay.setIcon([Ljava/nio/ByteBuffer;)I @ 189
Event: 2.922 Thread 0x0000000057e16800 Uncommon trap: reason=unstable_if action=reinterpret pc=0x0000000002b73b90 method=java.lang.String.<init>([CII)V @ 18
Event: 14.752 Thread 0x0000000057e16800 Uncommon trap: reason=array_check action=maybe_recompile pc=0x0000000002cb9538 method=com.badlogic.gdx.utils.Array.add(Ljava/lang/Object;)V @ 46
Event: 15.152 Thread 0x0000000057e16800 Uncommon trap: reason=array_check action=maybe_recompile pc=0x0000000002cb9538 method=com.badlogic.gdx.utils.Array.add(Ljava/lang/Object;)V @ 46
Event: 15.607 Thread 0x0000000057e16800 Uncommon trap: reason=array_check action=maybe_recompile pc=0x0000000002cb9538 method=com.badlogic.gdx.utils.Array.add(Ljava/lang/Object;)V @ 46
Event: 15.823 Thread 0x0000000057e16800 Uncommon trap: reason=array_check action=maybe_recompile pc=0x0000000002cb9538 method=com.badlogic.gdx.utils.Array.add(Ljava/lang/Object;)V @ 46
Event: 16.524 Thread 0x0000000057e16800 Uncommon trap: reason=unstable_if action=reinterpret pc=0x0000000002d8c170 method=com.runner.stages.GameStage.act(F)V @ 213

Internal exceptions (10 events):
Event: 0.185 Thread 0x0000000002230000 Exception <a 'java/security/PrivilegedActionException'> (0x00000000eb1ca630) thrown at [C:\src\android\AOSP-openjdk\external\jetbrains\jdk\hotspot\src\share\vm\prims\jvm.cpp, line 1386]
Event: 0.185 Thread 0x0000000002230000 Exception <a 'java/security/PrivilegedActionException'> (0x00000000eb1ca840) thrown at [C:\src\android\AOSP-openjdk\external\jetbrains\jdk\hotspot\src\share\vm\prims\jvm.cpp, line 1386]
Event: 0.185 Thread 0x0000000002230000 Exception <a 'java/security/PrivilegedActionException'> (0x00000000eb1cbc18) thrown at [C:\src\android\AOSP-openjdk\external\jetbrains\jdk\hotspot\src\share\vm\prims\jvm.cpp, line 1386]
Event: 0.185 Thread 0x0000000002230000 Exception <a 'java/security/PrivilegedActionException'> (0x00000000eb1cbe28) thrown at [C:\src\android\AOSP-openjdk\external\jetbrains\jdk\hotspot\src\share\vm\prims\jvm.cpp, line 1386]
Event: 1.831 Thread 0x0000000002230000 Exception <a 'java/security/PrivilegedActionException'> (0x00000000eb3bfda8) thrown at [C:\src\android\AOSP-openjdk\external\jetbrains\jdk\hotspot\src\share\vm\prims\jvm.cpp, line 1386]
Event: 1.831 Thread 0x0000000002230000 Exception <a 'java/security/PrivilegedActionException'> (0x00000000eb3c1a80) thrown at [C:\src\android\AOSP-openjdk\external\jetbrains\jdk\hotspot\src\share\vm\prims\jvm.cpp, line 1386]
Event: 1.832 Thread 0x0000000002230000 Exception <a 'java/security/PrivilegedActionException'> (0x00000000eb3c2bf0) thrown at [C:\src\android\AOSP-openjdk\external\jetbrains\jdk\hotspot\src\share\vm\prims\jvm.cpp, line 1386]
Event: 1.832 Thread 0x0000000002230000 Exception <a 'java/security/PrivilegedActionException'> (0x00000000eb3c7d58) thrown at [C:\src\android\AOSP-openjdk\external\jetbrains\jdk\hotspot\src\share\vm\prims\jvm.cpp, line 1386]
Event: 1.832 Thread 0x0000000002230000 Exception <a 'java/security/PrivilegedActionException'> (0x00000000eb3c89b0) thrown at [C:\src\android\AOSP-openjdk\external\jetbrains\jdk\hotspot\src\share\vm\prims\jvm.cpp, line 1386]
Event: 1.832 Thread 0x0000000002230000 Exception <a 'java/security/PrivilegedActionException'> (0x00000000eb3c95d8) thrown at [C:\src\android\AOSP-openjdk\external\jetbrains\jdk\hotspot\src\share\vm\prims\jvm.cpp, line 1386]

Events (10 events):
Event: 16.132 Thread 0x0000000057e16800 DEOPT UNPACKING pc=0x0000000002a071bf sp=0x000000005870e180 mode 0
Event: 16.524 Thread 0x0000000057e16800 Uncommon trap: trap_request=0xffffff65 fr.pc=0x0000000002d8c170
Event: 16.524 Thread 0x0000000057e16800 DEOPT PACKING pc=0x0000000002d8c170 sp=0x000000005870ed70
Event: 16.524 Thread 0x0000000057e16800 DEOPT UNPACKING pc=0x0000000002a0556a sp=0x000000005870ed30 mode 2
Event: 16.756 Thread 0x0000000057e16800 DEOPT PACKING pc=0x0000000002e1af6f sp=0x000000005870eca0
Event: 16.756 Thread 0x0000000057e16800 DEOPT UNPACKING pc=0x0000000002a071bf sp=0x000000005870eaa8 mode 0
Event: 17.008 Thread 0x0000000057e16800 DEOPT PACKING pc=0x0000000002e1af6f sp=0x000000005870eca0
Event: 17.008 Thread 0x0000000057e16800 DEOPT UNPACKING pc=0x0000000002a071bf sp=0x000000005870eaa8 mode 0
Event: 17.242 Thread 0x0000000057e16800 DEOPT PACKING pc=0x0000000002e1af6f sp=0x000000005870eca0
Event: 17.242 Thread 0x0000000057e16800 DEOPT UNPACKING pc=0x0000000002a071bf sp=0x000000005870eaa8 mode 0


Dynamic libraries:
0x000000013f0d0000 - 0x000000013f101000 	C:\Android\Android Studio\jre\bin\java.exe
0x00000000772e0000 - 0x000000007748a000 	C:\Windows\SYSTEM32\ntdll.dll
0x00000000771c0000 - 0x00000000772df000 	C:\Windows\system32\kernel32.dll
0x000007fefd360000 - 0x000007fefd3ca000 	C:\Windows\system32\KERNELBASE.dll
0x000007fefe690000 - 0x000007fefe76b000 	C:\Windows\system32\ADVAPI32.dll
0x000007fefed40000 - 0x000007fefeddf000 	C:\Windows\system32\msvcrt.dll
0x000007fefe880000 - 0x000007fefe89f000 	C:\Windows\SYSTEM32\sechost.dll
0x000007fefec10000 - 0x000007fefed3d000 	C:\Windows\system32\RPCRT4.dll
0x00000000770c0000 - 0x00000000771ba000 	C:\Windows\system32\USER32.dll
0x000007fefef20000 - 0x000007fefef87000 	C:\Windows\system32\GDI32.dll
0x000007fefe770000 - 0x000007fefe77e000 	C:\Windows\system32\LPK.dll
0x000007fefe440000 - 0x000007fefe50a000 	C:\Windows\system32\USP10.dll
0x000007fefbb50000 - 0x000007fefbd44000 	C:\Windows\WinSxS\amd64_microsoft.windows.common-controls_6595b64144ccf1df_6.0.7601.18837_none_fa3b1e3d17594757\COMCTL32.dll
0x000007fefeea0000 - 0x000007fefef11000 	C:\Windows\system32\SHLWAPI.dll
0x000007fefe7d0000 - 0x000007fefe7fe000 	C:\Windows\system32\IMM32.DLL
0x000007feff200000 - 0x000007feff309000 	C:\Windows\system32\MSCTF.dll
0x0000000055bf0000 - 0x0000000055cc2000 	C:\Android\Android Studio\jre\jre\bin\msvcr100.dll
0x0000000059720000 - 0x0000000059f54000 	C:\Android\Android Studio\jre\jre\bin\server\jvm.dll
0x000007feef7e0000 - 0x000007feef7e9000 	C:\Windows\system32\WSOCK32.dll
0x000007fefe780000 - 0x000007fefe7cd000 	C:\Windows\system32\WS2_32.dll
0x000007fefd3d0000 - 0x000007fefd3d8000 	C:\Windows\system32\NSI.dll
0x000007fefab10000 - 0x000007fefab4b000 	C:\Windows\system32\WINMM.dll
0x000007fefc040000 - 0x000007fefc04c000 	C:\Windows\system32\VERSION.dll
0x00000000774b0000 - 0x00000000774b7000 	C:\Windows\system32\PSAPI.DLL
0x000007fefb0d0000 - 0x000007fefb0df000 	C:\Android\Android Studio\jre\jre\bin\verify.dll
0x000007fef1740000 - 0x000007fef1769000 	C:\Android\Android Studio\jre\jre\bin\java.dll
0x000007fefae20000 - 0x000007fefae36000 	C:\Android\Android Studio\jre\jre\bin\zip.dll
0x000007fefd6b0000 - 0x000007fefe439000 	C:\Windows\system32\SHELL32.dll
0x000007fefeff0000 - 0x000007feff1f3000 	C:\Windows\system32\ole32.dll
0x000007fefd020000 - 0x000007fefd02f000 	C:\Windows\system32\profapi.dll
0x000007fefadf0000 - 0x000007fefadff000 	C:\Android\Android Studio\bin\breakgen64.dll
0x0000000065580000 - 0x0000000065616000 	C:\Users\oCocha\AppData\Local\Temp\libgdxoCocha\8aad67a5\gdx64.dll
0x000007fefab60000 - 0x000007fefab7a000 	C:\Android\Android Studio\jre\jre\bin\net.dll
0x000007fefc7f0000 - 0x000007fefc845000 	C:\Windows\system32\mswsock.dll
0x000007fefc7e0000 - 0x000007fefc7e7000 	C:\Windows\System32\wship6.dll
0x000007fefcb90000 - 0x000007fefcba8000 	C:\Windows\system32\CRYPTSP.dll
0x000007fefc550000 - 0x000007fefc597000 	C:\Windows\system32\rsaenh.dll
0x000007fefd120000 - 0x000007fefd13e000 	C:\Windows\system32\USERENV.dll
0x000007fefceb0000 - 0x000007fefcebf000 	C:\Windows\system32\CRYPTBASE.dll
0x000007fefa480000 - 0x000007fefa4a7000 	C:\Windows\system32\IPHLPAPI.DLL
0x000007fefa470000 - 0x000007fefa47b000 	C:\Windows\system32\WINNSI.DLL
0x000007fefa010000 - 0x000007fefa021000 	C:\Windows\system32\dhcpcsvc6.DLL
0x000007fef9ff0000 - 0x000007fefa008000 	C:\Windows\system32\dhcpcsvc.DLL
0x000007fef1780000 - 0x000007fef1791000 	C:\Android\Android Studio\jre\jre\bin\nio.dll
0x0000000180000000 - 0x0000000180053000 	C:\Users\oCocha\AppData\Local\Temp\libgdxoCocha\dc0f0009\lwjgl64.dll
0x000007fedc7b0000 - 0x000007fedc8cd000 	C:\Windows\system32\OPENGL32.dll
0x000007fef16f0000 - 0x000007fef171d000 	C:\Windows\system32\GLU32.dll
0x000007fedd7b0000 - 0x000007fedd8a1000 	C:\Windows\system32\DDRAW.dll
0x000007fef16e0000 - 0x000007fef16e8000 	C:\Windows\system32\DCIMAN32.dll
0x000007fefea30000 - 0x000007fefec07000 	C:\Windows\system32\SETUPAPI.dll
0x000007fefd030000 - 0x000007fefd066000 	C:\Windows\system32\CFGMGR32.dll
0x000007fefe510000 - 0x000007fefe5ea000 	C:\Windows\system32\OLEAUT32.dll
0x000007fefd0d0000 - 0x000007fefd0ea000 	C:\Windows\system32\DEVOBJ.dll
0x000007fefc110000 - 0x000007fefc128000 	C:\Windows\system32\dwmapi.dll
0x0000000002310000 - 0x0000000002374000 	C:\Users\oCocha\AppData\Local\Temp\libgdxoCocha\dc0f0009\OpenAL64.dll
0x000007fefb970000 - 0x000007fefb9c6000 	C:\Windows\system32\uxtheme.dll
0x000007fefee00000 - 0x000007fefee99000 	C:\Windows\system32\CLBCatQ.DLL
0x000007fefb9d0000 - 0x000007fefbafc000 	C:\Windows\System32\PROPSYS.dll
0x000007fefd080000 - 0x000007fefd0bb000 	C:\Windows\system32\WINTRUST.dll
0x000007fefd1f0000 - 0x000007fefd35d000 	C:\Windows\system32\CRYPT32.dll
0x000007fefd010000 - 0x000007fefd01f000 	C:\Windows\system32\MSASN1.dll
0x000007feddfa0000 - 0x000007fede028000 	C:\Windows\system32\dsound.dll
0x000007fefc130000 - 0x000007fefc15c000 	C:\Windows\system32\POWRPROF.dll
0x000007fefb560000 - 0x000007fefb5ab000 	C:\Windows\System32\MMDevApi.dll
0x000007fefa700000 - 0x000007fefa74f000 	C:\Windows\system32\AUDIOSES.DLL
0x000007fef16c0000 - 0x000007fef16d8000 	C:\Windows\system32\atig6pxx.dll
0x0000000059f60000 - 0x000000005bd60000 	C:\Windows\system32\atio6axx.dll
0x000007feee340000 - 0x000007feee481000 	C:\Windows\system32\atiadlxx.dll
0x000007fefc160000 - 0x000007fefc171000 	C:\Windows\system32\WTSAPI32.dll
0x000007fee2810000 - 0x000007fee283c000 	C:\Windows\system32\atig6txx.dll
0x000007feef210000 - 0x000007feef2ac000 	C:\Windows\system32\mscms.dll
0x000007fee0290000 - 0x000007fee02d2000 	C:\Windows\system32\icm32.dll
0x0000000066bc0000 - 0x0000000066c7b000 	C:\Users\oCocha\AppData\Local\Temp\libgdxoCocha\b6038e5c\gdx-box2d64.dll
0x000007fef4100000 - 0x000007fef4225000 	C:\Windows\system32\dbghelp.dll

VM Arguments:
jvm_args: -Didea.launcher.port=7542 -Didea.launcher.bin.path=C:\Android\Android Studio\bin -Dfile.encoding=UTF-8 
java_command: com.intellij.rt.execution.application.AppMain com.runner.desktop.DesktopLauncher
java_class_path (initial): C:\Android\Android Studio\jre\jre\lib\charsets.jar;C:\Android\Android Studio\jre\jre\lib\ext\access-bridge-64.jar;C:\Android\Android Studio\jre\jre\lib\ext\cldrdata.jar;C:\Android\Android Studio\jre\jre\lib\ext\dnsns.jar;C:\Android\Android Studio\jre\jre\lib\ext\jaccess.jar;C:\Android\Android Studio\jre\jre\lib\ext\localedata.jar;C:\Android\Android Studio\jre\jre\lib\ext\nashorn.jar;C:\Android\Android Studio\jre\jre\lib\ext\sunec.jar;C:\Android\Android Studio\jre\jre\lib\ext\sunjce_provider.jar;C:\Android\Android Studio\jre\jre\lib\ext\sunmscapi.jar;C:\Android\Android Studio\jre\jre\lib\ext\sunpkcs11.jar;C:\Android\Android Studio\jre\jre\lib\ext\zipfs.jar;C:\Android\Android Studio\jre\jre\lib\jce.jar;C:\Android\Android Studio\jre\jre\lib\jsse.jar;C:\Android\Android Studio\jre\jre\lib\management-agent.jar;C:\Android\Android Studio\jre\jre\lib\resources.jar;C:\Android\Android Studio\jre\jre\lib\rt.jar;C:\Android\Projekte\ItsAMe\desktop\build\classes\main;C:\Android\Projekte\ItsAMe\core\build\classes\main;C:\Users\oCocha\.gradle\caches\modules-2\files-2.1\com.badlogicgames.gdx\gdx\1.9.4\4b4b7962d1bc75af0438f5c81ec1010557bc9ee5\gdx-1.9.4.jar;C:\Users\oCocha\.gradle\caches\modules-2\files-2.1\com.badlogicgames.gdx\gdx-box2d\1.9.4\98a0d25c9f0637fecac6e4aacf7287aa635964f5\gdx-box2d-1.9.4.jar;C:\Users\oCocha\.gradle\caches\modules-2\files-2.1\com.badlogicgames.gdx\gdx-backend-lwjgl\1.9.4\4c6c108a9dcbc07096de8594b93f9cab33856fe2\gdx-backend-lwjgl-1.9.4.jar;C:\Users\oCocha\.gradle\caches\modules-2\files-2.1\com.badlogicgames.gdx\gdx-platform\1.9.4\8e93afecc287ab152179983fc1b5f65db4c2fa4c\gdx-platform-1.9.4-natives-desktop.jar;C:\Users\oCocha\.gradle\caches\modules-2\files-2.1\com.badlogicgames.gdx\gdx-box2d-platform\1.9.4\905a9ed3017cd3917b7fbada5ece58c40fddcbca\gdx-box2d-platform-1.9.4-natives-desktop.jar;C:\Users\oCocha\.gradle\caches\modules-2\files-2.1\org.lwjgl.lwjgl\lwjgl\2.9.2\a9d80fe5935c7a9149f6584d9777cfd471f65489\lwjgl-2.9.2.jar;C:\User
Launcher Type: SUN_STANDARD

Environment Variables:
PATH=C:\ProgramData\Oracle\Java\javapath;C:\Program Files\Common Files\Microsoft Shared\Windows Live;C:\Program Files (x86)\Common Files\Microsoft Shared\Windows Live;C:\Windows\system32;C:\Windows;C:\Windows\System32\Wbem;C:\Windows\System32\WindowsPowerShell\v1.0\;C:\Program Files (x86)\ATI Technologies\ATI.ACE\Core-Static;C:\Program Files (x86)\Windows Live\Shared;C:\Program Files (x86)\GtkSharp\2.12\bin;C:\Program Files (x86)\Skype\Phone\;C:\Program Files (x86)\AMD\ATI.ACE\Core-Static;C:\Program Files (x86)\Common Files\Softimage;C:\Program Files\Common Files\Softimage;C:\Program Files (x86)\Mozilla Firefox;C:\ProgramData\Oracle\Java\javapath;C:\Program Files\Common Files\Microsoft Shared\Windows Live;C:\Program Files (x86)\Common Files\Microsoft Shared\Windows Live;C:\Windows\system32;C:\Windows;C:\Windows\System32\Wbem;C:\Windows\System32\WindowsPowerShell\v1.0\;C:\Program Files (x86)\ATI Technologies\ATI.ACE\Core-Static;C:\Program Files (x86)\Windows Live\Shared;C:\Program Files (x86)\GtkSharp\2.12\bin;C:\Program Files (x86)\Skype\Phone\;C:\Program Files (x86)\AMD\ATI.ACE\Core-Static
USERNAME=oCocha
OS=Windows_NT
PROCESSOR_IDENTIFIER=Intel64 Family 6 Model 58 Stepping 9, GenuineIntel



---------------  S Y S T E M  ---------------

OS: Windows 7 , 64 bit Build 7601 (6.1.7601.23543)

CPU:total 2 (2 cores per cpu, 1 threads per core) family 6 model 58 stepping 9, cmov, cx8, fxsr, mmx, sse, sse2, sse3, ssse3, sse4.1, sse4.2, popcnt, clmul, erms, tsc, tscinvbit, tscinv

Memory: 4k page, physical 4143476k(709980k free), swap 8285092k(2893228k free)

vm_info: OpenJDK 64-Bit Server VM (25.76-b03) for windows-amd64 JRE (1.8.0_76-release-b03), built on Jun 29 2016 19:09:20 by "ralucas" with MS VC++ 10.0 (VS2010)

time: Mon Dec 05 11:50:25 2016
elapsed time: 17 seconds (0d 0h 0m 17s)

