#
# A fatal error has been detected by the Java Runtime Environment:
#
#  EXCEPTION_ACCESS_VIOLATION (0xc0000005) at pc=0x0000000066bcbd0d, pid=5248, tid=0x00000000000008e4
#
# JRE version: OpenJDK Runtime Environment (8.0_76-b03) (build 1.8.0_76-release-b03)
# Java VM: OpenJDK 64-Bit Server VM (25.76-b03 mixed mode windows-amd64 compressed oops)
# Problematic frame:
# C  [gdx-box2d64.dll+0xbd0d]
#
# Failed to write core dump. Minidumps are not enabled by default on client versions of Windows
#
# If you would like to submit a bug report, please visit:
#   http://bugreport.java.com/bugreport/crash.jsp
# The crash happened outside the Java Virtual Machine in native code.
# See problematic frame for where to report the bug.
#

---------------  T H R E A D  ---------------

Current thread (0x0000000058414800):  JavaThread "LWJGL Application" [_thread_in_native, id=2276, stack(0x0000000058c60000,0x0000000058d60000)]

siginfo: ExceptionCode=0xc0000005, reading address 0x000000026077c390

Registers:
RAX=0x000000026077c390, RBX=0x00000000606e14b0, RCX=0x00000000606e1480, RDX=0x00000000000000b8
RSP=0x0000000058d5eb10, RBP=0x0000000000000006, RSI=0x00000000606e1480, RDI=0x0000000058d5ebd0
R8 =0x00000000606e1480, R9 =0x0000000000000002, R10=0x0000000000000000, R11=0x0000000000000001
R12=0x0000000000000000, R13=0x0000000054c18f88, R14=0x0000000058d5ee98, R15=0x0000000058414800
RIP=0x0000000066bcbd0d, EFLAGS=0x0000000000010206

Top of Stack: (sp=0x0000000058d5eb10)
0x0000000058d5eb10:   0000000000000000 0000000058414800
0x0000000058d5eb20:   00000000eaf3ace0 0000000066bf9b92
0x0000000058d5eb30:   0000000014638fd0 00000000606e1480
0x0000000058d5eb40:   0000000000000001 0000000058d5ebd0
0x0000000058d5eb50:   0000000058d5ecf0 0000000000000000
0x0000000058d5eb60:   0000000054c18f88 0000000066be2483
0x0000000058d5eb70:   0000000000467d30 0000000066bfc2f5
0x0000000058d5eb80:   0000000054570480 0000000054b7a4c8
0x0000000058d5eb90:   0000000000000001 0000000000000001
0x0000000058d5eba0:   0000000000000001 0000000066be8616
0x0000000058d5ebb0:   0000000058414800 0000000058d5ed88
0x0000000058d5ebc0:   0000000054b7a4c8 0000000000000000
0x0000000058d5ebd0:   413ac7e200000002 00000000407cf5c2
0x0000000058d5ebe0:   0000000000000000 0000000000000000
0x0000000058d5ebf0:   0000010100000000 0000000000000001
0x0000000058d5ec00:   0000000000000000 000000003f800000 

Instructions: (pc=0x0000000066bcbd0d)
0x0000000066bcbced:   48 8d 05 6c a3 05 00 0f b6 1c 18 80 fb 0d 0f b6
0x0000000066bcbcfd:   eb 77 21 48 8d 1c de 48 8b 43 10 48 85 c0 74 3a
0x0000000066bcbd0d:   48 8b 10 48 89 53 10 48 83 c4 28 5b 5e 5f 5d 41
0x0000000066bcbd1d:   5c 41 5d c3 48 8d 15 18 9e 04 00 48 8d 0d 99 9e 


Register to memory mapping:

RAX=0x000000026077c390 is an unknown value
RBX=0x00000000606e14b0 is an unknown value
RCX=0x00000000606e1480 is an unknown value
RDX=0x00000000000000b8 is an unknown value
RSP=0x0000000058d5eb10 is pointing into the stack for thread: 0x0000000058414800
RBP=0x0000000000000006 is an unknown value
RSI=0x00000000606e1480 is an unknown value
RDI=0x0000000058d5ebd0 is pointing into the stack for thread: 0x0000000058414800
R8 =0x00000000606e1480 is an unknown value
R9 =0x0000000000000002 is an unknown value
R10=0x0000000000000000 is an unknown value
R11=0x0000000000000001 is an unknown value
R12=0x0000000000000000 is an unknown value
R13=0x0000000054c18f88 is pointing into metadata
R14=0x0000000058d5ee98 is pointing into the stack for thread: 0x0000000058414800
R15=0x0000000058414800 is a thread


Stack: [0x0000000058c60000,0x0000000058d60000],  sp=0x0000000058d5eb10,  free space=1018k
Native frames: (J=compiled Java code, j=interpreted, Vv=VM code, C=native code)
C  [gdx-box2d64.dll+0xbd0d]
C  [gdx-box2d64.dll+0x22483]
C  [gdx-box2d64.dll+0x28616]
C  0x0000000002c81b64

Java frames: (J=compiled Java code, j=interpreted, Vv=VM code)
J 602  com.badlogic.gdx.physics.box2d.World.jniCreateBody(JIFFFFFFFFZZZZZF)J (0 bytes) @ 0x0000000002c81ae6 [0x0000000002c81a40+0xa6]
J 601 C1 com.badlogic.gdx.physics.box2d.World.createBody(Lcom/badlogic/gdx/physics/box2d/BodyDef;)Lcom/badlogic/gdx/physics/box2d/Body; (120 bytes) @ 0x0000000002c832bc [0x0000000002c83120+0x19c]
j  com.runner.utils.WorldUtils.createProjectile(Lcom/badlogic/gdx/physics/box2d/World;FFZI)Lcom/badlogic/gdx/physics/box2d/Body;+156
j  com.runner.stages.GameStage.shoot()V+44
j  com.runner.stages.HudStage.touchDown(IIII)Z+30
J 1527 C2 com.badlogic.gdx.backends.lwjgl.LwjglInput.processEvents()V (478 bytes) @ 0x0000000002f5f9bc [0x0000000002f5f660+0x35c]
j  com.badlogic.gdx.backends.lwjgl.LwjglApplication.mainLoop()V+600
j  com.badlogic.gdx.backends.lwjgl.LwjglApplication$1.run()V+27
v  ~StubRoutines::call_stub

---------------  P R O C E S S  ---------------

Java Threads: ( => current thread )
  0x0000000058724000 JavaThread "LWJGL Timer" daemon [_thread_blocked, id=7852, stack(0x000000005fc00000,0x000000005fd00000)]
  0x00000000021e0000 JavaThread "DestroyJavaVM" [_thread_blocked, id=4152, stack(0x0000000002610000,0x0000000002710000)]
=>0x0000000058414800 JavaThread "LWJGL Application" [_thread_in_native, id=2276, stack(0x0000000058c60000,0x0000000058d60000)]
  0x000000005625b000 JavaThread "Monitor Ctrl-Break" daemon [_thread_in_native, id=2468, stack(0x00000000569f0000,0x0000000056af0000)]
  0x0000000056130800 JavaThread "Service Thread" daemon [_thread_blocked, id=244, stack(0x00000000566a0000,0x00000000567a0000)]
  0x0000000054f68000 JavaThread "C1 CompilerThread1" daemon [_thread_blocked, id=3196, stack(0x0000000055f10000,0x0000000056010000)]
  0x0000000054f09800 JavaThread "C2 CompilerThread0" daemon [_thread_blocked, id=4608, stack(0x0000000056030000,0x0000000056130000)]
  0x0000000054f08000 JavaThread "Attach Listener" daemon [_thread_blocked, id=5420, stack(0x0000000055cf0000,0x0000000055df0000)]
  0x0000000054f06800 JavaThread "Signal Dispatcher" daemon [_thread_blocked, id=6924, stack(0x0000000055df0000,0x0000000055ef0000)]
  0x0000000054eed800 JavaThread "Finalizer" daemon [_thread_blocked, id=6348, stack(0x00000000557f0000,0x00000000558f0000)]
  0x0000000054ea6800 JavaThread "Reference Handler" daemon [_thread_blocked, id=5988, stack(0x0000000055ac0000,0x0000000055bc0000)]

Other Threads:
  0x0000000054e9c800 VMThread [stack: 0x0000000055920000,0x0000000055a20000] [id=3520]
  0x0000000056131000 WatcherThread [stack: 0x00000000568e0000,0x00000000569e0000] [id=3852]

VM state:not at safepoint (normal execution)

VM Mutex/Monitor currently owned by a thread: None

Heap:
 PSYoungGen      total 18944K, used 2849K [0x00000000eaf00000, 0x00000000ec400000, 0x0000000100000000)
  eden space 16384K, 1% used [0x00000000eaf00000,0x00000000eaf4d8e0,0x00000000ebf00000)
  from space 2560K, 99% used [0x00000000ec180000,0x00000000ec3fae00,0x00000000ec400000)
  to   space 2560K, 0% used [0x00000000ebf00000,0x00000000ebf00000,0x00000000ec180000)
 ParOldGen       total 44032K, used 6884K [0x00000000c0c00000, 0x00000000c3700000, 0x00000000eaf00000)
  object space 44032K, 15% used [0x00000000c0c00000,0x00000000c12b92c8,0x00000000c3700000)
 Metaspace       used 8847K, capacity 8889K, committed 9088K, reserved 1056768K
  class space    used 802K, capacity 817K, committed 896K, reserved 1048576K

Card table byte_map: [0x0000000011da0000,0x0000000011fa0000] byte_map_base: 0x000000001179a000

Marking Bits: (ParMarkBitMap*) 0x0000000057589d00
 Begin Bits: [0x00000000123d0000, 0x00000000133a0000)
 End Bits:   [0x00000000133a0000, 0x0000000014370000)

Polling page: 0x0000000000230000

CodeCache: size=245760Kb used=5803Kb max_used=5810Kb free=239956Kb
 bounds [0x00000000029e0000, 0x0000000002fa0000, 0x00000000119e0000]
 total_blobs=2098 nmethods=1592 adapters=420
 compilation: enabled

Compilation events (10 events):
Event: 159.517 Thread 0x0000000054f09800 1595       4       com.runner.actors.Runner::update (38 bytes)
Event: 159.518 Thread 0x0000000054f09800 nmethod 1595 0x0000000002af0210 code [0x0000000002af0360, 0x0000000002af04d8]
Event: 200.977 Thread 0x0000000054f09800 1596       4       com.badlogic.gdx.scenes.scene2d.Actor::notify (180 bytes)
Event: 200.981 Thread 0x0000000054f09800 nmethod 1596 0x0000000002aebe90 code [0x0000000002aec020, 0x0000000002aec4a8]
Event: 203.806 Thread 0x0000000054f68000 1597       3       com.badlogic.gdx.scenes.scene2d.Stage::act (236 bytes)
Event: 203.808 Thread 0x0000000054f68000 nmethod 1597 0x0000000002f8ae10 code [0x0000000002f8b0c0, 0x0000000002f8c408]
Event: 205.017 Thread 0x0000000054f09800 1598       4       java.nio.Bits::makeLong (77 bytes)
Event: 205.018 Thread 0x0000000054f09800 nmethod 1598 0x0000000002f7a8d0 code [0x0000000002f7aa00, 0x0000000002f7aa98]
Event: 211.789 Thread 0x0000000054f68000 1599       3       com.badlogic.gdx.graphics.g2d.TextureAtlas$1::compare (13 bytes)
Event: 211.789 Thread 0x0000000054f68000 nmethod 1599 0x0000000002f7b590 code [0x0000000002f7b700, 0x0000000002f7bb70]

GC Heap History (8 events):
Event: 1.887 GC heap before
{Heap before GC invocations=1 (full 0):
 PSYoungGen      total 18944K, used 16384K [0x00000000eaf00000, 0x00000000ec400000, 0x0000000100000000)
  eden space 16384K, 100% used [0x00000000eaf00000,0x00000000ebf00000,0x00000000ebf00000)
  from space 2560K, 0% used [0x00000000ec180000,0x00000000ec180000,0x00000000ec400000)
  to   space 2560K, 0% used [0x00000000ebf00000,0x00000000ebf00000,0x00000000ec180000)
 ParOldGen       total 44032K, used 0K [0x00000000c0c00000, 0x00000000c3700000, 0x00000000eaf00000)
  object space 44032K, 0% used [0x00000000c0c00000,0x00000000c0c00000,0x00000000c3700000)
 Metaspace       used 7431K, capacity 7555K, committed 7680K, reserved 1056768K
  class space    used 690K, capacity 720K, committed 768K, reserved 1048576K
Event: 1.892 GC heap after
Heap after GC invocations=1 (full 0):
 PSYoungGen      total 18944K, used 2541K [0x00000000eaf00000, 0x00000000ec400000, 0x0000000100000000)
  eden space 16384K, 0% used [0x00000000eaf00000,0x00000000eaf00000,0x00000000ebf00000)
  from space 2560K, 99% used [0x00000000ebf00000,0x00000000ec17b6f8,0x00000000ec180000)
  to   space 2560K, 0% used [0x00000000ec180000,0x00000000ec180000,0x00000000ec400000)
 ParOldGen       total 44032K, used 1433K [0x00000000c0c00000, 0x00000000c3700000, 0x00000000eaf00000)
  object space 44032K, 3% used [0x00000000c0c00000,0x00000000c0d66680,0x00000000c3700000)
 Metaspace       used 7431K, capacity 7555K, committed 7680K, reserved 1056768K
  class space    used 690K, capacity 720K, committed 768K, reserved 1048576K
}
Event: 32.719 GC heap before
{Heap before GC invocations=2 (full 0):
 PSYoungGen      total 18944K, used 18925K [0x00000000eaf00000, 0x00000000ec400000, 0x0000000100000000)
  eden space 16384K, 100% used [0x00000000eaf00000,0x00000000ebf00000,0x00000000ebf00000)
  from space 2560K, 99% used [0x00000000ebf00000,0x00000000ec17b6f8,0x00000000ec180000)
  to   space 2560K, 0% used [0x00000000ec180000,0x00000000ec180000,0x00000000ec400000)
 ParOldGen       total 44032K, used 1433K [0x00000000c0c00000, 0x00000000c3700000, 0x00000000eaf00000)
  object space 44032K, 3% used [0x00000000c0c00000,0x00000000c0d66680,0x00000000c3700000)
 Metaspace       used 8708K, capacity 8819K, committed 9088K, reserved 1056768K
  class space    used 792K, capacity 816K, committed 896K, reserved 1048576K
Event: 32.724 GC heap after
Heap after GC invocations=2 (full 0):
 PSYoungGen      total 18944K, used 2553K [0x00000000eaf00000, 0x00000000ec400000, 0x0000000100000000)
  eden space 16384K, 0% used [0x00000000eaf00000,0x00000000eaf00000,0x00000000ebf00000)
  from space 2560K, 99% used [0x00000000ec180000,0x00000000ec3fe490,0x00000000ec400000)
  to   space 2560K, 0% used [0x00000000ebf00000,0x00000000ebf00000,0x00000000ec180000)
 ParOldGen       total 44032K, used 3381K [0x00000000c0c00000, 0x00000000c3700000, 0x00000000eaf00000)
  object space 44032K, 7% used [0x00000000c0c00000,0x00000000c0f4d5a8,0x00000000c3700000)
 Metaspace       used 8708K, capacity 8819K, committed 9088K, reserved 1056768K
  class space    used 792K, capacity 816K, committed 896K, reserved 1048576K
}
Event: 105.057 GC heap before
{Heap before GC invocations=3 (full 0):
 PSYoungGen      total 18944K, used 18937K [0x00000000eaf00000, 0x00000000ec400000, 0x0000000100000000)
  eden space 16384K, 100% used [0x00000000eaf00000,0x00000000ebf00000,0x00000000ebf00000)
  from space 2560K, 99% used [0x00000000ec180000,0x00000000ec3fe490,0x00000000ec400000)
  to   space 2560K, 0% used [0x00000000ebf00000,0x00000000ebf00000,0x00000000ec180000)
 ParOldGen       total 44032K, used 3381K [0x00000000c0c00000, 0x00000000c3700000, 0x00000000eaf00000)
  object space 44032K, 7% used [0x00000000c0c00000,0x00000000c0f4d5a8,0x00000000c3700000)
 Metaspace       used 8822K, capacity 8889K, committed 9088K, reserved 1056768K
  class space    used 801K, capacity 817K, committed 896K, reserved 1048576K
Event: 105.063 GC heap after
Heap after GC invocations=3 (full 0):
 PSYoungGen      total 18944K, used 2539K [0x00000000eaf00000, 0x00000000ec400000, 0x0000000100000000)
  eden space 16384K, 0% used [0x00000000eaf00000,0x00000000eaf00000,0x00000000ebf00000)
  from space 2560K, 99% used [0x00000000ebf00000,0x00000000ec17ae00,0x00000000ec180000)
  to   space 2560K, 0% used [0x00000000ec180000,0x00000000ec180000,0x00000000ec400000)
 ParOldGen       total 44032K, used 5028K [0x00000000c0c00000, 0x00000000c3700000, 0x00000000eaf00000)
  object space 44032K, 11% used [0x00000000c0c00000,0x00000000c10e90d8,0x00000000c3700000)
 Metaspace       used 8822K, capacity 8889K, committed 9088K, reserved 1056768K
  class space    used 801K, capacity 817K, committed 896K, reserved 1048576K
}
Event: 211.782 GC heap before
{Heap before GC invocations=4 (full 0):
 PSYoungGen      total 18944K, used 18923K [0x00000000eaf00000, 0x00000000ec400000, 0x0000000100000000)
  eden space 16384K, 100% used [0x00000000eaf00000,0x00000000ebf00000,0x00000000ebf00000)
  from space 2560K, 99% used [0x00000000ebf00000,0x00000000ec17ae00,0x00000000ec180000)
  to   space 2560K, 0% used [0x00000000ec180000,0x00000000ec180000,0x00000000ec400000)
 ParOldGen       total 44032K, used 5028K [0x00000000c0c00000, 0x00000000c3700000, 0x00000000eaf00000)
  object space 44032K, 11% used [0x00000000c0c00000,0x00000000c10e90d8,0x00000000c3700000)
 Metaspace       used 8841K, capacity 8889K, committed 9088K, reserved 1056768K
  class space    used 802K, capacity 817K, committed 896K, reserved 1048576K
Event: 211.788 GC heap after
Heap after GC invocations=4 (full 0):
 PSYoungGen      total 18944K, used 2539K [0x00000000eaf00000, 0x00000000ec400000, 0x0000000100000000)
  eden space 16384K, 0% used [0x00000000eaf00000,0x00000000eaf00000,0x00000000ebf00000)
  from space 2560K, 99% used [0x00000000ec180000,0x00000000ec3fae00,0x00000000ec400000)
  to   space 2560K, 0% used [0x00000000ebf00000,0x00000000ebf00000,0x00000000ec180000)
 ParOldGen       total 44032K, used 6884K [0x00000000c0c00000, 0x00000000c3700000, 0x00000000eaf00000)
  object space 44032K, 15% used [0x00000000c0c00000,0x00000000c12b92c8,0x00000000c3700000)
 Metaspace       used 8841K, capacity 8889K, committed 9088K, reserved 1056768K
  class space    used 802K, capacity 817K, committed 896K, reserved 1048576K
}

Deoptimization events (10 events):
Event: 9.311 Thread 0x0000000058414800 Uncommon trap: reason=array_check action=maybe_recompile pc=0x0000000002cf3ff8 method=com.badlogic.gdx.utils.Array.add(Ljava/lang/Object;)V @ 46
Event: 11.701 Thread 0x0000000058414800 Uncommon trap: reason=unstable_if action=reinterpret pc=0x0000000002cd3bd0 method=java.util.StringTokenizer.scanToken(I)I @ 7
Event: 11.701 Thread 0x0000000058414800 Uncommon trap: reason=unstable_if action=reinterpret pc=0x0000000002cb8dd4 method=java.util.StringTokenizer.skipDelimiters(I)I @ 29
Event: 11.703 Thread 0x0000000058414800 Uncommon trap: reason=unstable_if action=reinterpret pc=0x0000000002cbbaec method=java.util.StringTokenizer.scanToken(I)I @ 7
Event: 32.717 Thread 0x0000000058414800 Uncommon trap: reason=null_check action=make_not_entrant pc=0x0000000002eb747c method=com.badlogic.gdx.utils.ObjectMap.get(Ljava/lang/Object;)Ljava/lang/Object; @ 38
Event: 35.975 Thread 0x0000000058414800 Uncommon trap: reason=null_check action=make_not_entrant pc=0x0000000002ee6138 method=com.badlogic.gdx.utils.ObjectMap.get(Ljava/lang/Object;)Ljava/lang/Object; @ 57
Event: 45.142 Thread 0x0000000058414800 Uncommon trap: reason=unstable_if action=reinterpret pc=0x0000000002d0eccc method=com.runner.stages.GameStage.update(Lcom/badlogic/gdx/physics/box2d/Body;)V @ 24
Event: 45.144 Thread 0x0000000058414800 Uncommon trap: reason=unstable_if action=reinterpret pc=0x0000000002eab0e4 method=com.runner.stages.GameStage.act(F)V @ 213
Event: 113.896 Thread 0x0000000058414800 Uncommon trap: reason=unstable_if action=reinterpret pc=0x0000000002f6b530 method=com.runner.actors.Runner.jump()V @ 18
Event: 203.084 Thread 0x0000000058414800 Uncommon trap: reason=unstable_if action=reinterpret pc=0x0000000002ebad94 method=com.badlogic.gdx.scenes.scene2d.Stage.act(F)V @ 32

Internal exceptions (10 events):
Event: 0.157 Thread 0x00000000021e0000 Exception <a 'java/security/PrivilegedActionException'> (0x00000000eb1cb780) thrown at [C:\src\android\AOSP-openjdk\external\jetbrains\jdk\hotspot\src\share\vm\prims\jvm.cpp, line 1386]
Event: 0.157 Thread 0x00000000021e0000 Exception <a 'java/security/PrivilegedActionException'> (0x00000000eb1cb990) thrown at [C:\src\android\AOSP-openjdk\external\jetbrains\jdk\hotspot\src\share\vm\prims\jvm.cpp, line 1386]
Event: 1.131 Thread 0x00000000021e0000 Exception <a 'java/security/PrivilegedActionException'> (0x00000000eb3bfa98) thrown at [C:\src\android\AOSP-openjdk\external\jetbrains\jdk\hotspot\src\share\vm\prims\jvm.cpp, line 1386]
Event: 1.131 Thread 0x00000000021e0000 Exception <a 'java/security/PrivilegedActionException'> (0x00000000eb3c1770) thrown at [C:\src\android\AOSP-openjdk\external\jetbrains\jdk\hotspot\src\share\vm\prims\jvm.cpp, line 1386]
Event: 1.131 Thread 0x00000000021e0000 Exception <a 'java/security/PrivilegedActionException'> (0x00000000eb3c28e0) thrown at [C:\src\android\AOSP-openjdk\external\jetbrains\jdk\hotspot\src\share\vm\prims\jvm.cpp, line 1386]
Event: 1.132 Thread 0x00000000021e0000 Exception <a 'java/security/PrivilegedActionException'> (0x00000000eb3c7a48) thrown at [C:\src\android\AOSP-openjdk\external\jetbrains\jdk\hotspot\src\share\vm\prims\jvm.cpp, line 1386]
Event: 1.132 Thread 0x00000000021e0000 Exception <a 'java/security/PrivilegedActionException'> (0x00000000eb3c86a0) thrown at [C:\src\android\AOSP-openjdk\external\jetbrains\jdk\hotspot\src\share\vm\prims\jvm.cpp, line 1386]
Event: 1.132 Thread 0x00000000021e0000 Exception <a 'java/security/PrivilegedActionException'> (0x00000000eb3c92c8) thrown at [C:\src\android\AOSP-openjdk\external\jetbrains\jdk\hotspot\src\share\vm\prims\jvm.cpp, line 1386]
Event: 32.717 Thread 0x0000000058414800 Implicit null exception at 0x0000000002eb70be to 0x0000000002eb7459
Event: 35.975 Thread 0x0000000058414800 Implicit null exception at 0x0000000002ee5ea7 to 0x0000000002ee6129

Events (10 events):
Event: 134.074 Thread 0x0000000054f09800 flushing nmethod 0x0000000002af02d0
Event: 203.084 Thread 0x0000000058414800 Uncommon trap: trap_request=0xffffff65 fr.pc=0x0000000002ebad94
Event: 203.084 Thread 0x0000000058414800 DEOPT PACKING pc=0x0000000002ebad94 sp=0x0000000058d5ef00
Event: 203.084 Thread 0x0000000058414800 DEOPT UNPACKING pc=0x0000000002a2556a sp=0x0000000058d5ef38 mode 2
Event: 211.780 loading class com/runner/enums/ProjectileType
Event: 211.780 loading class com/runner/enums/ProjectileType done
Event: 211.781 loading class com/runner/box2d/ProjectileUserData
Event: 211.781 loading class com/runner/box2d/ProjectileUserData done
Event: 211.782 Executing VM operation: ParallelGCFailedAllocation
Event: 211.788 Executing VM operation: ParallelGCFailedAllocation done


Dynamic libraries:
0x000000013fd60000 - 0x000000013fd91000 	C:\Android\Android Studio\jre\bin\java.exe
0x0000000077be0000 - 0x0000000077d8a000 	C:\Windows\SYSTEM32\ntdll.dll
0x00000000779c0000 - 0x0000000077adf000 	C:\Windows\system32\kernel32.dll
0x000007fefdbf0000 - 0x000007fefdc5a000 	C:\Windows\system32\KERNELBASE.dll
0x000007feffb00000 - 0x000007feffbdb000 	C:\Windows\system32\ADVAPI32.dll
0x000007feffc80000 - 0x000007feffd1f000 	C:\Windows\system32\msvcrt.dll
0x000007fefe210000 - 0x000007fefe22f000 	C:\Windows\SYSTEM32\sechost.dll
0x000007feff960000 - 0x000007feffa8d000 	C:\Windows\system32\RPCRT4.dll
0x0000000077ae0000 - 0x0000000077bda000 	C:\Windows\system32\USER32.dll
0x000007feffa90000 - 0x000007feffaf7000 	C:\Windows\system32\GDI32.dll
0x000007feffdc0000 - 0x000007feffdce000 	C:\Windows\system32\LPK.dll
0x000007feffdd0000 - 0x000007feffe9a000 	C:\Windows\system32\USP10.dll
0x000007fefc450000 - 0x000007fefc644000 	C:\Windows\WinSxS\amd64_microsoft.windows.common-controls_6595b64144ccf1df_6.0.7601.18837_none_fa3b1e3d17594757\COMCTL32.dll
0x000007fefe310000 - 0x000007fefe381000 	C:\Windows\system32\SHLWAPI.dll
0x000007feff640000 - 0x000007feff66e000 	C:\Windows\system32\IMM32.DLL
0x000007feff120000 - 0x000007feff229000 	C:\Windows\system32\MSCTF.dll
0x000000005b340000 - 0x000000005b412000 	C:\Android\Android Studio\jre\jre\bin\msvcr100.dll
0x0000000056dd0000 - 0x0000000057604000 	C:\Android\Android Studio\jre\jre\bin\server\jvm.dll
0x000007fefa3f0000 - 0x000007fefa3f9000 	C:\Windows\system32\WSOCK32.dll
0x000007feffea0000 - 0x000007feffeed000 	C:\Windows\system32\WS2_32.dll
0x000007feff230000 - 0x000007feff238000 	C:\Windows\system32\NSI.dll
0x000007fefb060000 - 0x000007fefb09b000 	C:\Windows\system32\WINMM.dll
0x000007fefc960000 - 0x000007fefc96c000 	C:\Windows\system32\VERSION.dll
0x0000000077db0000 - 0x0000000077db7000 	C:\Windows\system32\PSAPI.DLL
0x000007fefbc90000 - 0x000007fefbc9f000 	C:\Android\Android Studio\jre\jre\bin\verify.dll
0x000007fef6850000 - 0x000007fef6879000 	C:\Android\Android Studio\jre\jre\bin\java.dll
0x000007fefbc70000 - 0x000007fefbc86000 	C:\Android\Android Studio\jre\jre\bin\zip.dll
0x000007fefe390000 - 0x000007feff119000 	C:\Windows\system32\SHELL32.dll
0x000007feff430000 - 0x000007feff633000 	C:\Windows\system32\ole32.dll
0x000007fefd910000 - 0x000007fefd91f000 	C:\Windows\system32\profapi.dll
0x000007fef4fc0000 - 0x000007fef4fcf000 	C:\Android\Android Studio\bin\breakgen64.dll
0x000007fef5070000 - 0x000007fef508a000 	C:\Android\Android Studio\jre\jre\bin\net.dll
0x000007fefd0b0000 - 0x000007fefd105000 	C:\Windows\system32\mswsock.dll
0x000007fefd0a0000 - 0x000007fefd0a7000 	C:\Windows\System32\wship6.dll
0x0000000065580000 - 0x0000000065616000 	C:\Users\oCocha\AppData\Local\Temp\libgdxoCocha\8aad67a5\gdx64.dll
0x000007fefd110000 - 0x000007fefd128000 	C:\Windows\system32\CRYPTSP.dll
0x000007fefce10000 - 0x000007fefce57000 	C:\Windows\system32\rsaenh.dll
0x000007fefdcb0000 - 0x000007fefdcce000 	C:\Windows\system32\USERENV.dll
0x000007fefd7b0000 - 0x000007fefd7bf000 	C:\Windows\system32\CRYPTBASE.dll
0x000007fefb010000 - 0x000007fefb037000 	C:\Windows\system32\IPHLPAPI.DLL
0x000007fefb000000 - 0x000007fefb00b000 	C:\Windows\system32\WINNSI.DLL
0x000007fefae10000 - 0x000007fefae21000 	C:\Windows\system32\dhcpcsvc6.DLL
0x000007fefadf0000 - 0x000007fefae08000 	C:\Windows\system32\dhcpcsvc.DLL
0x000007fef5050000 - 0x000007fef5061000 	C:\Android\Android Studio\jre\jre\bin\nio.dll
0x0000000180000000 - 0x0000000180053000 	C:\Users\oCocha\AppData\Local\Temp\libgdxoCocha\dc0f0009\lwjgl64.dll
0x000007fedcba0000 - 0x000007fedccbd000 	C:\Windows\system32\OPENGL32.dll
0x000007fef24c0000 - 0x000007fef24ed000 	C:\Windows\system32\GLU32.dll
0x000007fedd490000 - 0x000007fedd581000 	C:\Windows\system32\DDRAW.dll
0x000007fefaf40000 - 0x000007fefaf48000 	C:\Windows\system32\DCIMAN32.dll
0x000007fefe030000 - 0x000007fefe207000 	C:\Windows\system32\SETUPAPI.dll
0x000007fefdc60000 - 0x000007fefdc96000 	C:\Windows\system32\CFGMGR32.dll
0x000007fefe230000 - 0x000007fefe30a000 	C:\Windows\system32\OLEAUT32.dll
0x000007fefda40000 - 0x000007fefda5a000 	C:\Windows\system32\DEVOBJ.dll
0x000007fefc940000 - 0x000007fefc958000 	C:\Windows\system32\dwmapi.dll
0x00000000002b0000 - 0x0000000000314000 	C:\Users\oCocha\AppData\Local\Temp\libgdxoCocha\dc0f0009\OpenAL64.dll
0x000007fefc270000 - 0x000007fefc2c6000 	C:\Windows\system32\uxtheme.dll
0x000007feffbe0000 - 0x000007feffc79000 	C:\Windows\system32\CLBCatQ.DLL
0x000007fefc2d0000 - 0x000007fefc3fc000 	C:\Windows\System32\PROPSYS.dll
0x000007fefd940000 - 0x000007fefd97b000 	C:\Windows\system32\WINTRUST.dll
0x000007fefda80000 - 0x000007fefdbed000 	C:\Windows\system32\CRYPT32.dll
0x000007fefd920000 - 0x000007fefd92f000 	C:\Windows\system32\MSASN1.dll
0x000007feef1c0000 - 0x000007feef248000 	C:\Windows\system32\dsound.dll
0x000007fefc970000 - 0x000007fefc99c000 	C:\Windows\system32\POWRPROF.dll
0x000007fefbe60000 - 0x000007fefbeab000 	C:\Windows\System32\MMDevApi.dll
0x000007fefa760000 - 0x000007fefa7af000 	C:\Windows\system32\AUDIOSES.DLL
0x000007fef4c30000 - 0x000007fef4c48000 	C:\Windows\system32\atig6pxx.dll
0x0000000058d60000 - 0x000000005ab60000 	C:\Windows\system32\atio6axx.dll
0x000007fee8760000 - 0x000007fee88a1000 	C:\Windows\system32\atiadlxx.dll
0x000007fefca60000 - 0x000007fefca71000 	C:\Windows\system32\WTSAPI32.dll
0x000007fef05d0000 - 0x000007fef05fc000 	C:\Windows\system32\atig6txx.dll
0x000007fee6ba0000 - 0x000007fee6c3c000 	C:\Windows\system32\mscms.dll
0x000007fedf860000 - 0x000007fedf8a2000 	C:\Windows\system32\icm32.dll
0x0000000066bc0000 - 0x0000000066c7b000 	C:\Users\oCocha\AppData\Local\Temp\libgdxoCocha\b6038e5c\gdx-box2d64.dll
0x000007fef54e0000 - 0x000007fef5605000 	C:\Windows\system32\dbghelp.dll

VM Arguments:
jvm_args: -Didea.launcher.port=7535 -Didea.launcher.bin.path=C:\Android\Android Studio\bin -Dfile.encoding=UTF-8 
java_command: com.intellij.rt.execution.application.AppMain com.runner.desktop.DesktopLauncher
java_class_path (initial): C:\Android\Android Studio\jre\jre\lib\charsets.jar;C:\Android\Android Studio\jre\jre\lib\ext\access-bridge-64.jar;C:\Android\Android Studio\jre\jre\lib\ext\cldrdata.jar;C:\Android\Android Studio\jre\jre\lib\ext\dnsns.jar;C:\Android\Android Studio\jre\jre\lib\ext\jaccess.jar;C:\Android\Android Studio\jre\jre\lib\ext\localedata.jar;C:\Android\Android Studio\jre\jre\lib\ext\nashorn.jar;C:\Android\Android Studio\jre\jre\lib\ext\sunec.jar;C:\Android\Android Studio\jre\jre\lib\ext\sunjce_provider.jar;C:\Android\Android Studio\jre\jre\lib\ext\sunmscapi.jar;C:\Android\Android Studio\jre\jre\lib\ext\sunpkcs11.jar;C:\Android\Android Studio\jre\jre\lib\ext\zipfs.jar;C:\Android\Android Studio\jre\jre\lib\jce.jar;C:\Android\Android Studio\jre\jre\lib\jsse.jar;C:\Android\Android Studio\jre\jre\lib\management-agent.jar;C:\Android\Android Studio\jre\jre\lib\resources.jar;C:\Android\Android Studio\jre\jre\lib\rt.jar;C:\Android\Projekte\ItsAMe\desktop\build\classes\main;C:\Android\Projekte\ItsAMe\core\build\classes\main;C:\Users\oCocha\.gradle\caches\modules-2\files-2.1\com.badlogicgames.gdx\gdx\1.9.4\4b4b7962d1bc75af0438f5c81ec1010557bc9ee5\gdx-1.9.4.jar;C:\Users\oCocha\.gradle\caches\modules-2\files-2.1\com.badlogicgames.gdx\gdx-box2d\1.9.4\98a0d25c9f0637fecac6e4aacf7287aa635964f5\gdx-box2d-1.9.4.jar;C:\Users\oCocha\.gradle\caches\modules-2\files-2.1\com.badlogicgames.gdx\gdx-backend-lwjgl\1.9.4\4c6c108a9dcbc07096de8594b93f9cab33856fe2\gdx-backend-lwjgl-1.9.4.jar;C:\Users\oCocha\.gradle\caches\modules-2\files-2.1\com.badlogicgames.gdx\gdx-platform\1.9.4\8e93afecc287ab152179983fc1b5f65db4c2fa4c\gdx-platform-1.9.4-natives-desktop.jar;C:\Users\oCocha\.gradle\caches\modules-2\files-2.1\com.badlogicgames.gdx\gdx-box2d-platform\1.9.4\905a9ed3017cd3917b7fbada5ece58c40fddcbca\gdx-box2d-platform-1.9.4-natives-desktop.jar;C:\Users\oCocha\.gradle\caches\modules-2\files-2.1\org.lwjgl.lwjgl\lwjgl\2.9.2\a9d80fe5935c7a9149f6584d9777cfd471f65489\lwjgl-2.9.2.jar;C:\User
Launcher Type: SUN_STANDARD

Environment Variables:
PATH=C:\ProgramData\Oracle\Java\javapath;C:\Program Files\Common Files\Microsoft Shared\Windows Live;C:\Program Files (x86)\Common Files\Microsoft Shared\Windows Live;C:\Windows\system32;C:\Windows;C:\Windows\System32\Wbem;C:\Windows\System32\WindowsPowerShell\v1.0\;C:\Program Files (x86)\ATI Technologies\ATI.ACE\Core-Static;C:\Program Files (x86)\Windows Live\Shared;C:\Program Files (x86)\GtkSharp\2.12\bin;C:\Program Files (x86)\Skype\Phone\;C:\Program Files (x86)\AMD\ATI.ACE\Core-Static;C:\Program Files (x86)\Common Files\Softimage;C:\Program Files\Common Files\Softimage;C:\Program Files (x86)\Mozilla Firefox;C:\ProgramData\Oracle\Java\javapath;C:\Program Files\Common Files\Microsoft Shared\Windows Live;C:\Program Files (x86)\Common Files\Microsoft Shared\Windows Live;C:\Windows\system32;C:\Windows;C:\Windows\System32\Wbem;C:\Windows\System32\WindowsPowerShell\v1.0\;C:\Program Files (x86)\ATI Technologies\ATI.ACE\Core-Static;C:\Program Files (x86)\Windows Live\Shared;C:\Program Files (x86)\GtkSharp\2.12\bin;C:\Program Files (x86)\Skype\Phone\;C:\Program Files (x86)\AMD\ATI.ACE\Core-Static
USERNAME=oCocha
OS=Windows_NT
PROCESSOR_IDENTIFIER=Intel64 Family 6 Model 58 Stepping 9, GenuineIntel



---------------  S Y S T E M  ---------------

OS: Windows 7 , 64 bit Build 7601 (6.1.7601.23543)

CPU:total 2 (2 cores per cpu, 1 threads per core) family 6 model 58 stepping 9, cmov, cx8, fxsr, mmx, sse, sse2, sse3, ssse3, sse4.1, sse4.2, popcnt, clmul, erms, tsc, tscinvbit, tscinv

Memory: 4k page, physical 4143476k(1344468k free), swap 8285092k(2550276k free)

vm_info: OpenJDK 64-Bit Server VM (25.76-b03) for windows-amd64 JRE (1.8.0_76-release-b03), built on Jun 29 2016 19:09:20 by "ralucas" with MS VC++ 10.0 (VS2010)

time: Tue Dec 06 16:39:45 2016
elapsed time: 212 seconds (0d 0h 3m 32s)

