#
# A fatal error has been detected by the Java Runtime Environment:
#
#  EXCEPTION_ACCESS_VIOLATION (0xc0000005) at pc=0x0000000066bcbd0d, pid=3612, tid=0x0000000000001054
#
# JRE version: OpenJDK Runtime Environment (8.0_76-b03) (build 1.8.0_76-release-b03)
# Java VM: OpenJDK 64-Bit Server VM (25.76-b03 mixed mode windows-amd64 compressed oops)
# Problematic frame:
# C  [gdx-box2d64.dll+0xbd0d]
#
# Failed to write core dump. Minidumps are not enabled by default on client versions of Windows
#
# If you would like to submit a bug report, please visit:
#   http://bugreport.java.com/bugreport/crash.jsp
# The crash happened outside the Java Virtual Machine in native code.
# See problematic frame for where to report the bug.
#

---------------  T H R E A D  ---------------

Current thread (0x00000000572a2800):  JavaThread "LWJGL Application" [_thread_in_native, id=4180, stack(0x0000000059200000,0x0000000059300000)]

siginfo: ExceptionCode=0xc0000005, reading address 0x000000025db6b180

Registers:
RAX=0x000000025db6b180, RBX=0x000000005fec00b0, RCX=0x000000005fec0080, RDX=0x00000000000000b8
RSP=0x00000000592fef40, RBP=0x0000000000000006, RSI=0x000000005fec0080, RDI=0x00000000592ff000
R8 =0x000000005fec0080, R9 =0x0000000000000002, R10=0x0000000000000000, R11=0x0000000000000001
R12=0x0000000000000000, R13=0x0000000054ca4920, R14=0x00000000592ff2c8, R15=0x00000000572a2800
RIP=0x0000000066bcbd0d, EFLAGS=0x0000000000010202

Top of Stack: (sp=0x00000000592fef40)
0x00000000592fef40:   0000000000000048 00000000572a2800
0x00000000592fef50:   00000000ebdfdfe0 0000000066bf9b92
0x00000000592fef60:   00000000145e90e0 000000005fec0080
0x00000000592fef70:   0000000000000001 00000000592ff000
0x00000000592fef80:   00000000592ff120 0000000000000000
0x00000000592fef90:   0000000054ca4920 0000000066be2483
0x00000000592fefa0:   00000000004ef650 0000000066bfc2f5
0x00000000592fefb0:   0000000054520480 0000000054c1cbd0
0x00000000592fefc0:   0000000000000001 0000000000000001
0x00000000592fefd0:   0000000000000001 0000000066be8616
0x00000000592fefe0:   00000000572a2800 00000000592ff1b8
0x00000000592feff0:   0000000054c1cbd0 0000000000000000
0x00000000592ff000:   419c5b1700000002 0000000040c75284
0x00000000592ff010:   0000000000000000 0000000000000000
0x00000000592ff020:   0000010100000000 0000000000000001
0x00000000592ff030:   0000000000000000 000000003f800000 

Instructions: (pc=0x0000000066bcbd0d)
0x0000000066bcbced:   48 8d 05 6c a3 05 00 0f b6 1c 18 80 fb 0d 0f b6
0x0000000066bcbcfd:   eb 77 21 48 8d 1c de 48 8b 43 10 48 85 c0 74 3a
0x0000000066bcbd0d:   48 8b 10 48 89 53 10 48 83 c4 28 5b 5e 5f 5d 41
0x0000000066bcbd1d:   5c 41 5d c3 48 8d 15 18 9e 04 00 48 8d 0d 99 9e 


Register to memory mapping:

RAX=0x000000025db6b180 is an unknown value
RBX=0x000000005fec00b0 is an unknown value
RCX=0x000000005fec0080 is an unknown value
RDX=0x00000000000000b8 is an unknown value
RSP=0x00000000592fef40 is pointing into the stack for thread: 0x00000000572a2800
RBP=0x0000000000000006 is an unknown value
RSI=0x000000005fec0080 is an unknown value
RDI=0x00000000592ff000 is pointing into the stack for thread: 0x00000000572a2800
R8 =0x000000005fec0080 is an unknown value
R9 =0x0000000000000002 is an unknown value
R10=0x0000000000000000 is an unknown value
R11=0x0000000000000001 is an unknown value
R12=0x0000000000000000 is an unknown value
R13=0x0000000054ca4920 is pointing into metadata
R14=0x00000000592ff2c8 is pointing into the stack for thread: 0x00000000572a2800
R15=0x00000000572a2800 is a thread


Stack: [0x0000000059200000,0x0000000059300000],  sp=0x00000000592fef40,  free space=1019k
Native frames: (J=compiled Java code, j=interpreted, Vv=VM code, C=native code)
C  [gdx-box2d64.dll+0xbd0d]
C  [gdx-box2d64.dll+0x22483]
C  [gdx-box2d64.dll+0x28616]
C  0x0000000002ca3564

Java frames: (J=compiled Java code, j=interpreted, Vv=VM code)
J 964  com.badlogic.gdx.physics.box2d.World.jniCreateBody(JIFFFFFFFFZZZZZF)J (0 bytes) @ 0x0000000002ca34e6 [0x0000000002ca3440+0xa6]
J 963 C1 com.badlogic.gdx.physics.box2d.World.createBody(Lcom/badlogic/gdx/physics/box2d/BodyDef;)Lcom/badlogic/gdx/physics/box2d/Body; (120 bytes) @ 0x0000000002ca457c [0x0000000002ca43e0+0x19c]
j  com.runner.utils.WorldUtils.createProjectile(Lcom/badlogic/gdx/physics/box2d/World;FFZI)Lcom/badlogic/gdx/physics/box2d/Body;+156
j  com.runner.stages.GameStage.shoot()V+44
j  com.runner.stages.HudStage.touchDown(IIII)Z+30
J 1155 C1 com.badlogic.gdx.backends.lwjgl.LwjglInput.processEvents()V (478 bytes) @ 0x0000000002d234cc [0x0000000002d22660+0xe6c]
j  com.badlogic.gdx.backends.lwjgl.LwjglApplication.mainLoop()V+600
j  com.badlogic.gdx.backends.lwjgl.LwjglApplication$1.run()V+27
v  ~StubRoutines::call_stub

---------------  P R O C E S S  ---------------

Java Threads: ( => current thread )
  0x00000000573de000 JavaThread "LWJGL Timer" daemon [_thread_blocked, id=1820, stack(0x000000005fdc0000,0x000000005fec0000)]
  0x00000000021f0000 JavaThread "DestroyJavaVM" [_thread_blocked, id=5028, stack(0x0000000002530000,0x0000000002630000)]
=>0x00000000572a2800 JavaThread "LWJGL Application" [_thread_in_native, id=4180, stack(0x0000000059200000,0x0000000059300000)]
  0x0000000056bb8000 JavaThread "Monitor Ctrl-Break" daemon [_thread_in_native, id=2480, stack(0x0000000056f00000,0x0000000057000000)]
  0x0000000054f17000 JavaThread "Service Thread" daemon [_thread_blocked, id=2080, stack(0x0000000056180000,0x0000000056280000)]
  0x0000000054f14000 JavaThread "C1 CompilerThread1" daemon [_thread_blocked, id=4444, stack(0x0000000056340000,0x0000000056440000)]
  0x0000000054eb9800 JavaThread "C2 CompilerThread0" daemon [_thread_blocked, id=4596, stack(0x0000000056080000,0x0000000056180000)]
  0x0000000054eb8000 JavaThread "Attach Listener" daemon [_thread_blocked, id=676, stack(0x0000000055bc0000,0x0000000055cc0000)]
  0x0000000054eb6800 JavaThread "Signal Dispatcher" daemon [_thread_blocked, id=4724, stack(0x0000000055eb0000,0x0000000055fb0000)]
  0x0000000054e9d800 JavaThread "Finalizer" daemon [_thread_blocked, id=1756, stack(0x0000000055d30000,0x0000000055e30000)]
  0x0000000054e56800 JavaThread "Reference Handler" daemon [_thread_blocked, id=668, stack(0x0000000055ab0000,0x0000000055bb0000)]

Other Threads:
  0x0000000054e4c800 VMThread [stack: 0x0000000055870000,0x0000000055970000] [id=3040]
  0x0000000054f18800 WatcherThread [stack: 0x0000000056590000,0x0000000056690000] [id=2916]

VM state:not at safepoint (normal execution)

VM Mutex/Monitor currently owned by a thread: None

Heap:
 PSYoungGen      total 18944K, used 18154K [0x00000000eaf00000, 0x00000000ec400000, 0x0000000100000000)
  eden space 16384K, 95% used [0x00000000eaf00000,0x00000000ebe3d558,0x00000000ebf00000)
  from space 2560K, 99% used [0x00000000ec180000,0x00000000ec3fd520,0x00000000ec400000)
  to   space 2560K, 0% used [0x00000000ebf00000,0x00000000ebf00000,0x00000000ec180000)
 ParOldGen       total 44032K, used 3649K [0x00000000c0c00000, 0x00000000c3700000, 0x00000000eaf00000)
  object space 44032K, 8% used [0x00000000c0c00000,0x00000000c0f906f8,0x00000000c3700000)
 Metaspace       used 8880K, capacity 8953K, committed 9088K, reserved 1056768K
  class space    used 806K, capacity 817K, committed 896K, reserved 1048576K

Card table byte_map: [0x0000000011cc0000,0x0000000011ec0000] byte_map_base: 0x00000000116ba000

Marking Bits: (ParMarkBitMap*) 0x0000000058649d00
 Begin Bits: [0x0000000012380000, 0x0000000013350000)
 End Bits:   [0x0000000013350000, 0x0000000014320000)

Polling page: 0x0000000000130000

CodeCache: size=245760Kb used=5496Kb max_used=5507Kb free=240263Kb
 bounds [0x0000000002900000, 0x0000000002e70000, 0x0000000011900000]
 total_blobs=2059 nmethods=1553 adapters=420
 compilation: enabled

Compilation events (10 events):
Event: 44.249 Thread 0x0000000054f14000 nmethod 1549 0x0000000002e5f4d0 code [0x0000000002e5f660, 0x0000000002e5fc08]
Event: 44.249 Thread 0x0000000054f14000 1550       3       com.badlogic.gdx.scenes.scene2d.ui.Value$4::get (30 bytes)
Event: 44.249 Thread 0x0000000054f14000 nmethod 1550 0x0000000002e5ec50 code [0x0000000002e5ede0, 0x0000000002e5f388]
Event: 44.252 Thread 0x0000000054eb9800 nmethod 1544 0x0000000002e64790 code [0x0000000002e64920, 0x0000000002e64da8]
Event: 44.898 Thread 0x0000000054f14000 1551       3       com.badlogic.gdx.math.Vector2::scl (22 bytes)
Event: 44.898 Thread 0x0000000054f14000 nmethod 1551 0x0000000002e5e910 code [0x0000000002e5ea60, 0x0000000002e5ebd0]
Event: 45.466 Thread 0x0000000054eb9800 1552       4       com.badlogic.gdx.utils.Pool::free (60 bytes)
Event: 45.468 Thread 0x0000000054eb9800 nmethod 1552 0x0000000002e63650 code [0x0000000002e637e0, 0x0000000002e63ac8]
Event: 46.434 Thread 0x0000000054eb9800 1553       4       java.util.ArrayList::clear (39 bytes)
Event: 46.435 Thread 0x0000000054eb9800 nmethod 1553 0x0000000002e5d210 code [0x0000000002e5d340, 0x0000000002e5d3d8]

GC Heap History (4 events):
Event: 1.806 GC heap before
{Heap before GC invocations=1 (full 0):
 PSYoungGen      total 18944K, used 16384K [0x00000000eaf00000, 0x00000000ec400000, 0x0000000100000000)
  eden space 16384K, 100% used [0x00000000eaf00000,0x00000000ebf00000,0x00000000ebf00000)
  from space 2560K, 0% used [0x00000000ec180000,0x00000000ec180000,0x00000000ec400000)
  to   space 2560K, 0% used [0x00000000ebf00000,0x00000000ebf00000,0x00000000ec180000)
 ParOldGen       total 44032K, used 0K [0x00000000c0c00000, 0x00000000c3700000, 0x00000000eaf00000)
  object space 44032K, 0% used [0x00000000c0c00000,0x00000000c0c00000,0x00000000c3700000)
 Metaspace       used 7585K, capacity 7683K, committed 7936K, reserved 1056768K
  class space    used 705K, capacity 720K, committed 768K, reserved 1048576K
Event: 1.810 GC heap after
Heap after GC invocations=1 (full 0):
 PSYoungGen      total 18944K, used 2553K [0x00000000eaf00000, 0x00000000ec400000, 0x0000000100000000)
  eden space 16384K, 0% used [0x00000000eaf00000,0x00000000eaf00000,0x00000000ebf00000)
  from space 2560K, 99% used [0x00000000ebf00000,0x00000000ec17e5d0,0x00000000ec180000)
  to   space 2560K, 0% used [0x00000000ec180000,0x00000000ec180000,0x00000000ec400000)
 ParOldGen       total 44032K, used 1068K [0x00000000c0c00000, 0x00000000c3700000, 0x00000000eaf00000)
  object space 44032K, 2% used [0x00000000c0c00000,0x00000000c0d0b060,0x00000000c3700000)
 Metaspace       used 7585K, capacity 7683K, committed 7936K, reserved 1056768K
  class space    used 705K, capacity 720K, committed 768K, reserved 1048576K
}
Event: 10.317 GC heap before
{Heap before GC invocations=2 (full 0):
 PSYoungGen      total 18944K, used 18937K [0x00000000eaf00000, 0x00000000ec400000, 0x0000000100000000)
  eden space 16384K, 100% used [0x00000000eaf00000,0x00000000ebf00000,0x00000000ebf00000)
  from space 2560K, 99% used [0x00000000ebf00000,0x00000000ec17e5d0,0x00000000ec180000)
  to   space 2560K, 0% used [0x00000000ec180000,0x00000000ec180000,0x00000000ec400000)
 ParOldGen       total 44032K, used 1068K [0x00000000c0c00000, 0x00000000c3700000, 0x00000000eaf00000)
  object space 44032K, 2% used [0x00000000c0c00000,0x00000000c0d0b060,0x00000000c3700000)
 Metaspace       used 8827K, capacity 8889K, committed 9088K, reserved 1056768K
  class space    used 806K, capacity 817K, committed 896K, reserved 1048576K
Event: 10.327 GC heap after
Heap after GC invocations=2 (full 0):
 PSYoungGen      total 18944K, used 2549K [0x00000000eaf00000, 0x00000000ec400000, 0x0000000100000000)
  eden space 16384K, 0% used [0x00000000eaf00000,0x00000000eaf00000,0x00000000ebf00000)
  from space 2560K, 99% used [0x00000000ec180000,0x00000000ec3fd520,0x00000000ec400000)
  to   space 2560K, 0% used [0x00000000ebf00000,0x00000000ebf00000,0x00000000ec180000)
 ParOldGen       total 44032K, used 3649K [0x00000000c0c00000, 0x00000000c3700000, 0x00000000eaf00000)
  object space 44032K, 8% used [0x00000000c0c00000,0x00000000c0f906f8,0x00000000c3700000)
 Metaspace       used 8827K, capacity 8889K, committed 9088K, reserved 1056768K
  class space    used 806K, capacity 817K, committed 896K, reserved 1048576K
}

Deoptimization events (10 events):
Event: 5.806 Thread 0x00000000572a2800 Uncommon trap: reason=unstable_if action=reinterpret pc=0x0000000002a993d0 method=java.lang.String.<init>([CII)V @ 18
Event: 5.825 Thread 0x00000000572a2800 Uncommon trap: reason=unstable_if action=reinterpret pc=0x0000000002b975dc method=java.util.StringTokenizer.scanToken(I)I @ 7
Event: 5.825 Thread 0x00000000572a2800 Uncommon trap: reason=unstable_if action=reinterpret pc=0x0000000002b8b854 method=java.util.StringTokenizer.skipDelimiters(I)I @ 29
Event: 5.829 Thread 0x00000000572a2800 Uncommon trap: reason=unstable_if action=reinterpret pc=0x0000000002b87b6c method=java.util.StringTokenizer.scanToken(I)I @ 7
Event: 5.943 Thread 0x00000000572a2800 Uncommon trap: reason=unstable_if action=reinterpret pc=0x0000000002cada18 method=com.badlogic.gdx.maps.tiled.TiledMapTileLayer.getCell(II)Lcom/badlogic/gdx/maps/tiled/TiledMapTileLayer$Cell; @ 23
Event: 6.991 Thread 0x00000000572a2800 Uncommon trap: reason=array_check action=maybe_recompile pc=0x0000000002cceff8 method=com.badlogic.gdx.utils.Array.add(Ljava/lang/Object;)V @ 46
Event: 7.461 Thread 0x00000000572a2800 Uncommon trap: reason=array_check action=maybe_recompile pc=0x0000000002cceff8 method=com.badlogic.gdx.utils.Array.add(Ljava/lang/Object;)V @ 46
Event: 9.418 Thread 0x00000000572a2800 Uncommon trap: reason=array_check action=maybe_recompile pc=0x0000000002cceff8 method=com.badlogic.gdx.utils.Array.add(Ljava/lang/Object;)V @ 46
Event: 9.418 Thread 0x00000000572a2800 Uncommon trap: reason=array_check action=maybe_recompile pc=0x0000000002cceff8 method=com.badlogic.gdx.utils.Array.add(Ljava/lang/Object;)V @ 46
Event: 18.364 Thread 0x00000000572a2800 Uncommon trap: reason=unstable_if action=reinterpret pc=0x0000000002df64f4 method=com.runner.stages.GameStage.act(F)V @ 295

Internal exceptions (10 events):
Event: 0.155 Thread 0x00000000021f0000 Exception <a 'java/security/PrivilegedActionException'> (0x00000000eb1781d0) thrown at [C:\src\android\AOSP-openjdk\external\jetbrains\jdk\hotspot\src\share\vm\prims\jvm.cpp, line 1386]
Event: 0.155 Thread 0x00000000021f0000 Exception <a 'java/security/PrivilegedActionException'> (0x00000000eb1783e0) thrown at [C:\src\android\AOSP-openjdk\external\jetbrains\jdk\hotspot\src\share\vm\prims\jvm.cpp, line 1386]
Event: 0.155 Thread 0x00000000021f0000 Exception <a 'java/security/PrivilegedActionException'> (0x00000000eb1797b8) thrown at [C:\src\android\AOSP-openjdk\external\jetbrains\jdk\hotspot\src\share\vm\prims\jvm.cpp, line 1386]
Event: 0.155 Thread 0x00000000021f0000 Exception <a 'java/security/PrivilegedActionException'> (0x00000000eb1799c8) thrown at [C:\src\android\AOSP-openjdk\external\jetbrains\jdk\hotspot\src\share\vm\prims\jvm.cpp, line 1386]
Event: 1.205 Thread 0x00000000021f0000 Exception <a 'java/security/PrivilegedActionException'> (0x00000000eb3c0750) thrown at [C:\src\android\AOSP-openjdk\external\jetbrains\jdk\hotspot\src\share\vm\prims\jvm.cpp, line 1386]
Event: 1.205 Thread 0x00000000021f0000 Exception <a 'java/security/PrivilegedActionException'> (0x00000000eb3c2428) thrown at [C:\src\android\AOSP-openjdk\external\jetbrains\jdk\hotspot\src\share\vm\prims\jvm.cpp, line 1386]
Event: 1.205 Thread 0x00000000021f0000 Exception <a 'java/security/PrivilegedActionException'> (0x00000000eb3c3598) thrown at [C:\src\android\AOSP-openjdk\external\jetbrains\jdk\hotspot\src\share\vm\prims\jvm.cpp, line 1386]
Event: 1.205 Thread 0x00000000021f0000 Exception <a 'java/security/PrivilegedActionException'> (0x00000000eb3c8700) thrown at [C:\src\android\AOSP-openjdk\external\jetbrains\jdk\hotspot\src\share\vm\prims\jvm.cpp, line 1386]
Event: 1.205 Thread 0x00000000021f0000 Exception <a 'java/security/PrivilegedActionException'> (0x00000000eb3c9358) thrown at [C:\src\android\AOSP-openjdk\external\jetbrains\jdk\hotspot\src\share\vm\prims\jvm.cpp, line 1386]
Event: 1.205 Thread 0x00000000021f0000 Exception <a 'java/security/PrivilegedActionException'> (0x00000000eb3c9f80) thrown at [C:\src\android\AOSP-openjdk\external\jetbrains\jdk\hotspot\src\share\vm\prims\jvm.cpp, line 1386]

Events (10 events):
Event: 18.665 Thread 0x00000000572a2800 DEOPT PACKING pc=0x0000000002e30e0e sp=0x00000000592ff190
Event: 18.665 Thread 0x00000000572a2800 DEOPT UNPACKING pc=0x00000000029471bf sp=0x00000000592fefb8 mode 0
Event: 18.865 Thread 0x00000000572a2800 DEOPT PACKING pc=0x0000000002e30e0e sp=0x00000000592ff190
Event: 18.865 Thread 0x00000000572a2800 DEOPT UNPACKING pc=0x00000000029471bf sp=0x00000000592fefb8 mode 0
Event: 19.048 Thread 0x00000000572a2800 DEOPT PACKING pc=0x0000000002e30e0e sp=0x00000000592ff190
Event: 19.048 Thread 0x00000000572a2800 DEOPT UNPACKING pc=0x00000000029471bf sp=0x00000000592fefb8 mode 0
Event: 19.232 Thread 0x00000000572a2800 DEOPT PACKING pc=0x0000000002e30e0e sp=0x00000000592ff190
Event: 19.232 Thread 0x00000000572a2800 DEOPT UNPACKING pc=0x00000000029471bf sp=0x00000000592fefb8 mode 0
Event: 19.433 Thread 0x00000000572a2800 DEOPT PACKING pc=0x0000000002e30e0e sp=0x00000000592ff190
Event: 19.433 Thread 0x00000000572a2800 DEOPT UNPACKING pc=0x00000000029471bf sp=0x00000000592fefb8 mode 0


Dynamic libraries:
0x000000013fde0000 - 0x000000013fe11000 	C:\Android\Android Studio\jre\bin\java.exe
0x0000000076dd0000 - 0x0000000076f7a000 	C:\Windows\SYSTEM32\ntdll.dll
0x0000000076bb0000 - 0x0000000076ccf000 	C:\Windows\system32\kernel32.dll
0x000007fefcb70000 - 0x000007fefcbda000 	C:\Windows\system32\KERNELBASE.dll
0x000007fefd610000 - 0x000007fefd6eb000 	C:\Windows\system32\ADVAPI32.dll
0x000007fefdbf0000 - 0x000007fefdc8f000 	C:\Windows\system32\msvcrt.dll
0x000007fefd8d0000 - 0x000007fefd8ef000 	C:\Windows\SYSTEM32\sechost.dll
0x000007fefde40000 - 0x000007fefdf6d000 	C:\Windows\system32\RPCRT4.dll
0x0000000076cd0000 - 0x0000000076dca000 	C:\Windows\system32\USER32.dll
0x000007fefd5a0000 - 0x000007fefd607000 	C:\Windows\system32\GDI32.dll
0x000007fefdbe0000 - 0x000007fefdbee000 	C:\Windows\system32\LPK.dll
0x000007fefd7f0000 - 0x000007fefd8ba000 	C:\Windows\system32\USP10.dll
0x000007fefb230000 - 0x000007fefb424000 	C:\Windows\WinSxS\amd64_microsoft.windows.common-controls_6595b64144ccf1df_6.0.7601.18837_none_fa3b1e3d17594757\COMCTL32.dll
0x000007fefefe0000 - 0x000007feff051000 	C:\Windows\system32\SHLWAPI.dll
0x000007fefcec0000 - 0x000007fefceee000 	C:\Windows\system32\IMM32.DLL
0x000007fefdad0000 - 0x000007fefdbd9000 	C:\Windows\system32\MSCTF.dll
0x00000000569a0000 - 0x0000000056a72000 	C:\Android\Android Studio\jre\jre\bin\msvcr100.dll
0x0000000057e90000 - 0x00000000586c4000 	C:\Android\Android Studio\jre\jre\bin\server\jvm.dll
0x000007fee3350000 - 0x000007fee3359000 	C:\Windows\system32\WSOCK32.dll
0x000007fefd550000 - 0x000007fefd59d000 	C:\Windows\system32\WS2_32.dll
0x000007fefd8c0000 - 0x000007fefd8c8000 	C:\Windows\system32\NSI.dll
0x000007fefa5c0000 - 0x000007fefa5fb000 	C:\Windows\system32\WINMM.dll
0x000007fefbb30000 - 0x000007fefbb3c000 	C:\Windows\system32\VERSION.dll
0x0000000076f90000 - 0x0000000076f97000 	C:\Windows\system32\PSAPI.DLL
0x000007fefa9c0000 - 0x000007fefa9cf000 	C:\Android\Android Studio\jre\jre\bin\verify.dll
0x000007fee4680000 - 0x000007fee46a9000 	C:\Android\Android Studio\jre\jre\bin\java.dll
0x000007fefa9a0000 - 0x000007fefa9b6000 	C:\Android\Android Studio\jre\jre\bin\zip.dll
0x000007fefe250000 - 0x000007fefefd9000 	C:\Windows\system32\SHELL32.dll
0x000007fefd070000 - 0x000007fefd273000 	C:\Windows\system32\ole32.dll
0x000007fefcb00000 - 0x000007fefcb0f000 	C:\Windows\system32\profapi.dll
0x000007fee3b50000 - 0x000007fee3b5f000 	C:\Android\Android Studio\bin\breakgen64.dll
0x0000000065580000 - 0x0000000065616000 	C:\Users\oCocha\AppData\Local\Temp\libgdxoCocha\8aad67a5\gdx64.dll
0x000007fee4510000 - 0x000007fee452a000 	C:\Android\Android Studio\jre\jre\bin\net.dll
0x000007fefc2e0000 - 0x000007fefc335000 	C:\Windows\system32\mswsock.dll
0x000007fefc2d0000 - 0x000007fefc2d7000 	C:\Windows\System32\wship6.dll
0x000007fefc340000 - 0x000007fefc358000 	C:\Windows\system32\CRYPTSP.dll
0x000007fefc040000 - 0x000007fefc087000 	C:\Windows\system32\rsaenh.dll
0x000007fefcb40000 - 0x000007fefcb5e000 	C:\Windows\system32\USERENV.dll
0x000007fefc9a0000 - 0x000007fefc9af000 	C:\Windows\system32\CRYPTBASE.dll
0x000007fef9ff0000 - 0x000007fefa017000 	C:\Windows\system32\IPHLPAPI.DLL
0x000007fef9fe0000 - 0x000007fef9feb000 	C:\Windows\system32\WINNSI.DLL
0x000007fef9c60000 - 0x000007fef9c71000 	C:\Windows\system32\dhcpcsvc6.DLL
0x000007fef9bd0000 - 0x000007fef9be8000 	C:\Windows\system32\dhcpcsvc.DLL
0x000007fee44d0000 - 0x000007fee44e1000 	C:\Android\Android Studio\jre\jre\bin\nio.dll
0x0000000180000000 - 0x0000000180053000 	C:\Users\oCocha\AppData\Local\Temp\libgdxoCocha\dc0f0009\lwjgl64.dll
0x000007fedc7c0000 - 0x000007fedc8dd000 	C:\Windows\system32\OPENGL32.dll
0x000007fee3b20000 - 0x000007fee3b4d000 	C:\Windows\system32\GLU32.dll
0x000007fedd370000 - 0x000007fedd461000 	C:\Windows\system32\DDRAW.dll
0x000007fee3b60000 - 0x000007fee3b68000 	C:\Windows\system32\DCIMAN32.dll
0x000007fefd8f0000 - 0x000007fefdac7000 	C:\Windows\system32\SETUPAPI.dll
0x000007fefcbe0000 - 0x000007fefcc16000 	C:\Windows\system32\CFGMGR32.dll
0x000007fefcef0000 - 0x000007fefcfca000 	C:\Windows\system32\OLEAUT32.dll
0x000007fefccd0000 - 0x000007fefccea000 	C:\Windows\system32\DEVOBJ.dll
0x000007fefbc00000 - 0x000007fefbc18000 	C:\Windows\system32\dwmapi.dll
0x0000000000400000 - 0x0000000000464000 	C:\Users\oCocha\AppData\Local\Temp\libgdxoCocha\dc0f0009\OpenAL64.dll
0x000007fefb050000 - 0x000007fefb0a6000 	C:\Windows\system32\uxtheme.dll
0x000007fefd6f0000 - 0x000007fefd789000 	C:\Windows\system32\CLBCatQ.DLL
0x000007fefb730000 - 0x000007fefb85c000 	C:\Windows\System32\PROPSYS.dll
0x000007fefce80000 - 0x000007fefcebb000 	C:\Windows\system32\WINTRUST.dll
0x000007fefcd00000 - 0x000007fefce6d000 	C:\Windows\system32\CRYPT32.dll
0x000007fefcb10000 - 0x000007fefcb1f000 	C:\Windows\system32\MSASN1.dll
0x000007fedc730000 - 0x000007fedc7b8000 	C:\Windows\system32\dsound.dll
0x000007fefbc20000 - 0x000007fefbc4c000 	C:\Windows\system32\POWRPROF.dll
0x000007fefb860000 - 0x000007fefb8ab000 	C:\Windows\System32\MMDevApi.dll
0x000007fefa130000 - 0x000007fefa17f000 	C:\Windows\system32\AUDIOSES.DLL
0x000007fee37b0000 - 0x000007fee37c8000 	C:\Windows\system32\atig6pxx.dll
0x0000000059300000 - 0x000000005b100000 	C:\Windows\system32\atio6axx.dll
0x000007fee9a00000 - 0x000007fee9b41000 	C:\Windows\system32\atiadlxx.dll
0x000007fefbc50000 - 0x000007fefbc61000 	C:\Windows\system32\WTSAPI32.dll
0x000007fee24f0000 - 0x000007fee251c000 	C:\Windows\system32\atig6txx.dll
0x000007fee29d0000 - 0x000007fee2a6c000 	C:\Windows\system32\mscms.dll
0x000007fee2930000 - 0x000007fee2972000 	C:\Windows\system32\icm32.dll
0x0000000066bc0000 - 0x0000000066c7b000 	C:\Users\oCocha\AppData\Local\Temp\libgdxoCocha\b6038e5c\gdx-box2d64.dll
0x000007fef3ae0000 - 0x000007fef3c05000 	C:\Windows\system32\dbghelp.dll

VM Arguments:
jvm_args: -Didea.launcher.port=7535 -Didea.launcher.bin.path=C:\Android\Android Studio\bin -Dfile.encoding=UTF-8 
java_command: com.intellij.rt.execution.application.AppMain com.runner.desktop.DesktopLauncher
java_class_path (initial): C:\Android\Android Studio\jre\jre\lib\charsets.jar;C:\Android\Android Studio\jre\jre\lib\ext\access-bridge-64.jar;C:\Android\Android Studio\jre\jre\lib\ext\cldrdata.jar;C:\Android\Android Studio\jre\jre\lib\ext\dnsns.jar;C:\Android\Android Studio\jre\jre\lib\ext\jaccess.jar;C:\Android\Android Studio\jre\jre\lib\ext\localedata.jar;C:\Android\Android Studio\jre\jre\lib\ext\nashorn.jar;C:\Android\Android Studio\jre\jre\lib\ext\sunec.jar;C:\Android\Android Studio\jre\jre\lib\ext\sunjce_provider.jar;C:\Android\Android Studio\jre\jre\lib\ext\sunmscapi.jar;C:\Android\Android Studio\jre\jre\lib\ext\sunpkcs11.jar;C:\Android\Android Studio\jre\jre\lib\ext\zipfs.jar;C:\Android\Android Studio\jre\jre\lib\jce.jar;C:\Android\Android Studio\jre\jre\lib\jsse.jar;C:\Android\Android Studio\jre\jre\lib\management-agent.jar;C:\Android\Android Studio\jre\jre\lib\resources.jar;C:\Android\Android Studio\jre\jre\lib\rt.jar;C:\Android\Projekte\ItsAMe\desktop\build\classes\main;C:\Android\Projekte\ItsAMe\core\build\classes\main;C:\Users\oCocha\.gradle\caches\modules-2\files-2.1\com.badlogicgames.gdx\gdx\1.9.4\4b4b7962d1bc75af0438f5c81ec1010557bc9ee5\gdx-1.9.4.jar;C:\Users\oCocha\.gradle\caches\modules-2\files-2.1\com.badlogicgames.gdx\gdx-box2d\1.9.4\98a0d25c9f0637fecac6e4aacf7287aa635964f5\gdx-box2d-1.9.4.jar;C:\Users\oCocha\.gradle\caches\modules-2\files-2.1\com.badlogicgames.gdx\gdx-backend-lwjgl\1.9.4\4c6c108a9dcbc07096de8594b93f9cab33856fe2\gdx-backend-lwjgl-1.9.4.jar;C:\Users\oCocha\.gradle\caches\modules-2\files-2.1\com.badlogicgames.gdx\gdx-platform\1.9.4\8e93afecc287ab152179983fc1b5f65db4c2fa4c\gdx-platform-1.9.4-natives-desktop.jar;C:\Users\oCocha\.gradle\caches\modules-2\files-2.1\com.badlogicgames.gdx\gdx-box2d-platform\1.9.4\905a9ed3017cd3917b7fbada5ece58c40fddcbca\gdx-box2d-platform-1.9.4-natives-desktop.jar;C:\Users\oCocha\.gradle\caches\modules-2\files-2.1\org.lwjgl.lwjgl\lwjgl\2.9.2\a9d80fe5935c7a9149f6584d9777cfd471f65489\lwjgl-2.9.2.jar;C:\User
Launcher Type: SUN_STANDARD

Environment Variables:
PATH=C:\ProgramData\Oracle\Java\javapath;C:\Program Files\Common Files\Microsoft Shared\Windows Live;C:\Program Files (x86)\Common Files\Microsoft Shared\Windows Live;C:\Windows\system32;C:\Windows;C:\Windows\System32\Wbem;C:\Windows\System32\WindowsPowerShell\v1.0\;C:\Program Files (x86)\ATI Technologies\ATI.ACE\Core-Static;C:\Program Files (x86)\Windows Live\Shared;C:\Program Files (x86)\GtkSharp\2.12\bin;C:\Program Files (x86)\Skype\Phone\;C:\Program Files (x86)\AMD\ATI.ACE\Core-Static;C:\Program Files (x86)\Common Files\Softimage;C:\Program Files\Common Files\Softimage;C:\Program Files (x86)\Mozilla Firefox;C:\ProgramData\Oracle\Java\javapath;C:\Program Files\Common Files\Microsoft Shared\Windows Live;C:\Program Files (x86)\Common Files\Microsoft Shared\Windows Live;C:\Windows\system32;C:\Windows;C:\Windows\System32\Wbem;C:\Windows\System32\WindowsPowerShell\v1.0\;C:\Program Files (x86)\ATI Technologies\ATI.ACE\Core-Static;C:\Program Files (x86)\Windows Live\Shared;C:\Program Files (x86)\GtkSharp\2.12\bin;C:\Program Files (x86)\Skype\Phone\;C:\Program Files (x86)\AMD\ATI.ACE\Core-Static
USERNAME=oCocha
OS=Windows_NT
PROCESSOR_IDENTIFIER=Intel64 Family 6 Model 58 Stepping 9, GenuineIntel



---------------  S Y S T E M  ---------------

OS: Windows 7 , 64 bit Build 7601 (6.1.7601.23543)

CPU:total 2 (2 cores per cpu, 1 threads per core) family 6 model 58 stepping 9, cmov, cx8, fxsr, mmx, sse, sse2, sse3, ssse3, sse4.1, sse4.2, popcnt, clmul, erms, tsc, tscinvbit, tscinv

Memory: 4k page, physical 4143476k(894676k free), swap 8285092k(3269416k free)

vm_info: OpenJDK 64-Bit Server VM (25.76-b03) for windows-amd64 JRE (1.8.0_76-release-b03), built on Jun 29 2016 19:09:20 by "ralucas" with MS VC++ 10.0 (VS2010)

time: Wed Dec 07 12:28:17 2016
elapsed time: 46 seconds (0d 0h 0m 46s)

