#
# A fatal error has been detected by the Java Runtime Environment:
#
#  EXCEPTION_ACCESS_VIOLATION (0xc0000005) at pc=0x0000000066bcbd0d, pid=6344, tid=0x00000000000009c0
#
# JRE version: OpenJDK Runtime Environment (8.0_76-b03) (build 1.8.0_76-release-b03)
# Java VM: OpenJDK 64-Bit Server VM (25.76-b03 mixed mode windows-amd64 compressed oops)
# Problematic frame:
# C  [gdx-box2d64.dll+0xbd0d]
#
# Failed to write core dump. Minidumps are not enabled by default on client versions of Windows
#
# If you would like to submit a bug report, please visit:
#   http://bugreport.java.com/bugreport/crash.jsp
# The crash happened outside the Java Virtual Machine in native code.
# See problematic frame for where to report the bug.
#

---------------  T H R E A D  ---------------

Current thread (0x00000000576b1000):  JavaThread "LWJGL Application" [_thread_in_native, id=2496, stack(0x0000000058d50000,0x0000000058e50000)]

siginfo: ExceptionCode=0xc0000005, reading address 0x000000020047a1f0

Registers:
RAX=0x000000020047a1f0, RBX=0x00000000003e3680, RCX=0x00000000003e3650, RDX=0x00000000000000b8
RSP=0x0000000058e4eb70, RBP=0x0000000000000006, RSI=0x00000000003e3650, RDI=0x0000000058e4ec30
R8 =0x00000000003e3650, R9 =0x0000000000000002, R10=0x0000000000000000, R11=0x0000000000000001
R12=0x0000000000000000, R13=0x0000000054af30e8, R14=0x0000000058e4eef8, R15=0x00000000576b1000
RIP=0x0000000066bcbd0d, EFLAGS=0x0000000000010206

Top of Stack: (sp=0x0000000058e4eb70)
0x0000000058e4eb70:   0000000000000048 00000000576b1000
0x0000000058e4eb80:   00000000ebcb07e8 0000000066bf9b92
0x0000000058e4eb90:   00000000144292b8 00000000003e3650
0x0000000058e4eba0:   0000000000000001 0000000058e4ec30
0x0000000058e4ebb0:   0000000058e4ed50 0000000000000000
0x0000000058e4ebc0:   0000000054af30e8 0000000066be2483
0x0000000058e4ebd0:   000000000012e760 0000000066bfc2f5
0x0000000058e4ebe0:   0000000054360480 0000000054a69690
0x0000000058e4ebf0:   0000000000000001 0000000000000001
0x0000000058e4ec00:   0000000000000001 0000000066be8616
0x0000000058e4ec10:   00000000576b1000 0000000058e4ede8
0x0000000058e4ec20:   0000000054a69690 0000000000000000
0x0000000058e4ec30:   4140f73a00000002 000000003ff9eb85
0x0000000058e4ec40:   0000000000000000 0000000000000000
0x0000000058e4ec50:   0000010100000000 0000000000000001
0x0000000058e4ec60:   0000000000000000 000000003f800000 

Instructions: (pc=0x0000000066bcbd0d)
0x0000000066bcbced:   48 8d 05 6c a3 05 00 0f b6 1c 18 80 fb 0d 0f b6
0x0000000066bcbcfd:   eb 77 21 48 8d 1c de 48 8b 43 10 48 85 c0 74 3a
0x0000000066bcbd0d:   48 8b 10 48 89 53 10 48 83 c4 28 5b 5e 5f 5d 41
0x0000000066bcbd1d:   5c 41 5d c3 48 8d 15 18 9e 04 00 48 8d 0d 99 9e 


Register to memory mapping:

RAX=0x000000020047a1f0 is an unknown value
RBX=0x00000000003e3680 is an unknown value
RCX=0x00000000003e3650 is an unknown value
RDX=0x00000000000000b8 is an unknown value
RSP=0x0000000058e4eb70 is pointing into the stack for thread: 0x00000000576b1000
RBP=0x0000000000000006 is an unknown value
RSI=0x00000000003e3650 is an unknown value
RDI=0x0000000058e4ec30 is pointing into the stack for thread: 0x00000000576b1000
R8 =0x00000000003e3650 is an unknown value
R9 =0x0000000000000002 is an unknown value
R10=0x0000000000000000 is an unknown value
R11=0x0000000000000001 is an unknown value
R12=0x0000000000000000 is an unknown value
R13=0x0000000054af30e8 is pointing into metadata
R14=0x0000000058e4eef8 is pointing into the stack for thread: 0x00000000576b1000
R15=0x00000000576b1000 is a thread


Stack: [0x0000000058d50000,0x0000000058e50000],  sp=0x0000000058e4eb70,  free space=1018k
Native frames: (J=compiled Java code, j=interpreted, Vv=VM code, C=native code)
C  [gdx-box2d64.dll+0xbd0d]
C  [gdx-box2d64.dll+0x22483]
C  [gdx-box2d64.dll+0x28616]
C  0x0000000002bd87e4

Java frames: (J=compiled Java code, j=interpreted, Vv=VM code)
J 1056  com.badlogic.gdx.physics.box2d.World.jniCreateBody(JIFFFFFFFFZZZZZF)J (0 bytes) @ 0x0000000002bd8766 [0x0000000002bd86c0+0xa6]
J 1055 C1 com.badlogic.gdx.physics.box2d.World.createBody(Lcom/badlogic/gdx/physics/box2d/BodyDef;)Lcom/badlogic/gdx/physics/box2d/Body; (120 bytes) @ 0x0000000002bdd07c [0x0000000002bdcee0+0x19c]
j  com.runner.utils.WorldUtils.createProjectile(Lcom/badlogic/gdx/physics/box2d/World;FFZI)Lcom/badlogic/gdx/physics/box2d/Body;+156
j  com.runner.stages.GameStage.shoot()V+44
j  com.runner.stages.HudStage.touchDown(IIII)Z+30
J 868 C1 com.badlogic.gdx.backends.lwjgl.LwjglInput.processEvents()V (478 bytes) @ 0x0000000002b41134 [0x0000000002b40240+0xef4]
j  com.badlogic.gdx.backends.lwjgl.LwjglApplication.mainLoop()V+600
j  com.badlogic.gdx.backends.lwjgl.LwjglApplication$1.run()V+27
v  ~StubRoutines::call_stub

---------------  P R O C E S S  ---------------

Java Threads: ( => current thread )
  0x0000000056d69800 JavaThread "LWJGL Timer" daemon [_thread_blocked, id=6992, stack(0x000000005fc20000,0x000000005fd20000)]
  0x00000000020a0000 JavaThread "DestroyJavaVM" [_thread_blocked, id=6816, stack(0x0000000002410000,0x0000000002510000)]
=>0x00000000576b1000 JavaThread "LWJGL Application" [_thread_in_native, id=2496, stack(0x0000000058d50000,0x0000000058e50000)]
  0x0000000056b75000 JavaThread "Monitor Ctrl-Break" daemon [_thread_in_native, id=6588, stack(0x0000000057280000,0x0000000057380000)]
  0x0000000054d5a800 JavaThread "Service Thread" daemon [_thread_blocked, id=6612, stack(0x0000000056f00000,0x0000000057000000)]
  0x0000000054d57800 JavaThread "C1 CompilerThread1" daemon [_thread_blocked, id=1440, stack(0x00000000567f0000,0x00000000568f0000)]
  0x0000000054cf9800 JavaThread "C2 CompilerThread0" daemon [_thread_blocked, id=7016, stack(0x0000000056910000,0x0000000056a10000)]
  0x0000000054cf8000 JavaThread "Attach Listener" daemon [_thread_blocked, id=312, stack(0x00000000566a0000,0x00000000567a0000)]
  0x0000000054cf6800 JavaThread "Signal Dispatcher" daemon [_thread_blocked, id=6348, stack(0x0000000056470000,0x0000000056570000)]
  0x0000000054cdd800 JavaThread "Finalizer" daemon [_thread_blocked, id=6288, stack(0x00000000558b0000,0x00000000559b0000)]
  0x0000000054c96800 JavaThread "Reference Handler" daemon [_thread_blocked, id=5576, stack(0x0000000055710000,0x0000000055810000)]

Other Threads:
  0x0000000054c8c800 VMThread [stack: 0x0000000055600000,0x0000000055700000] [id=5808]
  0x0000000056a10800 WatcherThread [stack: 0x00000000570f0000,0x00000000571f0000] [id=4620]

VM state:not at safepoint (normal execution)

VM Mutex/Monitor currently owned by a thread: None

Heap:
 PSYoungGen      total 18944K, used 16634K [0x00000000eaf00000, 0x00000000ec400000, 0x0000000100000000)
  eden space 16384K, 86% used [0x00000000eaf00000,0x00000000ebcc3e20,0x00000000ebf00000)
  from space 2560K, 99% used [0x00000000ebf00000,0x00000000ec17ac68,0x00000000ec180000)
  to   space 2560K, 0% used [0x00000000ec180000,0x00000000ec180000,0x00000000ec400000)
 ParOldGen       total 44032K, used 1020K [0x00000000c0c00000, 0x00000000c3700000, 0x00000000eaf00000)
  object space 44032K, 2% used [0x00000000c0c00000,0x00000000c0cff150,0x00000000c3700000)
 Metaspace       used 9008K, capacity 9113K, committed 9344K, reserved 1058816K
  class space    used 810K, capacity 849K, committed 896K, reserved 1048576K

Card table byte_map: [0x0000000011ba0000,0x0000000011da0000] byte_map_base: 0x000000001159a000

Marking Bits: (ParMarkBitMap*) 0x00000000562f9d00
 Begin Bits: [0x00000000121c0000, 0x0000000013190000)
 End Bits:   [0x0000000013190000, 0x0000000014160000)

Polling page: 0x0000000000140000

CodeCache: size=245760Kb used=5415Kb max_used=5426Kb free=240344Kb
 bounds [0x00000000027e0000, 0x0000000002d40000, 0x00000000117e0000]
 total_blobs=1992 nmethods=1467 adapters=439
 compilation: enabled

Compilation events (10 events):
Event: 132.750 Thread 0x0000000054d57800 1472       3       com.runner.stages.HudStage::updateButtons (44 bytes)
Event: 132.751 Thread 0x0000000054d57800 nmethod 1472 0x0000000002d2c0d0 code [0x0000000002d2c360, 0x0000000002d2d388]
Event: 132.765 Thread 0x0000000054d57800 1473       3       com.runner.actors.Background::updateXBounds (39 bytes)
Event: 132.765 Thread 0x0000000054d57800 nmethod 1473 0x0000000002d2de50 code [0x0000000002d2dfa0, 0x0000000002d2e130]
Event: 132.850 Thread 0x0000000054d57800 1474       3       com.badlogic.gdx.scenes.scene2d.ui.Label::scaleAndComputePrefSize (83 bytes)
Event: 132.850 Thread 0x0000000054d57800 nmethod 1474 0x0000000002d2e210 code [0x0000000002d2e3c0, 0x0000000002d2e8e8]
Event: 132.866 Thread 0x0000000054cf9800 1475       4       com.badlogic.gdx.scenes.scene2d.ui.Label::getPrefWidth (58 bytes)
Event: 132.868 Thread 0x0000000054cf9800 nmethod 1475 0x0000000002d31950 code [0x0000000002d31ac0, 0x0000000002d31d08]
Event: 132.868 Thread 0x0000000054cf9800 1476       4       com.badlogic.gdx.scenes.scene2d.ui.Label::getPrefHeight (67 bytes)
Event: 132.869 Thread 0x0000000054cf9800 nmethod 1476 0x0000000002d30890 code [0x0000000002d30a00, 0x0000000002d30af8]

GC Heap History (2 events):
Event: 70.620 GC heap before
{Heap before GC invocations=1 (full 0):
 PSYoungGen      total 18944K, used 16384K [0x00000000eaf00000, 0x00000000ec400000, 0x0000000100000000)
  eden space 16384K, 100% used [0x00000000eaf00000,0x00000000ebf00000,0x00000000ebf00000)
  from space 2560K, 0% used [0x00000000ec180000,0x00000000ec180000,0x00000000ec400000)
  to   space 2560K, 0% used [0x00000000ebf00000,0x00000000ebf00000,0x00000000ec180000)
 ParOldGen       total 44032K, used 0K [0x00000000c0c00000, 0x00000000c3700000, 0x00000000eaf00000)
  object space 44032K, 0% used [0x00000000c0c00000,0x00000000c0c00000,0x00000000c3700000)
 Metaspace       used 7551K, capacity 7683K, committed 7936K, reserved 1056768K
  class space    used 705K, capacity 720K, committed 768K, reserved 1048576K
Event: 70.627 GC heap after
Heap after GC invocations=1 (full 0):
 PSYoungGen      total 18944K, used 2539K [0x00000000eaf00000, 0x00000000ec400000, 0x0000000100000000)
  eden space 16384K, 0% used [0x00000000eaf00000,0x00000000eaf00000,0x00000000ebf00000)
  from space 2560K, 99% used [0x00000000ebf00000,0x00000000ec17ac68,0x00000000ec180000)
  to   space 2560K, 0% used [0x00000000ec180000,0x00000000ec180000,0x00000000ec400000)
 ParOldGen       total 44032K, used 1020K [0x00000000c0c00000, 0x00000000c3700000, 0x00000000eaf00000)
  object space 44032K, 2% used [0x00000000c0c00000,0x00000000c0cff150,0x00000000c3700000)
 Metaspace       used 7551K, capacity 7683K, committed 7936K, reserved 1056768K
  class space    used 705K, capacity 720K, committed 768K, reserved 1048576K
}

Deoptimization events (10 events):
Event: 128.145 Thread 0x00000000576b1000 Uncommon trap: reason=class_check action=maybe_recompile pc=0x0000000002bf31f0 method=com.badlogic.gdx.graphics.Mesh.setVertices([FII)Lcom/badlogic/gdx/graphics/Mesh; @ 7
Event: 128.145 Thread 0x00000000576b1000 Uncommon trap: reason=class_check action=maybe_recompile pc=0x0000000002b8bf74 method=com.badlogic.gdx.graphics.Mesh.bind(Lcom/badlogic/gdx/graphics/glutils/ShaderProgram;[I)V @ 6
Event: 128.146 Thread 0x00000000576b1000 Uncommon trap: reason=unstable_if action=reinterpret pc=0x0000000002af8f44 method=com.badlogic.gdx.scenes.scene2d.ui.WidgetGroup.validate()V @ 105
Event: 128.170 Thread 0x00000000576b1000 Uncommon trap: reason=class_check action=maybe_recompile pc=0x0000000002bf31f0 method=com.badlogic.gdx.graphics.Mesh.setVertices([FII)Lcom/badlogic/gdx/graphics/Mesh; @ 7
Event: 128.170 Thread 0x00000000576b1000 Uncommon trap: reason=class_check action=maybe_recompile pc=0x0000000002b8bf74 method=com.badlogic.gdx.graphics.Mesh.bind(Lcom/badlogic/gdx/graphics/glutils/ShaderProgram;[I)V @ 6
Event: 131.042 Thread 0x00000000576b1000 Uncommon trap: reason=array_check action=maybe_recompile pc=0x0000000002c0a4f8 method=com.badlogic.gdx.utils.Array.add(Ljava/lang/Object;)V @ 46
Event: 131.063 Thread 0x00000000576b1000 Uncommon trap: reason=unstable_if action=reinterpret pc=0x0000000002cd0d78 method=com.runner.stages.GameStage.act(F)V @ 295
Event: 131.078 Thread 0x00000000576b1000 Uncommon trap: reason=unstable_if action=reinterpret pc=0x0000000002b26884 method=com.badlogic.gdx.utils.SnapshotArray.end()V @ 30
Event: 131.763 Thread 0x00000000576b1000 Uncommon trap: reason=array_check action=maybe_recompile pc=0x0000000002c0a4f8 method=com.badlogic.gdx.utils.Array.add(Ljava/lang/Object;)V @ 46
Event: 132.414 Thread 0x00000000576b1000 Uncommon trap: reason=array_check action=maybe_recompile pc=0x0000000002c0a4f8 method=com.badlogic.gdx.utils.Array.add(Ljava/lang/Object;)V @ 46

Internal exceptions (10 events):
Event: 1.002 Thread 0x00000000020a0000 Exception <a 'java/security/PrivilegedActionException'> (0x00000000eb1cfd30) thrown at [C:\src\android\AOSP-openjdk\external\jetbrains\jdk\hotspot\src\share\vm\prims\jvm.cpp, line 1386]
Event: 1.002 Thread 0x00000000020a0000 Exception <a 'java/security/PrivilegedActionException'> (0x00000000eb1cff40) thrown at [C:\src\android\AOSP-openjdk\external\jetbrains\jdk\hotspot\src\share\vm\prims\jvm.cpp, line 1386]
Event: 1.002 Thread 0x00000000020a0000 Exception <a 'java/security/PrivilegedActionException'> (0x00000000eb1d1318) thrown at [C:\src\android\AOSP-openjdk\external\jetbrains\jdk\hotspot\src\share\vm\prims\jvm.cpp, line 1386]
Event: 1.002 Thread 0x00000000020a0000 Exception <a 'java/security/PrivilegedActionException'> (0x00000000eb1d1528) thrown at [C:\src\android\AOSP-openjdk\external\jetbrains\jdk\hotspot\src\share\vm\prims\jvm.cpp, line 1386]
Event: 5.986 Thread 0x00000000020a0000 Exception <a 'java/security/PrivilegedActionException'> (0x00000000eb3c83d0) thrown at [C:\src\android\AOSP-openjdk\external\jetbrains\jdk\hotspot\src\share\vm\prims\jvm.cpp, line 1386]
Event: 5.986 Thread 0x00000000020a0000 Exception <a 'java/security/PrivilegedActionException'> (0x00000000eb3ca0a8) thrown at [C:\src\android\AOSP-openjdk\external\jetbrains\jdk\hotspot\src\share\vm\prims\jvm.cpp, line 1386]
Event: 5.987 Thread 0x00000000020a0000 Exception <a 'java/security/PrivilegedActionException'> (0x00000000eb3cb218) thrown at [C:\src\android\AOSP-openjdk\external\jetbrains\jdk\hotspot\src\share\vm\prims\jvm.cpp, line 1386]
Event: 5.987 Thread 0x00000000020a0000 Exception <a 'java/security/PrivilegedActionException'> (0x00000000eb3d0380) thrown at [C:\src\android\AOSP-openjdk\external\jetbrains\jdk\hotspot\src\share\vm\prims\jvm.cpp, line 1386]
Event: 5.987 Thread 0x00000000020a0000 Exception <a 'java/security/PrivilegedActionException'> (0x00000000eb3d0fd8) thrown at [C:\src\android\AOSP-openjdk\external\jetbrains\jdk\hotspot\src\share\vm\prims\jvm.cpp, line 1386]
Event: 5.987 Thread 0x00000000020a0000 Exception <a 'java/security/PrivilegedActionException'> (0x00000000eb3d1c00) thrown at [C:\src\android\AOSP-openjdk\external\jetbrains\jdk\hotspot\src\share\vm\prims\jvm.cpp, line 1386]

Events (10 events):
Event: 131.763 Thread 0x00000000576b1000 Uncommon trap: trap_request=0xffffffd6 fr.pc=0x0000000002c0a4f8
Event: 131.763 Thread 0x00000000576b1000 DEOPT PACKING pc=0x0000000002c0a4f8 sp=0x0000000058e4ec80
Event: 131.763 Thread 0x00000000576b1000 DEOPT UNPACKING pc=0x000000000282556a sp=0x0000000058e4ec10 mode 2
Event: 131.830 Thread 0x00000000576b1000 DEOPT PACKING pc=0x0000000002cd6b9e sp=0x0000000058e4ee70
Event: 131.830 Thread 0x00000000576b1000 DEOPT UNPACKING pc=0x00000000028271bf sp=0x0000000058e4eca8 mode 0
Event: 132.159 Thread 0x00000000576b1000 DEOPT PACKING pc=0x0000000002cd6b9e sp=0x0000000058e4ee70
Event: 132.159 Thread 0x00000000576b1000 DEOPT UNPACKING pc=0x00000000028271bf sp=0x0000000058e4eca8 mode 0
Event: 132.414 Thread 0x00000000576b1000 Uncommon trap: trap_request=0xffffffd6 fr.pc=0x0000000002c0a4f8
Event: 132.414 Thread 0x00000000576b1000 DEOPT PACKING pc=0x0000000002c0a4f8 sp=0x0000000058e4edf0
Event: 132.415 Thread 0x00000000576b1000 DEOPT UNPACKING pc=0x000000000282556a sp=0x0000000058e4ed80 mode 2


Dynamic libraries:
0x000000013f850000 - 0x000000013f881000 	C:\Android\Android Studio\jre\bin\java.exe
0x0000000076cc0000 - 0x0000000076e6a000 	C:\Windows\SYSTEM32\ntdll.dll
0x0000000076aa0000 - 0x0000000076bbf000 	C:\Windows\system32\kernel32.dll
0x000007fefcb00000 - 0x000007fefcb6a000 	C:\Windows\system32\KERNELBASE.dll
0x000007fefd4f0000 - 0x000007fefd5cb000 	C:\Windows\system32\ADVAPI32.dll
0x000007fefdd90000 - 0x000007fefde2f000 	C:\Windows\system32\msvcrt.dll
0x000007fefdaa0000 - 0x000007fefdabf000 	C:\Windows\SYSTEM32\sechost.dll
0x000007fefd290000 - 0x000007fefd3bd000 	C:\Windows\system32\RPCRT4.dll
0x0000000076bc0000 - 0x0000000076cba000 	C:\Windows\system32\USER32.dll
0x000007fefd670000 - 0x000007fefd6d7000 	C:\Windows\system32\GDI32.dll
0x000007fefe230000 - 0x000007fefe23e000 	C:\Windows\system32\LPK.dll
0x000007fefde30000 - 0x000007fefdefa000 	C:\Windows\system32\USP10.dll
0x000007fefaff0000 - 0x000007fefb1e4000 	C:\Windows\WinSxS\amd64_microsoft.windows.common-controls_6595b64144ccf1df_6.0.7601.18837_none_fa3b1e3d17594757\COMCTL32.dll
0x000007fefd210000 - 0x000007fefd281000 	C:\Windows\system32\SHLWAPI.dll
0x000007fefd3c0000 - 0x000007fefd3ee000 	C:\Windows\system32\IMM32.DLL
0x000007fefd990000 - 0x000007fefda99000 	C:\Windows\system32\MSCTF.dll
0x000000005cb60000 - 0x000000005cc32000 	C:\Android\Android Studio\jre\jre\bin\msvcr100.dll
0x0000000055b40000 - 0x0000000056374000 	C:\Android\Android Studio\jre\jre\bin\server\jvm.dll
0x000007fee7d70000 - 0x000007fee7d79000 	C:\Windows\system32\WSOCK32.dll
0x000007fefe1e0000 - 0x000007fefe22d000 	C:\Windows\system32\WS2_32.dll
0x000007fefd010000 - 0x000007fefd018000 	C:\Windows\system32\NSI.dll
0x000007fefa4f0000 - 0x000007fefa52b000 	C:\Windows\system32\WINMM.dll
0x000007fefba20000 - 0x000007fefba2c000 	C:\Windows\system32\VERSION.dll
0x0000000076e90000 - 0x0000000076e97000 	C:\Windows\system32\PSAPI.DLL
0x000007fee8be0000 - 0x000007fee8bef000 	C:\Android\Android Studio\jre\jre\bin\verify.dll
0x000007fee7e30000 - 0x000007fee7e59000 	C:\Android\Android Studio\jre\jre\bin\java.dll
0x000007fee82c0000 - 0x000007fee82d6000 	C:\Android\Android Studio\jre\jre\bin\zip.dll
0x000007fefe240000 - 0x000007fefefc9000 	C:\Windows\system32\SHELL32.dll
0x000007fefd780000 - 0x000007fefd983000 	C:\Windows\system32\ole32.dll
0x000007fefca00000 - 0x000007fefca0f000 	C:\Windows\system32\profapi.dll
0x000007fedd6d0000 - 0x000007fedd6df000 	C:\Android\Android Studio\bin\breakgen64.dll
0x000007fee8430000 - 0x000007fee844a000 	C:\Android\Android Studio\jre\jre\bin\net.dll
0x000007fefc1d0000 - 0x000007fefc225000 	C:\Windows\system32\mswsock.dll
0x000007fefc1c0000 - 0x000007fefc1c7000 	C:\Windows\System32\wship6.dll
0x0000000065580000 - 0x0000000065616000 	C:\Users\oCocha\AppData\Local\Temp\libgdxoCocha\8aad67a5\gdx64.dll
0x000007fefc230000 - 0x000007fefc248000 	C:\Windows\system32\CRYPTSP.dll
0x000007fefbf30000 - 0x000007fefbf77000 	C:\Windows\system32\rsaenh.dll
0x000007fefcb70000 - 0x000007fefcb8e000 	C:\Windows\system32\USERENV.dll
0x000007fefc890000 - 0x000007fefc89f000 	C:\Windows\system32\CRYPTBASE.dll
0x000007fef9fa0000 - 0x000007fef9fc7000 	C:\Windows\system32\IPHLPAPI.DLL
0x000007fef9f90000 - 0x000007fef9f9b000 	C:\Windows\system32\WINNSI.DLL
0x000007fef9d50000 - 0x000007fef9d61000 	C:\Windows\system32\dhcpcsvc6.DLL
0x000007fef9d30000 - 0x000007fef9d48000 	C:\Windows\system32\dhcpcsvc.DLL
0x000007fee4050000 - 0x000007fee4061000 	C:\Android\Android Studio\jre\jre\bin\nio.dll
0x0000000180000000 - 0x0000000180053000 	C:\Users\oCocha\AppData\Local\Temp\libgdxoCocha\dc0f0009\lwjgl64.dll
0x000007fed5010000 - 0x000007fed512d000 	C:\Windows\system32\OPENGL32.dll
0x000007fedd5e0000 - 0x000007fedd60d000 	C:\Windows\system32\GLU32.dll
0x000007fed4f10000 - 0x000007fed5001000 	C:\Windows\system32\DDRAW.dll
0x000007fedd6a0000 - 0x000007fedd6a8000 	C:\Windows\system32\DCIMAN32.dll
0x000007fefce30000 - 0x000007fefd007000 	C:\Windows\system32\SETUPAPI.dll
0x000007fefca90000 - 0x000007fefcac6000 	C:\Windows\system32\CFGMGR32.dll
0x000007fefd3f0000 - 0x000007fefd4ca000 	C:\Windows\system32\OLEAUT32.dll
0x000007fefca60000 - 0x000007fefca7a000 	C:\Windows\system32\DEVOBJ.dll
0x000007fefbaf0000 - 0x000007fefbb08000 	C:\Windows\system32\dwmapi.dll
0x0000000011eb0000 - 0x0000000011f14000 	C:\Users\oCocha\AppData\Local\Temp\libgdxoCocha\dc0f0009\OpenAL64.dll
0x000007fefaf40000 - 0x000007fefaf96000 	C:\Windows\system32\uxtheme.dll
0x000007fefd5d0000 - 0x000007fefd669000 	C:\Windows\system32\CLBCatQ.DLL
0x000007fefb650000 - 0x000007fefb77c000 	C:\Windows\System32\PROPSYS.dll
0x000007fefca10000 - 0x000007fefca4b000 	C:\Windows\system32\WINTRUST.dll
0x000007fefcc40000 - 0x000007fefcdad000 	C:\Windows\system32\CRYPT32.dll
0x000007fefc9f0000 - 0x000007fefc9ff000 	C:\Windows\system32\MSASN1.dll
0x000007fedbec0000 - 0x000007fedbf48000 	C:\Windows\system32\dsound.dll
0x000007fefbb10000 - 0x000007fefbb3c000 	C:\Windows\system32\POWRPROF.dll
0x000007fefb780000 - 0x000007fefb7cb000 	C:\Windows\System32\MMDevApi.dll
0x000007fefa060000 - 0x000007fefa0af000 	C:\Windows\system32\AUDIOSES.DLL
0x000007fedd1d0000 - 0x000007fedd1e8000 	C:\Windows\system32\atig6pxx.dll
0x0000000058e50000 - 0x000000005ac50000 	C:\Windows\system32\atio6axx.dll
0x000007feec540000 - 0x000007feec681000 	C:\Windows\system32\atiadlxx.dll
0x000007fefbb40000 - 0x000007fefbb51000 	C:\Windows\system32\WTSAPI32.dll
0x000007fedd170000 - 0x000007fedd19c000 	C:\Windows\system32\atig6txx.dll
0x000007fedfff0000 - 0x000007fee008c000 	C:\Windows\system32\mscms.dll
0x000007fedff50000 - 0x000007fedff92000 	C:\Windows\system32\icm32.dll
0x0000000066bc0000 - 0x0000000066c7b000 	C:\Users\oCocha\AppData\Local\Temp\libgdxoCocha\b6038e5c\gdx-box2d64.dll
0x000007fef39b0000 - 0x000007fef3ad5000 	C:\Windows\system32\dbghelp.dll

VM Arguments:
jvm_args: -Didea.launcher.port=7533 -Didea.launcher.bin.path=C:\Android\Android Studio\bin -Dfile.encoding=UTF-8 
java_command: com.intellij.rt.execution.application.AppMain com.runner.desktop.DesktopLauncher
java_class_path (initial): C:\Android\Android Studio\jre\jre\lib\charsets.jar;C:\Android\Android Studio\jre\jre\lib\ext\access-bridge-64.jar;C:\Android\Android Studio\jre\jre\lib\ext\cldrdata.jar;C:\Android\Android Studio\jre\jre\lib\ext\dnsns.jar;C:\Android\Android Studio\jre\jre\lib\ext\jaccess.jar;C:\Android\Android Studio\jre\jre\lib\ext\localedata.jar;C:\Android\Android Studio\jre\jre\lib\ext\nashorn.jar;C:\Android\Android Studio\jre\jre\lib\ext\sunec.jar;C:\Android\Android Studio\jre\jre\lib\ext\sunjce_provider.jar;C:\Android\Android Studio\jre\jre\lib\ext\sunmscapi.jar;C:\Android\Android Studio\jre\jre\lib\ext\sunpkcs11.jar;C:\Android\Android Studio\jre\jre\lib\ext\zipfs.jar;C:\Android\Android Studio\jre\jre\lib\jce.jar;C:\Android\Android Studio\jre\jre\lib\jsse.jar;C:\Android\Android Studio\jre\jre\lib\management-agent.jar;C:\Android\Android Studio\jre\jre\lib\resources.jar;C:\Android\Android Studio\jre\jre\lib\rt.jar;C:\Android\Projekte\ItsAMe\desktop\build\classes\main;C:\Android\Projekte\ItsAMe\core\build\classes\main;C:\Users\oCocha\.gradle\caches\modules-2\files-2.1\com.badlogicgames.gdx\gdx\1.9.4\4b4b7962d1bc75af0438f5c81ec1010557bc9ee5\gdx-1.9.4.jar;C:\Users\oCocha\.gradle\caches\modules-2\files-2.1\com.badlogicgames.gdx\gdx-box2d\1.9.4\98a0d25c9f0637fecac6e4aacf7287aa635964f5\gdx-box2d-1.9.4.jar;C:\Android\Projekte\ItsAMe\core\build\libs\core-1.0.jar;C:\Users\oCocha\.gradle\caches\modules-2\files-2.1\com.badlogicgames.gdx\gdx-backend-lwjgl\1.9.4\4c6c108a9dcbc07096de8594b93f9cab33856fe2\gdx-backend-lwjgl-1.9.4.jar;C:\Users\oCocha\.gradle\caches\modules-2\files-2.1\com.badlogicgames.gdx\gdx-platform\1.9.4\8e93afecc287ab152179983fc1b5f65db4c2fa4c\gdx-platform-1.9.4-natives-desktop.jar;C:\Users\oCocha\.gradle\caches\modules-2\files-2.1\com.badlogicgames.gdx\gdx-box2d-platform\1.9.4\905a9ed3017cd3917b7fbada5ece58c40fddcbca\gdx-box2d-platform-1.9.4-natives-desktop.jar;C:\Users\oCocha\.gradle\caches\modules-2\files-2.1\org.lwjgl.lwjgl\lwjgl\2.9.2\a9d80fe5
Launcher Type: SUN_STANDARD

Environment Variables:
PATH=C:\ProgramData\Oracle\Java\javapath;C:\Program Files\Common Files\Microsoft Shared\Windows Live;C:\Program Files (x86)\Common Files\Microsoft Shared\Windows Live;C:\Windows\system32;C:\Windows;C:\Windows\System32\Wbem;C:\Windows\System32\WindowsPowerShell\v1.0\;C:\Program Files (x86)\ATI Technologies\ATI.ACE\Core-Static;C:\Program Files (x86)\Windows Live\Shared;C:\Program Files (x86)\GtkSharp\2.12\bin;C:\Program Files (x86)\Skype\Phone\;C:\Program Files (x86)\AMD\ATI.ACE\Core-Static;C:\Program Files (x86)\Common Files\Softimage;C:\Program Files\Common Files\Softimage;C:\Program Files (x86)\Mozilla Firefox;C:\ProgramData\Oracle\Java\javapath;C:\Program Files\Common Files\Microsoft Shared\Windows Live;C:\Program Files (x86)\Common Files\Microsoft Shared\Windows Live;C:\Windows\system32;C:\Windows;C:\Windows\System32\Wbem;C:\Windows\System32\WindowsPowerShell\v1.0\;C:\Program Files (x86)\ATI Technologies\ATI.ACE\Core-Static;C:\Program Files (x86)\Windows Live\Shared;C:\Program Files (x86)\GtkSharp\2.12\bin;C:\Program Files (x86)\Skype\Phone\;C:\Program Files (x86)\AMD\ATI.ACE\Core-Static
USERNAME=oCocha
OS=Windows_NT
PROCESSOR_IDENTIFIER=Intel64 Family 6 Model 58 Stepping 9, GenuineIntel



---------------  S Y S T E M  ---------------

OS: Windows 7 , 64 bit Build 7601 (6.1.7601.23543)

CPU:total 2 (2 cores per cpu, 1 threads per core) family 6 model 58 stepping 9, cmov, cx8, fxsr, mmx, sse, sse2, sse3, ssse3, sse4.1, sse4.2, popcnt, clmul, erms, tsc, tscinvbit, tscinv

Memory: 4k page, physical 4143476k(847440k free), swap 8285092k(2239684k free)

vm_info: OpenJDK 64-Bit Server VM (25.76-b03) for windows-amd64 JRE (1.8.0_76-release-b03), built on Jun 29 2016 19:09:20 by "ralucas" with MS VC++ 10.0 (VS2010)

time: Sat Dec 10 11:35:59 2016
elapsed time: 133 seconds (0d 0h 2m 13s)

