#
# A fatal error has been detected by the Java Runtime Environment:
#
#  EXCEPTION_ACCESS_VIOLATION (0xc0000005) at pc=0x0000000066bcbd0d, pid=2052, tid=0x00000000000014f8
#
# JRE version: OpenJDK Runtime Environment (8.0_76-b03) (build 1.8.0_76-release-b03)
# Java VM: OpenJDK 64-Bit Server VM (25.76-b03 mixed mode windows-amd64 compressed oops)
# Problematic frame:
# C  [gdx-box2d64.dll+0xbd0d]
#
# Failed to write core dump. Minidumps are not enabled by default on client versions of Windows
#
# If you would like to submit a bug report, please visit:
#   http://bugreport.java.com/bugreport/crash.jsp
# The crash happened outside the Java Virtual Machine in native code.
# See problematic frame for where to report the bug.
#

---------------  T H R E A D  ---------------

Current thread (0x0000000056932800):  JavaThread "LWJGL Application" [_thread_in_native, id=5368, stack(0x00000000570c0000,0x00000000571c0000)]

siginfo: ExceptionCode=0xc0000005, reading address 0x000000020038ab00

Registers:
RAX=0x000000020038ab00, RBX=0x0000000000306cd0, RCX=0x0000000000306ca0, RDX=0x00000000000000b8
RSP=0x00000000571bec10, RBP=0x0000000000000006, RSI=0x0000000000306ca0, RDI=0x00000000571becd0
R8 =0x0000000000306ca0, R9 =0x0000000000000002, R10=0x0000000000000000, R11=0x0000000000000001
R12=0x0000000000000000, R13=0x00000000549e9988, R14=0x00000000571bef90, R15=0x0000000056932800
RIP=0x0000000066bcbd0d, EFLAGS=0x0000000000010206

Top of Stack: (sp=0x00000000571bec10)
0x00000000571bec10:   0000000014401738 0000000002767a01
0x00000000571bec20:   0000000000000005 0000000066bf9b92
0x00000000571bec30:   00000000eb4fa758 0000000000306ca0
0x00000000571bec40:   0000000000000001 00000000571becd0
0x00000000571bec50:   00000000571bedf0 0000000000000000
0x00000000571bec60:   00000000549e9988 0000000066be2483
0x00000000571bec70:   0000000000306c20 0000000066bfc2f5
0x00000000571bec80:   0000000054340480 000000005494a468
0x00000000571bec90:   0000000000000001 0000000000000001
0x00000000571beca0:   0000000000000001 0000000066be8616
0x00000000571becb0:   0000000056932800 00000000571bee88
0x00000000571becc0:   000000005494a468 0000000000000000
0x00000000571becd0:   412fb6ce00000002 00000000407cf5c1
0x00000000571bece0:   0000000000000000 0000000000000000
0x00000000571becf0:   0000010100000000 0000000000000001
0x00000000571bed00:   0000000000000000 000000003f800000 

Instructions: (pc=0x0000000066bcbd0d)
0x0000000066bcbced:   48 8d 05 6c a3 05 00 0f b6 1c 18 80 fb 0d 0f b6
0x0000000066bcbcfd:   eb 77 21 48 8d 1c de 48 8b 43 10 48 85 c0 74 3a
0x0000000066bcbd0d:   48 8b 10 48 89 53 10 48 83 c4 28 5b 5e 5f 5d 41
0x0000000066bcbd1d:   5c 41 5d c3 48 8d 15 18 9e 04 00 48 8d 0d 99 9e 


Register to memory mapping:

RAX=0x000000020038ab00 is an unknown value
RBX=0x0000000000306cd0 is an unknown value
RCX=0x0000000000306ca0 is an unknown value
RDX=0x00000000000000b8 is an unknown value
RSP=0x00000000571bec10 is pointing into the stack for thread: 0x0000000056932800
RBP=0x0000000000000006 is an unknown value
RSI=0x0000000000306ca0 is an unknown value
RDI=0x00000000571becd0 is pointing into the stack for thread: 0x0000000056932800
R8 =0x0000000000306ca0 is an unknown value
R9 =0x0000000000000002 is an unknown value
R10=0x0000000000000000 is an unknown value
R11=0x0000000000000001 is an unknown value
R12=0x0000000000000000 is an unknown value
R13=0x00000000549e9988 is pointing into metadata
R14=0x00000000571bef90 is pointing into the stack for thread: 0x0000000056932800
R15=0x0000000056932800 is a thread


Stack: [0x00000000570c0000,0x00000000571c0000],  sp=0x00000000571bec10,  free space=1019k
Native frames: (J=compiled Java code, j=interpreted, Vv=VM code, C=native code)
C  [gdx-box2d64.dll+0xbd0d]
C  [gdx-box2d64.dll+0x22483]
C  [gdx-box2d64.dll+0x28616]
C  0x0000000002a205a4

Java frames: (J=compiled Java code, j=interpreted, Vv=VM code)
J 642  com.badlogic.gdx.physics.box2d.World.jniCreateBody(JIFFFFFFFFZZZZZF)J (0 bytes) @ 0x0000000002a20526 [0x0000000002a20480+0xa6]
J 641 C1 com.badlogic.gdx.physics.box2d.World.createBody(Lcom/badlogic/gdx/physics/box2d/BodyDef;)Lcom/badlogic/gdx/physics/box2d/Body; (120 bytes) @ 0x0000000002a1fa7c [0x0000000002a1f8e0+0x19c]
j  com.runner.utils.WorldUtils.createProjectile(Lcom/badlogic/gdx/physics/box2d/World;FFZ)Lcom/badlogic/gdx/physics/box2d/Body;+154
j  com.runner.stages.GameStage.shoot()V+41
j  com.runner.stages.HudStage.touchDown(IIII)Z+38
J 1181 C1 com.badlogic.gdx.backends.lwjgl.LwjglInput.processEvents()V (478 bytes) @ 0x0000000002b9514c [0x0000000002b942e0+0xe6c]
j  com.badlogic.gdx.backends.lwjgl.LwjglApplication.mainLoop()V+600
j  com.badlogic.gdx.backends.lwjgl.LwjglApplication$1.run()V+27
v  ~StubRoutines::call_stub

---------------  P R O C E S S  ---------------

Java Threads: ( => current thread )
  0x0000000057c74800 JavaThread "LWJGL Timer" daemon [_thread_blocked, id=2464, stack(0x000000005fb20000,0x000000005fc20000)]
  0x0000000002190000 JavaThread "DestroyJavaVM" [_thread_blocked, id=5292, stack(0x0000000002390000,0x0000000002490000)]
=>0x0000000056932800 JavaThread "LWJGL Application" [_thread_in_native, id=5368, stack(0x00000000570c0000,0x00000000571c0000)]
  0x00000000566e3000 JavaThread "Monitor Ctrl-Break" daemon [_thread_in_native, id=5380, stack(0x0000000056a40000,0x0000000056b40000)]
  0x0000000054cea000 JavaThread "Service Thread" daemon [_thread_blocked, id=5244, stack(0x0000000056340000,0x0000000056440000)]
  0x0000000054cdf800 JavaThread "C1 CompilerThread1" daemon [_thread_blocked, id=5096, stack(0x0000000055e30000,0x0000000055f30000)]
  0x0000000054cd9800 JavaThread "C2 CompilerThread0" daemon [_thread_blocked, id=3852, stack(0x0000000056160000,0x0000000056260000)]
  0x0000000054cd7800 JavaThread "Attach Listener" daemon [_thread_blocked, id=4148, stack(0x0000000055f30000,0x0000000056030000)]
  0x0000000054cd6800 JavaThread "Signal Dispatcher" daemon [_thread_blocked, id=6056, stack(0x0000000055d20000,0x0000000055e20000)]
  0x0000000054cbd800 JavaThread "Finalizer" daemon [_thread_blocked, id=2072, stack(0x0000000055af0000,0x0000000055bf0000)]
  0x0000000054c76800 JavaThread "Reference Handler" daemon [_thread_blocked, id=2432, stack(0x00000000558a0000,0x00000000559a0000)]

Other Threads:
  0x0000000054c6c800 VMThread [stack: 0x00000000557a0000,0x00000000558a0000] [id=3348]
  0x0000000054ceb800 WatcherThread [stack: 0x0000000056520000,0x0000000056620000] [id=696]

VM state:not at safepoint (normal execution)

VM Mutex/Monitor currently owned by a thread: None

Heap:
 PSYoungGen      total 18944K, used 8839K [0x00000000eaf00000, 0x00000000ec400000, 0x0000000100000000)
  eden space 16384K, 38% used [0x00000000eaf00000,0x00000000eb5274e8,0x00000000ebf00000)
  from space 2560K, 99% used [0x00000000ebf00000,0x00000000ec17aa68,0x00000000ec180000)
  to   space 2560K, 0% used [0x00000000ec180000,0x00000000ec180000,0x00000000ec400000)
 ParOldGen       total 44032K, used 1485K [0x00000000c0c00000, 0x00000000c3700000, 0x00000000eaf00000)
  object space 44032K, 3% used [0x00000000c0c00000,0x00000000c0d736c8,0x00000000c3700000)
 Metaspace       used 8390K, capacity 8463K, committed 8576K, reserved 1056768K
  class space    used 757K, capacity 784K, committed 896K, reserved 1048576K

Card table byte_map: [0x0000000011b20000,0x0000000011d20000] byte_map_base: 0x000000001151a000

Marking Bits: (ParMarkBitMap*) 0x0000000059ed9d00
 Begin Bits: [0x00000000121a0000, 0x0000000013170000)
 End Bits:   [0x0000000013170000, 0x0000000014140000)

Polling page: 0x0000000000130000

CodeCache: size=245760Kb used=4406Kb max_used=4408Kb free=241353Kb
 bounds [0x0000000002760000, 0x0000000002bc0000, 0x0000000011760000]
 total_blobs=1715 nmethods=1216 adapters=414
 compilation: enabled

Compilation events (10 events):
Event: 6.733 Thread 0x0000000054cdf800 1213       3       com.badlogic.gdx.utils.Pools::get (7 bytes)
Event: 6.733 Thread 0x0000000054cdf800 nmethod 1213 0x0000000002baee50 code [0x0000000002baefc0, 0x0000000002baf128]
Event: 6.733 Thread 0x0000000054cdf800 1212       3       com.badlogic.gdx.utils.Pools::obtain (8 bytes)
Event: 6.733 Thread 0x0000000054cdf800 nmethod 1212 0x0000000002baf1d0 code [0x0000000002baf360, 0x0000000002baf7c8]
Event: 6.850 Thread 0x0000000054cdf800 1214       3       org.lwjgl.opengl.Display::getWidth (30 bytes)
Event: 6.850 Thread 0x0000000054cdf800 nmethod 1214 0x0000000002baf950 code [0x0000000002bafb00, 0x0000000002bb01e8]
Event: 7.018 Thread 0x0000000054cd9800 1215       4       com.badlogic.gdx.math.Plane::set (60 bytes)
Event: 7.020 Thread 0x0000000054cd9800 nmethod 1215 0x0000000002bb1210 code [0x0000000002bb1380, 0x0000000002bb15b8]
Event: 7.133 Thread 0x0000000054cdf800 1216       3       java.nio.ByteBuffer::array (35 bytes)
Event: 7.134 Thread 0x0000000054cdf800 nmethod 1216 0x0000000002bb0c10 code [0x0000000002bb0da0, 0x0000000002bb10b8]

GC Heap History (2 events):
Event: 1.296 GC heap before
{Heap before GC invocations=1 (full 0):
 PSYoungGen      total 18944K, used 16384K [0x00000000eaf00000, 0x00000000ec400000, 0x0000000100000000)
  eden space 16384K, 100% used [0x00000000eaf00000,0x00000000ebf00000,0x00000000ebf00000)
  from space 2560K, 0% used [0x00000000ec180000,0x00000000ec180000,0x00000000ec400000)
  to   space 2560K, 0% used [0x00000000ebf00000,0x00000000ebf00000,0x00000000ec180000)
 ParOldGen       total 44032K, used 0K [0x00000000c0c00000, 0x00000000c3700000, 0x00000000eaf00000)
  object space 44032K, 0% used [0x00000000c0c00000,0x00000000c0c00000,0x00000000c3700000)
 Metaspace       used 7449K, capacity 7555K, committed 7680K, reserved 1056768K
  class space    used 690K, capacity 720K, committed 768K, reserved 1048576K
Event: 1.299 GC heap after
Heap after GC invocations=1 (full 0):
 PSYoungGen      total 18944K, used 2538K [0x00000000eaf00000, 0x00000000ec400000, 0x0000000100000000)
  eden space 16384K, 0% used [0x00000000eaf00000,0x00000000eaf00000,0x00000000ebf00000)
  from space 2560K, 99% used [0x00000000ebf00000,0x00000000ec17aa68,0x00000000ec180000)
  to   space 2560K, 0% used [0x00000000ec180000,0x00000000ec180000,0x00000000ec400000)
 ParOldGen       total 44032K, used 1485K [0x00000000c0c00000, 0x00000000c3700000, 0x00000000eaf00000)
  object space 44032K, 3% used [0x00000000c0c00000,0x00000000c0d736c8,0x00000000c3700000)
 Metaspace       used 7449K, capacity 7555K, committed 7680K, reserved 1056768K
  class space    used 690K, capacity 720K, committed 768K, reserved 1048576K
}

Deoptimization events (6 events):
Event: 1.215 Thread 0x0000000056932800 Uncommon trap: reason=unstable_if action=reinterpret pc=0x00000000028f55d0 method=java.lang.String.<init>([CII)V @ 18
Event: 2.742 Thread 0x0000000056932800 Uncommon trap: reason=array_check action=maybe_recompile pc=0x0000000002a7bdf8 method=com.badlogic.gdx.utils.Array.add(Ljava/lang/Object;)V @ 46
Event: 3.321 Thread 0x0000000056932800 Uncommon trap: reason=array_check action=maybe_recompile pc=0x0000000002a7bdf8 method=com.badlogic.gdx.utils.Array.add(Ljava/lang/Object;)V @ 46
Event: 5.100 Thread 0x0000000056932800 Uncommon trap: reason=unstable_if action=reinterpret pc=0x0000000002a8caa0 method=com.runner.stages.GameStage.update(Lcom/badlogic/gdx/physics/box2d/Body;)V @ 24
Event: 5.569 Thread 0x0000000056932800 Uncommon trap: reason=array_check action=maybe_recompile pc=0x0000000002a7bdf8 method=com.badlogic.gdx.utils.Array.add(Ljava/lang/Object;)V @ 46
Event: 6.098 Thread 0x0000000056932800 Uncommon trap: reason=array_check action=maybe_recompile pc=0x0000000002a7bdf8 method=com.badlogic.gdx.utils.Array.add(Ljava/lang/Object;)V @ 46

Internal exceptions (10 events):
Event: 0.234 Thread 0x0000000002190000 Exception <a 'java/security/PrivilegedActionException'> (0x00000000eb1781c8) thrown at [C:\src\android\AOSP-openjdk\external\jetbrains\jdk\hotspot\src\share\vm\prims\jvm.cpp, line 1386]
Event: 0.234 Thread 0x0000000002190000 Exception <a 'java/security/PrivilegedActionException'> (0x00000000eb1783d8) thrown at [C:\src\android\AOSP-openjdk\external\jetbrains\jdk\hotspot\src\share\vm\prims\jvm.cpp, line 1386]
Event: 0.234 Thread 0x0000000002190000 Exception <a 'java/security/PrivilegedActionException'> (0x00000000eb1797b0) thrown at [C:\src\android\AOSP-openjdk\external\jetbrains\jdk\hotspot\src\share\vm\prims\jvm.cpp, line 1386]
Event: 0.234 Thread 0x0000000002190000 Exception <a 'java/security/PrivilegedActionException'> (0x00000000eb1799c0) thrown at [C:\src\android\AOSP-openjdk\external\jetbrains\jdk\hotspot\src\share\vm\prims\jvm.cpp, line 1386]
Event: 0.652 Thread 0x0000000002190000 Exception <a 'java/security/PrivilegedActionException'> (0x00000000eb3be6b0) thrown at [C:\src\android\AOSP-openjdk\external\jetbrains\jdk\hotspot\src\share\vm\prims\jvm.cpp, line 1386]
Event: 0.652 Thread 0x0000000002190000 Exception <a 'java/security/PrivilegedActionException'> (0x00000000eb3c0388) thrown at [C:\src\android\AOSP-openjdk\external\jetbrains\jdk\hotspot\src\share\vm\prims\jvm.cpp, line 1386]
Event: 0.652 Thread 0x0000000002190000 Exception <a 'java/security/PrivilegedActionException'> (0x00000000eb3c14f8) thrown at [C:\src\android\AOSP-openjdk\external\jetbrains\jdk\hotspot\src\share\vm\prims\jvm.cpp, line 1386]
Event: 0.652 Thread 0x0000000002190000 Exception <a 'java/security/PrivilegedActionException'> (0x00000000eb3c6660) thrown at [C:\src\android\AOSP-openjdk\external\jetbrains\jdk\hotspot\src\share\vm\prims\jvm.cpp, line 1386]
Event: 0.652 Thread 0x0000000002190000 Exception <a 'java/security/PrivilegedActionException'> (0x00000000eb3c72b8) thrown at [C:\src\android\AOSP-openjdk\external\jetbrains\jdk\hotspot\src\share\vm\prims\jvm.cpp, line 1386]
Event: 0.652 Thread 0x0000000002190000 Exception <a 'java/security/PrivilegedActionException'> (0x00000000eb3c7ee0) thrown at [C:\src\android\AOSP-openjdk\external\jetbrains\jdk\hotspot\src\share\vm\prims\jvm.cpp, line 1386]

Events (10 events):
Event: 5.100 Thread 0x0000000056932800 DEOPT PACKING pc=0x0000000002a8caa0 sp=0x00000000571beef0
Event: 5.100 Thread 0x0000000056932800 DEOPT UNPACKING pc=0x00000000027a556a sp=0x00000000571beea8 mode 2
Event: 5.114 Thread 0x0000000056932800 DEOPT PACKING pc=0x0000000002b2aabf sp=0x00000000571bef40
Event: 5.114 Thread 0x0000000056932800 DEOPT UNPACKING pc=0x00000000027a71bf sp=0x00000000571bed48 mode 0
Event: 5.569 Thread 0x0000000056932800 Uncommon trap: trap_request=0xffffffd6 fr.pc=0x0000000002a7bdf8
Event: 5.569 Thread 0x0000000056932800 DEOPT PACKING pc=0x0000000002a7bdf8 sp=0x00000000571beec0
Event: 5.569 Thread 0x0000000056932800 DEOPT UNPACKING pc=0x00000000027a556a sp=0x00000000571bee50 mode 2
Event: 6.098 Thread 0x0000000056932800 Uncommon trap: trap_request=0xffffffd6 fr.pc=0x0000000002a7bdf8
Event: 6.098 Thread 0x0000000056932800 DEOPT PACKING pc=0x0000000002a7bdf8 sp=0x00000000571bed60
Event: 6.098 Thread 0x0000000056932800 DEOPT UNPACKING pc=0x00000000027a556a sp=0x00000000571becf0 mode 2


Dynamic libraries:
0x000000013f0d0000 - 0x000000013f101000 	C:\Android\Android Studio\jre\bin\java.exe
0x00000000772e0000 - 0x000000007748a000 	C:\Windows\SYSTEM32\ntdll.dll
0x00000000771c0000 - 0x00000000772df000 	C:\Windows\system32\kernel32.dll
0x000007fefd360000 - 0x000007fefd3ca000 	C:\Windows\system32\KERNELBASE.dll
0x000007fefe690000 - 0x000007fefe76b000 	C:\Windows\system32\ADVAPI32.dll
0x000007fefed40000 - 0x000007fefeddf000 	C:\Windows\system32\msvcrt.dll
0x000007fefe880000 - 0x000007fefe89f000 	C:\Windows\SYSTEM32\sechost.dll
0x000007fefec10000 - 0x000007fefed3d000 	C:\Windows\system32\RPCRT4.dll
0x00000000770c0000 - 0x00000000771ba000 	C:\Windows\system32\USER32.dll
0x000007fefef20000 - 0x000007fefef87000 	C:\Windows\system32\GDI32.dll
0x000007fefe770000 - 0x000007fefe77e000 	C:\Windows\system32\LPK.dll
0x000007fefe440000 - 0x000007fefe50a000 	C:\Windows\system32\USP10.dll
0x000007fefbb50000 - 0x000007fefbd44000 	C:\Windows\WinSxS\amd64_microsoft.windows.common-controls_6595b64144ccf1df_6.0.7601.18837_none_fa3b1e3d17594757\COMCTL32.dll
0x000007fefeea0000 - 0x000007fefef11000 	C:\Windows\system32\SHLWAPI.dll
0x000007fefe7d0000 - 0x000007fefe7fe000 	C:\Windows\system32\IMM32.DLL
0x000007feff200000 - 0x000007feff309000 	C:\Windows\system32\MSCTF.dll
0x0000000055bf0000 - 0x0000000055cc2000 	C:\Android\Android Studio\jre\jre\bin\msvcr100.dll
0x0000000059720000 - 0x0000000059f54000 	C:\Android\Android Studio\jre\jre\bin\server\jvm.dll
0x000007feef7e0000 - 0x000007feef7e9000 	C:\Windows\system32\WSOCK32.dll
0x000007fefe780000 - 0x000007fefe7cd000 	C:\Windows\system32\WS2_32.dll
0x000007fefd3d0000 - 0x000007fefd3d8000 	C:\Windows\system32\NSI.dll
0x000007fefab10000 - 0x000007fefab4b000 	C:\Windows\system32\WINMM.dll
0x000007fefc040000 - 0x000007fefc04c000 	C:\Windows\system32\VERSION.dll
0x00000000774b0000 - 0x00000000774b7000 	C:\Windows\system32\PSAPI.DLL
0x000007fefb0d0000 - 0x000007fefb0df000 	C:\Android\Android Studio\jre\jre\bin\verify.dll
0x000007fef1740000 - 0x000007fef1769000 	C:\Android\Android Studio\jre\jre\bin\java.dll
0x000007fefae20000 - 0x000007fefae36000 	C:\Android\Android Studio\jre\jre\bin\zip.dll
0x000007fefd6b0000 - 0x000007fefe439000 	C:\Windows\system32\SHELL32.dll
0x000007fefeff0000 - 0x000007feff1f3000 	C:\Windows\system32\ole32.dll
0x000007fefd020000 - 0x000007fefd02f000 	C:\Windows\system32\profapi.dll
0x000007fef1700000 - 0x000007fef170f000 	C:\Android\Android Studio\bin\breakgen64.dll
0x000007fefab60000 - 0x000007fefab7a000 	C:\Android\Android Studio\jre\jre\bin\net.dll
0x000007fefc7f0000 - 0x000007fefc845000 	C:\Windows\system32\mswsock.dll
0x000007fefc7e0000 - 0x000007fefc7e7000 	C:\Windows\System32\wship6.dll
0x0000000065580000 - 0x0000000065616000 	C:\Users\oCocha\AppData\Local\Temp\libgdxoCocha\8aad67a5\gdx64.dll
0x000007fefcb90000 - 0x000007fefcba8000 	C:\Windows\system32\CRYPTSP.dll
0x000007fefc550000 - 0x000007fefc597000 	C:\Windows\system32\rsaenh.dll
0x000007fefd120000 - 0x000007fefd13e000 	C:\Windows\system32\USERENV.dll
0x000007fefceb0000 - 0x000007fefcebf000 	C:\Windows\system32\CRYPTBASE.dll
0x000007fefa480000 - 0x000007fefa4a7000 	C:\Windows\system32\IPHLPAPI.DLL
0x000007fefa470000 - 0x000007fefa47b000 	C:\Windows\system32\WINNSI.DLL
0x000007fefa010000 - 0x000007fefa021000 	C:\Windows\system32\dhcpcsvc6.DLL
0x000007fef9ff0000 - 0x000007fefa008000 	C:\Windows\system32\dhcpcsvc.DLL
0x000007fef1780000 - 0x000007fef1791000 	C:\Android\Android Studio\jre\jre\bin\nio.dll
0x0000000180000000 - 0x0000000180053000 	C:\Users\oCocha\AppData\Local\Temp\libgdxoCocha\dc0f0009\lwjgl64.dll
0x000007fedc030000 - 0x000007fedc14d000 	C:\Windows\system32\OPENGL32.dll
0x000007fef16d0000 - 0x000007fef16fd000 	C:\Windows\system32\GLU32.dll
0x000007fedd7b0000 - 0x000007fedd8a1000 	C:\Windows\system32\DDRAW.dll
0x000007fef1710000 - 0x000007fef1718000 	C:\Windows\system32\DCIMAN32.dll
0x000007fefea30000 - 0x000007fefec07000 	C:\Windows\system32\SETUPAPI.dll
0x000007fefd030000 - 0x000007fefd066000 	C:\Windows\system32\CFGMGR32.dll
0x000007fefe510000 - 0x000007fefe5ea000 	C:\Windows\system32\OLEAUT32.dll
0x000007fefd0d0000 - 0x000007fefd0ea000 	C:\Windows\system32\DEVOBJ.dll
0x000007fefc110000 - 0x000007fefc128000 	C:\Windows\system32\dwmapi.dll
0x0000000011ff0000 - 0x0000000012054000 	C:\Users\oCocha\AppData\Local\Temp\libgdxoCocha\dc0f0009\OpenAL64.dll
0x000007fefb970000 - 0x000007fefb9c6000 	C:\Windows\system32\uxtheme.dll
0x000007fefee00000 - 0x000007fefee99000 	C:\Windows\system32\CLBCatQ.DLL
0x000007fefb9d0000 - 0x000007fefbafc000 	C:\Windows\System32\PROPSYS.dll
0x000007fefd080000 - 0x000007fefd0bb000 	C:\Windows\system32\WINTRUST.dll
0x000007fefd1f0000 - 0x000007fefd35d000 	C:\Windows\system32\CRYPT32.dll
0x000007fefd010000 - 0x000007fefd01f000 	C:\Windows\system32\MSASN1.dll
0x000007feddfa0000 - 0x000007fede028000 	C:\Windows\system32\dsound.dll
0x000007fefc130000 - 0x000007fefc15c000 	C:\Windows\system32\POWRPROF.dll
0x000007fefb560000 - 0x000007fefb5ab000 	C:\Windows\System32\MMDevApi.dll
0x000007fefa700000 - 0x000007fefa74f000 	C:\Windows\system32\AUDIOSES.DLL
0x000007feefca0000 - 0x000007feefcb8000 	C:\Windows\system32\atig6pxx.dll
0x0000000059f60000 - 0x000000005bd60000 	C:\Windows\system32\atio6axx.dll
0x000007feee340000 - 0x000007feee481000 	C:\Windows\system32\atiadlxx.dll
0x000007fefc160000 - 0x000007fefc171000 	C:\Windows\system32\WTSAPI32.dll
0x000007feefc20000 - 0x000007feefc4c000 	C:\Windows\system32\atig6txx.dll
0x000007feef210000 - 0x000007feef2ac000 	C:\Windows\system32\mscms.dll
0x000007fee0290000 - 0x000007fee02d2000 	C:\Windows\system32\icm32.dll
0x0000000066bc0000 - 0x0000000066c7b000 	C:\Users\oCocha\AppData\Local\Temp\libgdxoCocha\b6038e5c\gdx-box2d64.dll
0x000007fef4100000 - 0x000007fef4225000 	C:\Windows\system32\dbghelp.dll

VM Arguments:
jvm_args: -Didea.launcher.port=7538 -Didea.launcher.bin.path=C:\Android\Android Studio\bin -Dfile.encoding=UTF-8 
java_command: com.intellij.rt.execution.application.AppMain com.runner.desktop.DesktopLauncher
java_class_path (initial): C:\Android\Android Studio\jre\jre\lib\charsets.jar;C:\Android\Android Studio\jre\jre\lib\ext\access-bridge-64.jar;C:\Android\Android Studio\jre\jre\lib\ext\cldrdata.jar;C:\Android\Android Studio\jre\jre\lib\ext\dnsns.jar;C:\Android\Android Studio\jre\jre\lib\ext\jaccess.jar;C:\Android\Android Studio\jre\jre\lib\ext\localedata.jar;C:\Android\Android Studio\jre\jre\lib\ext\nashorn.jar;C:\Android\Android Studio\jre\jre\lib\ext\sunec.jar;C:\Android\Android Studio\jre\jre\lib\ext\sunjce_provider.jar;C:\Android\Android Studio\jre\jre\lib\ext\sunmscapi.jar;C:\Android\Android Studio\jre\jre\lib\ext\sunpkcs11.jar;C:\Android\Android Studio\jre\jre\lib\ext\zipfs.jar;C:\Android\Android Studio\jre\jre\lib\jce.jar;C:\Android\Android Studio\jre\jre\lib\jsse.jar;C:\Android\Android Studio\jre\jre\lib\management-agent.jar;C:\Android\Android Studio\jre\jre\lib\resources.jar;C:\Android\Android Studio\jre\jre\lib\rt.jar;C:\Android\Projekte\ItsAMe\desktop\build\classes\main;C:\Android\Projekte\ItsAMe\core\build\classes\main;C:\Users\oCocha\.gradle\caches\modules-2\files-2.1\com.badlogicgames.gdx\gdx\1.9.4\4b4b7962d1bc75af0438f5c81ec1010557bc9ee5\gdx-1.9.4.jar;C:\Users\oCocha\.gradle\caches\modules-2\files-2.1\com.badlogicgames.gdx\gdx-box2d\1.9.4\98a0d25c9f0637fecac6e4aacf7287aa635964f5\gdx-box2d-1.9.4.jar;C:\Users\oCocha\.gradle\caches\modules-2\files-2.1\com.badlogicgames.gdx\gdx-backend-lwjgl\1.9.4\4c6c108a9dcbc07096de8594b93f9cab33856fe2\gdx-backend-lwjgl-1.9.4.jar;C:\Users\oCocha\.gradle\caches\modules-2\files-2.1\com.badlogicgames.gdx\gdx-platform\1.9.4\8e93afecc287ab152179983fc1b5f65db4c2fa4c\gdx-platform-1.9.4-natives-desktop.jar;C:\Users\oCocha\.gradle\caches\modules-2\files-2.1\com.badlogicgames.gdx\gdx-box2d-platform\1.9.4\905a9ed3017cd3917b7fbada5ece58c40fddcbca\gdx-box2d-platform-1.9.4-natives-desktop.jar;C:\Users\oCocha\.gradle\caches\modules-2\files-2.1\org.lwjgl.lwjgl\lwjgl\2.9.2\a9d80fe5935c7a9149f6584d9777cfd471f65489\lwjgl-2.9.2.jar;C:\User
Launcher Type: SUN_STANDARD

Environment Variables:
PATH=C:\ProgramData\Oracle\Java\javapath;C:\Program Files\Common Files\Microsoft Shared\Windows Live;C:\Program Files (x86)\Common Files\Microsoft Shared\Windows Live;C:\Windows\system32;C:\Windows;C:\Windows\System32\Wbem;C:\Windows\System32\WindowsPowerShell\v1.0\;C:\Program Files (x86)\ATI Technologies\ATI.ACE\Core-Static;C:\Program Files (x86)\Windows Live\Shared;C:\Program Files (x86)\GtkSharp\2.12\bin;C:\Program Files (x86)\Skype\Phone\;C:\Program Files (x86)\AMD\ATI.ACE\Core-Static;C:\Program Files (x86)\Common Files\Softimage;C:\Program Files\Common Files\Softimage;C:\Program Files (x86)\Mozilla Firefox;C:\ProgramData\Oracle\Java\javapath;C:\Program Files\Common Files\Microsoft Shared\Windows Live;C:\Program Files (x86)\Common Files\Microsoft Shared\Windows Live;C:\Windows\system32;C:\Windows;C:\Windows\System32\Wbem;C:\Windows\System32\WindowsPowerShell\v1.0\;C:\Program Files (x86)\ATI Technologies\ATI.ACE\Core-Static;C:\Program Files (x86)\Windows Live\Shared;C:\Program Files (x86)\GtkSharp\2.12\bin;C:\Program Files (x86)\Skype\Phone\;C:\Program Files (x86)\AMD\ATI.ACE\Core-Static
USERNAME=oCocha
OS=Windows_NT
PROCESSOR_IDENTIFIER=Intel64 Family 6 Model 58 Stepping 9, GenuineIntel



---------------  S Y S T E M  ---------------

OS: Windows 7 , 64 bit Build 7601 (6.1.7601.23543)

CPU:total 2 (2 cores per cpu, 1 threads per core) family 6 model 58 stepping 9, cmov, cx8, fxsr, mmx, sse, sse2, sse3, ssse3, sse4.1, sse4.2, popcnt, clmul, erms, tsc, tscinvbit, tscinv

Memory: 4k page, physical 4143476k(954620k free), swap 8285092k(3510608k free)

vm_info: OpenJDK 64-Bit Server VM (25.76-b03) for windows-amd64 JRE (1.8.0_76-release-b03), built on Jun 29 2016 19:09:20 by "ralucas" with MS VC++ 10.0 (VS2010)

time: Mon Dec 05 11:33:50 2016
elapsed time: 7 seconds (0d 0h 0m 7s)

