#
# A fatal error has been detected by the Java Runtime Environment:
#
#  EXCEPTION_ACCESS_VIOLATION (0xc0000005) at pc=0x0000000066bcbd0d, pid=6860, tid=0x00000000000018fc
#
# JRE version: OpenJDK Runtime Environment (8.0_76-b03) (build 1.8.0_76-release-b03)
# Java VM: OpenJDK 64-Bit Server VM (25.76-b03 mixed mode windows-amd64 compressed oops)
# Problematic frame:
# C  [gdx-box2d64.dll+0xbd0d]
#
# Failed to write core dump. Minidumps are not enabled by default on client versions of Windows
#
# If you would like to submit a bug report, please visit:
#   http://bugreport.java.com/bugreport/crash.jsp
# The crash happened outside the Java Virtual Machine in native code.
# See problematic frame for where to report the bug.
#

---------------  T H R E A D  ---------------

Current thread (0x00000000575a8800):  JavaThread "LWJGL Application" [_thread_in_native, id=6396, stack(0x0000000058de0000,0x0000000058ee0000)]

siginfo: ExceptionCode=0xc0000005, reading address 0x000000025d8eb840

Registers:
RAX=0x000000025d8eb840, RBX=0x0000000000354790, RCX=0x0000000000354760, RDX=0x00000000000000b8
RSP=0x0000000058edf0b0, RBP=0x0000000000000006, RSI=0x0000000000354760, RDI=0x0000000058edf170
R8 =0x0000000000354760, R9 =0x0000000000000002, R10=0x0000000000000000, R11=0x0000000000000001
R12=0x0000000000000000, R13=0x0000000054ae0408, R14=0x0000000058edf428, R15=0x00000000575a8800
RIP=0x0000000066bcbd0d, EFLAGS=0x0000000000010202

Top of Stack: (sp=0x0000000058edf0b0)
0x0000000058edf0b0:   0000000014416318 00000000021b3900
0x0000000058edf0c0:   000000005b7a06e0 0000000066bf9b92
0x0000000058edf0d0:   00000000eb0c1580 0000000000354760
0x0000000058edf0e0:   0000000000000001 0000000058edf170
0x0000000058edf0f0:   0000000058edf290 0000000000000000
0x0000000058edf100:   0000000054ae0408 0000000066be2483
0x0000000058edf110:   00000000004df650 0000000066bfc2f5
0x0000000058edf120:   0000000054350480 0000000054a67258
0x0000000058edf130:   0000000000000001 0000000000000001
0x0000000058edf140:   0000000000000001 0000000066be8616
0x0000000058edf150:   00000000575a8800 0000000058edf330
0x0000000058edf160:   0000000054a67258 0000000000000000
0x0000000058edf170:   41a585dc00000002 0000000040000000
0x0000000058edf180:   0000000000000000 0000000000000000
0x0000000058edf190:   0000010100000000 0000000000000001
0x0000000058edf1a0:   0000000000000000 000000003f800000 

Instructions: (pc=0x0000000066bcbd0d)
0x0000000066bcbced:   48 8d 05 6c a3 05 00 0f b6 1c 18 80 fb 0d 0f b6
0x0000000066bcbcfd:   eb 77 21 48 8d 1c de 48 8b 43 10 48 85 c0 74 3a
0x0000000066bcbd0d:   48 8b 10 48 89 53 10 48 83 c4 28 5b 5e 5f 5d 41
0x0000000066bcbd1d:   5c 41 5d c3 48 8d 15 18 9e 04 00 48 8d 0d 99 9e 


Register to memory mapping:

RAX=0x000000025d8eb840 is an unknown value
RBX=0x0000000000354790 is an unknown value
RCX=0x0000000000354760 is an unknown value
RDX=0x00000000000000b8 is an unknown value
RSP=0x0000000058edf0b0 is pointing into the stack for thread: 0x00000000575a8800
RBP=0x0000000000000006 is an unknown value
RSI=0x0000000000354760 is an unknown value
RDI=0x0000000058edf170 is pointing into the stack for thread: 0x00000000575a8800
R8 =0x0000000000354760 is an unknown value
R9 =0x0000000000000002 is an unknown value
R10=0x0000000000000000 is an unknown value
R11=0x0000000000000001 is an unknown value
R12=0x0000000000000000 is an unknown value
R13=0x0000000054ae0408 is pointing into metadata
R14=0x0000000058edf428 is pointing into the stack for thread: 0x00000000575a8800
R15=0x00000000575a8800 is a thread


Stack: [0x0000000058de0000,0x0000000058ee0000],  sp=0x0000000058edf0b0,  free space=1020k
Native frames: (J=compiled Java code, j=interpreted, Vv=VM code, C=native code)
C  [gdx-box2d64.dll+0xbd0d]
C  [gdx-box2d64.dll+0x22483]
C  [gdx-box2d64.dll+0x28616]
C  0x0000000002cb0d24

Java frames: (J=compiled Java code, j=interpreted, Vv=VM code)
J 1018  com.badlogic.gdx.physics.box2d.World.jniCreateBody(JIFFFFFFFFZZZZZF)J (0 bytes) @ 0x0000000002cb0ca6 [0x0000000002cb0c00+0xa6]
J 1017 C1 com.badlogic.gdx.physics.box2d.World.createBody(Lcom/badlogic/gdx/physics/box2d/BodyDef;)Lcom/badlogic/gdx/physics/box2d/Body; (120 bytes) @ 0x0000000002cae2bc [0x0000000002cae120+0x19c]
j  com.runner.utils.WorldUtils.createEnemy(Lcom/badlogic/gdx/physics/box2d/World;F)Lcom/badlogic/gdx/physics/box2d/Body;+115
j  com.runner.stages.GameStage.createEnemy(F)V+14
j  com.runner.stages.GameStage.act(F)V+285
J 1419 C1 com.runner.screens.GameScreen.render(F)V (50 bytes) @ 0x0000000002defbdc [0x0000000002def160+0xa7c]
J 872 C1 com.badlogic.gdx.Game.render()V (25 bytes) @ 0x0000000002c2ca14 [0x0000000002c2c840+0x1d4]
j  com.badlogic.gdx.backends.lwjgl.LwjglApplication.mainLoop()V+698
j  com.badlogic.gdx.backends.lwjgl.LwjglApplication$1.run()V+27
v  ~StubRoutines::call_stub

---------------  P R O C E S S  ---------------

Java Threads: ( => current thread )
  0x00000000576e3800 JavaThread "LWJGL Timer" daemon [_thread_blocked, id=4652, stack(0x000000005fc40000,0x000000005fd40000)]
  0x00000000020b0000 JavaThread "DestroyJavaVM" [_thread_blocked, id=5356, stack(0x0000000002500000,0x0000000002600000)]
=>0x00000000575a8800 JavaThread "LWJGL Application" [_thread_in_native, id=6396, stack(0x0000000058de0000,0x0000000058ee0000)]
  0x0000000056d55800 JavaThread "Monitor Ctrl-Break" daemon [_thread_in_native, id=6560, stack(0x00000000571b0000,0x00000000572b0000)]
  0x0000000054cfa000 JavaThread "Service Thread" daemon [_thread_blocked, id=6536, stack(0x0000000056b10000,0x0000000056c10000)]
  0x0000000054cf0000 JavaThread "C1 CompilerThread1" daemon [_thread_blocked, id=6224, stack(0x0000000056990000,0x0000000056a90000)]
  0x0000000054ce9800 JavaThread "C2 CompilerThread0" daemon [_thread_blocked, id=6024, stack(0x0000000056520000,0x0000000056620000)]
  0x0000000054ce8000 JavaThread "Attach Listener" daemon [_thread_blocked, id=5832, stack(0x00000000566e0000,0x00000000567e0000)]
  0x0000000054ce6800 JavaThread "Signal Dispatcher" daemon [_thread_blocked, id=868, stack(0x00000000563f0000,0x00000000564f0000)]
  0x0000000054ccd800 JavaThread "Finalizer" daemon [_thread_blocked, id=6952, stack(0x0000000055630000,0x0000000055730000)]
  0x0000000054c86800 JavaThread "Reference Handler" daemon [_thread_blocked, id=7052, stack(0x0000000055950000,0x0000000055a50000)]

Other Threads:
  0x0000000054c7c800 VMThread [stack: 0x0000000055770000,0x0000000055870000] [id=1252]
  0x0000000054cfb800 WatcherThread [stack: 0x0000000056860000,0x0000000056960000] [id=6628]

VM state:not at safepoint (normal execution)

VM Mutex/Monitor currently owned by a thread: None

Heap:
 PSYoungGen      total 18944K, used 4361K [0x00000000eaf00000, 0x00000000ec400000, 0x0000000100000000)
  eden space 16384K, 11% used [0x00000000eaf00000,0x00000000eb0c8838,0x00000000ebf00000)
  from space 2560K, 99% used [0x00000000ec180000,0x00000000ec3f9d00,0x00000000ec400000)
  to   space 2560K, 0% used [0x00000000ebf00000,0x00000000ebf00000,0x00000000ec180000)
 ParOldGen       total 44032K, used 3192K [0x00000000c0c00000, 0x00000000c3700000, 0x00000000eaf00000)
  object space 44032K, 7% used [0x00000000c0c00000,0x00000000c0f1e060,0x00000000c3700000)
 Metaspace       used 9069K, capacity 9177K, committed 9344K, reserved 1058816K
  class space    used 810K, capacity 849K, committed 896K, reserved 1048576K

Card table byte_map: [0x0000000011c90000,0x0000000011e90000] byte_map_base: 0x000000001168a000

Marking Bits: (ParMarkBitMap*) 0x00000000562f9d00
 Begin Bits: [0x00000000121b0000, 0x0000000013180000)
 End Bits:   [0x0000000013180000, 0x0000000014150000)

Polling page: 0x0000000000430000

CodeCache: size=245760Kb used=5697Kb max_used=5708Kb free=240062Kb
 bounds [0x00000000028d0000, 0x0000000002e70000, 0x00000000118d0000]
 total_blobs=2068 nmethods=1543 adapters=439
 compilation: enabled

Compilation events (10 events):
Event: 28.900 Thread 0x0000000054ce9800 1539       4       java.lang.ThreadLocal::get (38 bytes)
Event: 28.902 Thread 0x0000000054ce9800 nmethod 1539 0x0000000002e5b7d0 code [0x0000000002e5b940, 0x0000000002e5bab8]
Event: 29.618 Thread 0x0000000054cf0000 1540       1       java.lang.String::toString (2 bytes)
Event: 29.618 Thread 0x0000000054cf0000 nmethod 1540 0x0000000002e5cf50 code [0x0000000002e5d0a0, 0x0000000002e5d1b0]
Event: 30.252 Thread 0x0000000054cf0000 1541       3       com.badlogic.gdx.graphics.g2d.TextureAtlas::readTuple (123 bytes)
Event: 30.252 Thread 0x0000000054cf0000 nmethod 1541 0x0000000002e68a10 code [0x0000000002e68ca0, 0x0000000002e69e48]
Event: 30.552 Thread 0x0000000054ce9800 1542       4       com.runner.actors.Background::updateXBounds (39 bytes)
Event: 30.553 Thread 0x0000000054ce9800 nmethod 1542 0x0000000002e49ed0 code [0x0000000002e4a000, 0x0000000002e4a098]
Event: 31.889 Thread 0x0000000054ce9800 1543       4       com.badlogic.gdx.backends.lwjgl.LwjglGraphics::getHeight (29 bytes)
Event: 31.891 Thread 0x0000000054ce9800 nmethod 1543 0x0000000002e5b290 code [0x0000000002e5b3e0, 0x0000000002e5b698]

GC Heap History (4 events):
Event: 3.162 GC heap before
{Heap before GC invocations=1 (full 0):
 PSYoungGen      total 18944K, used 16384K [0x00000000eaf00000, 0x00000000ec400000, 0x0000000100000000)
  eden space 16384K, 100% used [0x00000000eaf00000,0x00000000ebf00000,0x00000000ebf00000)
  from space 2560K, 0% used [0x00000000ec180000,0x00000000ec180000,0x00000000ec400000)
  to   space 2560K, 0% used [0x00000000ebf00000,0x00000000ebf00000,0x00000000ec180000)
 ParOldGen       total 44032K, used 0K [0x00000000c0c00000, 0x00000000c3700000, 0x00000000eaf00000)
  object space 44032K, 0% used [0x00000000c0c00000,0x00000000c0c00000,0x00000000c3700000)
 Metaspace       used 7589K, capacity 7683K, committed 7936K, reserved 1056768K
  class space    used 705K, capacity 720K, committed 768K, reserved 1048576K
Event: 3.166 GC heap after
Heap after GC invocations=1 (full 0):
 PSYoungGen      total 18944K, used 2549K [0x00000000eaf00000, 0x00000000ec400000, 0x0000000100000000)
  eden space 16384K, 0% used [0x00000000eaf00000,0x00000000eaf00000,0x00000000ebf00000)
  from space 2560K, 99% used [0x00000000ebf00000,0x00000000ec17d470,0x00000000ec180000)
  to   space 2560K, 0% used [0x00000000ec180000,0x00000000ec180000,0x00000000ec400000)
 ParOldGen       total 44032K, used 1060K [0x00000000c0c00000, 0x00000000c3700000, 0x00000000eaf00000)
  object space 44032K, 2% used [0x00000000c0c00000,0x00000000c0d09030,0x00000000c3700000)
 Metaspace       used 7589K, capacity 7683K, committed 7936K, reserved 1056768K
  class space    used 705K, capacity 720K, committed 768K, reserved 1048576K
}
Event: 24.725 GC heap before
{Heap before GC invocations=2 (full 0):
 PSYoungGen      total 18944K, used 18933K [0x00000000eaf00000, 0x00000000ec400000, 0x0000000100000000)
  eden space 16384K, 100% used [0x00000000eaf00000,0x00000000ebf00000,0x00000000ebf00000)
  from space 2560K, 99% used [0x00000000ebf00000,0x00000000ec17d470,0x00000000ec180000)
  to   space 2560K, 0% used [0x00000000ec180000,0x00000000ec180000,0x00000000ec400000)
 ParOldGen       total 44032K, used 1060K [0x00000000c0c00000, 0x00000000c3700000, 0x00000000eaf00000)
  object space 44032K, 2% used [0x00000000c0c00000,0x00000000c0d09030,0x00000000c3700000)
 Metaspace       used 9067K, capacity 9177K, committed 9344K, reserved 1058816K
  class space    used 810K, capacity 849K, committed 896K, reserved 1048576K
Event: 24.731 GC heap after
Heap after GC invocations=2 (full 0):
 PSYoungGen      total 18944K, used 2535K [0x00000000eaf00000, 0x00000000ec400000, 0x0000000100000000)
  eden space 16384K, 0% used [0x00000000eaf00000,0x00000000eaf00000,0x00000000ebf00000)
  from space 2560K, 99% used [0x00000000ec180000,0x00000000ec3f9d00,0x00000000ec400000)
  to   space 2560K, 0% used [0x00000000ebf00000,0x00000000ebf00000,0x00000000ec180000)
 ParOldGen       total 44032K, used 3192K [0x00000000c0c00000, 0x00000000c3700000, 0x00000000eaf00000)
  object space 44032K, 7% used [0x00000000c0c00000,0x00000000c0f1e060,0x00000000c3700000)
 Metaspace       used 9067K, capacity 9177K, committed 9344K, reserved 1058816K
  class space    used 810K, capacity 849K, committed 896K, reserved 1048576K
}

Deoptimization events (10 events):
Event: 8.500 Thread 0x00000000575a8800 Uncommon trap: reason=unstable_if action=reinterpret pc=0x0000000002b3ceec method=java.util.StringTokenizer.scanToken(I)I @ 7
Event: 8.633 Thread 0x00000000575a8800 Uncommon trap: reason=unstable_if action=reinterpret pc=0x0000000002cb6658 method=com.badlogic.gdx.maps.tiled.TiledMapTileLayer.getCell(II)Lcom/badlogic/gdx/maps/tiled/TiledMapTileLayer$Cell; @ 23
Event: 8.655 Thread 0x00000000575a8800 Uncommon trap: reason=unstable_if action=reinterpret pc=0x0000000002b131a0 method=java.lang.String.<init>([CII)V @ 18
Event: 9.964 Thread 0x00000000575a8800 Uncommon trap: reason=array_check action=maybe_recompile pc=0x0000000002cbf4b8 method=com.badlogic.gdx.utils.Array.add(Ljava/lang/Object;)V @ 46
Event: 15.519 Thread 0x00000000575a8800 Uncommon trap: reason=array_check action=maybe_recompile pc=0x0000000002cbf4b8 method=com.badlogic.gdx.utils.Array.add(Ljava/lang/Object;)V @ 46
Event: 16.659 Thread 0x00000000575a8800 Uncommon trap: reason=unstable_if action=reinterpret pc=0x0000000002dbb9b4 method=com.runner.stages.GameStage.update(Lcom/badlogic/gdx/physics/box2d/Body;)V @ 24
Event: 16.662 Thread 0x00000000575a8800 Uncommon trap: reason=unstable_if action=reinterpret pc=0x0000000002daa8ec method=com.runner.stages.GameStage.act(F)V @ 295
Event: 18.095 Thread 0x00000000575a8800 Uncommon trap: reason=array_check action=maybe_recompile pc=0x0000000002cbf4b8 method=com.badlogic.gdx.utils.Array.add(Ljava/lang/Object;)V @ 46
Event: 19.398 Thread 0x00000000575a8800 Uncommon trap: reason=array_check action=maybe_recompile pc=0x0000000002cbf4b8 method=com.badlogic.gdx.utils.Array.add(Ljava/lang/Object;)V @ 46
Event: 32.842 Thread 0x00000000575a8800 Uncommon trap: reason=unstable_if action=reinterpret pc=0x0000000002e40610 method=com.runner.stages.GameStage.act(F)V @ 261

Internal exceptions (10 events):
Event: 0.397 Thread 0x00000000020b0000 Exception <a 'java/security/PrivilegedActionException'> (0x00000000eb1cf398) thrown at [C:\src\android\AOSP-openjdk\external\jetbrains\jdk\hotspot\src\share\vm\prims\jvm.cpp, line 1386]
Event: 0.397 Thread 0x00000000020b0000 Exception <a 'java/security/PrivilegedActionException'> (0x00000000eb1cf5a8) thrown at [C:\src\android\AOSP-openjdk\external\jetbrains\jdk\hotspot\src\share\vm\prims\jvm.cpp, line 1386]
Event: 0.397 Thread 0x00000000020b0000 Exception <a 'java/security/PrivilegedActionException'> (0x00000000eb1d0980) thrown at [C:\src\android\AOSP-openjdk\external\jetbrains\jdk\hotspot\src\share\vm\prims\jvm.cpp, line 1386]
Event: 0.397 Thread 0x00000000020b0000 Exception <a 'java/security/PrivilegedActionException'> (0x00000000eb1d0b90) thrown at [C:\src\android\AOSP-openjdk\external\jetbrains\jdk\hotspot\src\share\vm\prims\jvm.cpp, line 1386]
Event: 2.249 Thread 0x00000000020b0000 Exception <a 'java/security/PrivilegedActionException'> (0x00000000eb3c7658) thrown at [C:\src\android\AOSP-openjdk\external\jetbrains\jdk\hotspot\src\share\vm\prims\jvm.cpp, line 1386]
Event: 2.249 Thread 0x00000000020b0000 Exception <a 'java/security/PrivilegedActionException'> (0x00000000eb3c9330) thrown at [C:\src\android\AOSP-openjdk\external\jetbrains\jdk\hotspot\src\share\vm\prims\jvm.cpp, line 1386]
Event: 2.249 Thread 0x00000000020b0000 Exception <a 'java/security/PrivilegedActionException'> (0x00000000eb3ca4a0) thrown at [C:\src\android\AOSP-openjdk\external\jetbrains\jdk\hotspot\src\share\vm\prims\jvm.cpp, line 1386]
Event: 2.249 Thread 0x00000000020b0000 Exception <a 'java/security/PrivilegedActionException'> (0x00000000eb3cf608) thrown at [C:\src\android\AOSP-openjdk\external\jetbrains\jdk\hotspot\src\share\vm\prims\jvm.cpp, line 1386]
Event: 2.249 Thread 0x00000000020b0000 Exception <a 'java/security/PrivilegedActionException'> (0x00000000eb3d0260) thrown at [C:\src\android\AOSP-openjdk\external\jetbrains\jdk\hotspot\src\share\vm\prims\jvm.cpp, line 1386]
Event: 2.249 Thread 0x00000000020b0000 Exception <a 'java/security/PrivilegedActionException'> (0x00000000eb3d0e88) thrown at [C:\src\android\AOSP-openjdk\external\jetbrains\jdk\hotspot\src\share\vm\prims\jvm.cpp, line 1386]

Events (10 events):
Event: 24.731 Executing VM operation: BulkRevokeBias done
Event: 24.731 Executing VM operation: RevokeBias
Event: 24.732 Executing VM operation: RevokeBias done
Event: 24.732 Executing VM operation: RevokeBias
Event: 24.732 Executing VM operation: RevokeBias done
Event: 24.732 Executing VM operation: RevokeBias
Event: 24.732 Executing VM operation: RevokeBias done
Event: 32.842 Thread 0x00000000575a8800 Uncommon trap: trap_request=0xffffff65 fr.pc=0x0000000002e40610
Event: 32.842 Thread 0x00000000575a8800 DEOPT PACKING pc=0x0000000002e40610 sp=0x0000000058edf4a0
Event: 32.842 Thread 0x00000000575a8800 DEOPT UNPACKING pc=0x000000000291556a sp=0x0000000058edf468 mode 2


Dynamic libraries:
0x000000013fa40000 - 0x000000013fa71000 	C:\Android\Android Studio\jre\bin\java.exe
0x0000000076cc0000 - 0x0000000076e6a000 	C:\Windows\SYSTEM32\ntdll.dll
0x0000000076aa0000 - 0x0000000076bbf000 	C:\Windows\system32\kernel32.dll
0x000007fefcb00000 - 0x000007fefcb6a000 	C:\Windows\system32\KERNELBASE.dll
0x000007fefd4f0000 - 0x000007fefd5cb000 	C:\Windows\system32\ADVAPI32.dll
0x000007fefdd90000 - 0x000007fefde2f000 	C:\Windows\system32\msvcrt.dll
0x000007fefdaa0000 - 0x000007fefdabf000 	C:\Windows\SYSTEM32\sechost.dll
0x000007fefd290000 - 0x000007fefd3bd000 	C:\Windows\system32\RPCRT4.dll
0x0000000076bc0000 - 0x0000000076cba000 	C:\Windows\system32\USER32.dll
0x000007fefd670000 - 0x000007fefd6d7000 	C:\Windows\system32\GDI32.dll
0x000007fefe230000 - 0x000007fefe23e000 	C:\Windows\system32\LPK.dll
0x000007fefde30000 - 0x000007fefdefa000 	C:\Windows\system32\USP10.dll
0x000007fefaff0000 - 0x000007fefb1e4000 	C:\Windows\WinSxS\amd64_microsoft.windows.common-controls_6595b64144ccf1df_6.0.7601.18837_none_fa3b1e3d17594757\COMCTL32.dll
0x000007fefd210000 - 0x000007fefd281000 	C:\Windows\system32\SHLWAPI.dll
0x000007fefd3c0000 - 0x000007fefd3ee000 	C:\Windows\system32\IMM32.DLL
0x000007fefd990000 - 0x000007fefda99000 	C:\Windows\system32\MSCTF.dll
0x0000000059910000 - 0x00000000599e2000 	C:\Android\Android Studio\jre\jre\bin\msvcr100.dll
0x0000000055b40000 - 0x0000000056374000 	C:\Android\Android Studio\jre\jre\bin\server\jvm.dll
0x000007fee7d70000 - 0x000007fee7d79000 	C:\Windows\system32\WSOCK32.dll
0x000007fefe1e0000 - 0x000007fefe22d000 	C:\Windows\system32\WS2_32.dll
0x000007fefd010000 - 0x000007fefd018000 	C:\Windows\system32\NSI.dll
0x000007fefa4f0000 - 0x000007fefa52b000 	C:\Windows\system32\WINMM.dll
0x000007fefba20000 - 0x000007fefba2c000 	C:\Windows\system32\VERSION.dll
0x0000000076e90000 - 0x0000000076e97000 	C:\Windows\system32\PSAPI.DLL
0x000007fee8be0000 - 0x000007fee8bef000 	C:\Android\Android Studio\jre\jre\bin\verify.dll
0x000007fee7e30000 - 0x000007fee7e59000 	C:\Android\Android Studio\jre\jre\bin\java.dll
0x000007fee82c0000 - 0x000007fee82d6000 	C:\Android\Android Studio\jre\jre\bin\zip.dll
0x000007fefe240000 - 0x000007fefefc9000 	C:\Windows\system32\SHELL32.dll
0x000007fefd780000 - 0x000007fefd983000 	C:\Windows\system32\ole32.dll
0x000007fefca00000 - 0x000007fefca0f000 	C:\Windows\system32\profapi.dll
0x000007fef9db0000 - 0x000007fef9dbf000 	C:\Android\Android Studio\bin\breakgen64.dll
0x000007fee8430000 - 0x000007fee844a000 	C:\Android\Android Studio\jre\jre\bin\net.dll
0x000007fefc1d0000 - 0x000007fefc225000 	C:\Windows\system32\mswsock.dll
0x000007fefc1c0000 - 0x000007fefc1c7000 	C:\Windows\System32\wship6.dll
0x0000000065580000 - 0x0000000065616000 	C:\Users\oCocha\AppData\Local\Temp\libgdxoCocha\8aad67a5\gdx64.dll
0x000007fefc230000 - 0x000007fefc248000 	C:\Windows\system32\CRYPTSP.dll
0x000007fefbf30000 - 0x000007fefbf77000 	C:\Windows\system32\rsaenh.dll
0x000007fefcb70000 - 0x000007fefcb8e000 	C:\Windows\system32\USERENV.dll
0x000007fefc890000 - 0x000007fefc89f000 	C:\Windows\system32\CRYPTBASE.dll
0x000007fef9fa0000 - 0x000007fef9fc7000 	C:\Windows\system32\IPHLPAPI.DLL
0x000007fef9f90000 - 0x000007fef9f9b000 	C:\Windows\system32\WINNSI.DLL
0x000007fef9d50000 - 0x000007fef9d61000 	C:\Windows\system32\dhcpcsvc6.DLL
0x000007fef9d30000 - 0x000007fef9d48000 	C:\Windows\system32\dhcpcsvc.DLL
0x000007fee4050000 - 0x000007fee4061000 	C:\Android\Android Studio\jre\jre\bin\nio.dll
0x0000000180000000 - 0x0000000180053000 	C:\Users\oCocha\AppData\Local\Temp\libgdxoCocha\dc0f0009\lwjgl64.dll
0x000007fed5f60000 - 0x000007fed607d000 	C:\Windows\system32\OPENGL32.dll
0x000007fedd660000 - 0x000007fedd68d000 	C:\Windows\system32\GLU32.dll
0x000007fed5b60000 - 0x000007fed5c51000 	C:\Windows\system32\DDRAW.dll
0x000007fee7450000 - 0x000007fee7458000 	C:\Windows\system32\DCIMAN32.dll
0x000007fefce30000 - 0x000007fefd007000 	C:\Windows\system32\SETUPAPI.dll
0x000007fefca90000 - 0x000007fefcac6000 	C:\Windows\system32\CFGMGR32.dll
0x000007fefd3f0000 - 0x000007fefd4ca000 	C:\Windows\system32\OLEAUT32.dll
0x000007fefca60000 - 0x000007fefca7a000 	C:\Windows\system32\DEVOBJ.dll
0x000007fefbaf0000 - 0x000007fefbb08000 	C:\Windows\system32\dwmapi.dll
0x0000000002420000 - 0x0000000002484000 	C:\Users\oCocha\AppData\Local\Temp\libgdxoCocha\dc0f0009\OpenAL64.dll
0x000007fefaf40000 - 0x000007fefaf96000 	C:\Windows\system32\uxtheme.dll
0x000007fefd5d0000 - 0x000007fefd669000 	C:\Windows\system32\CLBCatQ.DLL
0x000007fefb650000 - 0x000007fefb77c000 	C:\Windows\System32\PROPSYS.dll
0x000007fefca10000 - 0x000007fefca4b000 	C:\Windows\system32\WINTRUST.dll
0x000007fefcc40000 - 0x000007fefcdad000 	C:\Windows\system32\CRYPT32.dll
0x000007fefc9f0000 - 0x000007fefc9ff000 	C:\Windows\system32\MSASN1.dll
0x000007fedbec0000 - 0x000007fedbf48000 	C:\Windows\system32\dsound.dll
0x000007fefbb10000 - 0x000007fefbb3c000 	C:\Windows\system32\POWRPROF.dll
0x000007fefb780000 - 0x000007fefb7cb000 	C:\Windows\System32\MMDevApi.dll
0x000007fefa060000 - 0x000007fefa0af000 	C:\Windows\system32\AUDIOSES.DLL
0x000007fedd640000 - 0x000007fedd658000 	C:\Windows\system32\atig6pxx.dll
0x00000000599f0000 - 0x000000005b7f0000 	C:\Windows\system32\atio6axx.dll
0x000007feec540000 - 0x000007feec681000 	C:\Windows\system32\atiadlxx.dll
0x000007fefbb40000 - 0x000007fefbb51000 	C:\Windows\system32\WTSAPI32.dll
0x000007fedb090000 - 0x000007fedb0bc000 	C:\Windows\system32\atig6txx.dll
0x000007fedfff0000 - 0x000007fee008c000 	C:\Windows\system32\mscms.dll
0x000007fedff50000 - 0x000007fedff92000 	C:\Windows\system32\icm32.dll
0x0000000066bc0000 - 0x0000000066c7b000 	C:\Users\oCocha\AppData\Local\Temp\libgdxoCocha\b6038e5c\gdx-box2d64.dll
0x000007fef39b0000 - 0x000007fef3ad5000 	C:\Windows\system32\dbghelp.dll

VM Arguments:
jvm_args: -Didea.launcher.port=7544 -Didea.launcher.bin.path=C:\Android\Android Studio\bin -Dfile.encoding=UTF-8 
java_command: com.intellij.rt.execution.application.AppMain com.runner.desktop.DesktopLauncher
java_class_path (initial): C:\Android\Android Studio\jre\jre\lib\charsets.jar;C:\Android\Android Studio\jre\jre\lib\ext\access-bridge-64.jar;C:\Android\Android Studio\jre\jre\lib\ext\cldrdata.jar;C:\Android\Android Studio\jre\jre\lib\ext\dnsns.jar;C:\Android\Android Studio\jre\jre\lib\ext\jaccess.jar;C:\Android\Android Studio\jre\jre\lib\ext\localedata.jar;C:\Android\Android Studio\jre\jre\lib\ext\nashorn.jar;C:\Android\Android Studio\jre\jre\lib\ext\sunec.jar;C:\Android\Android Studio\jre\jre\lib\ext\sunjce_provider.jar;C:\Android\Android Studio\jre\jre\lib\ext\sunmscapi.jar;C:\Android\Android Studio\jre\jre\lib\ext\sunpkcs11.jar;C:\Android\Android Studio\jre\jre\lib\ext\zipfs.jar;C:\Android\Android Studio\jre\jre\lib\jce.jar;C:\Android\Android Studio\jre\jre\lib\jsse.jar;C:\Android\Android Studio\jre\jre\lib\management-agent.jar;C:\Android\Android Studio\jre\jre\lib\resources.jar;C:\Android\Android Studio\jre\jre\lib\rt.jar;C:\Android\Projekte\ItsAMe\desktop\build\classes\main;C:\Android\Projekte\ItsAMe\core\build\classes\main;C:\Users\oCocha\.gradle\caches\modules-2\files-2.1\com.badlogicgames.gdx\gdx\1.9.4\4b4b7962d1bc75af0438f5c81ec1010557bc9ee5\gdx-1.9.4.jar;C:\Users\oCocha\.gradle\caches\modules-2\files-2.1\com.badlogicgames.gdx\gdx-box2d\1.9.4\98a0d25c9f0637fecac6e4aacf7287aa635964f5\gdx-box2d-1.9.4.jar;C:\Android\Projekte\ItsAMe\core\build\libs\core-1.0.jar;C:\Users\oCocha\.gradle\caches\modules-2\files-2.1\com.badlogicgames.gdx\gdx-backend-lwjgl\1.9.4\4c6c108a9dcbc07096de8594b93f9cab33856fe2\gdx-backend-lwjgl-1.9.4.jar;C:\Users\oCocha\.gradle\caches\modules-2\files-2.1\com.badlogicgames.gdx\gdx-platform\1.9.4\8e93afecc287ab152179983fc1b5f65db4c2fa4c\gdx-platform-1.9.4-natives-desktop.jar;C:\Users\oCocha\.gradle\caches\modules-2\files-2.1\com.badlogicgames.gdx\gdx-box2d-platform\1.9.4\905a9ed3017cd3917b7fbada5ece58c40fddcbca\gdx-box2d-platform-1.9.4-natives-desktop.jar;C:\Users\oCocha\.gradle\caches\modules-2\files-2.1\org.lwjgl.lwjgl\lwjgl\2.9.2\a9d80fe5
Launcher Type: SUN_STANDARD

Environment Variables:
PATH=C:\ProgramData\Oracle\Java\javapath;C:\Program Files\Common Files\Microsoft Shared\Windows Live;C:\Program Files (x86)\Common Files\Microsoft Shared\Windows Live;C:\Windows\system32;C:\Windows;C:\Windows\System32\Wbem;C:\Windows\System32\WindowsPowerShell\v1.0\;C:\Program Files (x86)\ATI Technologies\ATI.ACE\Core-Static;C:\Program Files (x86)\Windows Live\Shared;C:\Program Files (x86)\GtkSharp\2.12\bin;C:\Program Files (x86)\Skype\Phone\;C:\Program Files (x86)\AMD\ATI.ACE\Core-Static;C:\Program Files (x86)\Common Files\Softimage;C:\Program Files\Common Files\Softimage;C:\Program Files (x86)\Mozilla Firefox;C:\ProgramData\Oracle\Java\javapath;C:\Program Files\Common Files\Microsoft Shared\Windows Live;C:\Program Files (x86)\Common Files\Microsoft Shared\Windows Live;C:\Windows\system32;C:\Windows;C:\Windows\System32\Wbem;C:\Windows\System32\WindowsPowerShell\v1.0\;C:\Program Files (x86)\ATI Technologies\ATI.ACE\Core-Static;C:\Program Files (x86)\Windows Live\Shared;C:\Program Files (x86)\GtkSharp\2.12\bin;C:\Program Files (x86)\Skype\Phone\;C:\Program Files (x86)\AMD\ATI.ACE\Core-Static
USERNAME=oCocha
OS=Windows_NT
PROCESSOR_IDENTIFIER=Intel64 Family 6 Model 58 Stepping 9, GenuineIntel



---------------  S Y S T E M  ---------------

OS: Windows 7 , 64 bit Build 7601 (6.1.7601.23543)

CPU:total 2 (2 cores per cpu, 1 threads per core) family 6 model 58 stepping 9, cmov, cx8, fxsr, mmx, sse, sse2, sse3, ssse3, sse4.1, sse4.2, popcnt, clmul, erms, tsc, tscinvbit, tscinv

Memory: 4k page, physical 4143476k(1361980k free), swap 8285092k(2869716k free)

vm_info: OpenJDK 64-Bit Server VM (25.76-b03) for windows-amd64 JRE (1.8.0_76-release-b03), built on Jun 29 2016 19:09:20 by "ralucas" with MS VC++ 10.0 (VS2010)

time: Sat Dec 10 15:26:26 2016
elapsed time: 32 seconds (0d 0h 0m 32s)

