#
# A fatal error has been detected by the Java Runtime Environment:
#
#  EXCEPTION_ACCESS_VIOLATION (0xc0000005) at pc=0x0000000066bcbd0d, pid=3544, tid=0x0000000000000980
#
# JRE version: OpenJDK Runtime Environment (8.0_76-b03) (build 1.8.0_76-release-b03)
# Java VM: OpenJDK 64-Bit Server VM (25.76-b03 mixed mode windows-amd64 compressed oops)
# Problematic frame:
# C  [gdx-box2d64.dll+0xbd0d]
#
# Failed to write core dump. Minidumps are not enabled by default on client versions of Windows
#
# If you would like to submit a bug report, please visit:
#   http://bugreport.java.com/bugreport/crash.jsp
# The crash happened outside the Java Virtual Machine in native code.
# See problematic frame for where to report the bug.
#

---------------  T H R E A D  ---------------

Current thread (0x0000000056d72800):  JavaThread "LWJGL Application" [_thread_in_native, id=2432, stack(0x00000000584a0000,0x00000000585a0000)]

siginfo: ExceptionCode=0xc0000005, reading address 0x000000020044e910

Registers:
RAX=0x000000020044e910, RBX=0x00000000003c7de0, RCX=0x00000000003c7db0, RDX=0x00000000000000b8
RSP=0x000000005859efb0, RBP=0x0000000000000006, RSI=0x00000000003c7db0, RDI=0x000000005859f070
R8 =0x00000000003c7db0, R9 =0x0000000000000002, R10=0x0000000000000000, R11=0x0000000000000001
R12=0x0000000000000000, R13=0x0000000054aeaf38, R14=0x000000005859f338, R15=0x0000000056d72800
RIP=0x0000000066bcbd0d, EFLAGS=0x0000000000010202

Top of Stack: (sp=0x000000005859efb0)
0x000000005859efb0:   0000000014501738 000000005859f028
0x000000005859efc0:   0000000002727a01 0000000066bf9b92
0x000000005859efd0:   00000000eb4f8e00 00000000003c7db0
0x000000005859efe0:   0000000000000001 000000005859f070
0x000000005859eff0:   000000005859f190 0000000000000000
0x000000005859f000:   0000000054aeaf38 0000000066be2483
0x000000005859f010:   00000000003c7d30 0000000066bfc2f5
0x000000005859f020:   0000000054440480 0000000054a4a468
0x000000005859f030:   0000000000000001 0000000000000001
0x000000005859f040:   0000000000000001 0000000066be8616
0x000000005859f050:   0000000056d72800 000000005859f230
0x000000005859f060:   0000000054a4a468 0000000000000000
0x000000005859f070:   4143595600000002 00000000407cf5c1
0x000000005859f080:   0000000000000000 0000000000000000
0x000000005859f090:   0000010100000000 0000000000000001
0x000000005859f0a0:   0000000000000000 000000003f800000 

Instructions: (pc=0x0000000066bcbd0d)
0x0000000066bcbced:   48 8d 05 6c a3 05 00 0f b6 1c 18 80 fb 0d 0f b6
0x0000000066bcbcfd:   eb 77 21 48 8d 1c de 48 8b 43 10 48 85 c0 74 3a
0x0000000066bcbd0d:   48 8b 10 48 89 53 10 48 83 c4 28 5b 5e 5f 5d 41
0x0000000066bcbd1d:   5c 41 5d c3 48 8d 15 18 9e 04 00 48 8d 0d 99 9e 


Register to memory mapping:

RAX=0x000000020044e910 is an unknown value
RBX=0x00000000003c7de0 is an unknown value
RCX=0x00000000003c7db0 is an unknown value
RDX=0x00000000000000b8 is an unknown value
RSP=0x000000005859efb0 is pointing into the stack for thread: 0x0000000056d72800
RBP=0x0000000000000006 is an unknown value
RSI=0x00000000003c7db0 is an unknown value
RDI=0x000000005859f070 is pointing into the stack for thread: 0x0000000056d72800
R8 =0x00000000003c7db0 is an unknown value
R9 =0x0000000000000002 is an unknown value
R10=0x0000000000000000 is an unknown value
R11=0x0000000000000001 is an unknown value
R12=0x0000000000000000 is an unknown value
R13=0x0000000054aeaf38 is pointing into metadata
R14=0x000000005859f338 is pointing into the stack for thread: 0x0000000056d72800
R15=0x0000000056d72800 is a thread


Stack: [0x00000000584a0000,0x00000000585a0000],  sp=0x000000005859efb0,  free space=1019k
Native frames: (J=compiled Java code, j=interpreted, Vv=VM code, C=native code)
C  [gdx-box2d64.dll+0xbd0d]
C  [gdx-box2d64.dll+0x22483]
C  [gdx-box2d64.dll+0x28616]
C  0x00000000029ea4a4

Java frames: (J=compiled Java code, j=interpreted, Vv=VM code)
J 648  com.badlogic.gdx.physics.box2d.World.jniCreateBody(JIFFFFFFFFZZZZZF)J (0 bytes) @ 0x00000000029ea426 [0x00000000029ea380+0xa6]
J 647 C1 com.badlogic.gdx.physics.box2d.World.createBody(Lcom/badlogic/gdx/physics/box2d/BodyDef;)Lcom/badlogic/gdx/physics/box2d/Body; (120 bytes) @ 0x00000000029eaf3c [0x00000000029eada0+0x19c]
j  com.runner.utils.WorldUtils.createProjectile(Lcom/badlogic/gdx/physics/box2d/World;FFZ)Lcom/badlogic/gdx/physics/box2d/Body;+154
j  com.runner.stages.GameStage.shoot()V+41
j  com.runner.stages.HudStage.touchDown(IIII)Z+38
j  com.badlogic.gdx.backends.lwjgl.LwjglInput.processEvents()V+253
j  com.badlogic.gdx.backends.lwjgl.LwjglApplication.mainLoop()V+600
j  com.badlogic.gdx.backends.lwjgl.LwjglApplication$1.run()V+27
v  ~StubRoutines::call_stub

---------------  P R O C E S S  ---------------

Java Threads: ( => current thread )
  0x0000000056e4e000 JavaThread "LWJGL Timer" daemon [_thread_blocked, id=5292, stack(0x000000005fb20000,0x000000005fc20000)]
  0x0000000002130000 JavaThread "DestroyJavaVM" [_thread_blocked, id=764, stack(0x0000000002350000,0x0000000002450000)]
=>0x0000000056d72800 JavaThread "LWJGL Application" [_thread_in_native, id=2432, stack(0x00000000584a0000,0x00000000585a0000)]
  0x00000000568f9000 JavaThread "Monitor Ctrl-Break" daemon [_thread_in_native, id=5672, stack(0x0000000056be0000,0x0000000056ce0000)]
  0x0000000054e37000 JavaThread "Service Thread" daemon [_thread_blocked, id=5484, stack(0x0000000056590000,0x0000000056690000)]
  0x0000000054e34000 JavaThread "C1 CompilerThread1" daemon [_thread_blocked, id=6056, stack(0x0000000056330000,0x0000000056430000)]
  0x0000000054dd9800 JavaThread "C2 CompilerThread0" daemon [_thread_blocked, id=5720, stack(0x0000000056160000,0x0000000056260000)]
  0x0000000054dd8000 JavaThread "Attach Listener" daemon [_thread_blocked, id=3972, stack(0x0000000055fb0000,0x00000000560b0000)]
  0x0000000054dd6800 JavaThread "Signal Dispatcher" daemon [_thread_blocked, id=6012, stack(0x0000000055a80000,0x0000000055b80000)]
  0x0000000054dbd800 JavaThread "Finalizer" daemon [_thread_blocked, id=1112, stack(0x0000000055db0000,0x0000000055eb0000)]
  0x0000000054d76800 JavaThread "Reference Handler" daemon [_thread_blocked, id=4148, stack(0x0000000055980000,0x0000000055a80000)]

Other Threads:
  0x0000000054d6c800 VMThread [stack: 0x00000000557c0000,0x00000000558c0000] [id=3760]
  0x0000000054e38800 WatcherThread [stack: 0x00000000566c0000,0x00000000567c0000] [id=4612]

VM state:not at safepoint (normal execution)

VM Mutex/Monitor currently owned by a thread: None

Heap:
 PSYoungGen      total 18944K, used 8664K [0x00000000eaf00000, 0x00000000ec400000, 0x0000000100000000)
  eden space 16384K, 37% used [0x00000000eaf00000,0x00000000eb4fa920,0x00000000ebf00000)
  from space 2560K, 99% used [0x00000000ebf00000,0x00000000ec17b6f8,0x00000000ec180000)
  to   space 2560K, 0% used [0x00000000ec180000,0x00000000ec180000,0x00000000ec400000)
 ParOldGen       total 44032K, used 1463K [0x00000000c0c00000, 0x00000000c3700000, 0x00000000eaf00000)
  object space 44032K, 3% used [0x00000000c0c00000,0x00000000c0d6dfd0,0x00000000c3700000)
 Metaspace       used 8312K, capacity 8391K, committed 8576K, reserved 1056768K
  class space    used 757K, capacity 784K, committed 896K, reserved 1048576K

Card table byte_map: [0x0000000011ae0000,0x0000000011ce0000] byte_map_base: 0x00000000114da000

Marking Bits: (ParMarkBitMap*) 0x0000000059ed9d00
 Begin Bits: [0x00000000122a0000, 0x0000000013270000)
 End Bits:   [0x0000000013270000, 0x0000000014240000)

Polling page: 0x0000000000230000

CodeCache: size=245760Kb used=4126Kb max_used=4130Kb free=241633Kb
 bounds [0x0000000002720000, 0x0000000002b30000, 0x0000000011720000]
 total_blobs=1617 nmethods=1118 adapters=414
 compilation: enabled

Compilation events (10 events):
Event: 4.779 Thread 0x0000000054e34000 1114       3       com.badlogic.gdx.scenes.scene2d.Group::computeTransform (126 bytes)
Event: 4.779 Thread 0x0000000054e34000 nmethod 1114 0x0000000002b21b10 code [0x0000000002b21ce0, 0x0000000002b222f8]
Event: 4.780 Thread 0x0000000054e34000 1115       1       com.badlogic.gdx.graphics.glutils.IndexArray::bind (1 bytes)
Event: 4.780 Thread 0x0000000054e34000 nmethod 1115 0x0000000002b25a90 code [0x0000000002b25be0, 0x0000000002b25cf0]
Event: 4.780 Thread 0x0000000054e34000 1116       1       com.badlogic.gdx.graphics.glutils.IndexArray::unbind (1 bytes)
Event: 4.780 Thread 0x0000000054e34000 nmethod 1116 0x0000000002b28a10 code [0x0000000002b28b60, 0x0000000002b28c70]
Event: 4.788 Thread 0x0000000054e34000 1117       3       com.badlogic.gdx.graphics.g2d.Animation::getKeyFrameIndex (219 bytes)
Event: 4.789 Thread 0x0000000054e34000 nmethod 1117 0x0000000002b2a410 code [0x0000000002b2a5e0, 0x0000000002b2ada8]
Event: 4.790 Thread 0x0000000054dd9800 1118       4       com.runner.stages.GameStage::update (108 bytes)
Event: 4.794 Thread 0x0000000054dd9800 nmethod 1118 0x0000000002b2c090 code [0x0000000002b2c2a0, 0x0000000002b2c6b0]

GC Heap History (2 events):
Event: 1.937 GC heap before
{Heap before GC invocations=1 (full 0):
 PSYoungGen      total 18944K, used 16384K [0x00000000eaf00000, 0x00000000ec400000, 0x0000000100000000)
  eden space 16384K, 100% used [0x00000000eaf00000,0x00000000ebf00000,0x00000000ebf00000)
  from space 2560K, 0% used [0x00000000ec180000,0x00000000ec180000,0x00000000ec400000)
  to   space 2560K, 0% used [0x00000000ebf00000,0x00000000ebf00000,0x00000000ec180000)
 ParOldGen       total 44032K, used 0K [0x00000000c0c00000, 0x00000000c3700000, 0x00000000eaf00000)
  object space 44032K, 0% used [0x00000000c0c00000,0x00000000c0c00000,0x00000000c3700000)
 Metaspace       used 7454K, capacity 7555K, committed 7680K, reserved 1056768K
  class space    used 690K, capacity 720K, committed 768K, reserved 1048576K
Event: 1.940 GC heap after
Heap after GC invocations=1 (full 0):
 PSYoungGen      total 18944K, used 2541K [0x00000000eaf00000, 0x00000000ec400000, 0x0000000100000000)
  eden space 16384K, 0% used [0x00000000eaf00000,0x00000000eaf00000,0x00000000ebf00000)
  from space 2560K, 99% used [0x00000000ebf00000,0x00000000ec17b6f8,0x00000000ec180000)
  to   space 2560K, 0% used [0x00000000ec180000,0x00000000ec180000,0x00000000ec400000)
 ParOldGen       total 44032K, used 1463K [0x00000000c0c00000, 0x00000000c3700000, 0x00000000eaf00000)
  object space 44032K, 3% used [0x00000000c0c00000,0x00000000c0d6dfd0,0x00000000c3700000)
 Metaspace       used 7454K, capacity 7555K, committed 7680K, reserved 1056768K
  class space    used 690K, capacity 720K, committed 768K, reserved 1048576K
}

Deoptimization events (6 events):
Event: 1.841 Thread 0x0000000056d72800 Uncommon trap: reason=unstable_if action=reinterpret pc=0x00000000028c31d0 method=java.lang.String.<init>([CII)V @ 18
Event: 3.419 Thread 0x0000000056d72800 Uncommon trap: reason=array_check action=maybe_recompile pc=0x0000000002a4f0f8 method=com.badlogic.gdx.utils.Array.add(Ljava/lang/Object;)V @ 46
Event: 4.041 Thread 0x0000000056d72800 Uncommon trap: reason=array_check action=maybe_recompile pc=0x0000000002a4f0f8 method=com.badlogic.gdx.utils.Array.add(Ljava/lang/Object;)V @ 46
Event: 4.376 Thread 0x0000000056d72800 Uncommon trap: reason=array_check action=maybe_recompile pc=0x0000000002a4f0f8 method=com.badlogic.gdx.utils.Array.add(Ljava/lang/Object;)V @ 46
Event: 4.557 Thread 0x0000000056d72800 Uncommon trap: reason=array_check action=maybe_recompile pc=0x0000000002a4f0f8 method=com.badlogic.gdx.utils.Array.add(Ljava/lang/Object;)V @ 46
Event: 4.639 Thread 0x0000000056d72800 Uncommon trap: reason=unstable_if action=reinterpret pc=0x0000000002a5dd8c method=com.runner.stages.GameStage.update(Lcom/badlogic/gdx/physics/box2d/Body;)V @ 24

Internal exceptions (10 events):
Event: 0.223 Thread 0x0000000002130000 Exception <a 'java/security/PrivilegedActionException'> (0x00000000eb1ca198) thrown at [C:\src\android\AOSP-openjdk\external\jetbrains\jdk\hotspot\src\share\vm\prims\jvm.cpp, line 1386]
Event: 0.223 Thread 0x0000000002130000 Exception <a 'java/security/PrivilegedActionException'> (0x00000000eb1ca3a8) thrown at [C:\src\android\AOSP-openjdk\external\jetbrains\jdk\hotspot\src\share\vm\prims\jvm.cpp, line 1386]
Event: 0.223 Thread 0x0000000002130000 Exception <a 'java/security/PrivilegedActionException'> (0x00000000eb1cb780) thrown at [C:\src\android\AOSP-openjdk\external\jetbrains\jdk\hotspot\src\share\vm\prims\jvm.cpp, line 1386]
Event: 0.223 Thread 0x0000000002130000 Exception <a 'java/security/PrivilegedActionException'> (0x00000000eb1cb990) thrown at [C:\src\android\AOSP-openjdk\external\jetbrains\jdk\hotspot\src\share\vm\prims\jvm.cpp, line 1386]
Event: 1.076 Thread 0x0000000002130000 Exception <a 'java/security/PrivilegedActionException'> (0x00000000eb3bf960) thrown at [C:\src\android\AOSP-openjdk\external\jetbrains\jdk\hotspot\src\share\vm\prims\jvm.cpp, line 1386]
Event: 1.076 Thread 0x0000000002130000 Exception <a 'java/security/PrivilegedActionException'> (0x00000000eb3c1638) thrown at [C:\src\android\AOSP-openjdk\external\jetbrains\jdk\hotspot\src\share\vm\prims\jvm.cpp, line 1386]
Event: 1.076 Thread 0x0000000002130000 Exception <a 'java/security/PrivilegedActionException'> (0x00000000eb3c27a8) thrown at [C:\src\android\AOSP-openjdk\external\jetbrains\jdk\hotspot\src\share\vm\prims\jvm.cpp, line 1386]
Event: 1.076 Thread 0x0000000002130000 Exception <a 'java/security/PrivilegedActionException'> (0x00000000eb3c7910) thrown at [C:\src\android\AOSP-openjdk\external\jetbrains\jdk\hotspot\src\share\vm\prims\jvm.cpp, line 1386]
Event: 1.076 Thread 0x0000000002130000 Exception <a 'java/security/PrivilegedActionException'> (0x00000000eb3c8568) thrown at [C:\src\android\AOSP-openjdk\external\jetbrains\jdk\hotspot\src\share\vm\prims\jvm.cpp, line 1386]
Event: 1.077 Thread 0x0000000002130000 Exception <a 'java/security/PrivilegedActionException'> (0x00000000eb3c9190) thrown at [C:\src\android\AOSP-openjdk\external\jetbrains\jdk\hotspot\src\share\vm\prims\jvm.cpp, line 1386]

Events (10 events):
Event: 4.376 Thread 0x0000000056d72800 DEOPT PACKING pc=0x0000000002a4f0f8 sp=0x000000005859f240
Event: 4.376 Thread 0x0000000056d72800 DEOPT UNPACKING pc=0x000000000276556a sp=0x000000005859f1d0 mode 2
Event: 4.557 Thread 0x0000000056d72800 Uncommon trap: trap_request=0xffffffd6 fr.pc=0x0000000002a4f0f8
Event: 4.557 Thread 0x0000000056d72800 DEOPT PACKING pc=0x0000000002a4f0f8 sp=0x000000005859f240
Event: 4.557 Thread 0x0000000056d72800 DEOPT UNPACKING pc=0x000000000276556a sp=0x000000005859f1d0 mode 2
Event: 4.639 Thread 0x0000000056d72800 Uncommon trap: trap_request=0xffffff65 fr.pc=0x0000000002a5dd8c
Event: 4.639 Thread 0x0000000056d72800 DEOPT PACKING pc=0x0000000002a5dd8c sp=0x000000005859f270
Event: 4.639 Thread 0x0000000056d72800 DEOPT UNPACKING pc=0x000000000276556a sp=0x000000005859f228 mode 2
Event: 4.738 Thread 0x0000000056d72800 DEOPT PACKING pc=0x00000000029fc45b sp=0x000000005859e9f0
Event: 4.738 Thread 0x0000000056d72800 DEOPT UNPACKING pc=0x00000000027671bf sp=0x000000005859e7f0 mode 0


Dynamic libraries:
0x000000013f0d0000 - 0x000000013f101000 	C:\Android\Android Studio\jre\bin\java.exe
0x00000000772e0000 - 0x000000007748a000 	C:\Windows\SYSTEM32\ntdll.dll
0x00000000771c0000 - 0x00000000772df000 	C:\Windows\system32\kernel32.dll
0x000007fefd360000 - 0x000007fefd3ca000 	C:\Windows\system32\KERNELBASE.dll
0x000007fefe690000 - 0x000007fefe76b000 	C:\Windows\system32\ADVAPI32.dll
0x000007fefed40000 - 0x000007fefeddf000 	C:\Windows\system32\msvcrt.dll
0x000007fefe880000 - 0x000007fefe89f000 	C:\Windows\SYSTEM32\sechost.dll
0x000007fefec10000 - 0x000007fefed3d000 	C:\Windows\system32\RPCRT4.dll
0x00000000770c0000 - 0x00000000771ba000 	C:\Windows\system32\USER32.dll
0x000007fefef20000 - 0x000007fefef87000 	C:\Windows\system32\GDI32.dll
0x000007fefe770000 - 0x000007fefe77e000 	C:\Windows\system32\LPK.dll
0x000007fefe440000 - 0x000007fefe50a000 	C:\Windows\system32\USP10.dll
0x000007fefbb50000 - 0x000007fefbd44000 	C:\Windows\WinSxS\amd64_microsoft.windows.common-controls_6595b64144ccf1df_6.0.7601.18837_none_fa3b1e3d17594757\COMCTL32.dll
0x000007fefeea0000 - 0x000007fefef11000 	C:\Windows\system32\SHLWAPI.dll
0x000007fefe7d0000 - 0x000007fefe7fe000 	C:\Windows\system32\IMM32.DLL
0x000007feff200000 - 0x000007feff309000 	C:\Windows\system32\MSCTF.dll
0x0000000055bf0000 - 0x0000000055cc2000 	C:\Android\Android Studio\jre\jre\bin\msvcr100.dll
0x0000000059720000 - 0x0000000059f54000 	C:\Android\Android Studio\jre\jre\bin\server\jvm.dll
0x000007feef7e0000 - 0x000007feef7e9000 	C:\Windows\system32\WSOCK32.dll
0x000007fefe780000 - 0x000007fefe7cd000 	C:\Windows\system32\WS2_32.dll
0x000007fefd3d0000 - 0x000007fefd3d8000 	C:\Windows\system32\NSI.dll
0x000007fefab10000 - 0x000007fefab4b000 	C:\Windows\system32\WINMM.dll
0x000007fefc040000 - 0x000007fefc04c000 	C:\Windows\system32\VERSION.dll
0x00000000774b0000 - 0x00000000774b7000 	C:\Windows\system32\PSAPI.DLL
0x000007fefb0d0000 - 0x000007fefb0df000 	C:\Android\Android Studio\jre\jre\bin\verify.dll
0x000007fef1740000 - 0x000007fef1769000 	C:\Android\Android Studio\jre\jre\bin\java.dll
0x000007fefae20000 - 0x000007fefae36000 	C:\Android\Android Studio\jre\jre\bin\zip.dll
0x000007fefd6b0000 - 0x000007fefe439000 	C:\Windows\system32\SHELL32.dll
0x000007fefeff0000 - 0x000007feff1f3000 	C:\Windows\system32\ole32.dll
0x000007fefd020000 - 0x000007fefd02f000 	C:\Windows\system32\profapi.dll
0x000007fef1720000 - 0x000007fef172f000 	C:\Android\Android Studio\bin\breakgen64.dll
0x000007fefab60000 - 0x000007fefab7a000 	C:\Android\Android Studio\jre\jre\bin\net.dll
0x000007fefc7f0000 - 0x000007fefc845000 	C:\Windows\system32\mswsock.dll
0x000007fefc7e0000 - 0x000007fefc7e7000 	C:\Windows\System32\wship6.dll
0x0000000065580000 - 0x0000000065616000 	C:\Users\oCocha\AppData\Local\Temp\libgdxoCocha\8aad67a5\gdx64.dll
0x000007fefcb90000 - 0x000007fefcba8000 	C:\Windows\system32\CRYPTSP.dll
0x000007fefc550000 - 0x000007fefc597000 	C:\Windows\system32\rsaenh.dll
0x000007fefd120000 - 0x000007fefd13e000 	C:\Windows\system32\USERENV.dll
0x000007fefceb0000 - 0x000007fefcebf000 	C:\Windows\system32\CRYPTBASE.dll
0x000007fefa480000 - 0x000007fefa4a7000 	C:\Windows\system32\IPHLPAPI.DLL
0x000007fefa470000 - 0x000007fefa47b000 	C:\Windows\system32\WINNSI.DLL
0x000007fefa010000 - 0x000007fefa021000 	C:\Windows\system32\dhcpcsvc6.DLL
0x000007fef9ff0000 - 0x000007fefa008000 	C:\Windows\system32\dhcpcsvc.DLL
0x000007fef1780000 - 0x000007fef1791000 	C:\Android\Android Studio\jre\jre\bin\nio.dll
0x0000000180000000 - 0x0000000180053000 	C:\Users\oCocha\AppData\Local\Temp\libgdxoCocha\dc0f0009\lwjgl64.dll
0x000007fedc7b0000 - 0x000007fedc8cd000 	C:\Windows\system32\OPENGL32.dll
0x000007fef16a0000 - 0x000007fef16cd000 	C:\Windows\system32\GLU32.dll
0x000007fedc050000 - 0x000007fedc141000 	C:\Windows\system32\DDRAW.dll
0x000007fef1730000 - 0x000007fef1738000 	C:\Windows\system32\DCIMAN32.dll
0x000007fefea30000 - 0x000007fefec07000 	C:\Windows\system32\SETUPAPI.dll
0x000007fefd030000 - 0x000007fefd066000 	C:\Windows\system32\CFGMGR32.dll
0x000007fefe510000 - 0x000007fefe5ea000 	C:\Windows\system32\OLEAUT32.dll
0x000007fefd0d0000 - 0x000007fefd0ea000 	C:\Windows\system32\DEVOBJ.dll
0x000007fefc110000 - 0x000007fefc128000 	C:\Windows\system32\dwmapi.dll
0x00000000120e0000 - 0x0000000012144000 	C:\Users\oCocha\AppData\Local\Temp\libgdxoCocha\dc0f0009\OpenAL64.dll
0x000007fefb970000 - 0x000007fefb9c6000 	C:\Windows\system32\uxtheme.dll
0x000007fefee00000 - 0x000007fefee99000 	C:\Windows\system32\CLBCatQ.DLL
0x000007fefb9d0000 - 0x000007fefbafc000 	C:\Windows\System32\PROPSYS.dll
0x000007fefd080000 - 0x000007fefd0bb000 	C:\Windows\system32\WINTRUST.dll
0x000007fefd1f0000 - 0x000007fefd35d000 	C:\Windows\system32\CRYPT32.dll
0x000007fefd010000 - 0x000007fefd01f000 	C:\Windows\system32\MSASN1.dll
0x000007fedd820000 - 0x000007fedd8a8000 	C:\Windows\system32\dsound.dll
0x000007fefc130000 - 0x000007fefc15c000 	C:\Windows\system32\POWRPROF.dll
0x000007fefb560000 - 0x000007fefb5ab000 	C:\Windows\System32\MMDevApi.dll
0x000007fefa700000 - 0x000007fefa74f000 	C:\Windows\system32\AUDIOSES.DLL
0x000007fef16e0000 - 0x000007fef16f8000 	C:\Windows\system32\atig6pxx.dll
0x0000000059f60000 - 0x000000005bd60000 	C:\Windows\system32\atio6axx.dll
0x000007feee340000 - 0x000007feee481000 	C:\Windows\system32\atiadlxx.dll
0x000007fefc160000 - 0x000007fefc171000 	C:\Windows\system32\WTSAPI32.dll
0x000007feefc20000 - 0x000007feefc4c000 	C:\Windows\system32\atig6txx.dll
0x000007feef210000 - 0x000007feef2ac000 	C:\Windows\system32\mscms.dll
0x000007fee0290000 - 0x000007fee02d2000 	C:\Windows\system32\icm32.dll
0x0000000066bc0000 - 0x0000000066c7b000 	C:\Users\oCocha\AppData\Local\Temp\libgdxoCocha\b6038e5c\gdx-box2d64.dll
0x000007fef4100000 - 0x000007fef4225000 	C:\Windows\system32\dbghelp.dll

VM Arguments:
jvm_args: -Didea.launcher.port=7540 -Didea.launcher.bin.path=C:\Android\Android Studio\bin -Dfile.encoding=UTF-8 
java_command: com.intellij.rt.execution.application.AppMain com.runner.desktop.DesktopLauncher
java_class_path (initial): C:\Android\Android Studio\jre\jre\lib\charsets.jar;C:\Android\Android Studio\jre\jre\lib\ext\access-bridge-64.jar;C:\Android\Android Studio\jre\jre\lib\ext\cldrdata.jar;C:\Android\Android Studio\jre\jre\lib\ext\dnsns.jar;C:\Android\Android Studio\jre\jre\lib\ext\jaccess.jar;C:\Android\Android Studio\jre\jre\lib\ext\localedata.jar;C:\Android\Android Studio\jre\jre\lib\ext\nashorn.jar;C:\Android\Android Studio\jre\jre\lib\ext\sunec.jar;C:\Android\Android Studio\jre\jre\lib\ext\sunjce_provider.jar;C:\Android\Android Studio\jre\jre\lib\ext\sunmscapi.jar;C:\Android\Android Studio\jre\jre\lib\ext\sunpkcs11.jar;C:\Android\Android Studio\jre\jre\lib\ext\zipfs.jar;C:\Android\Android Studio\jre\jre\lib\jce.jar;C:\Android\Android Studio\jre\jre\lib\jsse.jar;C:\Android\Android Studio\jre\jre\lib\management-agent.jar;C:\Android\Android Studio\jre\jre\lib\resources.jar;C:\Android\Android Studio\jre\jre\lib\rt.jar;C:\Android\Projekte\ItsAMe\desktop\build\classes\main;C:\Android\Projekte\ItsAMe\core\build\classes\main;C:\Users\oCocha\.gradle\caches\modules-2\files-2.1\com.badlogicgames.gdx\gdx\1.9.4\4b4b7962d1bc75af0438f5c81ec1010557bc9ee5\gdx-1.9.4.jar;C:\Users\oCocha\.gradle\caches\modules-2\files-2.1\com.badlogicgames.gdx\gdx-box2d\1.9.4\98a0d25c9f0637fecac6e4aacf7287aa635964f5\gdx-box2d-1.9.4.jar;C:\Users\oCocha\.gradle\caches\modules-2\files-2.1\com.badlogicgames.gdx\gdx-backend-lwjgl\1.9.4\4c6c108a9dcbc07096de8594b93f9cab33856fe2\gdx-backend-lwjgl-1.9.4.jar;C:\Users\oCocha\.gradle\caches\modules-2\files-2.1\com.badlogicgames.gdx\gdx-platform\1.9.4\8e93afecc287ab152179983fc1b5f65db4c2fa4c\gdx-platform-1.9.4-natives-desktop.jar;C:\Users\oCocha\.gradle\caches\modules-2\files-2.1\com.badlogicgames.gdx\gdx-box2d-platform\1.9.4\905a9ed3017cd3917b7fbada5ece58c40fddcbca\gdx-box2d-platform-1.9.4-natives-desktop.jar;C:\Users\oCocha\.gradle\caches\modules-2\files-2.1\org.lwjgl.lwjgl\lwjgl\2.9.2\a9d80fe5935c7a9149f6584d9777cfd471f65489\lwjgl-2.9.2.jar;C:\User
Launcher Type: SUN_STANDARD

Environment Variables:
PATH=C:\ProgramData\Oracle\Java\javapath;C:\Program Files\Common Files\Microsoft Shared\Windows Live;C:\Program Files (x86)\Common Files\Microsoft Shared\Windows Live;C:\Windows\system32;C:\Windows;C:\Windows\System32\Wbem;C:\Windows\System32\WindowsPowerShell\v1.0\;C:\Program Files (x86)\ATI Technologies\ATI.ACE\Core-Static;C:\Program Files (x86)\Windows Live\Shared;C:\Program Files (x86)\GtkSharp\2.12\bin;C:\Program Files (x86)\Skype\Phone\;C:\Program Files (x86)\AMD\ATI.ACE\Core-Static;C:\Program Files (x86)\Common Files\Softimage;C:\Program Files\Common Files\Softimage;C:\Program Files (x86)\Mozilla Firefox;C:\ProgramData\Oracle\Java\javapath;C:\Program Files\Common Files\Microsoft Shared\Windows Live;C:\Program Files (x86)\Common Files\Microsoft Shared\Windows Live;C:\Windows\system32;C:\Windows;C:\Windows\System32\Wbem;C:\Windows\System32\WindowsPowerShell\v1.0\;C:\Program Files (x86)\ATI Technologies\ATI.ACE\Core-Static;C:\Program Files (x86)\Windows Live\Shared;C:\Program Files (x86)\GtkSharp\2.12\bin;C:\Program Files (x86)\Skype\Phone\;C:\Program Files (x86)\AMD\ATI.ACE\Core-Static
USERNAME=oCocha
OS=Windows_NT
PROCESSOR_IDENTIFIER=Intel64 Family 6 Model 58 Stepping 9, GenuineIntel



---------------  S Y S T E M  ---------------

OS: Windows 7 , 64 bit Build 7601 (6.1.7601.23543)

CPU:total 2 (2 cores per cpu, 1 threads per core) family 6 model 58 stepping 9, cmov, cx8, fxsr, mmx, sse, sse2, sse3, ssse3, sse4.1, sse4.2, popcnt, clmul, erms, tsc, tscinvbit, tscinv

Memory: 4k page, physical 4143476k(991820k free), swap 8285092k(3574472k free)

vm_info: OpenJDK 64-Bit Server VM (25.76-b03) for windows-amd64 JRE (1.8.0_76-release-b03), built on Jun 29 2016 19:09:20 by "ralucas" with MS VC++ 10.0 (VS2010)

time: Mon Dec 05 11:39:18 2016
elapsed time: 4 seconds (0d 0h 0m 4s)

