#
# A fatal error has been detected by the Java Runtime Environment:
#
#  EXCEPTION_ACCESS_VIOLATION (0xc0000005) at pc=0x0000000066bcbd0d, pid=5852, tid=0x00000000000005a0
#
# JRE version: OpenJDK Runtime Environment (8.0_76-b03) (build 1.8.0_76-release-b03)
# Java VM: OpenJDK 64-Bit Server VM (25.76-b03 mixed mode windows-amd64 compressed oops)
# Problematic frame:
# C  [gdx-box2d64.dll+0xbd0d]
#
# Failed to write core dump. Minidumps are not enabled by default on client versions of Windows
#
# If you would like to submit a bug report, please visit:
#   http://bugreport.java.com/bugreport/crash.jsp
# The crash happened outside the Java Virtual Machine in native code.
# See problematic frame for where to report the bug.
#

---------------  T H R E A D  ---------------

Current thread (0x0000000057b18800):  JavaThread "LWJGL Application" [_thread_in_native, id=1440, stack(0x00000000583a0000,0x00000000584a0000)]

siginfo: ExceptionCode=0xc0000005, reading address 0x00000002002ee790

Registers:
RAX=0x00000002002ee790, RBX=0x0000000000267de0, RCX=0x0000000000267db0, RDX=0x00000000000000b8
RSP=0x000000005849f130, RBP=0x0000000000000006, RSI=0x0000000000267db0, RDI=0x000000005849f1f0
R8 =0x0000000000267db0, R9 =0x0000000000000002, R10=0x0000000000000000, R11=0x0000000000000001
R12=0x0000000000000000, R13=0x0000000054a99ff0, R14=0x000000005849f4b0, R15=0x0000000057b18800
RIP=0x0000000066bcbd0d, EFLAGS=0x0000000000010206

Top of Stack: (sp=0x000000005849f130)
0x000000005849f130:   00000000144b14e8 0000000000000005
0x000000005849f140:   0000000000000000 0000000066bf9b92
0x000000005849f150:   00000000eb507e50 0000000000267db0
0x000000005849f160:   0000000000000001 000000005849f1f0
0x000000005849f170:   000000005849f310 0000000000000000
0x000000005849f180:   0000000054a99ff0 0000000066be2483
0x000000005849f190:   0000000000267d30 0000000066bfc2f5
0x000000005849f1a0:   00000000543f0480 00000000549fa4a8
0x000000005849f1b0:   0000000000000001 0000000000000001
0x000000005849f1c0:   0000000000000001 0000000066be8616
0x000000005849f1d0:   0000000057b18800 000000005849f3a8
0x000000005849f1e0:   00000000549fa4a8 0000000000000000
0x000000005849f1f0:   4154800000000002 00000000407cf5c1
0x000000005849f200:   0000000000000000 0000000000000000
0x000000005849f210:   0000010100000000 0000000000000001
0x000000005849f220:   0000000000000000 000000003f800000 

Instructions: (pc=0x0000000066bcbd0d)
0x0000000066bcbced:   48 8d 05 6c a3 05 00 0f b6 1c 18 80 fb 0d 0f b6
0x0000000066bcbcfd:   eb 77 21 48 8d 1c de 48 8b 43 10 48 85 c0 74 3a
0x0000000066bcbd0d:   48 8b 10 48 89 53 10 48 83 c4 28 5b 5e 5f 5d 41
0x0000000066bcbd1d:   5c 41 5d c3 48 8d 15 18 9e 04 00 48 8d 0d 99 9e 


Register to memory mapping:

RAX=0x00000002002ee790 is an unknown value
RBX=0x0000000000267de0 is an unknown value
RCX=0x0000000000267db0 is an unknown value
RDX=0x00000000000000b8 is an unknown value
RSP=0x000000005849f130 is pointing into the stack for thread: 0x0000000057b18800
RBP=0x0000000000000006 is an unknown value
RSI=0x0000000000267db0 is an unknown value
RDI=0x000000005849f1f0 is pointing into the stack for thread: 0x0000000057b18800
R8 =0x0000000000267db0 is an unknown value
R9 =0x0000000000000002 is an unknown value
R10=0x0000000000000000 is an unknown value
R11=0x0000000000000001 is an unknown value
R12=0x0000000000000000 is an unknown value
R13=0x0000000054a99ff0 is pointing into metadata
R14=0x000000005849f4b0 is pointing into the stack for thread: 0x0000000057b18800
R15=0x0000000057b18800 is a thread


Stack: [0x00000000583a0000,0x00000000584a0000],  sp=0x000000005849f130,  free space=1020k
Native frames: (J=compiled Java code, j=interpreted, Vv=VM code, C=native code)
C  [gdx-box2d64.dll+0xbd0d]
C  [gdx-box2d64.dll+0x22483]
C  [gdx-box2d64.dll+0x28616]
C  0x0000000002aedbe4

Java frames: (J=compiled Java code, j=interpreted, Vv=VM code)
J 625  com.badlogic.gdx.physics.box2d.World.jniCreateBody(JIFFFFFFFFZZZZZF)J (0 bytes) @ 0x0000000002aedb66 [0x0000000002aedac0+0xa6]
J 624 C1 com.badlogic.gdx.physics.box2d.World.createBody(Lcom/badlogic/gdx/physics/box2d/BodyDef;)Lcom/badlogic/gdx/physics/box2d/Body; (120 bytes) @ 0x0000000002aed0bc [0x0000000002aecf20+0x19c]
j  com.runner.utils.WorldUtils.createProjectile(Lcom/badlogic/gdx/physics/box2d/World;FFZ)Lcom/badlogic/gdx/physics/box2d/Body;+154
j  com.runner.stages.GameStage.shoot()V+37
j  com.runner.stages.HudStage.touchDown(IIII)Z+38
j  com.badlogic.gdx.backends.lwjgl.LwjglInput.processEvents()V+253
j  com.badlogic.gdx.backends.lwjgl.LwjglApplication.mainLoop()V+600
j  com.badlogic.gdx.backends.lwjgl.LwjglApplication$1.run()V+27
v  ~StubRoutines::call_stub

---------------  P R O C E S S  ---------------

Java Threads: ( => current thread )
  0x0000000057c04000 JavaThread "LWJGL Timer" daemon [_thread_blocked, id=4500, stack(0x000000005d840000,0x000000005d940000)]
  0x0000000002090000 JavaThread "DestroyJavaVM" [_thread_blocked, id=4804, stack(0x0000000002460000,0x0000000002560000)]
=>0x0000000057b18800 JavaThread "LWJGL Application" [_thread_in_native, id=1440, stack(0x00000000583a0000,0x00000000584a0000)]
  0x0000000056712800 JavaThread "Monitor Ctrl-Break" daemon [_thread_in_native, id=3316, stack(0x00000000569d0000,0x0000000056ad0000)]
  0x0000000054dec800 JavaThread "Service Thread" daemon [_thread_blocked, id=3764, stack(0x0000000056260000,0x0000000056360000)]
  0x0000000054d90000 JavaThread "C1 CompilerThread1" daemon [_thread_blocked, id=5580, stack(0x0000000055f10000,0x0000000056010000)]
  0x0000000054d89800 JavaThread "C2 CompilerThread0" daemon [_thread_blocked, id=5204, stack(0x0000000056040000,0x0000000056140000)]
  0x0000000054d88000 JavaThread "Attach Listener" daemon [_thread_blocked, id=5916, stack(0x0000000055d90000,0x0000000055e90000)]
  0x0000000054d86800 JavaThread "Signal Dispatcher" daemon [_thread_blocked, id=4364, stack(0x0000000055ba0000,0x0000000055ca0000)]
  0x0000000054d6d800 JavaThread "Finalizer" daemon [_thread_blocked, id=5884, stack(0x0000000055900000,0x0000000055a00000)]
  0x0000000054d26800 JavaThread "Reference Handler" daemon [_thread_blocked, id=3436, stack(0x0000000055670000,0x0000000055770000)]

Other Threads:
  0x0000000054d1c800 VMThread [stack: 0x0000000055a00000,0x0000000055b00000] [id=6052]
  0x0000000054dee000 WatcherThread [stack: 0x00000000564d0000,0x00000000565d0000] [id=5512]

VM state:not at safepoint (normal execution)

VM Mutex/Monitor currently owned by a thread: None

Heap:
 PSYoungGen      total 18944K, used 8741K [0x00000000eaf00000, 0x00000000ec400000, 0x0000000100000000)
  eden space 16384K, 37% used [0x00000000eaf00000,0x00000000eb5099e8,0x00000000ebf00000)
  from space 2560K, 99% used [0x00000000ebf00000,0x00000000ec17fc70,0x00000000ec180000)
  to   space 2560K, 0% used [0x00000000ec180000,0x00000000ec180000,0x00000000ec400000)
 ParOldGen       total 44032K, used 1386K [0x00000000c0c00000, 0x00000000c3700000, 0x00000000eaf00000)
  object space 44032K, 3% used [0x00000000c0c00000,0x00000000c0d5a988,0x00000000c3700000)
 Metaspace       used 8335K, capacity 8403K, committed 8576K, reserved 1056768K
  class space    used 757K, capacity 784K, committed 896K, reserved 1048576K

Card table byte_map: [0x0000000011bf0000,0x0000000011df0000] byte_map_base: 0x00000000115ea000

Marking Bits: (ParMarkBitMap*) 0x0000000058d49d00
 Begin Bits: [0x0000000012250000, 0x0000000013220000)
 End Bits:   [0x0000000013220000, 0x00000000141f0000)

Polling page: 0x0000000000340000

CodeCache: size=245760Kb used=4221Kb max_used=4221Kb free=241538Kb
 bounds [0x0000000002830000, 0x0000000002c60000, 0x0000000011830000]
 total_blobs=1641 nmethods=1141 adapters=415
 compilation: enabled

Compilation events (10 events):
Event: 8.558 Thread 0x0000000054d90000 1133       3       com.badlogic.gdx.maps.tiled.renderers.BatchTiledMapRenderer::setView (124 bytes)
Event: 8.558 Thread 0x0000000054d90000 nmethod 1133 0x0000000002c4ea50 code [0x0000000002c4ec60, 0x0000000002c4f528]
Event: 8.558 Thread 0x0000000054d90000 1135       3       com.badlogic.gdx.graphics.glutils.ShapeRenderer::setProjectionMatrix (15 bytes)
Event: 8.559 Thread 0x0000000054d90000 nmethod 1135 0x0000000002c4e450 code [0x0000000002c4e5c0, 0x0000000002c4e8a8]
Event: 8.559 Thread 0x0000000054d90000 1134       3       com.badlogic.gdx.physics.box2d.Box2DDebugRenderer::render (14 bytes)
Event: 8.559 Thread 0x0000000054d90000 nmethod 1134 0x0000000002c4dc50 code [0x0000000002c4dde0, 0x0000000002c4e198]
Event: 8.559 Thread 0x0000000054d90000 1136       3       com.badlogic.gdx.physics.box2d.World::getBodyCount (9 bytes)
Event: 8.559 Thread 0x0000000054d90000 nmethod 1136 0x0000000002c3f890 code [0x0000000002c3fa00, 0x0000000002c3fb88]
Event: 8.573 Thread 0x0000000054d90000 1137       3       com.badlogic.gdx.scenes.scene2d.Actor::notify (180 bytes)
Event: 8.574 Thread 0x0000000054d90000 nmethod 1137 0x0000000002c510d0 code [0x0000000002c51300, 0x0000000002c52528]

GC Heap History (2 events):
Event: 3.588 GC heap before
{Heap before GC invocations=1 (full 0):
 PSYoungGen      total 18944K, used 16384K [0x00000000eaf00000, 0x00000000ec400000, 0x0000000100000000)
  eden space 16384K, 100% used [0x00000000eaf00000,0x00000000ebf00000,0x00000000ebf00000)
  from space 2560K, 0% used [0x00000000ec180000,0x00000000ec180000,0x00000000ec400000)
  to   space 2560K, 0% used [0x00000000ebf00000,0x00000000ebf00000,0x00000000ec180000)
 ParOldGen       total 44032K, used 0K [0x00000000c0c00000, 0x00000000c3700000, 0x00000000eaf00000)
  object space 44032K, 0% used [0x00000000c0c00000,0x00000000c0c00000,0x00000000c3700000)
 Metaspace       used 7448K, capacity 7555K, committed 7680K, reserved 1056768K
  class space    used 690K, capacity 720K, committed 768K, reserved 1048576K
Event: 3.592 GC heap after
Heap after GC invocations=1 (full 0):
 PSYoungGen      total 18944K, used 2559K [0x00000000eaf00000, 0x00000000ec400000, 0x0000000100000000)
  eden space 16384K, 0% used [0x00000000eaf00000,0x00000000eaf00000,0x00000000ebf00000)
  from space 2560K, 99% used [0x00000000ebf00000,0x00000000ec17fc70,0x00000000ec180000)
  to   space 2560K, 0% used [0x00000000ec180000,0x00000000ec180000,0x00000000ec400000)
 ParOldGen       total 44032K, used 1386K [0x00000000c0c00000, 0x00000000c3700000, 0x00000000eaf00000)
  object space 44032K, 3% used [0x00000000c0c00000,0x00000000c0d5a988,0x00000000c3700000)
 Metaspace       used 7448K, capacity 7555K, committed 7680K, reserved 1056768K
  class space    used 690K, capacity 720K, committed 768K, reserved 1048576K
}

Deoptimization events (3 events):
Event: 3.482 Thread 0x0000000057b18800 Uncommon trap: reason=unstable_if action=reinterpret pc=0x00000000029c5bd0 method=java.lang.String.<init>([CII)V @ 18
Event: 6.306 Thread 0x0000000057b18800 Uncommon trap: reason=array_check action=maybe_recompile pc=0x0000000002b55df8 method=com.badlogic.gdx.utils.Array.add(Ljava/lang/Object;)V @ 46
Event: 7.779 Thread 0x0000000057b18800 Uncommon trap: reason=array_check action=maybe_recompile pc=0x0000000002b55df8 method=com.badlogic.gdx.utils.Array.add(Ljava/lang/Object;)V @ 46

Internal exceptions (10 events):
Event: 0.236 Thread 0x0000000002090000 Exception <a 'java/security/PrivilegedActionException'> (0x00000000eb17d490) thrown at [C:\src\android\AOSP-openjdk\external\jetbrains\jdk\hotspot\src\share\vm\prims\jvm.cpp, line 1386]
Event: 0.236 Thread 0x0000000002090000 Exception <a 'java/security/PrivilegedActionException'> (0x00000000eb17d6a0) thrown at [C:\src\android\AOSP-openjdk\external\jetbrains\jdk\hotspot\src\share\vm\prims\jvm.cpp, line 1386]
Event: 0.236 Thread 0x0000000002090000 Exception <a 'java/security/PrivilegedActionException'> (0x00000000eb17ea78) thrown at [C:\src\android\AOSP-openjdk\external\jetbrains\jdk\hotspot\src\share\vm\prims\jvm.cpp, line 1386]
Event: 0.236 Thread 0x0000000002090000 Exception <a 'java/security/PrivilegedActionException'> (0x00000000eb17ec88) thrown at [C:\src\android\AOSP-openjdk\external\jetbrains\jdk\hotspot\src\share\vm\prims\jvm.cpp, line 1386]
Event: 1.640 Thread 0x0000000002090000 Exception <a 'java/security/PrivilegedActionException'> (0x00000000eb3c6290) thrown at [C:\src\android\AOSP-openjdk\external\jetbrains\jdk\hotspot\src\share\vm\prims\jvm.cpp, line 1386]
Event: 1.640 Thread 0x0000000002090000 Exception <a 'java/security/PrivilegedActionException'> (0x00000000eb3c7f68) thrown at [C:\src\android\AOSP-openjdk\external\jetbrains\jdk\hotspot\src\share\vm\prims\jvm.cpp, line 1386]
Event: 1.640 Thread 0x0000000002090000 Exception <a 'java/security/PrivilegedActionException'> (0x00000000eb3c90d8) thrown at [C:\src\android\AOSP-openjdk\external\jetbrains\jdk\hotspot\src\share\vm\prims\jvm.cpp, line 1386]
Event: 1.641 Thread 0x0000000002090000 Exception <a 'java/security/PrivilegedActionException'> (0x00000000eb3ce240) thrown at [C:\src\android\AOSP-openjdk\external\jetbrains\jdk\hotspot\src\share\vm\prims\jvm.cpp, line 1386]
Event: 1.641 Thread 0x0000000002090000 Exception <a 'java/security/PrivilegedActionException'> (0x00000000eb3cee98) thrown at [C:\src\android\AOSP-openjdk\external\jetbrains\jdk\hotspot\src\share\vm\prims\jvm.cpp, line 1386]
Event: 1.641 Thread 0x0000000002090000 Exception <a 'java/security/PrivilegedActionException'> (0x00000000eb3cfac0) thrown at [C:\src\android\AOSP-openjdk\external\jetbrains\jdk\hotspot\src\share\vm\prims\jvm.cpp, line 1386]

Events (10 events):
Event: 6.306 Thread 0x0000000057b18800 Uncommon trap: trap_request=0xffffffd6 fr.pc=0x0000000002b55df8
Event: 6.306 Thread 0x0000000057b18800 DEOPT PACKING pc=0x0000000002b55df8 sp=0x000000005849f3b0
Event: 6.306 Thread 0x0000000057b18800 DEOPT UNPACKING pc=0x000000000287556a sp=0x000000005849f340 mode 2
Event: 7.739 Thread 0x0000000057b18800 DEOPT PACKING pc=0x0000000002c02fa4 sp=0x000000005849f340
Event: 7.739 Thread 0x0000000057b18800 DEOPT UNPACKING pc=0x00000000028771bf sp=0x000000005849f100 mode 0
Event: 7.779 Thread 0x0000000057b18800 Uncommon trap: trap_request=0xffffffd6 fr.pc=0x0000000002b55df8
Event: 7.779 Thread 0x0000000057b18800 DEOPT PACKING pc=0x0000000002b55df8 sp=0x000000005849f3b0
Event: 7.779 Thread 0x0000000057b18800 DEOPT UNPACKING pc=0x000000000287556a sp=0x000000005849f340 mode 2
Event: 7.842 Thread 0x0000000057b18800 DEOPT PACKING pc=0x0000000002c0693f sp=0x000000005849f430
Event: 7.842 Thread 0x0000000057b18800 DEOPT UNPACKING pc=0x00000000028771bf sp=0x000000005849f238 mode 0


Dynamic libraries:
0x000000013fb50000 - 0x000000013fb81000 	C:\Android\Android Studio\jre\bin\java.exe
0x0000000077470000 - 0x000000007761a000 	C:\Windows\SYSTEM32\ntdll.dll
0x0000000077350000 - 0x000000007746f000 	C:\Windows\system32\kernel32.dll
0x000007fefd4d0000 - 0x000007fefd53a000 	C:\Windows\system32\KERNELBASE.dll
0x000007feff6a0000 - 0x000007feff77b000 	C:\Windows\system32\ADVAPI32.dll
0x000007fefd5a0000 - 0x000007fefd63f000 	C:\Windows\system32\msvcrt.dll
0x000007fefe890000 - 0x000007fefe8af000 	C:\Windows\SYSTEM32\sechost.dll
0x000007fefd750000 - 0x000007fefd87d000 	C:\Windows\system32\RPCRT4.dll
0x0000000077250000 - 0x000000007734a000 	C:\Windows\system32\USER32.dll
0x000007fefef50000 - 0x000007fefefb7000 	C:\Windows\system32\GDI32.dll
0x000007fefd590000 - 0x000007fefd59e000 	C:\Windows\system32\LPK.dll
0x000007feff120000 - 0x000007feff1ea000 	C:\Windows\system32\USP10.dll
0x000007fefbce0000 - 0x000007fefbed4000 	C:\Windows\WinSxS\amd64_microsoft.windows.common-controls_6595b64144ccf1df_6.0.7601.18837_none_fa3b1e3d17594757\COMCTL32.dll
0x000007fefefc0000 - 0x000007feff031000 	C:\Windows\system32\SHLWAPI.dll
0x000007fefd560000 - 0x000007fefd58e000 	C:\Windows\system32\IMM32.DLL
0x000007fefeda0000 - 0x000007fefeea9000 	C:\Windows\system32\MSCTF.dll
0x00000000557b0000 - 0x0000000055882000 	C:\Android\Android Studio\jre\jre\bin\msvcr100.dll
0x0000000058590000 - 0x0000000058dc4000 	C:\Android\Android Studio\jre\jre\bin\server\jvm.dll
0x000007fee8fb0000 - 0x000007fee8fb9000 	C:\Windows\system32\WSOCK32.dll
0x000007feff650000 - 0x000007feff69d000 	C:\Windows\system32\WS2_32.dll
0x000007fefd6a0000 - 0x000007fefd6a8000 	C:\Windows\system32\NSI.dll
0x000007fefad50000 - 0x000007fefad8b000 	C:\Windows\system32\WINMM.dll
0x000007fefc1f0000 - 0x000007fefc1fc000 	C:\Windows\system32\VERSION.dll
0x0000000077640000 - 0x0000000077647000 	C:\Windows\system32\PSAPI.DLL
0x000007fefad90000 - 0x000007fefad9f000 	C:\Android\Android Studio\jre\jre\bin\verify.dll
0x000007fef4230000 - 0x000007fef4259000 	C:\Android\Android Studio\jre\jre\bin\java.dll
0x000007fef4a10000 - 0x000007fef4a26000 	C:\Android\Android Studio\jre\jre\bin\zip.dll
0x000007fefd880000 - 0x000007fefe609000 	C:\Windows\system32\SHELL32.dll
0x000007fefeb90000 - 0x000007fefed93000 	C:\Windows\system32\ole32.dll
0x000007fefd1b0000 - 0x000007fefd1bf000 	C:\Windows\system32\profapi.dll
0x000007fef4c50000 - 0x000007fef4c5f000 	C:\Android\Android Studio\bin\breakgen64.dll
0x000007fef4210000 - 0x000007fef422a000 	C:\Android\Android Studio\jre\jre\bin\net.dll
0x000007fefc940000 - 0x000007fefc995000 	C:\Windows\system32\mswsock.dll
0x000007fefc930000 - 0x000007fefc937000 	C:\Windows\System32\wship6.dll
0x0000000065580000 - 0x0000000065616000 	C:\Users\oCocha\AppData\Local\Temp\libgdxoCocha\8aad67a5\gdx64.dll
0x000007fefc9a0000 - 0x000007fefc9b8000 	C:\Windows\system32\CRYPTSP.dll
0x000007fefc6a0000 - 0x000007fefc6e7000 	C:\Windows\system32\rsaenh.dll
0x000007fefd540000 - 0x000007fefd55e000 	C:\Windows\system32\USERENV.dll
0x000007fefd040000 - 0x000007fefd04f000 	C:\Windows\system32\CRYPTBASE.dll
0x000007fefab60000 - 0x000007fefab87000 	C:\Windows\system32\IPHLPAPI.DLL
0x000007fefb6d0000 - 0x000007fefb6db000 	C:\Windows\system32\WINNSI.DLL
0x000007fefa970000 - 0x000007fefa981000 	C:\Windows\system32\dhcpcsvc6.DLL
0x000007fefa950000 - 0x000007fefa968000 	C:\Windows\system32\dhcpcsvc.DLL
0x000007fee8d70000 - 0x000007fee8d81000 	C:\Android\Android Studio\jre\jre\bin\nio.dll
0x0000000180000000 - 0x0000000180053000 	C:\Users\oCocha\AppData\Local\Temp\libgdxoCocha\dc0f0009\lwjgl64.dll
0x000007fedab00000 - 0x000007fedac1d000 	C:\Windows\system32\OPENGL32.dll
0x000007fef4bf0000 - 0x000007fef4c1d000 	C:\Windows\system32\GLU32.dll
0x000007fedac40000 - 0x000007fedad31000 	C:\Windows\system32\DDRAW.dll
0x000007fef4d10000 - 0x000007fef4d18000 	C:\Windows\system32\DCIMAN32.dll
0x000007fefe610000 - 0x000007fefe7e7000 	C:\Windows\system32\SETUPAPI.dll
0x000007fefd290000 - 0x000007fefd2c6000 	C:\Windows\system32\CFGMGR32.dll
0x000007feff040000 - 0x000007feff11a000 	C:\Windows\system32\OLEAUT32.dll
0x000007fefd260000 - 0x000007fefd27a000 	C:\Windows\system32\DEVOBJ.dll
0x000007fefc1d0000 - 0x000007fefc1e8000 	C:\Windows\system32\dwmapi.dll
0x00000000021b0000 - 0x0000000002214000 	C:\Users\oCocha\AppData\Local\Temp\libgdxoCocha\dc0f0009\OpenAL64.dll
0x000007fefb3a0000 - 0x000007fefb3f6000 	C:\Windows\system32\uxtheme.dll
0x000007fefe7f0000 - 0x000007fefe889000 	C:\Windows\system32\CLBCatQ.DLL
0x000007fefb8b0000 - 0x000007fefb9dc000 	C:\Windows\System32\PROPSYS.dll
0x000007fefd450000 - 0x000007fefd48b000 	C:\Windows\system32\WINTRUST.dll
0x000007fefd2d0000 - 0x000007fefd43d000 	C:\Windows\system32\CRYPT32.dll
0x000007fefd1a0000 - 0x000007fefd1af000 	C:\Windows\system32\MSASN1.dll
0x000007fede060000 - 0x000007fede0e8000 	C:\Windows\system32\dsound.dll
0x000007fefc200000 - 0x000007fefc22c000 	C:\Windows\system32\POWRPROF.dll
0x000007fefb9e0000 - 0x000007fefba2b000 	C:\Windows\System32\MMDevApi.dll
0x000007fefacc0000 - 0x000007fefad0f000 	C:\Windows\system32\AUDIOSES.DLL
0x000007fef4bd0000 - 0x000007fef4be8000 	C:\Windows\system32\atig6pxx.dll
0x0000000058dd0000 - 0x000000005abd0000 	C:\Windows\system32\atio6axx.dll
0x000007feea090000 - 0x000007feea1d1000 	C:\Windows\system32\atiadlxx.dll
0x000007fefc2f0000 - 0x000007fefc301000 	C:\Windows\system32\WTSAPI32.dll
0x000007fef4310000 - 0x000007fef433c000 	C:\Windows\system32\atig6txx.dll
0x000007fee0600000 - 0x000007fee069c000 	C:\Windows\system32\mscms.dll
0x000007fee0560000 - 0x000007fee05a2000 	C:\Windows\system32\icm32.dll
0x0000000066bc0000 - 0x0000000066c7b000 	C:\Users\oCocha\AppData\Local\Temp\libgdxoCocha\b6038e5c\gdx-box2d64.dll
0x000007fef4d40000 - 0x000007fef4e65000 	C:\Windows\system32\dbghelp.dll

VM Arguments:
jvm_args: -Didea.launcher.port=7533 -Didea.launcher.bin.path=C:\Android\Android Studio\bin -Dfile.encoding=UTF-8 
java_command: com.intellij.rt.execution.application.AppMain com.runner.desktop.DesktopLauncher
java_class_path (initial): C:\Android\Android Studio\jre\jre\lib\charsets.jar;C:\Android\Android Studio\jre\jre\lib\ext\access-bridge-64.jar;C:\Android\Android Studio\jre\jre\lib\ext\cldrdata.jar;C:\Android\Android Studio\jre\jre\lib\ext\dnsns.jar;C:\Android\Android Studio\jre\jre\lib\ext\jaccess.jar;C:\Android\Android Studio\jre\jre\lib\ext\localedata.jar;C:\Android\Android Studio\jre\jre\lib\ext\nashorn.jar;C:\Android\Android Studio\jre\jre\lib\ext\sunec.jar;C:\Android\Android Studio\jre\jre\lib\ext\sunjce_provider.jar;C:\Android\Android Studio\jre\jre\lib\ext\sunmscapi.jar;C:\Android\Android Studio\jre\jre\lib\ext\sunpkcs11.jar;C:\Android\Android Studio\jre\jre\lib\ext\zipfs.jar;C:\Android\Android Studio\jre\jre\lib\jce.jar;C:\Android\Android Studio\jre\jre\lib\jsse.jar;C:\Android\Android Studio\jre\jre\lib\management-agent.jar;C:\Android\Android Studio\jre\jre\lib\resources.jar;C:\Android\Android Studio\jre\jre\lib\rt.jar;C:\Android\Projekte\ItsAMe\desktop\build\classes\main;C:\Android\Projekte\ItsAMe\core\build\classes\main;C:\Users\oCocha\.gradle\caches\modules-2\files-2.1\com.badlogicgames.gdx\gdx\1.9.4\4b4b7962d1bc75af0438f5c81ec1010557bc9ee5\gdx-1.9.4.jar;C:\Users\oCocha\.gradle\caches\modules-2\files-2.1\com.badlogicgames.gdx\gdx-box2d\1.9.4\98a0d25c9f0637fecac6e4aacf7287aa635964f5\gdx-box2d-1.9.4.jar;C:\Android\Projekte\ItsAMe\core\build\libs\core-1.0.jar;C:\Users\oCocha\.gradle\caches\modules-2\files-2.1\com.badlogicgames.gdx\gdx-backend-lwjgl\1.9.4\4c6c108a9dcbc07096de8594b93f9cab33856fe2\gdx-backend-lwjgl-1.9.4.jar;C:\Users\oCocha\.gradle\caches\modules-2\files-2.1\com.badlogicgames.gdx\gdx-platform\1.9.4\8e93afecc287ab152179983fc1b5f65db4c2fa4c\gdx-platform-1.9.4-natives-desktop.jar;C:\Users\oCocha\.gradle\caches\modules-2\files-2.1\com.badlogicgames.gdx\gdx-box2d-platform\1.9.4\905a9ed3017cd3917b7fbada5ece58c40fddcbca\gdx-box2d-platform-1.9.4-natives-desktop.jar;C:\Users\oCocha\.gradle\caches\modules-2\files-2.1\org.lwjgl.lwjgl\lwjgl\2.9.2\a9d80fe5
Launcher Type: SUN_STANDARD

Environment Variables:
PATH=C:\ProgramData\Oracle\Java\javapath;C:\Program Files\Common Files\Microsoft Shared\Windows Live;C:\Program Files (x86)\Common Files\Microsoft Shared\Windows Live;C:\Windows\system32;C:\Windows;C:\Windows\System32\Wbem;C:\Windows\System32\WindowsPowerShell\v1.0\;C:\Program Files (x86)\ATI Technologies\ATI.ACE\Core-Static;C:\Program Files (x86)\Windows Live\Shared;C:\Program Files (x86)\GtkSharp\2.12\bin;C:\Program Files (x86)\Skype\Phone\;C:\Program Files (x86)\AMD\ATI.ACE\Core-Static;C:\Program Files (x86)\Common Files\Softimage;C:\Program Files\Common Files\Softimage;C:\Program Files (x86)\Mozilla Firefox;C:\ProgramData\Oracle\Java\javapath;C:\Program Files\Common Files\Microsoft Shared\Windows Live;C:\Program Files (x86)\Common Files\Microsoft Shared\Windows Live;C:\Windows\system32;C:\Windows;C:\Windows\System32\Wbem;C:\Windows\System32\WindowsPowerShell\v1.0\;C:\Program Files (x86)\ATI Technologies\ATI.ACE\Core-Static;C:\Program Files (x86)\Windows Live\Shared;C:\Program Files (x86)\GtkSharp\2.12\bin;C:\Program Files (x86)\Skype\Phone\;C:\Program Files (x86)\AMD\ATI.ACE\Core-Static
USERNAME=oCocha
OS=Windows_NT
PROCESSOR_IDENTIFIER=Intel64 Family 6 Model 58 Stepping 9, GenuineIntel



---------------  S Y S T E M  ---------------

OS: Windows 7 , 64 bit Build 7601 (6.1.7601.23543)

CPU:total 2 (2 cores per cpu, 1 threads per core) family 6 model 58 stepping 9, cmov, cx8, fxsr, mmx, sse, sse2, sse3, ssse3, sse4.1, sse4.2, popcnt, clmul, erms, tsc, tscinvbit, tscinv

Memory: 4k page, physical 4143476k(910448k free), swap 8285092k(3234896k free)

vm_info: OpenJDK 64-Bit Server VM (25.76-b03) for windows-amd64 JRE (1.8.0_76-release-b03), built on Jun 29 2016 19:09:20 by "ralucas" with MS VC++ 10.0 (VS2010)

time: Mon Dec 05 21:18:13 2016
elapsed time: 8 seconds (0d 0h 0m 8s)

