#
# A fatal error has been detected by the Java Runtime Environment:
#
#  EXCEPTION_ACCESS_VIOLATION (0xc0000005) at pc=0x0000000066bcbd0d, pid=3532, tid=0x0000000000000f70
#
# JRE version: OpenJDK Runtime Environment (8.0_76-b03) (build 1.8.0_76-release-b03)
# Java VM: OpenJDK 64-Bit Server VM (25.76-b03 mixed mode windows-amd64 compressed oops)
# Problematic frame:
# C  [gdx-box2d64.dll+0xbd0d]
#
# Failed to write core dump. Minidumps are not enabled by default on client versions of Windows
#
# If you would like to submit a bug report, please visit:
#   http://bugreport.java.com/bugreport/crash.jsp
# The crash happened outside the Java Virtual Machine in native code.
# See problematic frame for where to report the bug.
#

---------------  T H R E A D  ---------------

Current thread (0x0000000056fc4000):  JavaThread "LWJGL Application" [_thread_in_native, id=3952, stack(0x0000000058470000,0x0000000058570000)]

siginfo: ExceptionCode=0xc0000005, reading address 0x000000020028f210

Registers:
RAX=0x000000020028f210, RBX=0x0000000000207de0, RCX=0x0000000000207db0, RDX=0x00000000000000b8
RSP=0x000000005856ecd0, RBP=0x0000000000000006, RSI=0x0000000000207db0, RDI=0x000000005856ed90
R8 =0x0000000000207db0, R9 =0x0000000000000002, R10=0x0000000000000000, R11=0x0000000000000001
R12=0x0000000000000000, R13=0x0000000054b3b070, R14=0x000000005856f050, R15=0x0000000056fc4000
RIP=0x0000000066bcbd0d, EFLAGS=0x0000000000010202

Top of Stack: (sp=0x000000005856ecd0)
0x000000005856ecd0:   0000000014551738 0000000002707a01
0x000000005856ece0:   0000000000000005 0000000066bf9b92
0x000000005856ecf0:   00000000eb2c0758 0000000000207db0
0x000000005856ed00:   0000000000000001 000000005856ed90
0x000000005856ed10:   000000005856eeb0 0000000000000000
0x000000005856ed20:   0000000054b3b070 0000000066be2483
0x000000005856ed30:   0000000000207d30 0000000066bfc2f5
0x000000005856ed40:   0000000054490480 0000000054a9a468
0x000000005856ed50:   0000000000000001 0000000000000001
0x000000005856ed60:   0000000000000001 0000000066be8616
0x000000005856ed70:   0000000056fc4000 000000005856ef48
0x000000005856ed80:   0000000054a9a468 0000000000000000
0x000000005856ed90:   40afee2200000002 000000003ff9eb83
0x000000005856eda0:   0000000000000000 0000000000000000
0x000000005856edb0:   0000010100000000 0000000000000001
0x000000005856edc0:   0000000000000000 000000003f800000 

Instructions: (pc=0x0000000066bcbd0d)
0x0000000066bcbced:   48 8d 05 6c a3 05 00 0f b6 1c 18 80 fb 0d 0f b6
0x0000000066bcbcfd:   eb 77 21 48 8d 1c de 48 8b 43 10 48 85 c0 74 3a
0x0000000066bcbd0d:   48 8b 10 48 89 53 10 48 83 c4 28 5b 5e 5f 5d 41
0x0000000066bcbd1d:   5c 41 5d c3 48 8d 15 18 9e 04 00 48 8d 0d 99 9e 


Register to memory mapping:

RAX=0x000000020028f210 is an unknown value
RBX=0x0000000000207de0 is an unknown value
RCX=0x0000000000207db0 is an unknown value
RDX=0x00000000000000b8 is an unknown value
RSP=0x000000005856ecd0 is pointing into the stack for thread: 0x0000000056fc4000
RBP=0x0000000000000006 is an unknown value
RSI=0x0000000000207db0 is an unknown value
RDI=0x000000005856ed90 is pointing into the stack for thread: 0x0000000056fc4000
R8 =0x0000000000207db0 is an unknown value
R9 =0x0000000000000002 is an unknown value
R10=0x0000000000000000 is an unknown value
R11=0x0000000000000001 is an unknown value
R12=0x0000000000000000 is an unknown value
R13=0x0000000054b3b070 is pointing into metadata
R14=0x000000005856f050 is pointing into the stack for thread: 0x0000000056fc4000
R15=0x0000000056fc4000 is a thread


Stack: [0x0000000058470000,0x0000000058570000],  sp=0x000000005856ecd0,  free space=1019k
Native frames: (J=compiled Java code, j=interpreted, Vv=VM code, C=native code)
C  [gdx-box2d64.dll+0xbd0d]
C  [gdx-box2d64.dll+0x22483]
C  [gdx-box2d64.dll+0x28616]
C  0x00000000029cd424

Java frames: (J=compiled Java code, j=interpreted, Vv=VM code)
J 656  com.badlogic.gdx.physics.box2d.World.jniCreateBody(JIFFFFFFFFZZZZZF)J (0 bytes) @ 0x00000000029cd3a6 [0x00000000029cd300+0xa6]
J 655 C1 com.badlogic.gdx.physics.box2d.World.createBody(Lcom/badlogic/gdx/physics/box2d/BodyDef;)Lcom/badlogic/gdx/physics/box2d/Body; (120 bytes) @ 0x00000000029cc8fc [0x00000000029cc760+0x19c]
j  com.runner.utils.WorldUtils.createProjectile(Lcom/badlogic/gdx/physics/box2d/World;FFZ)Lcom/badlogic/gdx/physics/box2d/Body;+154
j  com.runner.stages.GameStage.shoot()V+41
j  com.runner.stages.HudStage.touchDown(IIII)Z+38
J 1257 C1 com.badlogic.gdx.backends.lwjgl.LwjglInput.processEvents()V (478 bytes) @ 0x0000000002b5bb8c [0x0000000002b5ad20+0xe6c]
j  com.badlogic.gdx.backends.lwjgl.LwjglApplication.mainLoop()V+600
j  com.badlogic.gdx.backends.lwjgl.LwjglApplication$1.run()V+27
v  ~StubRoutines::call_stub

---------------  P R O C E S S  ---------------

Java Threads: ( => current thread )
  0x00000000570f9800 JavaThread "LWJGL Timer" daemon [_thread_blocked, id=692, stack(0x000000005f990000,0x000000005fa90000)]
  0x0000000002060000 JavaThread "DestroyJavaVM" [_thread_blocked, id=6040, stack(0x0000000002330000,0x0000000002430000)]
=>0x0000000056fc4000 JavaThread "LWJGL Application" [_thread_in_native, id=3952, stack(0x0000000058470000,0x0000000058570000)]
  0x0000000056346000 JavaThread "Monitor Ctrl-Break" daemon [_thread_in_native, id=5812, stack(0x0000000056650000,0x0000000056750000)]
  0x0000000056200800 JavaThread "Service Thread" daemon [_thread_blocked, id=5160, stack(0x0000000056780000,0x0000000056880000)]
  0x0000000054e84000 JavaThread "C1 CompilerThread1" daemon [_thread_blocked, id=5992, stack(0x0000000055a70000,0x0000000055b70000)]
  0x0000000054e29800 JavaThread "C2 CompilerThread0" daemon [_thread_blocked, id=3508, stack(0x0000000056100000,0x0000000056200000)]
  0x0000000054e28000 JavaThread "Attach Listener" daemon [_thread_blocked, id=3172, stack(0x0000000055f50000,0x0000000056050000)]
  0x0000000054e26800 JavaThread "Signal Dispatcher" daemon [_thread_blocked, id=5592, stack(0x0000000055d10000,0x0000000055e10000)]
  0x0000000054e0d800 JavaThread "Finalizer" daemon [_thread_blocked, id=2648, stack(0x0000000055690000,0x0000000055790000)]
  0x0000000054dc6800 JavaThread "Reference Handler" daemon [_thread_blocked, id=3588, stack(0x0000000055970000,0x0000000055a70000)]

Other Threads:
  0x0000000054dbc800 VMThread [stack: 0x0000000055790000,0x0000000055890000] [id=5752]
  0x0000000056201000 WatcherThread [stack: 0x0000000056980000,0x0000000056a80000] [id=3788]

VM state:not at safepoint (normal execution)

VM Mutex/Monitor currently owned by a thread: None

Heap:
 PSYoungGen      total 18944K, used 6436K [0x00000000eaf00000, 0x00000000ec400000, 0x0000000100000000)
  eden space 16384K, 23% used [0x00000000eaf00000,0x00000000eb2cf608,0x00000000ebf00000)
  from space 2560K, 99% used [0x00000000ec180000,0x00000000ec3f9d20,0x00000000ec400000)
  to   space 2560K, 0% used [0x00000000ebf00000,0x00000000ebf00000,0x00000000ec180000)
 ParOldGen       total 44032K, used 2513K [0x00000000c0c00000, 0x00000000c3700000, 0x00000000eaf00000)
  object space 44032K, 5% used [0x00000000c0c00000,0x00000000c0e74658,0x00000000c3700000)
 Metaspace       used 8435K, capacity 8531K, committed 8832K, reserved 1056768K
  class space    used 757K, capacity 784K, committed 896K, reserved 1048576K

Card table byte_map: [0x0000000011ac0000,0x0000000011cc0000] byte_map_base: 0x00000000114ba000

Marking Bits: (ParMarkBitMap*) 0x0000000059ed9d00
 Begin Bits: [0x00000000122f0000, 0x00000000132c0000)
 End Bits:   [0x00000000132c0000, 0x0000000014290000)

Polling page: 0x0000000001c60000

CodeCache: size=245760Kb used=5222Kb max_used=5230Kb free=240537Kb
 bounds [0x0000000002700000, 0x0000000002c30000, 0x0000000011700000]
 total_blobs=1940 nmethods=1441 adapters=414
 compilation: enabled

Compilation events (10 events):
Event: 92.610 Thread 0x0000000054e29800 1437   !   4       org.lwjgl.opengl.Display::processMessages (44 bytes)
Event: 92.618 Thread 0x0000000054e29800 nmethod 1437 0x0000000002c1c4d0 code [0x0000000002c1c6e0, 0x0000000002c1d508]
Event: 92.622 Thread 0x0000000054e29800 1438       4       org.lwjgl.opengl.Sync$RunningAvg::dampenForLowResTicker (42 bytes)
Event: 92.624 Thread 0x0000000054e29800 nmethod 1438 0x0000000002c13750 code [0x0000000002c138a0, 0x0000000002c139f8]
Event: 92.624 Thread 0x0000000054e29800 1439   !   4       org.lwjgl.opengl.Display::isCloseRequested (38 bytes)
Event: 92.625 Thread 0x0000000054e29800 nmethod 1439 0x0000000002c132d0 code [0x0000000002c13420, 0x0000000002c13678]
Event: 92.639 Thread 0x0000000054e29800 1440       4       org.lwjgl.opengl.Display::sync (5 bytes)
Event: 92.646 Thread 0x0000000054e29800 nmethod 1440 0x0000000002c14f10 code [0x0000000002c150a0, 0x0000000002c15648]
Event: 93.140 Thread 0x0000000054e29800 1441       4       com.runner.stages.GameStage::act (285 bytes)
Event: 93.175 Thread 0x0000000054e29800 nmethod 1441 0x0000000002c1e5d0 code [0x0000000002c1e920, 0x0000000002c1fe38]

GC Heap History (4 events):
Event: 2.278 GC heap before
{Heap before GC invocations=1 (full 0):
 PSYoungGen      total 18944K, used 16384K [0x00000000eaf00000, 0x00000000ec400000, 0x0000000100000000)
  eden space 16384K, 100% used [0x00000000eaf00000,0x00000000ebf00000,0x00000000ebf00000)
  from space 2560K, 0% used [0x00000000ec180000,0x00000000ec180000,0x00000000ec400000)
  to   space 2560K, 0% used [0x00000000ebf00000,0x00000000ebf00000,0x00000000ec180000)
 ParOldGen       total 44032K, used 0K [0x00000000c0c00000, 0x00000000c3700000, 0x00000000eaf00000)
  object space 44032K, 0% used [0x00000000c0c00000,0x00000000c0c00000,0x00000000c3700000)
 Metaspace       used 7460K, capacity 7555K, committed 7680K, reserved 1056768K
  class space    used 690K, capacity 720K, committed 768K, reserved 1048576K
Event: 2.282 GC heap after
Heap after GC invocations=1 (full 0):
 PSYoungGen      total 18944K, used 2538K [0x00000000eaf00000, 0x00000000ec400000, 0x0000000100000000)
  eden space 16384K, 0% used [0x00000000eaf00000,0x00000000eaf00000,0x00000000ebf00000)
  from space 2560K, 99% used [0x00000000ebf00000,0x00000000ec17aa88,0x00000000ec180000)
  to   space 2560K, 0% used [0x00000000ec180000,0x00000000ec180000,0x00000000ec400000)
 ParOldGen       total 44032K, used 1486K [0x00000000c0c00000, 0x00000000c3700000, 0x00000000eaf00000)
  object space 44032K, 3% used [0x00000000c0c00000,0x00000000c0d73a48,0x00000000c3700000)
 Metaspace       used 7460K, capacity 7555K, committed 7680K, reserved 1056768K
  class space    used 690K, capacity 720K, committed 768K, reserved 1048576K
}
Event: 79.731 GC heap before
{Heap before GC invocations=2 (full 0):
 PSYoungGen      total 18944K, used 18922K [0x00000000eaf00000, 0x00000000ec400000, 0x0000000100000000)
  eden space 16384K, 100% used [0x00000000eaf00000,0x00000000ebf00000,0x00000000ebf00000)
  from space 2560K, 99% used [0x00000000ebf00000,0x00000000ec17aa88,0x00000000ec180000)
  to   space 2560K, 0% used [0x00000000ec180000,0x00000000ec180000,0x00000000ec400000)
 ParOldGen       total 44032K, used 1486K [0x00000000c0c00000, 0x00000000c3700000, 0x00000000eaf00000)
  object space 44032K, 3% used [0x00000000c0c00000,0x00000000c0d73a48,0x00000000c3700000)
 Metaspace       used 8406K, capacity 8459K, committed 8576K, reserved 1056768K
  class space    used 755K, capacity 784K, committed 896K, reserved 1048576K
Event: 79.735 GC heap after
Heap after GC invocations=2 (full 0):
 PSYoungGen      total 18944K, used 2535K [0x00000000eaf00000, 0x00000000ec400000, 0x0000000100000000)
  eden space 16384K, 0% used [0x00000000eaf00000,0x00000000eaf00000,0x00000000ebf00000)
  from space 2560K, 99% used [0x00000000ec180000,0x00000000ec3f9d20,0x00000000ec400000)
  to   space 2560K, 0% used [0x00000000ebf00000,0x00000000ebf00000,0x00000000ec180000)
 ParOldGen       total 44032K, used 2513K [0x00000000c0c00000, 0x00000000c3700000, 0x00000000eaf00000)
  object space 44032K, 5% used [0x00000000c0c00000,0x00000000c0e74658,0x00000000c3700000)
 Metaspace       used 8406K, capacity 8459K, committed 8576K, reserved 1056768K
  class space    used 755K, capacity 784K, committed 896K, reserved 1048576K
}

Deoptimization events (10 events):
Event: 3.699 Thread 0x0000000056fc4000 Uncommon trap: reason=array_check action=maybe_recompile pc=0x0000000002a1bc38 method=com.badlogic.gdx.utils.Array.add(Ljava/lang/Object;)V @ 46
Event: 13.869 Thread 0x0000000056fc4000 Uncommon trap: reason=unstable_if action=reinterpret pc=0x0000000002b65b04 method=com.badlogic.gdx.graphics.g2d.SpriteBatch.flush()V @ 41
Event: 29.215 Thread 0x0000000056fc4000 Uncommon trap: reason=unstable_if action=reinterpret pc=0x0000000002ba41c4 method=com.badlogic.gdx.utils.SnapshotArray.modified()V @ 4
Event: 29.215 Thread 0x0000000056fc4000 Uncommon trap: reason=unstable_if action=reinterpret pc=0x0000000002ba0bb8 method=com.badlogic.gdx.utils.SnapshotArray.end()V @ 30
Event: 29.216 Thread 0x0000000056fc4000 Uncommon trap: reason=unstable_if action=reinterpret pc=0x0000000002b759c0 method=com.badlogic.gdx.scenes.scene2d.Stage.act(F)V @ 32
Event: 41.840 Thread 0x0000000056fc4000 Uncommon trap: reason=array_check action=maybe_recompile pc=0x0000000002a1bc38 method=com.badlogic.gdx.utils.Array.add(Ljava/lang/Object;)V @ 46
Event: 88.117 Thread 0x0000000056fc4000 Uncommon trap: reason=array_check action=maybe_recompile pc=0x0000000002a1bc38 method=com.badlogic.gdx.utils.Array.add(Ljava/lang/Object;)V @ 46
Event: 88.486 Thread 0x0000000056fc4000 Uncommon trap: reason=array_check action=maybe_recompile pc=0x0000000002a1bc38 method=com.badlogic.gdx.utils.Array.add(Ljava/lang/Object;)V @ 46
Event: 91.989 Thread 0x0000000056fc4000 Uncommon trap: reason=unstable_if action=reinterpret pc=0x0000000002b074d4 method=com.runner.stages.GameStage.update(Lcom/badlogic/gdx/physics/box2d/Body;)V @ 24
Event: 92.356 Thread 0x0000000056fc4000 Uncommon trap: reason=unstable_if action=reinterpret pc=0x0000000002a28e4c method=com.runner.stages.GameStage.update(Lcom/badlogic/gdx/physics/box2d/Body;)V @ 24

Internal exceptions (10 events):
Event: 0.168 Thread 0x0000000002060000 Exception <a 'java/security/PrivilegedActionException'> (0x00000000eb1ca0a0) thrown at [C:\src\android\AOSP-openjdk\external\jetbrains\jdk\hotspot\src\share\vm\prims\jvm.cpp, line 1386]
Event: 0.168 Thread 0x0000000002060000 Exception <a 'java/security/PrivilegedActionException'> (0x00000000eb1ca2b0) thrown at [C:\src\android\AOSP-openjdk\external\jetbrains\jdk\hotspot\src\share\vm\prims\jvm.cpp, line 1386]
Event: 0.169 Thread 0x0000000002060000 Exception <a 'java/security/PrivilegedActionException'> (0x00000000eb1cb688) thrown at [C:\src\android\AOSP-openjdk\external\jetbrains\jdk\hotspot\src\share\vm\prims\jvm.cpp, line 1386]
Event: 0.169 Thread 0x0000000002060000 Exception <a 'java/security/PrivilegedActionException'> (0x00000000eb1cb898) thrown at [C:\src\android\AOSP-openjdk\external\jetbrains\jdk\hotspot\src\share\vm\prims\jvm.cpp, line 1386]
Event: 1.564 Thread 0x0000000002060000 Exception <a 'java/security/PrivilegedActionException'> (0x00000000eb3be950) thrown at [C:\src\android\AOSP-openjdk\external\jetbrains\jdk\hotspot\src\share\vm\prims\jvm.cpp, line 1386]
Event: 1.564 Thread 0x0000000002060000 Exception <a 'java/security/PrivilegedActionException'> (0x00000000eb3c0628) thrown at [C:\src\android\AOSP-openjdk\external\jetbrains\jdk\hotspot\src\share\vm\prims\jvm.cpp, line 1386]
Event: 1.564 Thread 0x0000000002060000 Exception <a 'java/security/PrivilegedActionException'> (0x00000000eb3c1798) thrown at [C:\src\android\AOSP-openjdk\external\jetbrains\jdk\hotspot\src\share\vm\prims\jvm.cpp, line 1386]
Event: 1.565 Thread 0x0000000002060000 Exception <a 'java/security/PrivilegedActionException'> (0x00000000eb3c6900) thrown at [C:\src\android\AOSP-openjdk\external\jetbrains\jdk\hotspot\src\share\vm\prims\jvm.cpp, line 1386]
Event: 1.565 Thread 0x0000000002060000 Exception <a 'java/security/PrivilegedActionException'> (0x00000000eb3c7558) thrown at [C:\src\android\AOSP-openjdk\external\jetbrains\jdk\hotspot\src\share\vm\prims\jvm.cpp, line 1386]
Event: 1.565 Thread 0x0000000002060000 Exception <a 'java/security/PrivilegedActionException'> (0x00000000eb3c8180) thrown at [C:\src\android\AOSP-openjdk\external\jetbrains\jdk\hotspot\src\share\vm\prims\jvm.cpp, line 1386]

Events (10 events):
Event: 92.356 Thread 0x0000000056fc4000 DEOPT PACKING pc=0x0000000002a28e4c sp=0x000000005856eef0
Event: 92.356 Thread 0x0000000056fc4000 DEOPT UNPACKING pc=0x000000000274556a sp=0x000000005856eea8 mode 2
Event: 92.439 Thread 0x0000000056fc4000 DEOPT PACKING pc=0x0000000002c11107 sp=0x000000005856ef40
Event: 92.439 Thread 0x0000000056fc4000 DEOPT UNPACKING pc=0x00000000027471bf sp=0x000000005856ed38 mode 0
Event: 92.673 Thread 0x0000000056fc4000 DEOPT PACKING pc=0x0000000002c11107 sp=0x000000005856ef40
Event: 92.673 Thread 0x0000000056fc4000 DEOPT UNPACKING pc=0x00000000027471bf sp=0x000000005856ed38 mode 0
Event: 92.907 Thread 0x0000000056fc4000 DEOPT PACKING pc=0x0000000002c11107 sp=0x000000005856ef40
Event: 92.907 Thread 0x0000000056fc4000 DEOPT UNPACKING pc=0x00000000027471bf sp=0x000000005856ed38 mode 0
Event: 93.140 Thread 0x0000000056fc4000 DEOPT PACKING pc=0x0000000002c11107 sp=0x000000005856ef40
Event: 93.140 Thread 0x0000000056fc4000 DEOPT UNPACKING pc=0x00000000027471bf sp=0x000000005856ed38 mode 0


Dynamic libraries:
0x000000013f0d0000 - 0x000000013f101000 	C:\Android\Android Studio\jre\bin\java.exe
0x00000000772e0000 - 0x000000007748a000 	C:\Windows\SYSTEM32\ntdll.dll
0x00000000771c0000 - 0x00000000772df000 	C:\Windows\system32\kernel32.dll
0x000007fefd360000 - 0x000007fefd3ca000 	C:\Windows\system32\KERNELBASE.dll
0x000007fefe690000 - 0x000007fefe76b000 	C:\Windows\system32\ADVAPI32.dll
0x000007fefed40000 - 0x000007fefeddf000 	C:\Windows\system32\msvcrt.dll
0x000007fefe880000 - 0x000007fefe89f000 	C:\Windows\SYSTEM32\sechost.dll
0x000007fefec10000 - 0x000007fefed3d000 	C:\Windows\system32\RPCRT4.dll
0x00000000770c0000 - 0x00000000771ba000 	C:\Windows\system32\USER32.dll
0x000007fefef20000 - 0x000007fefef87000 	C:\Windows\system32\GDI32.dll
0x000007fefe770000 - 0x000007fefe77e000 	C:\Windows\system32\LPK.dll
0x000007fefe440000 - 0x000007fefe50a000 	C:\Windows\system32\USP10.dll
0x000007fefbb50000 - 0x000007fefbd44000 	C:\Windows\WinSxS\amd64_microsoft.windows.common-controls_6595b64144ccf1df_6.0.7601.18837_none_fa3b1e3d17594757\COMCTL32.dll
0x000007fefeea0000 - 0x000007fefef11000 	C:\Windows\system32\SHLWAPI.dll
0x000007fefe7d0000 - 0x000007fefe7fe000 	C:\Windows\system32\IMM32.DLL
0x000007feff200000 - 0x000007feff309000 	C:\Windows\system32\MSCTF.dll
0x0000000055bf0000 - 0x0000000055cc2000 	C:\Android\Android Studio\jre\jre\bin\msvcr100.dll
0x0000000059720000 - 0x0000000059f54000 	C:\Android\Android Studio\jre\jre\bin\server\jvm.dll
0x000007feef7e0000 - 0x000007feef7e9000 	C:\Windows\system32\WSOCK32.dll
0x000007fefe780000 - 0x000007fefe7cd000 	C:\Windows\system32\WS2_32.dll
0x000007fefd3d0000 - 0x000007fefd3d8000 	C:\Windows\system32\NSI.dll
0x000007fefab10000 - 0x000007fefab4b000 	C:\Windows\system32\WINMM.dll
0x000007fefc040000 - 0x000007fefc04c000 	C:\Windows\system32\VERSION.dll
0x00000000774b0000 - 0x00000000774b7000 	C:\Windows\system32\PSAPI.DLL
0x000007fefb0d0000 - 0x000007fefb0df000 	C:\Android\Android Studio\jre\jre\bin\verify.dll
0x000007fef1740000 - 0x000007fef1769000 	C:\Android\Android Studio\jre\jre\bin\java.dll
0x000007fefae20000 - 0x000007fefae36000 	C:\Android\Android Studio\jre\jre\bin\zip.dll
0x000007fefd6b0000 - 0x000007fefe439000 	C:\Windows\system32\SHELL32.dll
0x000007fefeff0000 - 0x000007feff1f3000 	C:\Windows\system32\ole32.dll
0x000007fefd020000 - 0x000007fefd02f000 	C:\Windows\system32\profapi.dll
0x000007feefcb0000 - 0x000007feefcbf000 	C:\Android\Android Studio\bin\breakgen64.dll
0x000007fefab60000 - 0x000007fefab7a000 	C:\Android\Android Studio\jre\jre\bin\net.dll
0x000007fefc7f0000 - 0x000007fefc845000 	C:\Windows\system32\mswsock.dll
0x000007fefc7e0000 - 0x000007fefc7e7000 	C:\Windows\System32\wship6.dll
0x0000000065580000 - 0x0000000065616000 	C:\Users\oCocha\AppData\Local\Temp\libgdxoCocha\8aad67a5\gdx64.dll
0x000007fefcb90000 - 0x000007fefcba8000 	C:\Windows\system32\CRYPTSP.dll
0x000007fefc550000 - 0x000007fefc597000 	C:\Windows\system32\rsaenh.dll
0x000007fefd120000 - 0x000007fefd13e000 	C:\Windows\system32\USERENV.dll
0x000007fefceb0000 - 0x000007fefcebf000 	C:\Windows\system32\CRYPTBASE.dll
0x000007fefa480000 - 0x000007fefa4a7000 	C:\Windows\system32\IPHLPAPI.DLL
0x000007fefa470000 - 0x000007fefa47b000 	C:\Windows\system32\WINNSI.DLL
0x000007fefa010000 - 0x000007fefa021000 	C:\Windows\system32\dhcpcsvc6.DLL
0x000007fef9ff0000 - 0x000007fefa008000 	C:\Windows\system32\dhcpcsvc.DLL
0x000007fef1780000 - 0x000007fef1791000 	C:\Android\Android Studio\jre\jre\bin\nio.dll
0x0000000180000000 - 0x0000000180053000 	C:\Users\oCocha\AppData\Local\Temp\libgdxoCocha\dc0f0009\lwjgl64.dll
0x000007fedc7b0000 - 0x000007fedc8cd000 	C:\Windows\system32\OPENGL32.dll
0x000007feefc20000 - 0x000007feefc4d000 	C:\Windows\system32\GLU32.dll
0x000007feddfb0000 - 0x000007fede0a1000 	C:\Windows\system32\DDRAW.dll
0x000007feefca0000 - 0x000007feefca8000 	C:\Windows\system32\DCIMAN32.dll
0x000007fefea30000 - 0x000007fefec07000 	C:\Windows\system32\SETUPAPI.dll
0x000007fefd030000 - 0x000007fefd066000 	C:\Windows\system32\CFGMGR32.dll
0x000007fefe510000 - 0x000007fefe5ea000 	C:\Windows\system32\OLEAUT32.dll
0x000007fefd0d0000 - 0x000007fefd0ea000 	C:\Windows\system32\DEVOBJ.dll
0x000007fefc110000 - 0x000007fefc128000 	C:\Windows\system32\dwmapi.dll
0x0000000055600000 - 0x0000000055664000 	C:\Users\oCocha\AppData\Local\Temp\libgdxoCocha\dc0f0009\OpenAL64.dll
0x000007fefb970000 - 0x000007fefb9c6000 	C:\Windows\system32\uxtheme.dll
0x000007fefee00000 - 0x000007fefee99000 	C:\Windows\system32\CLBCatQ.DLL
0x000007fefb9d0000 - 0x000007fefbafc000 	C:\Windows\System32\PROPSYS.dll
0x000007fefd080000 - 0x000007fefd0bb000 	C:\Windows\system32\WINTRUST.dll
0x000007fefd1f0000 - 0x000007fefd35d000 	C:\Windows\system32\CRYPT32.dll
0x000007fefd010000 - 0x000007fefd01f000 	C:\Windows\system32\MSASN1.dll
0x000007fedd820000 - 0x000007fedd8a8000 	C:\Windows\system32\dsound.dll
0x000007fefc130000 - 0x000007fefc15c000 	C:\Windows\system32\POWRPROF.dll
0x000007fefb560000 - 0x000007fefb5ab000 	C:\Windows\System32\MMDevApi.dll
0x000007fefa700000 - 0x000007fefa74f000 	C:\Windows\system32\AUDIOSES.DLL
0x000007feef300000 - 0x000007feef318000 	C:\Windows\system32\atig6pxx.dll
0x0000000059f60000 - 0x000000005bd60000 	C:\Windows\system32\atio6axx.dll
0x000007feee340000 - 0x000007feee481000 	C:\Windows\system32\atiadlxx.dll
0x000007fefc160000 - 0x000007fefc171000 	C:\Windows\system32\WTSAPI32.dll
0x000007fede340000 - 0x000007fede36c000 	C:\Windows\system32\atig6txx.dll
0x000007feef210000 - 0x000007feef2ac000 	C:\Windows\system32\mscms.dll
0x000007fee0290000 - 0x000007fee02d2000 	C:\Windows\system32\icm32.dll
0x0000000066bc0000 - 0x0000000066c7b000 	C:\Users\oCocha\AppData\Local\Temp\libgdxoCocha\b6038e5c\gdx-box2d64.dll
0x000007fef4100000 - 0x000007fef4225000 	C:\Windows\system32\dbghelp.dll

VM Arguments:
jvm_args: -Didea.launcher.port=7537 -Didea.launcher.bin.path=C:\Android\Android Studio\bin -Dfile.encoding=UTF-8 
java_command: com.intellij.rt.execution.application.AppMain com.runner.desktop.DesktopLauncher
java_class_path (initial): C:\Android\Android Studio\jre\jre\lib\charsets.jar;C:\Android\Android Studio\jre\jre\lib\ext\access-bridge-64.jar;C:\Android\Android Studio\jre\jre\lib\ext\cldrdata.jar;C:\Android\Android Studio\jre\jre\lib\ext\dnsns.jar;C:\Android\Android Studio\jre\jre\lib\ext\jaccess.jar;C:\Android\Android Studio\jre\jre\lib\ext\localedata.jar;C:\Android\Android Studio\jre\jre\lib\ext\nashorn.jar;C:\Android\Android Studio\jre\jre\lib\ext\sunec.jar;C:\Android\Android Studio\jre\jre\lib\ext\sunjce_provider.jar;C:\Android\Android Studio\jre\jre\lib\ext\sunmscapi.jar;C:\Android\Android Studio\jre\jre\lib\ext\sunpkcs11.jar;C:\Android\Android Studio\jre\jre\lib\ext\zipfs.jar;C:\Android\Android Studio\jre\jre\lib\jce.jar;C:\Android\Android Studio\jre\jre\lib\jsse.jar;C:\Android\Android Studio\jre\jre\lib\management-agent.jar;C:\Android\Android Studio\jre\jre\lib\resources.jar;C:\Android\Android Studio\jre\jre\lib\rt.jar;C:\Android\Projekte\ItsAMe\desktop\build\classes\main;C:\Android\Projekte\ItsAMe\core\build\classes\main;C:\Users\oCocha\.gradle\caches\modules-2\files-2.1\com.badlogicgames.gdx\gdx\1.9.4\4b4b7962d1bc75af0438f5c81ec1010557bc9ee5\gdx-1.9.4.jar;C:\Users\oCocha\.gradle\caches\modules-2\files-2.1\com.badlogicgames.gdx\gdx-box2d\1.9.4\98a0d25c9f0637fecac6e4aacf7287aa635964f5\gdx-box2d-1.9.4.jar;C:\Users\oCocha\.gradle\caches\modules-2\files-2.1\com.badlogicgames.gdx\gdx-backend-lwjgl\1.9.4\4c6c108a9dcbc07096de8594b93f9cab33856fe2\gdx-backend-lwjgl-1.9.4.jar;C:\Users\oCocha\.gradle\caches\modules-2\files-2.1\com.badlogicgames.gdx\gdx-platform\1.9.4\8e93afecc287ab152179983fc1b5f65db4c2fa4c\gdx-platform-1.9.4-natives-desktop.jar;C:\Users\oCocha\.gradle\caches\modules-2\files-2.1\com.badlogicgames.gdx\gdx-box2d-platform\1.9.4\905a9ed3017cd3917b7fbada5ece58c40fddcbca\gdx-box2d-platform-1.9.4-natives-desktop.jar;C:\Users\oCocha\.gradle\caches\modules-2\files-2.1\org.lwjgl.lwjgl\lwjgl\2.9.2\a9d80fe5935c7a9149f6584d9777cfd471f65489\lwjgl-2.9.2.jar;C:\User
Launcher Type: SUN_STANDARD

Environment Variables:
PATH=C:\ProgramData\Oracle\Java\javapath;C:\Program Files\Common Files\Microsoft Shared\Windows Live;C:\Program Files (x86)\Common Files\Microsoft Shared\Windows Live;C:\Windows\system32;C:\Windows;C:\Windows\System32\Wbem;C:\Windows\System32\WindowsPowerShell\v1.0\;C:\Program Files (x86)\ATI Technologies\ATI.ACE\Core-Static;C:\Program Files (x86)\Windows Live\Shared;C:\Program Files (x86)\GtkSharp\2.12\bin;C:\Program Files (x86)\Skype\Phone\;C:\Program Files (x86)\AMD\ATI.ACE\Core-Static;C:\Program Files (x86)\Common Files\Softimage;C:\Program Files\Common Files\Softimage;C:\Program Files (x86)\Mozilla Firefox;C:\ProgramData\Oracle\Java\javapath;C:\Program Files\Common Files\Microsoft Shared\Windows Live;C:\Program Files (x86)\Common Files\Microsoft Shared\Windows Live;C:\Windows\system32;C:\Windows;C:\Windows\System32\Wbem;C:\Windows\System32\WindowsPowerShell\v1.0\;C:\Program Files (x86)\ATI Technologies\ATI.ACE\Core-Static;C:\Program Files (x86)\Windows Live\Shared;C:\Program Files (x86)\GtkSharp\2.12\bin;C:\Program Files (x86)\Skype\Phone\;C:\Program Files (x86)\AMD\ATI.ACE\Core-Static
USERNAME=oCocha
OS=Windows_NT
PROCESSOR_IDENTIFIER=Intel64 Family 6 Model 58 Stepping 9, GenuineIntel



---------------  S Y S T E M  ---------------

OS: Windows 7 , 64 bit Build 7601 (6.1.7601.23543)

CPU:total 2 (2 cores per cpu, 1 threads per core) family 6 model 58 stepping 9, cmov, cx8, fxsr, mmx, sse, sse2, sse3, ssse3, sse4.1, sse4.2, popcnt, clmul, erms, tsc, tscinvbit, tscinv

Memory: 4k page, physical 4143476k(956396k free), swap 8285092k(3507672k free)

vm_info: OpenJDK 64-Bit Server VM (25.76-b03) for windows-amd64 JRE (1.8.0_76-release-b03), built on Jun 29 2016 19:09:20 by "ralucas" with MS VC++ 10.0 (VS2010)

time: Mon Dec 05 11:29:32 2016
elapsed time: 93 seconds (0d 0h 1m 33s)

