#
# A fatal error has been detected by the Java Runtime Environment:
#
#  EXCEPTION_ACCESS_VIOLATION (0xc0000005) at pc=0x0000000066bcbd0d, pid=6076, tid=0x0000000000000454
#
# JRE version: OpenJDK Runtime Environment (8.0_76-b03) (build 1.8.0_76-release-b03)
# Java VM: OpenJDK 64-Bit Server VM (25.76-b03 mixed mode windows-amd64 compressed oops)
# Problematic frame:
# C  [gdx-box2d64.dll+0xbd0d]
#
# Failed to write core dump. Minidumps are not enabled by default on client versions of Windows
#
# If you would like to submit a bug report, please visit:
#   http://bugreport.java.com/bugreport/crash.jsp
# The crash happened outside the Java Virtual Machine in native code.
# See problematic frame for where to report the bug.
#

---------------  T H R E A D  ---------------

Current thread (0x0000000056bc4000):  JavaThread "LWJGL Application" [_thread_in_native, id=1108, stack(0x00000000582a0000,0x00000000583a0000)]

siginfo: ExceptionCode=0xc0000005, reading address 0x000000020039e350

Registers:
RAX=0x000000020039e350, RBX=0x0000000000317de0, RCX=0x0000000000317db0, RDX=0x00000000000000b8
RSP=0x000000005839ef60, RBP=0x0000000000000006, RSI=0x0000000000317db0, RDI=0x000000005839f020
R8 =0x0000000000317db0, R9 =0x0000000000000002, R10=0x0000000000000000, R11=0x0000000000000001
R12=0x0000000000000000, R13=0x0000000054995898, R14=0x000000005839f2d0, R15=0x0000000056bc4000
RIP=0x0000000066bcbd0d, EFLAGS=0x0000000000010206

Top of Stack: (sp=0x000000005839ef60)
0x000000005839ef60:   00000000143a4438 00000000ec04a5c8
0x000000005839ef70:   000000005839ef70 0000000066bf9b92
0x000000005839ef80:   00000000eb6cdf78 0000000000317db0
0x000000005839ef90:   0000000000000001 000000005839f020
0x000000005839efa0:   000000005839f140 0000000000000000
0x000000005839efb0:   0000000054995898 0000000066be2483
0x000000005839efc0:   0000000000317d30 0000000066bfc2f5
0x000000005839efd0:   00000000542f0480 00000000548f8920
0x000000005839efe0:   0000000000000001 0000000000000001
0x000000005839eff0:   0000000000000001 0000000066be8616
0x000000005839f000:   0000000056bc4000 000000005839f1d8
0x000000005839f010:   00000000548f8920 0000000000000000
0x000000005839f020:   4145800000000002 000000003fc00000
0x000000005839f030:   0000000000000000 0000000000000000
0x000000005839f040:   0000010100000000 0000000000000001
0x000000005839f050:   0000000000000000 000000003f800000 

Instructions: (pc=0x0000000066bcbd0d)
0x0000000066bcbced:   48 8d 05 6c a3 05 00 0f b6 1c 18 80 fb 0d 0f b6
0x0000000066bcbcfd:   eb 77 21 48 8d 1c de 48 8b 43 10 48 85 c0 74 3a
0x0000000066bcbd0d:   48 8b 10 48 89 53 10 48 83 c4 28 5b 5e 5f 5d 41
0x0000000066bcbd1d:   5c 41 5d c3 48 8d 15 18 9e 04 00 48 8d 0d 99 9e 


Register to memory mapping:

RAX=0x000000020039e350 is an unknown value
RBX=0x0000000000317de0 is an unknown value
RCX=0x0000000000317db0 is an unknown value
RDX=0x00000000000000b8 is an unknown value
RSP=0x000000005839ef60 is pointing into the stack for thread: 0x0000000056bc4000
RBP=0x0000000000000006 is an unknown value
RSI=0x0000000000317db0 is an unknown value
RDI=0x000000005839f020 is pointing into the stack for thread: 0x0000000056bc4000
R8 =0x0000000000317db0 is an unknown value
R9 =0x0000000000000002 is an unknown value
R10=0x0000000000000000 is an unknown value
R11=0x0000000000000001 is an unknown value
R12=0x0000000000000000 is an unknown value
R13=0x0000000054995898 is pointing into metadata
R14=0x000000005839f2d0 is pointing into the stack for thread: 0x0000000056bc4000
R15=0x0000000056bc4000 is a thread


Stack: [0x00000000582a0000,0x00000000583a0000],  sp=0x000000005839ef60,  free space=1019k
Native frames: (J=compiled Java code, j=interpreted, Vv=VM code, C=native code)
C  [gdx-box2d64.dll+0xbd0d]
C  [gdx-box2d64.dll+0x22483]
C  [gdx-box2d64.dll+0x28616]
C  0x0000000002c1c5a4

Java frames: (J=compiled Java code, j=interpreted, Vv=VM code)
J 602  com.badlogic.gdx.physics.box2d.World.jniCreateBody(JIFFFFFFFFZZZZZF)J (0 bytes) @ 0x0000000002c1c526 [0x0000000002c1c480+0xa6]
J 601 C1 com.badlogic.gdx.physics.box2d.World.createBody(Lcom/badlogic/gdx/physics/box2d/BodyDef;)Lcom/badlogic/gdx/physics/box2d/Body; (120 bytes) @ 0x0000000002c1dfbc [0x0000000002c1de20+0x19c]
j  com.runner.utils.WorldUtils.createEnemy(Lcom/badlogic/gdx/physics/box2d/World;F)Lcom/badlogic/gdx/physics/box2d/Body;+115
j  com.runner.stages.GameStage.createEnemy(F)V+9
j  com.runner.stages.GameStage.shoot()V+11
j  com.runner.stages.HudStage.touchDown(IIII)Z+38
J 1169 C1 com.badlogic.gdx.backends.lwjgl.LwjglInput.processEvents()V (478 bytes) @ 0x0000000002db094c [0x0000000002dafae0+0xe6c]
j  com.badlogic.gdx.backends.lwjgl.LwjglApplication.mainLoop()V+600
j  com.badlogic.gdx.backends.lwjgl.LwjglApplication$1.run()V+27
v  ~StubRoutines::call_stub

---------------  P R O C E S S  ---------------

Java Threads: ( => current thread )
  0x0000000056cd5000 JavaThread "LWJGL Timer" daemon [_thread_blocked, id=5724, stack(0x000000005f790000,0x000000005f890000)]
  0x0000000002180000 JavaThread "DestroyJavaVM" [_thread_blocked, id=2344, stack(0x00000000025b0000,0x00000000026b0000)]
=>0x0000000056bc4000 JavaThread "LWJGL Application" [_thread_in_native, id=1108, stack(0x00000000582a0000,0x00000000583a0000)]
  0x0000000056270800 JavaThread "Monitor Ctrl-Break" daemon [_thread_in_native, id=5140, stack(0x00000000568b0000,0x00000000569b0000)]
  0x0000000054cec800 JavaThread "Service Thread" daemon [_thread_blocked, id=5764, stack(0x0000000055af0000,0x0000000055bf0000)]
  0x0000000054ce9800 JavaThread "C1 CompilerThread1" daemon [_thread_blocked, id=5624, stack(0x0000000055d80000,0x0000000055e80000)]
  0x0000000054c8c000 JavaThread "C2 CompilerThread0" daemon [_thread_blocked, id=5520, stack(0x0000000056030000,0x0000000056130000)]
  0x0000000054c8a000 JavaThread "Attach Listener" daemon [_thread_blocked, id=4320, stack(0x0000000055e80000,0x0000000055f80000)]
  0x0000000054c89000 JavaThread "Signal Dispatcher" daemon [_thread_blocked, id=196, stack(0x0000000055c50000,0x0000000055d50000)]
  0x0000000054c6d800 JavaThread "Finalizer" daemon [_thread_blocked, id=6100, stack(0x00000000559a0000,0x0000000055aa0000)]
  0x0000000054c26800 JavaThread "Reference Handler" daemon [_thread_blocked, id=1452, stack(0x0000000055710000,0x0000000055810000)]

Other Threads:
  0x0000000054c1c800 VMThread [stack: 0x0000000055590000,0x0000000055690000] [id=5876]
  0x0000000054ced800 WatcherThread [stack: 0x0000000056680000,0x0000000056780000] [id=5824]

VM state:not at safepoint (normal execution)

VM Mutex/Monitor currently owned by a thread: None

Heap:
 PSYoungGen      total 18944K, used 10612K [0x00000000eaf00000, 0x00000000ec400000, 0x0000000100000000)
  eden space 16384K, 49% used [0x00000000eaf00000,0x00000000eb6ddb48,0x00000000ebf00000)
  from space 2560K, 99% used [0x00000000ebf00000,0x00000000ec17f6a0,0x00000000ec180000)
  to   space 2560K, 0% used [0x00000000ec180000,0x00000000ec180000,0x00000000ec400000)
 ParOldGen       total 44032K, used 1436K [0x00000000c0c00000, 0x00000000c3700000, 0x00000000eaf00000)
  object space 44032K, 3% used [0x00000000c0c00000,0x00000000c0d67238,0x00000000c3700000)
 Metaspace       used 8366K, capacity 8459K, committed 8576K, reserved 1056768K
  class space    used 754K, capacity 784K, committed 896K, reserved 1048576K

Card table byte_map: [0x0000000011d40000,0x0000000011f40000] byte_map_base: 0x000000001173a000

Marking Bits: (ParMarkBitMap*) 0x000000005ce79d00
 Begin Bits: [0x0000000012150000, 0x0000000013120000)
 End Bits:   [0x0000000013120000, 0x00000000140f0000)

Polling page: 0x0000000000140000

CodeCache: size=245760Kb used=4568Kb max_used=4571Kb free=241191Kb
 bounds [0x0000000002980000, 0x0000000002e00000, 0x0000000011980000]
 total_blobs=1743 nmethods=1245 adapters=413
 compilation: enabled

Compilation events (10 events):
Event: 19.553 Thread 0x0000000054c8c000 nmethod 1240 0x0000000002df0c10 code [0x0000000002df0d80, 0x0000000002df0fb8]
Event: 19.667 Thread 0x0000000054ce9800 1241       3       sun.nio.cs.StreamDecoder::implRead (243 bytes)
Event: 19.668 Thread 0x0000000054ce9800 nmethod 1241 0x0000000002df63d0 code [0x0000000002df66a0, 0x0000000002df8048]
Event: 19.669 Thread 0x0000000054ce9800 1242       3       com.badlogic.gdx.utils.Pool::reset (17 bytes)
Event: 19.670 Thread 0x0000000054ce9800 nmethod 1242 0x0000000002df5d10 code [0x0000000002df5ea0, 0x0000000002df62e8]
Event: 19.671 Thread 0x0000000054ce9800 1243       3       com.badlogic.gdx.physics.box2d.World::contactFilter (144 bytes)
Event: 19.671 Thread 0x0000000054ce9800 nmethod 1243 0x0000000002df8b50 code [0x0000000002df8d60, 0x0000000002df96e8]
Event: 19.671 Thread 0x0000000054c8c000 1244       4       com.badlogic.gdx.physics.box2d.World::getContactList (160 bytes)
Event: 19.677 Thread 0x0000000054c8c000 nmethod 1244 0x0000000002dfac90 code [0x0000000002dfae40, 0x0000000002dfb368]
Event: 19.834 Thread 0x0000000054ce9800 1245       3       java.nio.CharBuffer::array (35 bytes)

GC Heap History (2 events):
Event: 4.269 GC heap before
{Heap before GC invocations=1 (full 0):
 PSYoungGen      total 18944K, used 16384K [0x00000000eaf00000, 0x00000000ec400000, 0x0000000100000000)
  eden space 16384K, 100% used [0x00000000eaf00000,0x00000000ebf00000,0x00000000ebf00000)
  from space 2560K, 0% used [0x00000000ec180000,0x00000000ec180000,0x00000000ec400000)
  to   space 2560K, 0% used [0x00000000ebf00000,0x00000000ebf00000,0x00000000ec180000)
 ParOldGen       total 44032K, used 0K [0x00000000c0c00000, 0x00000000c3700000, 0x00000000eaf00000)
  object space 44032K, 0% used [0x00000000c0c00000,0x00000000c0c00000,0x00000000c3700000)
 Metaspace       used 7417K, capacity 7555K, committed 7680K, reserved 1056768K
  class space    used 689K, capacity 720K, committed 768K, reserved 1048576K
Event: 4.274 GC heap after
Heap after GC invocations=1 (full 0):
 PSYoungGen      total 18944K, used 2557K [0x00000000eaf00000, 0x00000000ec400000, 0x0000000100000000)
  eden space 16384K, 0% used [0x00000000eaf00000,0x00000000eaf00000,0x00000000ebf00000)
  from space 2560K, 99% used [0x00000000ebf00000,0x00000000ec17f6a0,0x00000000ec180000)
  to   space 2560K, 0% used [0x00000000ec180000,0x00000000ec180000,0x00000000ec400000)
 ParOldGen       total 44032K, used 1436K [0x00000000c0c00000, 0x00000000c3700000, 0x00000000eaf00000)
  object space 44032K, 3% used [0x00000000c0c00000,0x00000000c0d67238,0x00000000c3700000)
 Metaspace       used 7417K, capacity 7555K, committed 7680K, reserved 1056768K
  class space    used 689K, capacity 720K, committed 768K, reserved 1048576K
}

Deoptimization events (7 events):
Event: 4.192 Thread 0x0000000056bc4000 Uncommon trap: reason=unstable_if action=reinterpret pc=0x0000000002b0ff50 method=java.lang.String.<init>([CII)V @ 18
Event: 16.981 Thread 0x0000000056bc4000 Uncommon trap: reason=array_check action=maybe_recompile pc=0x0000000002c82778 method=com.badlogic.gdx.utils.Array.add(Ljava/lang/Object;)V @ 46
Event: 16.982 Thread 0x0000000056bc4000 Uncommon trap: reason=unstable_if action=reinterpret pc=0x0000000002d986d4 method=com.badlogic.gdx.scenes.scene2d.Stage.act(F)V @ 27
Event: 17.784 Thread 0x0000000056bc4000 Uncommon trap: reason=array_check action=maybe_recompile pc=0x0000000002c82778 method=com.badlogic.gdx.utils.Array.add(Ljava/lang/Object;)V @ 46
Event: 18.818 Thread 0x0000000056bc4000 Uncommon trap: reason=array_check action=maybe_recompile pc=0x0000000002c82778 method=com.badlogic.gdx.utils.Array.add(Ljava/lang/Object;)V @ 46
Event: 19.246 Thread 0x0000000056bc4000 Uncommon trap: reason=array_check action=maybe_recompile pc=0x0000000002c82778 method=com.badlogic.gdx.utils.Array.add(Ljava/lang/Object;)V @ 46
Event: 19.519 Thread 0x0000000056bc4000 Uncommon trap: reason=unstable_if action=reinterpret pc=0x0000000002d582d4 method=com.runner.stages.GameStage.update(Lcom/badlogic/gdx/physics/box2d/Body;)V @ 24

Internal exceptions (10 events):
Event: 2.454 Thread 0x0000000002180000 Exception <a 'java/security/PrivilegedActionException'> (0x00000000eb1cfd30) thrown at [C:\src\android\AOSP-openjdk\external\jetbrains\jdk\hotspot\src\share\vm\prims\jvm.cpp, line 1386]
Event: 2.454 Thread 0x0000000002180000 Exception <a 'java/security/PrivilegedActionException'> (0x00000000eb1cff40) thrown at [C:\src\android\AOSP-openjdk\external\jetbrains\jdk\hotspot\src\share\vm\prims\jvm.cpp, line 1386]
Event: 2.454 Thread 0x0000000002180000 Exception <a 'java/security/PrivilegedActionException'> (0x00000000eb1d1318) thrown at [C:\src\android\AOSP-openjdk\external\jetbrains\jdk\hotspot\src\share\vm\prims\jvm.cpp, line 1386]
Event: 2.454 Thread 0x0000000002180000 Exception <a 'java/security/PrivilegedActionException'> (0x00000000eb1d1528) thrown at [C:\src\android\AOSP-openjdk\external\jetbrains\jdk\hotspot\src\share\vm\prims\jvm.cpp, line 1386]
Event: 3.433 Thread 0x0000000002180000 Exception <a 'java/security/PrivilegedActionException'> (0x00000000eb3c8340) thrown at [C:\src\android\AOSP-openjdk\external\jetbrains\jdk\hotspot\src\share\vm\prims\jvm.cpp, line 1386]
Event: 3.434 Thread 0x0000000002180000 Exception <a 'java/security/PrivilegedActionException'> (0x00000000eb3ca018) thrown at [C:\src\android\AOSP-openjdk\external\jetbrains\jdk\hotspot\src\share\vm\prims\jvm.cpp, line 1386]
Event: 3.434 Thread 0x0000000002180000 Exception <a 'java/security/PrivilegedActionException'> (0x00000000eb3cb188) thrown at [C:\src\android\AOSP-openjdk\external\jetbrains\jdk\hotspot\src\share\vm\prims\jvm.cpp, line 1386]
Event: 3.434 Thread 0x0000000002180000 Exception <a 'java/security/PrivilegedActionException'> (0x00000000eb3d02f0) thrown at [C:\src\android\AOSP-openjdk\external\jetbrains\jdk\hotspot\src\share\vm\prims\jvm.cpp, line 1386]
Event: 3.434 Thread 0x0000000002180000 Exception <a 'java/security/PrivilegedActionException'> (0x00000000eb3d0f48) thrown at [C:\src\android\AOSP-openjdk\external\jetbrains\jdk\hotspot\src\share\vm\prims\jvm.cpp, line 1386]
Event: 3.434 Thread 0x0000000002180000 Exception <a 'java/security/PrivilegedActionException'> (0x00000000eb3d1b70) thrown at [C:\src\android\AOSP-openjdk\external\jetbrains\jdk\hotspot\src\share\vm\prims\jvm.cpp, line 1386]

Events (10 events):
Event: 18.818 Thread 0x0000000056bc4000 DEOPT PACKING pc=0x0000000002c82778 sp=0x000000005839f1e0
Event: 18.818 Thread 0x0000000056bc4000 DEOPT UNPACKING pc=0x00000000029c556a sp=0x000000005839f170 mode 2
Event: 19.246 Thread 0x0000000056bc4000 Uncommon trap: trap_request=0xffffffd6 fr.pc=0x0000000002c82778
Event: 19.246 Thread 0x0000000056bc4000 DEOPT PACKING pc=0x0000000002c82778 sp=0x000000005839f1e0
Event: 19.247 Thread 0x0000000056bc4000 DEOPT UNPACKING pc=0x00000000029c556a sp=0x000000005839f170 mode 2
Event: 19.519 Thread 0x0000000056bc4000 Uncommon trap: trap_request=0xffffff65 fr.pc=0x0000000002d582d4
Event: 19.519 Thread 0x0000000056bc4000 DEOPT PACKING pc=0x0000000002d582d4 sp=0x000000005839f2f0
Event: 19.519 Thread 0x0000000056bc4000 DEOPT UNPACKING pc=0x00000000029c556a sp=0x000000005839f240 mode 2
Event: 19.753 Thread 0x0000000056bc4000 DEOPT PACKING pc=0x0000000002df4def sp=0x000000005839f250
Event: 19.753 Thread 0x0000000056bc4000 DEOPT UNPACKING pc=0x00000000029c71bf sp=0x000000005839f018 mode 0


Dynamic libraries:
0x000000013f790000 - 0x000000013f7c1000 	C:\Android\Android Studio\jre\bin\java.exe
0x0000000077360000 - 0x000000007750a000 	C:\Windows\SYSTEM32\ntdll.dll
0x0000000077240000 - 0x000000007735f000 	C:\Windows\system32\kernel32.dll
0x000007fefd100000 - 0x000007fefd16a000 	C:\Windows\system32\KERNELBASE.dll
0x000007fefefe0000 - 0x000007feff0bb000 	C:\Windows\system32\ADVAPI32.dll
0x000007fefe7d0000 - 0x000007fefe86f000 	C:\Windows\system32\msvcrt.dll
0x000007fefee60000 - 0x000007fefee7f000 	C:\Windows\SYSTEM32\sechost.dll
0x000007feff530000 - 0x000007feff65d000 	C:\Windows\system32\RPCRT4.dll
0x0000000077140000 - 0x000000007723a000 	C:\Windows\system32\USER32.dll
0x000007fefe870000 - 0x000007fefe8d7000 	C:\Windows\system32\GDI32.dll
0x000007feff0c0000 - 0x000007feff0ce000 	C:\Windows\system32\LPK.dll
0x000007fefeca0000 - 0x000007fefed6a000 	C:\Windows\system32\USP10.dll
0x000007fefb980000 - 0x000007fefbb74000 	C:\Windows\WinSxS\amd64_microsoft.windows.common-controls_6595b64144ccf1df_6.0.7601.18837_none_fa3b1e3d17594757\COMCTL32.dll
0x000007fefe540000 - 0x000007fefe5b1000 	C:\Windows\system32\SHLWAPI.dll
0x000007fefe8e0000 - 0x000007fefe90e000 	C:\Windows\system32\IMM32.DLL
0x000007fefe9b0000 - 0x000007fefeab9000 	C:\Windows\system32\MSCTF.dll
0x000000006dd60000 - 0x000000006de32000 	C:\Android\Android Studio\jre\jre\bin\msvcr100.dll
0x000000005c6c0000 - 0x000000005cef4000 	C:\Android\Android Studio\jre\jre\bin\server\jvm.dll
0x000007feeceb0000 - 0x000007feeceb9000 	C:\Windows\system32\WSOCK32.dll
0x000007fefee10000 - 0x000007fefee5d000 	C:\Windows\system32\WS2_32.dll
0x000007feff660000 - 0x000007feff668000 	C:\Windows\system32\NSI.dll
0x000007fefafd0000 - 0x000007fefb00b000 	C:\Windows\system32\WINMM.dll
0x000007fefc110000 - 0x000007fefc11c000 	C:\Windows\system32\VERSION.dll
0x0000000077530000 - 0x0000000077537000 	C:\Windows\system32\PSAPI.DLL
0x000007fefa9a0000 - 0x000007fefa9af000 	C:\Android\Android Studio\jre\jre\bin\verify.dll
0x000007fef1670000 - 0x000007fef1699000 	C:\Android\Android Studio\jre\jre\bin\java.dll
0x000007fef1650000 - 0x000007fef1666000 	C:\Android\Android Studio\jre\jre\bin\zip.dll
0x000007fefd7b0000 - 0x000007fefe539000 	C:\Windows\system32\SHELL32.dll
0x000007fefe5c0000 - 0x000007fefe7c3000 	C:\Windows\system32\ole32.dll
0x000007fefd090000 - 0x000007fefd09f000 	C:\Windows\system32\profapi.dll
0x000007fef1600000 - 0x000007fef160f000 	C:\Android\Android Studio\bin\breakgen64.dll
0x000007fef1630000 - 0x000007fef164a000 	C:\Android\Android Studio\jre\jre\bin\net.dll
0x000007fefc870000 - 0x000007fefc8c5000 	C:\Windows\system32\mswsock.dll
0x000007fefc860000 - 0x000007fefc867000 	C:\Windows\System32\wship6.dll
0x0000000065580000 - 0x0000000065616000 	C:\Users\oCocha\AppData\Local\Temp\libgdxoCocha\8aad67a5\gdx64.dll
0x000007fefc8d0000 - 0x000007fefc8e8000 	C:\Windows\system32\CRYPTSP.dll
0x000007fefc5d0000 - 0x000007fefc617000 	C:\Windows\system32\rsaenh.dll
0x000007fefd0c0000 - 0x000007fefd0de000 	C:\Windows\system32\USERENV.dll
0x000007fefcf30000 - 0x000007fefcf3f000 	C:\Windows\system32\CRYPTBASE.dll
0x000007fefa770000 - 0x000007fefa797000 	C:\Windows\system32\IPHLPAPI.DLL
0x000007fefa750000 - 0x000007fefa75b000 	C:\Windows\system32\WINNSI.DLL
0x000007fefa590000 - 0x000007fefa5a1000 	C:\Windows\system32\dhcpcsvc6.DLL
0x000007fefa570000 - 0x000007fefa588000 	C:\Windows\system32\dhcpcsvc.DLL
0x000007fef1610000 - 0x000007fef1621000 	C:\Android\Android Studio\jre\jre\bin\nio.dll
0x0000000180000000 - 0x0000000180053000 	C:\Users\oCocha\AppData\Local\Temp\libgdxoCocha\dc0f0009\lwjgl64.dll
0x000007fedce00000 - 0x000007fedcf1d000 	C:\Windows\system32\OPENGL32.dll
0x000007feeae20000 - 0x000007feeae4d000 	C:\Windows\system32\GLU32.dll
0x000007fedcd00000 - 0x000007fedcdf1000 	C:\Windows\system32\DDRAW.dll
0x000007fef14c0000 - 0x000007fef14c8000 	C:\Windows\system32\DCIMAN32.dll
0x000007fefeac0000 - 0x000007fefec97000 	C:\Windows\system32\SETUPAPI.dll
0x000007fefd3c0000 - 0x000007fefd3f6000 	C:\Windows\system32\CFGMGR32.dll
0x000007fefeee0000 - 0x000007fefefba000 	C:\Windows\system32\OLEAUT32.dll
0x000007fefd420000 - 0x000007fefd43a000 	C:\Windows\system32\DEVOBJ.dll
0x000007fefc0c0000 - 0x000007fefc0d8000 	C:\Windows\system32\dwmapi.dll
0x0000000055690000 - 0x00000000556f4000 	C:\Users\oCocha\AppData\Local\Temp\libgdxoCocha\dc0f0009\OpenAL64.dll
0x000007fefb580000 - 0x000007fefb5d6000 	C:\Windows\system32\uxtheme.dll
0x000007fefe910000 - 0x000007fefe9a9000 	C:\Windows\system32\CLBCatQ.DLL
0x000007fefb630000 - 0x000007fefb75c000 	C:\Windows\System32\PROPSYS.dll
0x000007fefd170000 - 0x000007fefd1ab000 	C:\Windows\system32\WINTRUST.dll
0x000007fefd250000 - 0x000007fefd3bd000 	C:\Windows\system32\CRYPT32.dll
0x000007fefd0a0000 - 0x000007fefd0af000 	C:\Windows\system32\MSASN1.dll
0x000007feead90000 - 0x000007feeae18000 	C:\Windows\system32\dsound.dll
0x000007fefc0e0000 - 0x000007fefc10c000 	C:\Windows\system32\POWRPROF.dll
0x000007fefb760000 - 0x000007fefb7ab000 	C:\Windows\System32\MMDevApi.dll
0x000007fefa7b0000 - 0x000007fefa7ff000 	C:\Windows\system32\AUDIOSES.DLL
0x000007feead70000 - 0x000007feead88000 	C:\Windows\system32\atig6pxx.dll
0x00000000583a0000 - 0x000000005a1a0000 	C:\Windows\system32\atio6axx.dll
0x000007feee430000 - 0x000007feee571000 	C:\Windows\system32\atiadlxx.dll
0x000007fefc120000 - 0x000007fefc131000 	C:\Windows\system32\WTSAPI32.dll
0x000007fee5d00000 - 0x000007fee5d2c000 	C:\Windows\system32\atig6txx.dll
0x000007fee0160000 - 0x000007fee01fc000 	C:\Windows\system32\mscms.dll
0x000007fee00c0000 - 0x000007fee0102000 	C:\Windows\system32\icm32.dll
0x0000000066bc0000 - 0x0000000066c7b000 	C:\Users\oCocha\AppData\Local\Temp\libgdxoCocha\b6038e5c\gdx-box2d64.dll
0x000007fef31d0000 - 0x000007fef32f5000 	C:\Windows\system32\dbghelp.dll

VM Arguments:
jvm_args: -Didea.launcher.port=7534 -Didea.launcher.bin.path=C:\Android\Android Studio\bin -Dfile.encoding=UTF-8 
java_command: com.intellij.rt.execution.application.AppMain com.runner.desktop.DesktopLauncher
java_class_path (initial): C:\Android\Android Studio\jre\jre\lib\charsets.jar;C:\Android\Android Studio\jre\jre\lib\ext\access-bridge-64.jar;C:\Android\Android Studio\jre\jre\lib\ext\cldrdata.jar;C:\Android\Android Studio\jre\jre\lib\ext\dnsns.jar;C:\Android\Android Studio\jre\jre\lib\ext\jaccess.jar;C:\Android\Android Studio\jre\jre\lib\ext\localedata.jar;C:\Android\Android Studio\jre\jre\lib\ext\nashorn.jar;C:\Android\Android Studio\jre\jre\lib\ext\sunec.jar;C:\Android\Android Studio\jre\jre\lib\ext\sunjce_provider.jar;C:\Android\Android Studio\jre\jre\lib\ext\sunmscapi.jar;C:\Android\Android Studio\jre\jre\lib\ext\sunpkcs11.jar;C:\Android\Android Studio\jre\jre\lib\ext\zipfs.jar;C:\Android\Android Studio\jre\jre\lib\jce.jar;C:\Android\Android Studio\jre\jre\lib\jsse.jar;C:\Android\Android Studio\jre\jre\lib\management-agent.jar;C:\Android\Android Studio\jre\jre\lib\resources.jar;C:\Android\Android Studio\jre\jre\lib\rt.jar;C:\Android\Projekte\ItsAMe\desktop\build\classes\main;C:\Android\Projekte\ItsAMe\core\build\classes\main;C:\Users\oCocha\.gradle\caches\modules-2\files-2.1\com.badlogicgames.gdx\gdx\1.9.4\4b4b7962d1bc75af0438f5c81ec1010557bc9ee5\gdx-1.9.4.jar;C:\Users\oCocha\.gradle\caches\modules-2\files-2.1\com.badlogicgames.gdx\gdx-box2d\1.9.4\98a0d25c9f0637fecac6e4aacf7287aa635964f5\gdx-box2d-1.9.4.jar;C:\Android\Projekte\ItsAMe\core\build\libs\core-1.0.jar;C:\Users\oCocha\.gradle\caches\modules-2\files-2.1\com.badlogicgames.gdx\gdx-backend-lwjgl\1.9.4\4c6c108a9dcbc07096de8594b93f9cab33856fe2\gdx-backend-lwjgl-1.9.4.jar;C:\Users\oCocha\.gradle\caches\modules-2\files-2.1\com.badlogicgames.gdx\gdx-platform\1.9.4\8e93afecc287ab152179983fc1b5f65db4c2fa4c\gdx-platform-1.9.4-natives-desktop.jar;C:\Users\oCocha\.gradle\caches\modules-2\files-2.1\com.badlogicgames.gdx\gdx-box2d-platform\1.9.4\905a9ed3017cd3917b7fbada5ece58c40fddcbca\gdx-box2d-platform-1.9.4-natives-desktop.jar;C:\Users\oCocha\.gradle\caches\modules-2\files-2.1\org.lwjgl.lwjgl\lwjgl\2.9.2\a9d80fe5
Launcher Type: SUN_STANDARD

Environment Variables:
PATH=C:\ProgramData\Oracle\Java\javapath;C:\Program Files\Common Files\Microsoft Shared\Windows Live;C:\Program Files (x86)\Common Files\Microsoft Shared\Windows Live;C:\Windows\system32;C:\Windows;C:\Windows\System32\Wbem;C:\Windows\System32\WindowsPowerShell\v1.0\;C:\Program Files (x86)\ATI Technologies\ATI.ACE\Core-Static;C:\Program Files (x86)\Windows Live\Shared;C:\Program Files (x86)\GtkSharp\2.12\bin;C:\Program Files (x86)\Skype\Phone\;C:\Program Files (x86)\AMD\ATI.ACE\Core-Static;C:\Program Files (x86)\Common Files\Softimage;C:\Program Files\Common Files\Softimage;C:\Program Files (x86)\Mozilla Firefox;C:\ProgramData\Oracle\Java\javapath;C:\Program Files\Common Files\Microsoft Shared\Windows Live;C:\Program Files (x86)\Common Files\Microsoft Shared\Windows Live;C:\Windows\system32;C:\Windows;C:\Windows\System32\Wbem;C:\Windows\System32\WindowsPowerShell\v1.0\;C:\Program Files (x86)\ATI Technologies\ATI.ACE\Core-Static;C:\Program Files (x86)\Windows Live\Shared;C:\Program Files (x86)\GtkSharp\2.12\bin;C:\Program Files (x86)\Skype\Phone\;C:\Program Files (x86)\AMD\ATI.ACE\Core-Static
USERNAME=oCocha
OS=Windows_NT
PROCESSOR_IDENTIFIER=Intel64 Family 6 Model 58 Stepping 9, GenuineIntel



---------------  S Y S T E M  ---------------

OS: Windows 7 , 64 bit Build 7601 (6.1.7601.23543)

CPU:total 2 (2 cores per cpu, 1 threads per core) family 6 model 58 stepping 9, cmov, cx8, fxsr, mmx, sse, sse2, sse3, ssse3, sse4.1, sse4.2, popcnt, clmul, erms, tsc, tscinvbit, tscinv

Memory: 4k page, physical 4143476k(668632k free), swap 8285092k(2925416k free)

vm_info: OpenJDK 64-Bit Server VM (25.76-b03) for windows-amd64 JRE (1.8.0_76-release-b03), built on Jun 29 2016 19:09:20 by "ralucas" with MS VC++ 10.0 (VS2010)

time: Sat Dec 03 13:49:09 2016
elapsed time: 19 seconds (0d 0h 0m 19s)

