#
# A fatal error has been detected by the Java Runtime Environment:
#
#  EXCEPTION_ACCESS_VIOLATION (0xc0000005) at pc=0x0000000066bcbd0d, pid=2076, tid=0x0000000000001244
#
# JRE version: OpenJDK Runtime Environment (8.0_76-b03) (build 1.8.0_76-release-b03)
# Java VM: OpenJDK 64-Bit Server VM (25.76-b03 mixed mode windows-amd64 compressed oops)
# Problematic frame:
# C  [gdx-box2d64.dll+0xbd0d]
#
# Failed to write core dump. Minidumps are not enabled by default on client versions of Windows
#
# If you would like to submit a bug report, please visit:
#   http://bugreport.java.com/bugreport/crash.jsp
# The crash happened outside the Java Virtual Machine in native code.
# See problematic frame for where to report the bug.
#

---------------  T H R E A D  ---------------

Current thread (0x00000000568c4000):  JavaThread "LWJGL Application" [_thread_in_native, id=4676, stack(0x00000000577e0000,0x00000000578e0000)]

siginfo: ExceptionCode=0xc0000005, reading address 0x00000002002ce790

Registers:
RAX=0x00000002002ce790, RBX=0x0000000000247de0, RCX=0x0000000000247db0, RDX=0x00000000000000b8
RSP=0x00000000578df2a0, RBP=0x0000000000000006, RSI=0x0000000000247db0, RDI=0x00000000578df360
R8 =0x0000000000247db0, R9 =0x0000000000000002, R10=0x0000000000000000, R11=0x0000000000000001
R12=0x0000000000000000, R13=0x0000000054b4af38, R14=0x00000000578df620, R15=0x00000000568c4000
RIP=0x0000000066bcbd0d, EFLAGS=0x0000000000010206

Top of Stack: (sp=0x00000000578df2a0)
0x00000000578df2a0:   0000000014561548 0000000000000001
0x00000000578df2b0:   00000000eb8c8c58 0000000066bf9b92
0x00000000578df2c0:   00000000eb8c8d38 0000000000247db0
0x00000000578df2d0:   0000000000000001 00000000578df360
0x00000000578df2e0:   00000000578df480 0000000000000000
0x00000000578df2f0:   0000000054b4af38 0000000066be2483
0x00000000578df300:   0000000000247d30 0000000066bfc2f5
0x00000000578df310:   00000000544a0480 0000000054aaa3e8
0x00000000578df320:   0000000000000001 0000000000000001
0x00000000578df330:   0000000000000001 0000000066be8616
0x00000000578df340:   00000000568c4000 00000000578df520
0x00000000578df350:   0000000054aaa3e8 0000000000000000
0x00000000578df360:   4171a67800000002 000000004014f5c1
0x00000000578df370:   0000000000000000 0000000000000000
0x00000000578df380:   0000010100000000 0000000000000001
0x00000000578df390:   0000000000000000 000000003f800000 

Instructions: (pc=0x0000000066bcbd0d)
0x0000000066bcbced:   48 8d 05 6c a3 05 00 0f b6 1c 18 80 fb 0d 0f b6
0x0000000066bcbcfd:   eb 77 21 48 8d 1c de 48 8b 43 10 48 85 c0 74 3a
0x0000000066bcbd0d:   48 8b 10 48 89 53 10 48 83 c4 28 5b 5e 5f 5d 41
0x0000000066bcbd1d:   5c 41 5d c3 48 8d 15 18 9e 04 00 48 8d 0d 99 9e 


Register to memory mapping:

RAX=0x00000002002ce790 is an unknown value
RBX=0x0000000000247de0 is an unknown value
RCX=0x0000000000247db0 is an unknown value
RDX=0x00000000000000b8 is an unknown value
RSP=0x00000000578df2a0 is pointing into the stack for thread: 0x00000000568c4000
RBP=0x0000000000000006 is an unknown value
RSI=0x0000000000247db0 is an unknown value
RDI=0x00000000578df360 is pointing into the stack for thread: 0x00000000568c4000
R8 =0x0000000000247db0 is an unknown value
R9 =0x0000000000000002 is an unknown value
R10=0x0000000000000000 is an unknown value
R11=0x0000000000000001 is an unknown value
R12=0x0000000000000000 is an unknown value
R13=0x0000000054b4af38 is pointing into metadata
R14=0x00000000578df620 is pointing into the stack for thread: 0x00000000568c4000
R15=0x00000000568c4000 is a thread


Stack: [0x00000000577e0000,0x00000000578e0000],  sp=0x00000000578df2a0,  free space=1020k
Native frames: (J=compiled Java code, j=interpreted, Vv=VM code, C=native code)
C  [gdx-box2d64.dll+0xbd0d]
C  [gdx-box2d64.dll+0x22483]
C  [gdx-box2d64.dll+0x28616]
C  0x0000000002a8be64

Java frames: (J=compiled Java code, j=interpreted, Vv=VM code)
J 643  com.badlogic.gdx.physics.box2d.World.jniCreateBody(JIFFFFFFFFZZZZZF)J (0 bytes) @ 0x0000000002a8bde6 [0x0000000002a8bd40+0xa6]
J 642 C1 com.badlogic.gdx.physics.box2d.World.createBody(Lcom/badlogic/gdx/physics/box2d/BodyDef;)Lcom/badlogic/gdx/physics/box2d/Body; (120 bytes) @ 0x0000000002a8e73c [0x0000000002a8e5a0+0x19c]
j  com.runner.utils.WorldUtils.createProjectile(Lcom/badlogic/gdx/physics/box2d/World;FF)Lcom/badlogic/gdx/physics/box2d/Body;+116
j  com.runner.stages.GameStage.shoot()V+36
j  com.runner.stages.HudStage.touchDown(IIII)Z+38
J 1177 C1 com.badlogic.gdx.backends.lwjgl.LwjglInput.processEvents()V (478 bytes) @ 0x0000000002c0240c [0x0000000002c015a0+0xe6c]
j  com.badlogic.gdx.backends.lwjgl.LwjglApplication.mainLoop()V+600
j  com.badlogic.gdx.backends.lwjgl.LwjglApplication$1.run()V+27
v  ~StubRoutines::call_stub

---------------  P R O C E S S  ---------------

Java Threads: ( => current thread )
  0x0000000057c23000 JavaThread "LWJGL Timer" daemon [_thread_blocked, id=6860, stack(0x000000005f950000,0x000000005fa50000)]
  0x00000000020b0000 JavaThread "DestroyJavaVM" [_thread_blocked, id=6924, stack(0x00000000023f0000,0x00000000024f0000)]
=>0x00000000568c4000 JavaThread "LWJGL Application" [_thread_in_native, id=4676, stack(0x00000000577e0000,0x00000000578e0000)]
  0x0000000056695000 JavaThread "Monitor Ctrl-Break" daemon [_thread_in_native, id=6524, stack(0x0000000056990000,0x0000000056a90000)]
  0x0000000054e97000 JavaThread "Service Thread" daemon [_thread_blocked, id=6708, stack(0x0000000056340000,0x0000000056440000)]
  0x0000000054e94000 JavaThread "C1 CompilerThread1" daemon [_thread_blocked, id=5260, stack(0x0000000056180000,0x0000000056280000)]
  0x0000000054e39800 JavaThread "C2 CompilerThread0" daemon [_thread_blocked, id=5752, stack(0x0000000055f90000,0x0000000056090000)]
  0x0000000054e38000 JavaThread "Attach Listener" daemon [_thread_blocked, id=6516, stack(0x0000000055d60000,0x0000000055e60000)]
  0x0000000054e36800 JavaThread "Signal Dispatcher" daemon [_thread_blocked, id=6768, stack(0x0000000055b60000,0x0000000055c60000)]
  0x0000000054e1d800 JavaThread "Finalizer" daemon [_thread_blocked, id=5968, stack(0x0000000055a20000,0x0000000055b20000)]
  0x0000000054dd6800 JavaThread "Reference Handler" daemon [_thread_blocked, id=6104, stack(0x0000000055640000,0x0000000055740000)]

Other Threads:
  0x0000000054dcc800 VMThread [stack: 0x00000000557c0000,0x00000000558c0000] [id=6324]
  0x0000000054e98800 WatcherThread [stack: 0x0000000056450000,0x0000000056550000] [id=4224]

VM state:not at safepoint (normal execution)

VM Mutex/Monitor currently owned by a thread: None

Heap:
 PSYoungGen      total 18944K, used 12657K [0x00000000eaf00000, 0x00000000ec400000, 0x0000000100000000)
  eden space 16384K, 61% used [0x00000000eaf00000,0x00000000eb8dddc8,0x00000000ebf00000)
  from space 2560K, 99% used [0x00000000ebf00000,0x00000000ec17ea30,0x00000000ec180000)
  to   space 2560K, 0% used [0x00000000ec180000,0x00000000ec180000,0x00000000ec400000)
 ParOldGen       total 44032K, used 1432K [0x00000000c0c00000, 0x00000000c3700000, 0x00000000eaf00000)
  object space 44032K, 3% used [0x00000000c0c00000,0x00000000c0d66128,0x00000000c3700000)
 Metaspace       used 8445K, capacity 8531K, committed 8832K, reserved 1056768K
  class space    used 757K, capacity 784K, committed 896K, reserved 1048576K

Card table byte_map: [0x0000000011b80000,0x0000000011d80000] byte_map_base: 0x000000001157a000

Marking Bits: (ParMarkBitMap*) 0x000000005ce79d00
 Begin Bits: [0x0000000012300000, 0x00000000132d0000)
 End Bits:   [0x00000000132d0000, 0x00000000142a0000)

Polling page: 0x0000000000330000

CodeCache: size=245760Kb used=4933Kb max_used=4945Kb free=240826Kb
 bounds [0x00000000027c0000, 0x0000000002ca0000, 0x00000000117c0000]
 total_blobs=1857 nmethods=1359 adapters=413
 compilation: enabled

Compilation events (10 events):
Event: 26.142 Thread 0x0000000054e39800 1355       4       com.badlogic.gdx.utils.ObjectMap::get (76 bytes)
Event: 26.148 Thread 0x0000000054e39800 nmethod 1355 0x0000000002c94610 code [0x0000000002c94780, 0x0000000002c94d78]
Event: 27.480 Thread 0x0000000054e39800 1356       4       com.badlogic.gdx.graphics.Color::toFloatBits (50 bytes)
Event: 27.480 Thread 0x0000000054e39800 nmethod 1356 0x0000000002c91e50 code [0x0000000002c91fc0, 0x0000000002c920d8]
Event: 27.514 Thread 0x0000000054e94000 1357       3       com.badlogic.gdx.backends.lwjgl.LwjglGL20::glBindTexture (6 bytes)
Event: 27.515 Thread 0x0000000054e94000 nmethod 1357 0x0000000002c8e590 code [0x0000000002c8e780, 0x0000000002c8ef38]
Event: 27.515 Thread 0x0000000054e94000 1358       3       org.lwjgl.opengl.GL11::glBindTexture (20 bytes)
Event: 27.516 Thread 0x0000000054e94000 nmethod 1358 0x0000000002c93850 code [0x0000000002c93a40, 0x0000000002c94178]
Event: 27.796 Thread 0x0000000054e39800 1359       4       com.badlogic.gdx.backends.lwjgl.LwjglGraphics::getHeight (29 bytes)
Event: 27.798 Thread 0x0000000054e39800 nmethod 1359 0x0000000002c8df90 code [0x0000000002c8e0e0, 0x0000000002c8e398]

GC Heap History (2 events):
Event: 1.125 GC heap before
{Heap before GC invocations=1 (full 0):
 PSYoungGen      total 18944K, used 16384K [0x00000000eaf00000, 0x00000000ec400000, 0x0000000100000000)
  eden space 16384K, 100% used [0x00000000eaf00000,0x00000000ebf00000,0x00000000ebf00000)
  from space 2560K, 0% used [0x00000000ec180000,0x00000000ec180000,0x00000000ec400000)
  to   space 2560K, 0% used [0x00000000ebf00000,0x00000000ebf00000,0x00000000ec180000)
 ParOldGen       total 44032K, used 0K [0x00000000c0c00000, 0x00000000c3700000, 0x00000000eaf00000)
  object space 44032K, 0% used [0x00000000c0c00000,0x00000000c0c00000,0x00000000c3700000)
 Metaspace       used 7461K, capacity 7555K, committed 7680K, reserved 1056768K
  class space    used 690K, capacity 720K, committed 768K, reserved 1048576K
Event: 1.129 GC heap after
Heap after GC invocations=1 (full 0):
 PSYoungGen      total 18944K, used 2554K [0x00000000eaf00000, 0x00000000ec400000, 0x0000000100000000)
  eden space 16384K, 0% used [0x00000000eaf00000,0x00000000eaf00000,0x00000000ebf00000)
  from space 2560K, 99% used [0x00000000ebf00000,0x00000000ec17ea30,0x00000000ec180000)
  to   space 2560K, 0% used [0x00000000ec180000,0x00000000ec180000,0x00000000ec400000)
 ParOldGen       total 44032K, used 1432K [0x00000000c0c00000, 0x00000000c3700000, 0x00000000eaf00000)
  object space 44032K, 3% used [0x00000000c0c00000,0x00000000c0d66128,0x00000000c3700000)
 Metaspace       used 7461K, capacity 7555K, committed 7680K, reserved 1056768K
  class space    used 690K, capacity 720K, committed 768K, reserved 1048576K
}

Deoptimization events (6 events):
Event: 1.048 Thread 0x00000000568c4000 Uncommon trap: reason=unstable_if action=reinterpret pc=0x0000000002954d90 method=java.lang.String.<init>([CII)V @ 18
Event: 2.868 Thread 0x00000000568c4000 Uncommon trap: reason=array_check action=maybe_recompile pc=0x0000000002aed278 method=com.badlogic.gdx.utils.Array.add(Ljava/lang/Object;)V @ 46
Event: 2.870 Thread 0x00000000568c4000 Uncommon trap: reason=unstable_if action=reinterpret pc=0x0000000002b04c78 method=com.runner.utils.BodyUtils.bodyIsProjectile(Lcom/badlogic/gdx/physics/box2d/Body;)Z @ 19
Event: 3.321 Thread 0x00000000568c4000 Uncommon trap: reason=array_check action=maybe_recompile pc=0x0000000002aed278 method=com.badlogic.gdx.utils.Array.add(Ljava/lang/Object;)V @ 46
Event: 3.668 Thread 0x00000000568c4000 Uncommon trap: reason=array_check action=maybe_recompile pc=0x0000000002aed278 method=com.badlogic.gdx.utils.Array.add(Ljava/lang/Object;)V @ 46
Event: 4.102 Thread 0x00000000568c4000 Uncommon trap: reason=array_check action=maybe_recompile pc=0x0000000002aed278 method=com.badlogic.gdx.utils.Array.add(Ljava/lang/Object;)V @ 46

Internal exceptions (10 events):
Event: 0.224 Thread 0x00000000020b0000 Exception <a 'java/security/PrivilegedActionException'> (0x00000000eb1cf610) thrown at [C:\src\android\AOSP-openjdk\external\jetbrains\jdk\hotspot\src\share\vm\prims\jvm.cpp, line 1386]
Event: 0.224 Thread 0x00000000020b0000 Exception <a 'java/security/PrivilegedActionException'> (0x00000000eb1cf820) thrown at [C:\src\android\AOSP-openjdk\external\jetbrains\jdk\hotspot\src\share\vm\prims\jvm.cpp, line 1386]
Event: 0.224 Thread 0x00000000020b0000 Exception <a 'java/security/PrivilegedActionException'> (0x00000000eb1d0bf8) thrown at [C:\src\android\AOSP-openjdk\external\jetbrains\jdk\hotspot\src\share\vm\prims\jvm.cpp, line 1386]
Event: 0.224 Thread 0x00000000020b0000 Exception <a 'java/security/PrivilegedActionException'> (0x00000000eb1d0e08) thrown at [C:\src\android\AOSP-openjdk\external\jetbrains\jdk\hotspot\src\share\vm\prims\jvm.cpp, line 1386]
Event: 0.521 Thread 0x00000000020b0000 Exception <a 'java/security/PrivilegedActionException'> (0x00000000eb3c7928) thrown at [C:\src\android\AOSP-openjdk\external\jetbrains\jdk\hotspot\src\share\vm\prims\jvm.cpp, line 1386]
Event: 0.521 Thread 0x00000000020b0000 Exception <a 'java/security/PrivilegedActionException'> (0x00000000eb3c9600) thrown at [C:\src\android\AOSP-openjdk\external\jetbrains\jdk\hotspot\src\share\vm\prims\jvm.cpp, line 1386]
Event: 0.521 Thread 0x00000000020b0000 Exception <a 'java/security/PrivilegedActionException'> (0x00000000eb3ca770) thrown at [C:\src\android\AOSP-openjdk\external\jetbrains\jdk\hotspot\src\share\vm\prims\jvm.cpp, line 1386]
Event: 0.521 Thread 0x00000000020b0000 Exception <a 'java/security/PrivilegedActionException'> (0x00000000eb3cf8d8) thrown at [C:\src\android\AOSP-openjdk\external\jetbrains\jdk\hotspot\src\share\vm\prims\jvm.cpp, line 1386]
Event: 0.521 Thread 0x00000000020b0000 Exception <a 'java/security/PrivilegedActionException'> (0x00000000eb3d0530) thrown at [C:\src\android\AOSP-openjdk\external\jetbrains\jdk\hotspot\src\share\vm\prims\jvm.cpp, line 1386]
Event: 0.521 Thread 0x00000000020b0000 Exception <a 'java/security/PrivilegedActionException'> (0x00000000eb3d1158) thrown at [C:\src\android\AOSP-openjdk\external\jetbrains\jdk\hotspot\src\share\vm\prims\jvm.cpp, line 1386]

Events (10 events):
Event: 4.102 Thread 0x00000000568c4000 DEOPT PACKING pc=0x0000000002aed278 sp=0x00000000578df550
Event: 4.102 Thread 0x00000000568c4000 DEOPT UNPACKING pc=0x000000000280556a sp=0x00000000578df4e0 mode 2
Event: 4.221 Executing VM operation: EnableBiasedLocking
Event: 4.221 Executing VM operation: EnableBiasedLocking done
Event: 4.686 Thread 0x00000000568c4000 DEOPT PACKING pc=0x0000000002b969e4 sp=0x00000000578df510
Event: 4.686 Thread 0x00000000568c4000 DEOPT UNPACKING pc=0x00000000028071bf sp=0x00000000578df2d0 mode 0
Event: 4.702 Thread 0x00000000568c4000 DEOPT PACKING pc=0x0000000002b99307 sp=0x00000000578df600
Event: 4.702 Thread 0x00000000568c4000 DEOPT UNPACKING pc=0x00000000028071bf sp=0x00000000578df3d8 mode 0
Event: 6.071 loading class com/badlogic/gdx/scenes/scene2d/InputListener$1
Event: 6.071 loading class com/badlogic/gdx/scenes/scene2d/InputListener$1 done


Dynamic libraries:
0x000000013f790000 - 0x000000013f7c1000 	C:\Android\Android Studio\jre\bin\java.exe
0x0000000077360000 - 0x000000007750a000 	C:\Windows\SYSTEM32\ntdll.dll
0x0000000077240000 - 0x000000007735f000 	C:\Windows\system32\kernel32.dll
0x000007fefd100000 - 0x000007fefd16a000 	C:\Windows\system32\KERNELBASE.dll
0x000007fefefe0000 - 0x000007feff0bb000 	C:\Windows\system32\ADVAPI32.dll
0x000007fefe7d0000 - 0x000007fefe86f000 	C:\Windows\system32\msvcrt.dll
0x000007fefee60000 - 0x000007fefee7f000 	C:\Windows\SYSTEM32\sechost.dll
0x000007feff530000 - 0x000007feff65d000 	C:\Windows\system32\RPCRT4.dll
0x0000000077140000 - 0x000000007723a000 	C:\Windows\system32\USER32.dll
0x000007fefe870000 - 0x000007fefe8d7000 	C:\Windows\system32\GDI32.dll
0x000007feff0c0000 - 0x000007feff0ce000 	C:\Windows\system32\LPK.dll
0x000007fefeca0000 - 0x000007fefed6a000 	C:\Windows\system32\USP10.dll
0x000007fefb980000 - 0x000007fefbb74000 	C:\Windows\WinSxS\amd64_microsoft.windows.common-controls_6595b64144ccf1df_6.0.7601.18837_none_fa3b1e3d17594757\COMCTL32.dll
0x000007fefe540000 - 0x000007fefe5b1000 	C:\Windows\system32\SHLWAPI.dll
0x000007fefe8e0000 - 0x000007fefe90e000 	C:\Windows\system32\IMM32.DLL
0x000007fefe9b0000 - 0x000007fefeab9000 	C:\Windows\system32\MSCTF.dll
0x000000006dd60000 - 0x000000006de32000 	C:\Android\Android Studio\jre\jre\bin\msvcr100.dll
0x000000005c6c0000 - 0x000000005cef4000 	C:\Android\Android Studio\jre\jre\bin\server\jvm.dll
0x000007feeceb0000 - 0x000007feeceb9000 	C:\Windows\system32\WSOCK32.dll
0x000007fefee10000 - 0x000007fefee5d000 	C:\Windows\system32\WS2_32.dll
0x000007feff660000 - 0x000007feff668000 	C:\Windows\system32\NSI.dll
0x000007fefafd0000 - 0x000007fefb00b000 	C:\Windows\system32\WINMM.dll
0x000007fefc110000 - 0x000007fefc11c000 	C:\Windows\system32\VERSION.dll
0x0000000077530000 - 0x0000000077537000 	C:\Windows\system32\PSAPI.DLL
0x000007fefa9a0000 - 0x000007fefa9af000 	C:\Android\Android Studio\jre\jre\bin\verify.dll
0x000007fef1670000 - 0x000007fef1699000 	C:\Android\Android Studio\jre\jre\bin\java.dll
0x000007fef1650000 - 0x000007fef1666000 	C:\Android\Android Studio\jre\jre\bin\zip.dll
0x000007fefd7b0000 - 0x000007fefe539000 	C:\Windows\system32\SHELL32.dll
0x000007fefe5c0000 - 0x000007fefe7c3000 	C:\Windows\system32\ole32.dll
0x000007fefd090000 - 0x000007fefd09f000 	C:\Windows\system32\profapi.dll
0x000007fef14c0000 - 0x000007fef14cf000 	C:\Android\Android Studio\bin\breakgen64.dll
0x000007fef1630000 - 0x000007fef164a000 	C:\Android\Android Studio\jre\jre\bin\net.dll
0x000007fefc870000 - 0x000007fefc8c5000 	C:\Windows\system32\mswsock.dll
0x000007fefc860000 - 0x000007fefc867000 	C:\Windows\System32\wship6.dll
0x0000000065580000 - 0x0000000065616000 	C:\Users\oCocha\AppData\Local\Temp\libgdxoCocha\8aad67a5\gdx64.dll
0x000007fefc8d0000 - 0x000007fefc8e8000 	C:\Windows\system32\CRYPTSP.dll
0x000007fefc5d0000 - 0x000007fefc617000 	C:\Windows\system32\rsaenh.dll
0x000007fefd0c0000 - 0x000007fefd0de000 	C:\Windows\system32\USERENV.dll
0x000007fefcf30000 - 0x000007fefcf3f000 	C:\Windows\system32\CRYPTBASE.dll
0x000007fefa770000 - 0x000007fefa797000 	C:\Windows\system32\IPHLPAPI.DLL
0x000007fefa750000 - 0x000007fefa75b000 	C:\Windows\system32\WINNSI.DLL
0x000007fefa590000 - 0x000007fefa5a1000 	C:\Windows\system32\dhcpcsvc6.DLL
0x000007fefa570000 - 0x000007fefa588000 	C:\Windows\system32\dhcpcsvc.DLL
0x000007fef1610000 - 0x000007fef1621000 	C:\Android\Android Studio\jre\jre\bin\nio.dll
0x0000000180000000 - 0x0000000180053000 	C:\Users\oCocha\AppData\Local\Temp\libgdxoCocha\dc0f0009\lwjgl64.dll
0x000007fedd650000 - 0x000007fedd76d000 	C:\Windows\system32\OPENGL32.dll
0x000007feed370000 - 0x000007feed39d000 	C:\Windows\system32\GLU32.dll
0x000007feed270000 - 0x000007feed361000 	C:\Windows\system32\DDRAW.dll
0x000007fefa3f0000 - 0x000007fefa3f8000 	C:\Windows\system32\DCIMAN32.dll
0x000007fefeac0000 - 0x000007fefec97000 	C:\Windows\system32\SETUPAPI.dll
0x000007fefd3c0000 - 0x000007fefd3f6000 	C:\Windows\system32\CFGMGR32.dll
0x000007fefeee0000 - 0x000007fefefba000 	C:\Windows\system32\OLEAUT32.dll
0x000007fefd420000 - 0x000007fefd43a000 	C:\Windows\system32\DEVOBJ.dll
0x000007fefc0c0000 - 0x000007fefc0d8000 	C:\Windows\system32\dwmapi.dll
0x0000000002190000 - 0x00000000021f4000 	C:\Users\oCocha\AppData\Local\Temp\libgdxoCocha\dc0f0009\OpenAL64.dll
0x000007fefb580000 - 0x000007fefb5d6000 	C:\Windows\system32\uxtheme.dll
0x000007fefe910000 - 0x000007fefe9a9000 	C:\Windows\system32\CLBCatQ.DLL
0x000007fefb630000 - 0x000007fefb75c000 	C:\Windows\System32\PROPSYS.dll
0x000007fefd170000 - 0x000007fefd1ab000 	C:\Windows\system32\WINTRUST.dll
0x000007fefd250000 - 0x000007fefd3bd000 	C:\Windows\system32\CRYPT32.dll
0x000007fefd0a0000 - 0x000007fefd0af000 	C:\Windows\system32\MSASN1.dll
0x000007feeadc0000 - 0x000007feeae48000 	C:\Windows\system32\dsound.dll
0x000007fefc0e0000 - 0x000007fefc10c000 	C:\Windows\system32\POWRPROF.dll
0x000007fefb760000 - 0x000007fefb7ab000 	C:\Windows\System32\MMDevApi.dll
0x000007fefa7b0000 - 0x000007fefa7ff000 	C:\Windows\system32\AUDIOSES.DLL
0x000007feed250000 - 0x000007feed268000 	C:\Windows\system32\atig6pxx.dll
0x0000000058360000 - 0x000000005a160000 	C:\Windows\system32\atio6axx.dll
0x000007feee430000 - 0x000007feee571000 	C:\Windows\system32\atiadlxx.dll
0x000007fefc120000 - 0x000007fefc131000 	C:\Windows\system32\WTSAPI32.dll
0x000007feead60000 - 0x000007feead8c000 	C:\Windows\system32\atig6txx.dll
0x000007fee0160000 - 0x000007fee01fc000 	C:\Windows\system32\mscms.dll
0x000007fee00c0000 - 0x000007fee0102000 	C:\Windows\system32\icm32.dll
0x0000000066bc0000 - 0x0000000066c7b000 	C:\Users\oCocha\AppData\Local\Temp\libgdxoCocha\b6038e5c\gdx-box2d64.dll
0x000007fef31d0000 - 0x000007fef32f5000 	C:\Windows\system32\dbghelp.dll

VM Arguments:
jvm_args: -Didea.launcher.port=7540 -Didea.launcher.bin.path=C:\Android\Android Studio\bin -Dfile.encoding=UTF-8 
java_command: com.intellij.rt.execution.application.AppMain com.runner.desktop.DesktopLauncher
java_class_path (initial): C:\Android\Android Studio\jre\jre\lib\charsets.jar;C:\Android\Android Studio\jre\jre\lib\ext\access-bridge-64.jar;C:\Android\Android Studio\jre\jre\lib\ext\cldrdata.jar;C:\Android\Android Studio\jre\jre\lib\ext\dnsns.jar;C:\Android\Android Studio\jre\jre\lib\ext\jaccess.jar;C:\Android\Android Studio\jre\jre\lib\ext\localedata.jar;C:\Android\Android Studio\jre\jre\lib\ext\nashorn.jar;C:\Android\Android Studio\jre\jre\lib\ext\sunec.jar;C:\Android\Android Studio\jre\jre\lib\ext\sunjce_provider.jar;C:\Android\Android Studio\jre\jre\lib\ext\sunmscapi.jar;C:\Android\Android Studio\jre\jre\lib\ext\sunpkcs11.jar;C:\Android\Android Studio\jre\jre\lib\ext\zipfs.jar;C:\Android\Android Studio\jre\jre\lib\jce.jar;C:\Android\Android Studio\jre\jre\lib\jsse.jar;C:\Android\Android Studio\jre\jre\lib\management-agent.jar;C:\Android\Android Studio\jre\jre\lib\resources.jar;C:\Android\Android Studio\jre\jre\lib\rt.jar;C:\Android\Projekte\ItsAMe\desktop\build\classes\main;C:\Android\Projekte\ItsAMe\core\build\classes\main;C:\Users\oCocha\.gradle\caches\modules-2\files-2.1\com.badlogicgames.gdx\gdx\1.9.4\4b4b7962d1bc75af0438f5c81ec1010557bc9ee5\gdx-1.9.4.jar;C:\Users\oCocha\.gradle\caches\modules-2\files-2.1\com.badlogicgames.gdx\gdx-box2d\1.9.4\98a0d25c9f0637fecac6e4aacf7287aa635964f5\gdx-box2d-1.9.4.jar;C:\Android\Projekte\ItsAMe\core\build\libs\core-1.0.jar;C:\Users\oCocha\.gradle\caches\modules-2\files-2.1\com.badlogicgames.gdx\gdx-backend-lwjgl\1.9.4\4c6c108a9dcbc07096de8594b93f9cab33856fe2\gdx-backend-lwjgl-1.9.4.jar;C:\Users\oCocha\.gradle\caches\modules-2\files-2.1\com.badlogicgames.gdx\gdx-platform\1.9.4\8e93afecc287ab152179983fc1b5f65db4c2fa4c\gdx-platform-1.9.4-natives-desktop.jar;C:\Users\oCocha\.gradle\caches\modules-2\files-2.1\com.badlogicgames.gdx\gdx-box2d-platform\1.9.4\905a9ed3017cd3917b7fbada5ece58c40fddcbca\gdx-box2d-platform-1.9.4-natives-desktop.jar;C:\Users\oCocha\.gradle\caches\modules-2\files-2.1\org.lwjgl.lwjgl\lwjgl\2.9.2\a9d80fe5
Launcher Type: SUN_STANDARD

Environment Variables:
PATH=C:\ProgramData\Oracle\Java\javapath;C:\Program Files\Common Files\Microsoft Shared\Windows Live;C:\Program Files (x86)\Common Files\Microsoft Shared\Windows Live;C:\Windows\system32;C:\Windows;C:\Windows\System32\Wbem;C:\Windows\System32\WindowsPowerShell\v1.0\;C:\Program Files (x86)\ATI Technologies\ATI.ACE\Core-Static;C:\Program Files (x86)\Windows Live\Shared;C:\Program Files (x86)\GtkSharp\2.12\bin;C:\Program Files (x86)\Skype\Phone\;C:\Program Files (x86)\AMD\ATI.ACE\Core-Static;C:\Program Files (x86)\Common Files\Softimage;C:\Program Files\Common Files\Softimage;C:\Program Files (x86)\Mozilla Firefox;C:\ProgramData\Oracle\Java\javapath;C:\Program Files\Common Files\Microsoft Shared\Windows Live;C:\Program Files (x86)\Common Files\Microsoft Shared\Windows Live;C:\Windows\system32;C:\Windows;C:\Windows\System32\Wbem;C:\Windows\System32\WindowsPowerShell\v1.0\;C:\Program Files (x86)\ATI Technologies\ATI.ACE\Core-Static;C:\Program Files (x86)\Windows Live\Shared;C:\Program Files (x86)\GtkSharp\2.12\bin;C:\Program Files (x86)\Skype\Phone\;C:\Program Files (x86)\AMD\ATI.ACE\Core-Static
USERNAME=oCocha
OS=Windows_NT
PROCESSOR_IDENTIFIER=Intel64 Family 6 Model 58 Stepping 9, GenuineIntel



---------------  S Y S T E M  ---------------

OS: Windows 7 , 64 bit Build 7601 (6.1.7601.23543)

CPU:total 2 (2 cores per cpu, 1 threads per core) family 6 model 58 stepping 9, cmov, cx8, fxsr, mmx, sse, sse2, sse3, ssse3, sse4.1, sse4.2, popcnt, clmul, erms, tsc, tscinvbit, tscinv

Memory: 4k page, physical 4143476k(882844k free), swap 8285092k(3069416k free)

vm_info: OpenJDK 64-Bit Server VM (25.76-b03) for windows-amd64 JRE (1.8.0_76-release-b03), built on Jun 29 2016 19:09:20 by "ralucas" with MS VC++ 10.0 (VS2010)

time: Sat Dec 03 17:13:03 2016
elapsed time: 29 seconds (0d 0h 0m 29s)

