#
# A fatal error has been detected by the Java Runtime Environment:
#
#  EXCEPTION_ACCESS_VIOLATION (0xc0000005) at pc=0x0000000066bcbd0d, pid=6268, tid=0x0000000000001ae4
#
# JRE version: OpenJDK Runtime Environment (8.0_76-b03) (build 1.8.0_76-release-b03)
# Java VM: OpenJDK 64-Bit Server VM (25.76-b03 mixed mode windows-amd64 compressed oops)
# Problematic frame:
# C  [gdx-box2d64.dll+0xbd0d]
#
# Failed to write core dump. Minidumps are not enabled by default on client versions of Windows
#
# If you would like to submit a bug report, please visit:
#   http://bugreport.java.com/bugreport/crash.jsp
# The crash happened outside the Java Virtual Machine in native code.
# See problematic frame for where to report the bug.
#

---------------  T H R E A D  ---------------

Current thread (0x0000000056b3f000):  JavaThread "LWJGL Application" [_thread_in_native, id=6884, stack(0x00000000583c0000,0x00000000584c0000)]

siginfo: ExceptionCode=0xc0000005, reading address 0x000000020041ef10

Registers:
RAX=0x000000020041ef10, RBX=0x0000000000397de0, RCX=0x0000000000397db0, RDX=0x00000000000000b8
RSP=0x00000000584becd0, RBP=0x0000000000000006, RSI=0x0000000000397db0, RDI=0x00000000584bed90
R8 =0x0000000000397db0, R9 =0x0000000000000002, R10=0x0000000000000000, R11=0x0000000000000001
R12=0x0000000000000000, R13=0x0000000054abaf38, R14=0x00000000584bf048, R15=0x0000000056b3f000
RIP=0x0000000066bcbd0d, EFLAGS=0x0000000000010202

Top of Stack: (sp=0x00000000584becd0)
0x00000000584becd0:   00000000144d1548 00000000ebf70cd0
0x00000000584bece0:   0000000000000005 0000000066bf9b92
0x00000000584becf0:   00000000eb64fdb0 0000000000397db0
0x00000000584bed00:   0000000000000001 00000000584bed90
0x00000000584bed10:   00000000584beeb0 0000000000000000
0x00000000584bed20:   0000000054abaf38 0000000066be2483
0x00000000584bed30:   0000000000397d30 0000000066bfc2f5
0x00000000584bed40:   0000000054410480 0000000054a1a3f0
0x00000000584bed50:   0000000000000001 0000000000000001
0x00000000584bed60:   0000000000000001 0000000066be8616
0x00000000584bed70:   0000000056b3f000 00000000584bef48
0x00000000584bed80:   0000000054a1a3f0 0000000000000000
0x00000000584bed90:   4154800000000002 00000000407cf5c1
0x00000000584beda0:   0000000000000000 0000000000000000
0x00000000584bedb0:   0000010100000000 0000000000000001
0x00000000584bedc0:   0000000000000000 000000003f800000 

Instructions: (pc=0x0000000066bcbd0d)
0x0000000066bcbced:   48 8d 05 6c a3 05 00 0f b6 1c 18 80 fb 0d 0f b6
0x0000000066bcbcfd:   eb 77 21 48 8d 1c de 48 8b 43 10 48 85 c0 74 3a
0x0000000066bcbd0d:   48 8b 10 48 89 53 10 48 83 c4 28 5b 5e 5f 5d 41
0x0000000066bcbd1d:   5c 41 5d c3 48 8d 15 18 9e 04 00 48 8d 0d 99 9e 


Register to memory mapping:

RAX=0x000000020041ef10 is an unknown value
RBX=0x0000000000397de0 is an unknown value
RCX=0x0000000000397db0 is an unknown value
RDX=0x00000000000000b8 is an unknown value
RSP=0x00000000584becd0 is pointing into the stack for thread: 0x0000000056b3f000
RBP=0x0000000000000006 is an unknown value
RSI=0x0000000000397db0 is an unknown value
RDI=0x00000000584bed90 is pointing into the stack for thread: 0x0000000056b3f000
R8 =0x0000000000397db0 is an unknown value
R9 =0x0000000000000002 is an unknown value
R10=0x0000000000000000 is an unknown value
R11=0x0000000000000001 is an unknown value
R12=0x0000000000000000 is an unknown value
R13=0x0000000054abaf38 is pointing into metadata
R14=0x00000000584bf048 is pointing into the stack for thread: 0x0000000056b3f000
R15=0x0000000056b3f000 is a thread


Stack: [0x00000000583c0000,0x00000000584c0000],  sp=0x00000000584becd0,  free space=1019k
Native frames: (J=compiled Java code, j=interpreted, Vv=VM code, C=native code)
C  [gdx-box2d64.dll+0xbd0d]
C  [gdx-box2d64.dll+0x22483]
C  [gdx-box2d64.dll+0x28616]
C  0x0000000002bd3664

Java frames: (J=compiled Java code, j=interpreted, Vv=VM code)
J 642  com.badlogic.gdx.physics.box2d.World.jniCreateBody(JIFFFFFFFFZZZZZF)J (0 bytes) @ 0x0000000002bd35e6 [0x0000000002bd3540+0xa6]
J 641 C1 com.badlogic.gdx.physics.box2d.World.createBody(Lcom/badlogic/gdx/physics/box2d/BodyDef;)Lcom/badlogic/gdx/physics/box2d/Body; (120 bytes) @ 0x0000000002bd2b3c [0x0000000002bd29a0+0x19c]
j  com.runner.utils.WorldUtils.createProjectile(Lcom/badlogic/gdx/physics/box2d/World;FF)Lcom/badlogic/gdx/physics/box2d/Body;+121
j  com.runner.stages.GameStage.shoot()V+34
j  com.runner.stages.HudStage.touchDown(IIII)Z+38
j  com.badlogic.gdx.backends.lwjgl.LwjglInput.processEvents()V+253
j  com.badlogic.gdx.backends.lwjgl.LwjglApplication.mainLoop()V+600
j  com.badlogic.gdx.backends.lwjgl.LwjglApplication$1.run()V+27
v  ~StubRoutines::call_stub

---------------  P R O C E S S  ---------------

Java Threads: ( => current thread )
  0x0000000056c2a000 JavaThread "LWJGL Timer" daemon [_thread_blocked, id=4612, stack(0x000000005d750000,0x000000005d850000)]
  0x0000000002090000 JavaThread "DestroyJavaVM" [_thread_blocked, id=1224, stack(0x0000000002540000,0x0000000002640000)]
=>0x0000000056b3f000 JavaThread "LWJGL Application" [_thread_in_native, id=6884, stack(0x00000000583c0000,0x00000000584c0000)]
  0x00000000561a7000 JavaThread "Monitor Ctrl-Break" daemon [_thread_in_native, id=2112, stack(0x0000000056870000,0x0000000056970000)]
  0x0000000054e0c800 JavaThread "Service Thread" daemon [_thread_blocked, id=4396, stack(0x0000000055d40000,0x0000000055e40000)]
  0x0000000054e09800 JavaThread "C1 CompilerThread1" daemon [_thread_blocked, id=5104, stack(0x0000000055f60000,0x0000000056060000)]
  0x0000000054dac000 JavaThread "C2 CompilerThread0" daemon [_thread_blocked, id=3248, stack(0x0000000055e40000,0x0000000055f40000)]
  0x0000000054daa000 JavaThread "Attach Listener" daemon [_thread_blocked, id=5368, stack(0x0000000055940000,0x0000000055a40000)]
  0x0000000054da9800 JavaThread "Signal Dispatcher" daemon [_thread_blocked, id=6252, stack(0x0000000055b70000,0x0000000055c70000)]
  0x0000000054d8d800 JavaThread "Finalizer" daemon [_thread_blocked, id=6824, stack(0x0000000055a40000,0x0000000055b40000)]
  0x0000000054d46800 JavaThread "Reference Handler" daemon [_thread_blocked, id=5000, stack(0x0000000055830000,0x0000000055930000)]

Other Threads:
  0x0000000054d3c800 VMThread [stack: 0x0000000055670000,0x0000000055770000] [id=6740]
  0x0000000054e0d800 WatcherThread [stack: 0x0000000056580000,0x0000000056680000] [id=5260]

VM state:not at safepoint (normal execution)

VM Mutex/Monitor currently owned by a thread: None

Heap:
 PSYoungGen      total 18944K, used 10067K [0x00000000eaf00000, 0x00000000ec400000, 0x0000000100000000)
  eden space 16384K, 45% used [0x00000000eaf00000,0x00000000eb65a340,0x00000000ebf00000)
  from space 2560K, 99% used [0x00000000ebf00000,0x00000000ec17aa88,0x00000000ec180000)
  to   space 2560K, 0% used [0x00000000ec180000,0x00000000ec180000,0x00000000ec400000)
 ParOldGen       total 44032K, used 1462K [0x00000000c0c00000, 0x00000000c3700000, 0x00000000eaf00000)
  object space 44032K, 3% used [0x00000000c0c00000,0x00000000c0d6d890,0x00000000c3700000)
 Metaspace       used 8373K, capacity 8467K, committed 8832K, reserved 1056768K
  class space    used 756K, capacity 784K, committed 896K, reserved 1048576K

Card table byte_map: [0x0000000011cd0000,0x0000000011ed0000] byte_map_base: 0x00000000116ca000

Marking Bits: (ParMarkBitMap*) 0x000000005ce79d00
 Begin Bits: [0x0000000012270000, 0x0000000013240000)
 End Bits:   [0x0000000013240000, 0x0000000014210000)

Polling page: 0x00000000001c0000

CodeCache: size=245760Kb used=4407Kb max_used=4414Kb free=241352Kb
 bounds [0x0000000002910000, 0x0000000002d70000, 0x0000000011910000]
 total_blobs=1715 nmethods=1217 adapters=413
 compilation: enabled

Compilation events (10 events):
Event: 7.486 Thread 0x0000000054e09800 1213       3       org.lwjgl.opengl.Display::sync (5 bytes)
Event: 7.487 Thread 0x0000000054e09800 nmethod 1213 0x0000000002d62e10 code [0x0000000002d62f80, 0x0000000002d630e8]
Event: 7.487 Thread 0x0000000054e09800 1214       3       org.lwjgl.opengl.Sync$RunningAvg::dampenForLowResTicker (42 bytes)
Event: 7.487 Thread 0x0000000054e09800 nmethod 1214 0x0000000002d62890 code [0x0000000002d62a20, 0x0000000002d62ce8]
Event: 7.487 Thread 0x0000000054e09800 1215       3       org.lwjgl.opengl.Display::wasResized (4 bytes)
Event: 7.487 Thread 0x0000000054e09800 nmethod 1215 0x0000000002d62590 code [0x0000000002d626e0, 0x0000000002d62830]
Event: 7.487 Thread 0x0000000054e09800 1216       3       com.runner.actors.Background::updateXBounds (39 bytes)
Event: 7.487 Thread 0x0000000054e09800 nmethod 1216 0x0000000002d621d0 code [0x0000000002d62320, 0x0000000002d624b0]
Event: 7.487 Thread 0x0000000054e09800 1217       3       com.badlogic.gdx.physics.box2d.Body::getLinearVelocity (43 bytes)
Event: 7.487 Thread 0x0000000054e09800 nmethod 1217 0x0000000002d61d10 code [0x0000000002d61e80, 0x0000000002d62088]

GC Heap History (2 events):
Event: 2.444 GC heap before
{Heap before GC invocations=1 (full 0):
 PSYoungGen      total 18944K, used 16384K [0x00000000eaf00000, 0x00000000ec400000, 0x0000000100000000)
  eden space 16384K, 100% used [0x00000000eaf00000,0x00000000ebf00000,0x00000000ebf00000)
  from space 2560K, 0% used [0x00000000ec180000,0x00000000ec180000,0x00000000ec400000)
  to   space 2560K, 0% used [0x00000000ebf00000,0x00000000ebf00000,0x00000000ec180000)
 ParOldGen       total 44032K, used 0K [0x00000000c0c00000, 0x00000000c3700000, 0x00000000eaf00000)
  object space 44032K, 0% used [0x00000000c0c00000,0x00000000c0c00000,0x00000000c3700000)
 Metaspace       used 7462K, capacity 7555K, committed 7680K, reserved 1056768K
  class space    used 690K, capacity 720K, committed 768K, reserved 1048576K
Event: 2.448 GC heap after
Heap after GC invocations=1 (full 0):
 PSYoungGen      total 18944K, used 2538K [0x00000000eaf00000, 0x00000000ec400000, 0x0000000100000000)
  eden space 16384K, 0% used [0x00000000eaf00000,0x00000000eaf00000,0x00000000ebf00000)
  from space 2560K, 99% used [0x00000000ebf00000,0x00000000ec17aa88,0x00000000ec180000)
  to   space 2560K, 0% used [0x00000000ec180000,0x00000000ec180000,0x00000000ec400000)
 ParOldGen       total 44032K, used 1462K [0x00000000c0c00000, 0x00000000c3700000, 0x00000000eaf00000)
  object space 44032K, 3% used [0x00000000c0c00000,0x00000000c0d6d890,0x00000000c3700000)
 Metaspace       used 7462K, capacity 7555K, committed 7680K, reserved 1056768K
  class space    used 690K, capacity 720K, committed 768K, reserved 1048576K
}

Deoptimization events (6 events):
Event: 2.318 Thread 0x0000000056b3f000 Uncommon trap: reason=unstable_if action=reinterpret pc=0x0000000002aba810 method=java.lang.String.<init>([CII)V @ 18
Event: 4.034 Thread 0x0000000056b3f000 Uncommon trap: reason=array_check action=maybe_recompile pc=0x0000000002c334b8 method=com.badlogic.gdx.utils.Array.add(Ljava/lang/Object;)V @ 46
Event: 4.035 Thread 0x0000000056b3f000 Uncommon trap: reason=unstable_if action=reinterpret pc=0x0000000002c43b68 method=com.runner.utils.BodyUtils.bodyIsProjectile(Lcom/badlogic/gdx/physics/box2d/Body;)Z @ 19
Event: 4.353 Thread 0x0000000056b3f000 Uncommon trap: reason=array_check action=maybe_recompile pc=0x0000000002c334b8 method=com.badlogic.gdx.utils.Array.add(Ljava/lang/Object;)V @ 46
Event: 4.501 Thread 0x0000000056b3f000 Uncommon trap: reason=array_check action=maybe_recompile pc=0x0000000002c334b8 method=com.badlogic.gdx.utils.Array.add(Ljava/lang/Object;)V @ 46
Event: 4.650 Thread 0x0000000056b3f000 Uncommon trap: reason=array_check action=maybe_recompile pc=0x0000000002c334b8 method=com.badlogic.gdx.utils.Array.add(Ljava/lang/Object;)V @ 46

Internal exceptions (10 events):
Event: 0.269 Thread 0x0000000002090000 Exception <a 'java/security/PrivilegedActionException'> (0x00000000eb17d2e8) thrown at [C:\src\android\AOSP-openjdk\external\jetbrains\jdk\hotspot\src\share\vm\prims\jvm.cpp, line 1386]
Event: 0.269 Thread 0x0000000002090000 Exception <a 'java/security/PrivilegedActionException'> (0x00000000eb17d4f8) thrown at [C:\src\android\AOSP-openjdk\external\jetbrains\jdk\hotspot\src\share\vm\prims\jvm.cpp, line 1386]
Event: 0.269 Thread 0x0000000002090000 Exception <a 'java/security/PrivilegedActionException'> (0x00000000eb17e8d0) thrown at [C:\src\android\AOSP-openjdk\external\jetbrains\jdk\hotspot\src\share\vm\prims\jvm.cpp, line 1386]
Event: 0.269 Thread 0x0000000002090000 Exception <a 'java/security/PrivilegedActionException'> (0x00000000eb17eae0) thrown at [C:\src\android\AOSP-openjdk\external\jetbrains\jdk\hotspot\src\share\vm\prims\jvm.cpp, line 1386]
Event: 1.541 Thread 0x0000000002090000 Exception <a 'java/security/PrivilegedActionException'> (0x00000000eb3c5a28) thrown at [C:\src\android\AOSP-openjdk\external\jetbrains\jdk\hotspot\src\share\vm\prims\jvm.cpp, line 1386]
Event: 1.542 Thread 0x0000000002090000 Exception <a 'java/security/PrivilegedActionException'> (0x00000000eb3c7700) thrown at [C:\src\android\AOSP-openjdk\external\jetbrains\jdk\hotspot\src\share\vm\prims\jvm.cpp, line 1386]
Event: 1.543 Thread 0x0000000002090000 Exception <a 'java/security/PrivilegedActionException'> (0x00000000eb3c8870) thrown at [C:\src\android\AOSP-openjdk\external\jetbrains\jdk\hotspot\src\share\vm\prims\jvm.cpp, line 1386]
Event: 1.543 Thread 0x0000000002090000 Exception <a 'java/security/PrivilegedActionException'> (0x00000000eb3cd9d8) thrown at [C:\src\android\AOSP-openjdk\external\jetbrains\jdk\hotspot\src\share\vm\prims\jvm.cpp, line 1386]
Event: 1.543 Thread 0x0000000002090000 Exception <a 'java/security/PrivilegedActionException'> (0x00000000eb3ce630) thrown at [C:\src\android\AOSP-openjdk\external\jetbrains\jdk\hotspot\src\share\vm\prims\jvm.cpp, line 1386]
Event: 1.543 Thread 0x0000000002090000 Exception <a 'java/security/PrivilegedActionException'> (0x00000000eb3cf258) thrown at [C:\src\android\AOSP-openjdk\external\jetbrains\jdk\hotspot\src\share\vm\prims\jvm.cpp, line 1386]

Events (10 events):
Event: 4.502 Thread 0x0000000056b3f000 DEOPT UNPACKING pc=0x00000000029571bf sp=0x00000000584bec98 mode 0
Event: 4.648 Thread 0x0000000056b3f000 DEOPT PACKING pc=0x0000000002be64db sp=0x00000000584be710
Event: 4.648 Thread 0x0000000056b3f000 DEOPT UNPACKING pc=0x00000000029571bf sp=0x00000000584be510 mode 0
Event: 4.650 Thread 0x0000000056b3f000 Uncommon trap: trap_request=0xffffffd6 fr.pc=0x0000000002c334b8
Event: 4.650 Thread 0x0000000056b3f000 DEOPT PACKING pc=0x0000000002c334b8 sp=0x00000000584bef50
Event: 4.650 Thread 0x0000000056b3f000 DEOPT UNPACKING pc=0x000000000295556a sp=0x00000000584beee0 mode 2
Event: 5.985 Thread 0x0000000056b3f000 DEOPT PACKING pc=0x0000000002ce5aa4 sp=0x00000000584bef10
Event: 5.985 Thread 0x0000000056b3f000 DEOPT UNPACKING pc=0x00000000029571bf sp=0x00000000584becd0 mode 0
Event: 6.019 Thread 0x0000000056b3f000 DEOPT PACKING pc=0x0000000002ce83c7 sp=0x00000000584bf000
Event: 6.019 Thread 0x0000000056b3f000 DEOPT UNPACKING pc=0x00000000029571bf sp=0x00000000584bedd8 mode 0


Dynamic libraries:
0x000000013f9e0000 - 0x000000013fa11000 	C:\Android\Android Studio\jre\bin\java.exe
0x0000000077360000 - 0x000000007750a000 	C:\Windows\SYSTEM32\ntdll.dll
0x0000000077240000 - 0x000000007735f000 	C:\Windows\system32\kernel32.dll
0x000007fefd100000 - 0x000007fefd16a000 	C:\Windows\system32\KERNELBASE.dll
0x000007fefefe0000 - 0x000007feff0bb000 	C:\Windows\system32\ADVAPI32.dll
0x000007fefe7d0000 - 0x000007fefe86f000 	C:\Windows\system32\msvcrt.dll
0x000007fefee60000 - 0x000007fefee7f000 	C:\Windows\SYSTEM32\sechost.dll
0x000007feff530000 - 0x000007feff65d000 	C:\Windows\system32\RPCRT4.dll
0x0000000077140000 - 0x000000007723a000 	C:\Windows\system32\USER32.dll
0x000007fefe870000 - 0x000007fefe8d7000 	C:\Windows\system32\GDI32.dll
0x000007feff0c0000 - 0x000007feff0ce000 	C:\Windows\system32\LPK.dll
0x000007fefeca0000 - 0x000007fefed6a000 	C:\Windows\system32\USP10.dll
0x000007fefb980000 - 0x000007fefbb74000 	C:\Windows\WinSxS\amd64_microsoft.windows.common-controls_6595b64144ccf1df_6.0.7601.18837_none_fa3b1e3d17594757\COMCTL32.dll
0x000007fefe540000 - 0x000007fefe5b1000 	C:\Windows\system32\SHLWAPI.dll
0x000007fefe8e0000 - 0x000007fefe90e000 	C:\Windows\system32\IMM32.DLL
0x000007fefe9b0000 - 0x000007fefeab9000 	C:\Windows\system32\MSCTF.dll
0x000000006dcf0000 - 0x000000006ddc2000 	C:\Android\Android Studio\jre\jre\bin\msvcr100.dll
0x000000005c6c0000 - 0x000000005cef4000 	C:\Android\Android Studio\jre\jre\bin\server\jvm.dll
0x000007feeceb0000 - 0x000007feeceb9000 	C:\Windows\system32\WSOCK32.dll
0x000007fefee10000 - 0x000007fefee5d000 	C:\Windows\system32\WS2_32.dll
0x000007feff660000 - 0x000007feff668000 	C:\Windows\system32\NSI.dll
0x000007fefafd0000 - 0x000007fefb00b000 	C:\Windows\system32\WINMM.dll
0x000007fefc110000 - 0x000007fefc11c000 	C:\Windows\system32\VERSION.dll
0x0000000077530000 - 0x0000000077537000 	C:\Windows\system32\PSAPI.DLL
0x000007fefa6c0000 - 0x000007fefa6cf000 	C:\Android\Android Studio\jre\jre\bin\verify.dll
0x000007fef1670000 - 0x000007fef1699000 	C:\Android\Android Studio\jre\jre\bin\java.dll
0x000007fef1650000 - 0x000007fef1666000 	C:\Android\Android Studio\jre\jre\bin\zip.dll
0x000007fefd7b0000 - 0x000007fefe539000 	C:\Windows\system32\SHELL32.dll
0x000007fefe5c0000 - 0x000007fefe7c3000 	C:\Windows\system32\ole32.dll
0x000007fefd090000 - 0x000007fefd09f000 	C:\Windows\system32\profapi.dll
0x000007fefa6b0000 - 0x000007fefa6bf000 	C:\Android\Android Studio\bin\breakgen64.dll
0x000007fef1630000 - 0x000007fef164a000 	C:\Android\Android Studio\jre\jre\bin\net.dll
0x000007fefc870000 - 0x000007fefc8c5000 	C:\Windows\system32\mswsock.dll
0x000007fefc860000 - 0x000007fefc867000 	C:\Windows\System32\wship6.dll
0x0000000065580000 - 0x0000000065616000 	C:\Users\oCocha\AppData\Local\Temp\libgdxoCocha\8aad67a5\gdx64.dll
0x000007fefc8d0000 - 0x000007fefc8e8000 	C:\Windows\system32\CRYPTSP.dll
0x000007fefc5d0000 - 0x000007fefc617000 	C:\Windows\system32\rsaenh.dll
0x000007fefd0c0000 - 0x000007fefd0de000 	C:\Windows\system32\USERENV.dll
0x000007fefcf30000 - 0x000007fefcf3f000 	C:\Windows\system32\CRYPTBASE.dll
0x000007fefa770000 - 0x000007fefa797000 	C:\Windows\system32\IPHLPAPI.DLL
0x000007fefa750000 - 0x000007fefa75b000 	C:\Windows\system32\WINNSI.DLL
0x000007fefa590000 - 0x000007fefa5a1000 	C:\Windows\system32\dhcpcsvc6.DLL
0x000007fefa570000 - 0x000007fefa588000 	C:\Windows\system32\dhcpcsvc.DLL
0x000007fef1610000 - 0x000007fef1621000 	C:\Android\Android Studio\jre\jre\bin\nio.dll
0x0000000180000000 - 0x0000000180053000 	C:\Users\oCocha\AppData\Local\Temp\libgdxoCocha\dc0f0009\lwjgl64.dll
0x000007fede150000 - 0x000007fede26d000 	C:\Windows\system32\OPENGL32.dll
0x000007feeaf50000 - 0x000007feeaf7d000 	C:\Windows\system32\GLU32.dll
0x000007feda040000 - 0x000007feda131000 	C:\Windows\system32\DDRAW.dll
0x000007feee280000 - 0x000007feee288000 	C:\Windows\system32\DCIMAN32.dll
0x000007fefeac0000 - 0x000007fefec97000 	C:\Windows\system32\SETUPAPI.dll
0x000007fefd3c0000 - 0x000007fefd3f6000 	C:\Windows\system32\CFGMGR32.dll
0x000007fefeee0000 - 0x000007fefefba000 	C:\Windows\system32\OLEAUT32.dll
0x000007fefd420000 - 0x000007fefd43a000 	C:\Windows\system32\DEVOBJ.dll
0x000007fefc0c0000 - 0x000007fefc0d8000 	C:\Windows\system32\dwmapi.dll
0x0000000002190000 - 0x00000000021f4000 	C:\Users\oCocha\AppData\Local\Temp\libgdxoCocha\dc0f0009\OpenAL64.dll
0x000007fefb580000 - 0x000007fefb5d6000 	C:\Windows\system32\uxtheme.dll
0x000007fefe910000 - 0x000007fefe9a9000 	C:\Windows\system32\CLBCatQ.DLL
0x000007fefb630000 - 0x000007fefb75c000 	C:\Windows\System32\PROPSYS.dll
0x000007fefd170000 - 0x000007fefd1ab000 	C:\Windows\system32\WINTRUST.dll
0x000007fefd250000 - 0x000007fefd3bd000 	C:\Windows\system32\CRYPT32.dll
0x000007fefd0a0000 - 0x000007fefd0af000 	C:\Windows\system32\MSASN1.dll
0x000007feddff0000 - 0x000007fede078000 	C:\Windows\system32\dsound.dll
0x000007fefc0e0000 - 0x000007fefc10c000 	C:\Windows\system32\POWRPROF.dll
0x000007fefb760000 - 0x000007fefb7ab000 	C:\Windows\System32\MMDevApi.dll
0x000007fefa7b0000 - 0x000007fefa7ff000 	C:\Windows\system32\AUDIOSES.DLL
0x000007feed380000 - 0x000007feed398000 	C:\Windows\system32\atig6pxx.dll
0x00000000584c0000 - 0x000000005a2c0000 	C:\Windows\system32\atio6axx.dll
0x000007feee430000 - 0x000007feee571000 	C:\Windows\system32\atiadlxx.dll
0x000007fefc120000 - 0x000007fefc131000 	C:\Windows\system32\WTSAPI32.dll
0x000007fee5d00000 - 0x000007fee5d2c000 	C:\Windows\system32\atig6txx.dll
0x000007fee0160000 - 0x000007fee01fc000 	C:\Windows\system32\mscms.dll
0x000007fee00c0000 - 0x000007fee0102000 	C:\Windows\system32\icm32.dll
0x0000000066bc0000 - 0x0000000066c7b000 	C:\Users\oCocha\AppData\Local\Temp\libgdxoCocha\b6038e5c\gdx-box2d64.dll
0x000007fef31d0000 - 0x000007fef32f5000 	C:\Windows\system32\dbghelp.dll

VM Arguments:
jvm_args: -Didea.launcher.port=7534 -Didea.launcher.bin.path=C:\Android\Android Studio\bin -Dfile.encoding=UTF-8 
java_command: com.intellij.rt.execution.application.AppMain com.runner.desktop.DesktopLauncher
java_class_path (initial): C:\Android\Android Studio\jre\jre\lib\charsets.jar;C:\Android\Android Studio\jre\jre\lib\ext\access-bridge-64.jar;C:\Android\Android Studio\jre\jre\lib\ext\cldrdata.jar;C:\Android\Android Studio\jre\jre\lib\ext\dnsns.jar;C:\Android\Android Studio\jre\jre\lib\ext\jaccess.jar;C:\Android\Android Studio\jre\jre\lib\ext\localedata.jar;C:\Android\Android Studio\jre\jre\lib\ext\nashorn.jar;C:\Android\Android Studio\jre\jre\lib\ext\sunec.jar;C:\Android\Android Studio\jre\jre\lib\ext\sunjce_provider.jar;C:\Android\Android Studio\jre\jre\lib\ext\sunmscapi.jar;C:\Android\Android Studio\jre\jre\lib\ext\sunpkcs11.jar;C:\Android\Android Studio\jre\jre\lib\ext\zipfs.jar;C:\Android\Android Studio\jre\jre\lib\jce.jar;C:\Android\Android Studio\jre\jre\lib\jsse.jar;C:\Android\Android Studio\jre\jre\lib\management-agent.jar;C:\Android\Android Studio\jre\jre\lib\resources.jar;C:\Android\Android Studio\jre\jre\lib\rt.jar;C:\Android\Projekte\ItsAMe\desktop\build\classes\main;C:\Android\Projekte\ItsAMe\core\build\classes\main;C:\Users\oCocha\.gradle\caches\modules-2\files-2.1\com.badlogicgames.gdx\gdx\1.9.4\4b4b7962d1bc75af0438f5c81ec1010557bc9ee5\gdx-1.9.4.jar;C:\Users\oCocha\.gradle\caches\modules-2\files-2.1\com.badlogicgames.gdx\gdx-box2d\1.9.4\98a0d25c9f0637fecac6e4aacf7287aa635964f5\gdx-box2d-1.9.4.jar;C:\Android\Projekte\ItsAMe\core\build\libs\core-1.0.jar;C:\Users\oCocha\.gradle\caches\modules-2\files-2.1\com.badlogicgames.gdx\gdx-backend-lwjgl\1.9.4\4c6c108a9dcbc07096de8594b93f9cab33856fe2\gdx-backend-lwjgl-1.9.4.jar;C:\Users\oCocha\.gradle\caches\modules-2\files-2.1\com.badlogicgames.gdx\gdx-platform\1.9.4\8e93afecc287ab152179983fc1b5f65db4c2fa4c\gdx-platform-1.9.4-natives-desktop.jar;C:\Users\oCocha\.gradle\caches\modules-2\files-2.1\com.badlogicgames.gdx\gdx-box2d-platform\1.9.4\905a9ed3017cd3917b7fbada5ece58c40fddcbca\gdx-box2d-platform-1.9.4-natives-desktop.jar;C:\Users\oCocha\.gradle\caches\modules-2\files-2.1\org.lwjgl.lwjgl\lwjgl\2.9.2\a9d80fe5
Launcher Type: SUN_STANDARD

Environment Variables:
PATH=C:\ProgramData\Oracle\Java\javapath;C:\Program Files\Common Files\Microsoft Shared\Windows Live;C:\Program Files (x86)\Common Files\Microsoft Shared\Windows Live;C:\Windows\system32;C:\Windows;C:\Windows\System32\Wbem;C:\Windows\System32\WindowsPowerShell\v1.0\;C:\Program Files (x86)\ATI Technologies\ATI.ACE\Core-Static;C:\Program Files (x86)\Windows Live\Shared;C:\Program Files (x86)\GtkSharp\2.12\bin;C:\Program Files (x86)\Skype\Phone\;C:\Program Files (x86)\AMD\ATI.ACE\Core-Static;C:\Program Files (x86)\Common Files\Softimage;C:\Program Files\Common Files\Softimage;C:\Program Files (x86)\Mozilla Firefox;C:\ProgramData\Oracle\Java\javapath;C:\Program Files\Common Files\Microsoft Shared\Windows Live;C:\Program Files (x86)\Common Files\Microsoft Shared\Windows Live;C:\Windows\system32;C:\Windows;C:\Windows\System32\Wbem;C:\Windows\System32\WindowsPowerShell\v1.0\;C:\Program Files (x86)\ATI Technologies\ATI.ACE\Core-Static;C:\Program Files (x86)\Windows Live\Shared;C:\Program Files (x86)\GtkSharp\2.12\bin;C:\Program Files (x86)\Skype\Phone\;C:\Program Files (x86)\AMD\ATI.ACE\Core-Static
USERNAME=oCocha
OS=Windows_NT
PROCESSOR_IDENTIFIER=Intel64 Family 6 Model 58 Stepping 9, GenuineIntel



---------------  S Y S T E M  ---------------

OS: Windows 7 , 64 bit Build 7601 (6.1.7601.23543)

CPU:total 2 (2 cores per cpu, 1 threads per core) family 6 model 58 stepping 9, cmov, cx8, fxsr, mmx, sse, sse2, sse3, ssse3, sse4.1, sse4.2, popcnt, clmul, erms, tsc, tscinvbit, tscinv

Memory: 4k page, physical 4143476k(799856k free), swap 8285092k(3199196k free)

vm_info: OpenJDK 64-Bit Server VM (25.76-b03) for windows-amd64 JRE (1.8.0_76-release-b03), built on Jun 29 2016 19:09:20 by "ralucas" with MS VC++ 10.0 (VS2010)

time: Sun Dec 04 14:56:25 2016
elapsed time: 8 seconds (0d 0h 0m 8s)

