#
# A fatal error has been detected by the Java Runtime Environment:
#
#  EXCEPTION_ACCESS_VIOLATION (0xc0000005) at pc=0x0000000066bcbd0d, pid=3892, tid=0x00000000000014a0
#
# JRE version: OpenJDK Runtime Environment (8.0_76-b03) (build 1.8.0_76-release-b03)
# Java VM: OpenJDK 64-Bit Server VM (25.76-b03 mixed mode windows-amd64 compressed oops)
# Problematic frame:
# C  [gdx-box2d64.dll+0xbd0d]
#
# Failed to write core dump. Minidumps are not enabled by default on client versions of Windows
#
# If you would like to submit a bug report, please visit:
#   http://bugreport.java.com/bugreport/crash.jsp
# The crash happened outside the Java Virtual Machine in native code.
# See problematic frame for where to report the bug.
#

---------------  T H R E A D  ---------------

Current thread (0x0000000056f77800):  JavaThread "LWJGL Application" [_thread_in_native, id=5280, stack(0x0000000057b70000,0x0000000057c70000)]

siginfo: ExceptionCode=0xc0000005, reading address 0x000000020044e790

Registers:
RAX=0x000000020044e790, RBX=0x00000000003c7de0, RCX=0x00000000003c7db0, RDX=0x00000000000000b8
RSP=0x0000000057c6ec40, RBP=0x0000000000000006, RSI=0x00000000003c7db0, RDI=0x0000000057c6ed00
R8 =0x00000000003c7db0, R9 =0x0000000000000002, R10=0x0000000000000000, R11=0x0000000000000001
R12=0x0000000000000000, R13=0x0000000054a27a68, R14=0x0000000057c6efb8, R15=0x0000000056f77800
RIP=0x0000000066bcbd0d, EFLAGS=0x0000000000010206

Top of Stack: (sp=0x0000000057c6ec40)
0x0000000057c6ec40:   0000000014441548 0000000000000005
0x0000000057c6ec50:   0000000000000000 0000000066bf9b92
0x0000000057c6ec60:   00000000eb55ce30 00000000003c7db0
0x0000000057c6ec70:   0000000000000001 0000000057c6ed00
0x0000000057c6ec80:   0000000057c6ee20 0000000000000000
0x0000000057c6ec90:   0000000054a27a68 0000000066be2483
0x0000000057c6eca0:   00000000003c7d30 0000000066bfc2f5
0x0000000057c6ecb0:   0000000054380480 000000005498a3e8
0x0000000057c6ecc0:   0000000000000001 0000000000000001
0x0000000057c6ecd0:   0000000000000001 0000000066be8616
0x0000000057c6ece0:   0000000056f77800 0000000057c6eeb8
0x0000000057c6ecf0:   000000005498a3e8 0000000000000000
0x0000000057c6ed00:   414e78d300000002 0000000040c2a3cb
0x0000000057c6ed10:   0000000000000000 0000000000000000
0x0000000057c6ed20:   0000010100000000 0000000000000001
0x0000000057c6ed30:   0000000000000000 000000003f800000 

Instructions: (pc=0x0000000066bcbd0d)
0x0000000066bcbced:   48 8d 05 6c a3 05 00 0f b6 1c 18 80 fb 0d 0f b6
0x0000000066bcbcfd:   eb 77 21 48 8d 1c de 48 8b 43 10 48 85 c0 74 3a
0x0000000066bcbd0d:   48 8b 10 48 89 53 10 48 83 c4 28 5b 5e 5f 5d 41
0x0000000066bcbd1d:   5c 41 5d c3 48 8d 15 18 9e 04 00 48 8d 0d 99 9e 


Register to memory mapping:

RAX=0x000000020044e790 is an unknown value
RBX=0x00000000003c7de0 is an unknown value
RCX=0x00000000003c7db0 is an unknown value
RDX=0x00000000000000b8 is an unknown value
RSP=0x0000000057c6ec40 is pointing into the stack for thread: 0x0000000056f77800
RBP=0x0000000000000006 is an unknown value
RSI=0x00000000003c7db0 is an unknown value
RDI=0x0000000057c6ed00 is pointing into the stack for thread: 0x0000000056f77800
R8 =0x00000000003c7db0 is an unknown value
R9 =0x0000000000000002 is an unknown value
R10=0x0000000000000000 is an unknown value
R11=0x0000000000000001 is an unknown value
R12=0x0000000000000000 is an unknown value
R13=0x0000000054a27a68 is pointing into metadata
R14=0x0000000057c6efb8 is pointing into the stack for thread: 0x0000000056f77800
R15=0x0000000056f77800 is a thread


Stack: [0x0000000057b70000,0x0000000057c70000],  sp=0x0000000057c6ec40,  free space=1019k
Native frames: (J=compiled Java code, j=interpreted, Vv=VM code, C=native code)
C  [gdx-box2d64.dll+0xbd0d]
C  [gdx-box2d64.dll+0x22483]
C  [gdx-box2d64.dll+0x28616]
C  0x0000000002b757e4

Java frames: (J=compiled Java code, j=interpreted, Vv=VM code)
J 628  com.badlogic.gdx.physics.box2d.World.jniCreateBody(JIFFFFFFFFZZZZZF)J (0 bytes) @ 0x0000000002b75766 [0x0000000002b756c0+0xa6]
J 627 C1 com.badlogic.gdx.physics.box2d.World.createBody(Lcom/badlogic/gdx/physics/box2d/BodyDef;)Lcom/badlogic/gdx/physics/box2d/Body; (120 bytes) @ 0x0000000002b74cbc [0x0000000002b74b20+0x19c]
j  com.runner.utils.WorldUtils.createProjectile(Lcom/badlogic/gdx/physics/box2d/World;FF)Lcom/badlogic/gdx/physics/box2d/Body;+116
j  com.runner.stages.GameStage.shoot()V+36
j  com.runner.stages.HudStage.touchDown(IIII)Z+38
j  com.badlogic.gdx.backends.lwjgl.LwjglInput.processEvents()V+253
j  com.badlogic.gdx.backends.lwjgl.LwjglApplication.mainLoop()V+600
j  com.badlogic.gdx.backends.lwjgl.LwjglApplication$1.run()V+27
v  ~StubRoutines::call_stub

---------------  P R O C E S S  ---------------

Java Threads: ( => current thread )
  0x0000000057106000 JavaThread "LWJGL Timer" daemon [_thread_blocked, id=3032, stack(0x000000005fce0000,0x000000005fde0000)]
  0x0000000002140000 JavaThread "DestroyJavaVM" [_thread_blocked, id=7140, stack(0x00000000024f0000,0x00000000025f0000)]
=>0x0000000056f77800 JavaThread "LWJGL Application" [_thread_in_native, id=5280, stack(0x0000000057b70000,0x0000000057c70000)]
  0x000000005654e000 JavaThread "Monitor Ctrl-Break" daemon [_thread_in_native, id=5156, stack(0x0000000056be0000,0x0000000056ce0000)]
  0x0000000054d77000 JavaThread "Service Thread" daemon [_thread_blocked, id=5420, stack(0x0000000055f40000,0x0000000056040000)]
  0x0000000054d74000 JavaThread "C1 CompilerThread1" daemon [_thread_blocked, id=5888, stack(0x00000000561d0000,0x00000000562d0000)]
  0x0000000054d19800 JavaThread "C2 CompilerThread0" daemon [_thread_blocked, id=5556, stack(0x00000000560c0000,0x00000000561c0000)]
  0x0000000054d18000 JavaThread "Attach Listener" daemon [_thread_blocked, id=6148, stack(0x0000000055ca0000,0x0000000055da0000)]
  0x0000000054d16800 JavaThread "Signal Dispatcher" daemon [_thread_blocked, id=6028, stack(0x0000000055de0000,0x0000000055ee0000)]
  0x0000000054cfd800 JavaThread "Finalizer" daemon [_thread_blocked, id=6832, stack(0x0000000055b00000,0x0000000055c00000)]
  0x0000000054cb6800 JavaThread "Reference Handler" daemon [_thread_blocked, id=5784, stack(0x0000000055980000,0x0000000055a80000)]

Other Threads:
  0x0000000054cac800 VMThread [stack: 0x0000000055740000,0x0000000055840000] [id=5196]
  0x0000000054d78800 WatcherThread [stack: 0x0000000056370000,0x0000000056470000] [id=6304]

VM state:not at safepoint (normal execution)

VM Mutex/Monitor currently owned by a thread: None

Heap:
 PSYoungGen      total 18944K, used 9311K [0x00000000eaf00000, 0x00000000ec400000, 0x0000000100000000)
  eden space 16384K, 41% used [0x00000000eaf00000,0x00000000eb599440,0x00000000ebf00000)
  from space 2560K, 99% used [0x00000000ebf00000,0x00000000ec17eae0,0x00000000ec180000)
  to   space 2560K, 0% used [0x00000000ec180000,0x00000000ec180000,0x00000000ec400000)
 ParOldGen       total 44032K, used 1432K [0x00000000c0c00000, 0x00000000c3700000, 0x00000000eaf00000)
  object space 44032K, 3% used [0x00000000c0c00000,0x00000000c0d66128,0x00000000c3700000)
 Metaspace       used 8356K, capacity 8399K, committed 8576K, reserved 1056768K
  class space    used 757K, capacity 784K, committed 896K, reserved 1048576K

Card table byte_map: [0x0000000011c80000,0x0000000011e80000] byte_map_base: 0x000000001167a000

Marking Bits: (ParMarkBitMap*) 0x000000005ce79d00
 Begin Bits: [0x00000000121e0000, 0x00000000131b0000)
 End Bits:   [0x00000000131b0000, 0x0000000014180000)

Polling page: 0x0000000000330000

CodeCache: size=245760Kb used=4328Kb max_used=4328Kb free=241431Kb
 bounds [0x00000000028c0000, 0x0000000002d00000, 0x00000000118c0000]
 total_blobs=1710 nmethods=1212 adapters=413
 compilation: enabled

Compilation events (10 events):
Event: 8.003 Thread 0x0000000054d74000 1208       3       com.badlogic.gdx.scenes.scene2d.Event::setTarget (6 bytes)
Event: 8.003 Thread 0x0000000054d74000 nmethod 1208 0x0000000002cfba90 code [0x0000000002cfbbe0, 0x0000000002cfbd50]
Event: 8.021 Thread 0x0000000054d74000 1209       3       com.badlogic.gdx.maps.tiled.renderers.BatchTiledMapRenderer::render (87 bytes)
Event: 8.022 Thread 0x0000000054d74000 nmethod 1209 0x0000000002cfc650 code [0x0000000002cfc8e0, 0x0000000002cfdbf8]
Event: 8.022 Thread 0x0000000054d74000 1210       3       com.badlogic.gdx.physics.box2d.Box2DDebugRenderer::render (14 bytes)
Event: 8.022 Thread 0x0000000054d74000 nmethod 1210 0x0000000002cfb290 code [0x0000000002cfb420, 0x0000000002cfb7d8]
Event: 8.022 Thread 0x0000000054d74000 1211       3       com.badlogic.gdx.physics.box2d.World::getJoints (47 bytes)
Event: 8.023 Thread 0x0000000054d74000 nmethod 1211 0x0000000002cfa4d0 code [0x0000000002cfa6c0, 0x0000000002cfaed8]
Event: 8.023 Thread 0x0000000054d74000 1212       3       com.badlogic.gdx.physics.box2d.World::getBodyCount (9 bytes)
Event: 8.023 Thread 0x0000000054d74000 nmethod 1212 0x0000000002cfe310 code [0x0000000002cfe480, 0x0000000002cfe608]

GC Heap History (2 events):
Event: 1.382 GC heap before
{Heap before GC invocations=1 (full 0):
 PSYoungGen      total 18944K, used 16384K [0x00000000eaf00000, 0x00000000ec400000, 0x0000000100000000)
  eden space 16384K, 100% used [0x00000000eaf00000,0x00000000ebf00000,0x00000000ebf00000)
  from space 2560K, 0% used [0x00000000ec180000,0x00000000ec180000,0x00000000ec400000)
  to   space 2560K, 0% used [0x00000000ebf00000,0x00000000ebf00000,0x00000000ec180000)
 ParOldGen       total 44032K, used 0K [0x00000000c0c00000, 0x00000000c3700000, 0x00000000eaf00000)
  object space 44032K, 0% used [0x00000000c0c00000,0x00000000c0c00000,0x00000000c3700000)
 Metaspace       used 7442K, capacity 7555K, committed 7680K, reserved 1056768K
  class space    used 690K, capacity 720K, committed 768K, reserved 1048576K
Event: 1.385 GC heap after
Heap after GC invocations=1 (full 0):
 PSYoungGen      total 18944K, used 2554K [0x00000000eaf00000, 0x00000000ec400000, 0x0000000100000000)
  eden space 16384K, 0% used [0x00000000eaf00000,0x00000000eaf00000,0x00000000ebf00000)
  from space 2560K, 99% used [0x00000000ebf00000,0x00000000ec17eae0,0x00000000ec180000)
  to   space 2560K, 0% used [0x00000000ec180000,0x00000000ec180000,0x00000000ec400000)
 ParOldGen       total 44032K, used 1432K [0x00000000c0c00000, 0x00000000c3700000, 0x00000000eaf00000)
  object space 44032K, 3% used [0x00000000c0c00000,0x00000000c0d66128,0x00000000c3700000)
 Metaspace       used 7442K, capacity 7555K, committed 7680K, reserved 1056768K
  class space    used 690K, capacity 720K, committed 768K, reserved 1048576K
}

Deoptimization events (6 events):
Event: 1.320 Thread 0x0000000056f77800 Uncommon trap: reason=unstable_if action=reinterpret pc=0x0000000002a59e90 method=java.lang.String.<init>([CII)V @ 18
Event: 3.648 Thread 0x0000000056f77800 Uncommon trap: reason=array_check action=maybe_recompile pc=0x0000000002bd9838 method=com.badlogic.gdx.utils.Array.add(Ljava/lang/Object;)V @ 46
Event: 3.650 Thread 0x0000000056f77800 Uncommon trap: reason=unstable_if action=reinterpret pc=0x0000000002bef238 method=com.runner.utils.BodyUtils.bodyIsProjectile(Lcom/badlogic/gdx/physics/box2d/Body;)Z @ 19
Event: 4.563 Thread 0x0000000056f77800 Uncommon trap: reason=array_check action=maybe_recompile pc=0x0000000002bd9838 method=com.badlogic.gdx.utils.Array.add(Ljava/lang/Object;)V @ 46
Event: 5.250 Thread 0x0000000056f77800 Uncommon trap: reason=array_check action=maybe_recompile pc=0x0000000002bd9838 method=com.badlogic.gdx.utils.Array.add(Ljava/lang/Object;)V @ 46
Event: 7.586 Thread 0x0000000056f77800 Uncommon trap: reason=array_check action=maybe_recompile pc=0x0000000002bd9838 method=com.badlogic.gdx.utils.Array.add(Ljava/lang/Object;)V @ 46

Internal exceptions (10 events):
Event: 0.202 Thread 0x0000000002140000 Exception <a 'java/security/PrivilegedActionException'> (0x00000000eb17d4a8) thrown at [C:\src\android\AOSP-openjdk\external\jetbrains\jdk\hotspot\src\share\vm\prims\jvm.cpp, line 1386]
Event: 0.202 Thread 0x0000000002140000 Exception <a 'java/security/PrivilegedActionException'> (0x00000000eb17d6b8) thrown at [C:\src\android\AOSP-openjdk\external\jetbrains\jdk\hotspot\src\share\vm\prims\jvm.cpp, line 1386]
Event: 0.202 Thread 0x0000000002140000 Exception <a 'java/security/PrivilegedActionException'> (0x00000000eb17ea90) thrown at [C:\src\android\AOSP-openjdk\external\jetbrains\jdk\hotspot\src\share\vm\prims\jvm.cpp, line 1386]
Event: 0.202 Thread 0x0000000002140000 Exception <a 'java/security/PrivilegedActionException'> (0x00000000eb17eca0) thrown at [C:\src\android\AOSP-openjdk\external\jetbrains\jdk\hotspot\src\share\vm\prims\jvm.cpp, line 1386]
Event: 0.711 Thread 0x0000000002140000 Exception <a 'java/security/PrivilegedActionException'> (0x00000000eb3c5ea0) thrown at [C:\src\android\AOSP-openjdk\external\jetbrains\jdk\hotspot\src\share\vm\prims\jvm.cpp, line 1386]
Event: 0.712 Thread 0x0000000002140000 Exception <a 'java/security/PrivilegedActionException'> (0x00000000eb3c7b78) thrown at [C:\src\android\AOSP-openjdk\external\jetbrains\jdk\hotspot\src\share\vm\prims\jvm.cpp, line 1386]
Event: 0.712 Thread 0x0000000002140000 Exception <a 'java/security/PrivilegedActionException'> (0x00000000eb3c8ce8) thrown at [C:\src\android\AOSP-openjdk\external\jetbrains\jdk\hotspot\src\share\vm\prims\jvm.cpp, line 1386]
Event: 0.712 Thread 0x0000000002140000 Exception <a 'java/security/PrivilegedActionException'> (0x00000000eb3cde50) thrown at [C:\src\android\AOSP-openjdk\external\jetbrains\jdk\hotspot\src\share\vm\prims\jvm.cpp, line 1386]
Event: 0.712 Thread 0x0000000002140000 Exception <a 'java/security/PrivilegedActionException'> (0x00000000eb3ceaa8) thrown at [C:\src\android\AOSP-openjdk\external\jetbrains\jdk\hotspot\src\share\vm\prims\jvm.cpp, line 1386]
Event: 0.712 Thread 0x0000000002140000 Exception <a 'java/security/PrivilegedActionException'> (0x00000000eb3cf6d0) thrown at [C:\src\android\AOSP-openjdk\external\jetbrains\jdk\hotspot\src\share\vm\prims\jvm.cpp, line 1386]

Events (10 events):
Event: 5.133 Thread 0x0000000056f77800 DEOPT PACKING pc=0x0000000002c71c64 sp=0x0000000057c6ee80
Event: 5.133 Thread 0x0000000056f77800 DEOPT UNPACKING pc=0x00000000029071bf sp=0x0000000057c6ec40 mode 0
Event: 5.165 Thread 0x0000000056f77800 DEOPT PACKING pc=0x0000000002c74587 sp=0x0000000057c6ef70
Event: 5.165 Thread 0x0000000056f77800 DEOPT UNPACKING pc=0x00000000029071bf sp=0x0000000057c6ed48 mode 0
Event: 5.250 Thread 0x0000000056f77800 Uncommon trap: trap_request=0xffffffd6 fr.pc=0x0000000002bd9838
Event: 5.250 Thread 0x0000000056f77800 DEOPT PACKING pc=0x0000000002bd9838 sp=0x0000000057c6eec0
Event: 5.250 Thread 0x0000000056f77800 DEOPT UNPACKING pc=0x000000000290556a sp=0x0000000057c6ee50 mode 2
Event: 7.586 Thread 0x0000000056f77800 Uncommon trap: trap_request=0xffffffd6 fr.pc=0x0000000002bd9838
Event: 7.586 Thread 0x0000000056f77800 DEOPT PACKING pc=0x0000000002bd9838 sp=0x0000000057c6ed60
Event: 7.586 Thread 0x0000000056f77800 DEOPT UNPACKING pc=0x000000000290556a sp=0x0000000057c6ecf0 mode 2


Dynamic libraries:
0x000000013f790000 - 0x000000013f7c1000 	C:\Android\Android Studio\jre\bin\java.exe
0x0000000077360000 - 0x000000007750a000 	C:\Windows\SYSTEM32\ntdll.dll
0x0000000077240000 - 0x000000007735f000 	C:\Windows\system32\kernel32.dll
0x000007fefd100000 - 0x000007fefd16a000 	C:\Windows\system32\KERNELBASE.dll
0x000007fefefe0000 - 0x000007feff0bb000 	C:\Windows\system32\ADVAPI32.dll
0x000007fefe7d0000 - 0x000007fefe86f000 	C:\Windows\system32\msvcrt.dll
0x000007fefee60000 - 0x000007fefee7f000 	C:\Windows\SYSTEM32\sechost.dll
0x000007feff530000 - 0x000007feff65d000 	C:\Windows\system32\RPCRT4.dll
0x0000000077140000 - 0x000000007723a000 	C:\Windows\system32\USER32.dll
0x000007fefe870000 - 0x000007fefe8d7000 	C:\Windows\system32\GDI32.dll
0x000007feff0c0000 - 0x000007feff0ce000 	C:\Windows\system32\LPK.dll
0x000007fefeca0000 - 0x000007fefed6a000 	C:\Windows\system32\USP10.dll
0x000007fefb980000 - 0x000007fefbb74000 	C:\Windows\WinSxS\amd64_microsoft.windows.common-controls_6595b64144ccf1df_6.0.7601.18837_none_fa3b1e3d17594757\COMCTL32.dll
0x000007fefe540000 - 0x000007fefe5b1000 	C:\Windows\system32\SHLWAPI.dll
0x000007fefe8e0000 - 0x000007fefe90e000 	C:\Windows\system32\IMM32.DLL
0x000007fefe9b0000 - 0x000007fefeab9000 	C:\Windows\system32\MSCTF.dll
0x000000006dd60000 - 0x000000006de32000 	C:\Android\Android Studio\jre\jre\bin\msvcr100.dll
0x000000005c6c0000 - 0x000000005cef4000 	C:\Android\Android Studio\jre\jre\bin\server\jvm.dll
0x000007feeceb0000 - 0x000007feeceb9000 	C:\Windows\system32\WSOCK32.dll
0x000007fefee10000 - 0x000007fefee5d000 	C:\Windows\system32\WS2_32.dll
0x000007feff660000 - 0x000007feff668000 	C:\Windows\system32\NSI.dll
0x000007fefafd0000 - 0x000007fefb00b000 	C:\Windows\system32\WINMM.dll
0x000007fefc110000 - 0x000007fefc11c000 	C:\Windows\system32\VERSION.dll
0x0000000077530000 - 0x0000000077537000 	C:\Windows\system32\PSAPI.DLL
0x000007fefa9a0000 - 0x000007fefa9af000 	C:\Android\Android Studio\jre\jre\bin\verify.dll
0x000007fef1670000 - 0x000007fef1699000 	C:\Android\Android Studio\jre\jre\bin\java.dll
0x000007fef1650000 - 0x000007fef1666000 	C:\Android\Android Studio\jre\jre\bin\zip.dll
0x000007fefd7b0000 - 0x000007fefe539000 	C:\Windows\system32\SHELL32.dll
0x000007fefe5c0000 - 0x000007fefe7c3000 	C:\Windows\system32\ole32.dll
0x000007fefd090000 - 0x000007fefd09f000 	C:\Windows\system32\profapi.dll
0x000007fefa3f0000 - 0x000007fefa3ff000 	C:\Android\Android Studio\bin\breakgen64.dll
0x000007fef1630000 - 0x000007fef164a000 	C:\Android\Android Studio\jre\jre\bin\net.dll
0x000007fefc870000 - 0x000007fefc8c5000 	C:\Windows\system32\mswsock.dll
0x000007fefc860000 - 0x000007fefc867000 	C:\Windows\System32\wship6.dll
0x0000000065580000 - 0x0000000065616000 	C:\Users\oCocha\AppData\Local\Temp\libgdxoCocha\8aad67a5\gdx64.dll
0x000007fefc8d0000 - 0x000007fefc8e8000 	C:\Windows\system32\CRYPTSP.dll
0x000007fefc5d0000 - 0x000007fefc617000 	C:\Windows\system32\rsaenh.dll
0x000007fefd0c0000 - 0x000007fefd0de000 	C:\Windows\system32\USERENV.dll
0x000007fefcf30000 - 0x000007fefcf3f000 	C:\Windows\system32\CRYPTBASE.dll
0x000007fefa770000 - 0x000007fefa797000 	C:\Windows\system32\IPHLPAPI.DLL
0x000007fefa750000 - 0x000007fefa75b000 	C:\Windows\system32\WINNSI.DLL
0x000007fefa590000 - 0x000007fefa5a1000 	C:\Windows\system32\dhcpcsvc6.DLL
0x000007fefa570000 - 0x000007fefa588000 	C:\Windows\system32\dhcpcsvc.DLL
0x000007fef1610000 - 0x000007fef1621000 	C:\Android\Android Studio\jre\jre\bin\nio.dll
0x0000000180000000 - 0x0000000180053000 	C:\Users\oCocha\AppData\Local\Temp\libgdxoCocha\dc0f0009\lwjgl64.dll
0x000007feed280000 - 0x000007feed39d000 	C:\Windows\system32\OPENGL32.dll
0x000007feed250000 - 0x000007feed27d000 	C:\Windows\system32\GLU32.dll
0x000007feead50000 - 0x000007feeae41000 	C:\Windows\system32\DDRAW.dll
0x000007fef14c0000 - 0x000007fef14c8000 	C:\Windows\system32\DCIMAN32.dll
0x000007fefeac0000 - 0x000007fefec97000 	C:\Windows\system32\SETUPAPI.dll
0x000007fefd3c0000 - 0x000007fefd3f6000 	C:\Windows\system32\CFGMGR32.dll
0x000007fefeee0000 - 0x000007fefefba000 	C:\Windows\system32\OLEAUT32.dll
0x000007fefd420000 - 0x000007fefd43a000 	C:\Windows\system32\DEVOBJ.dll
0x000007fefc0c0000 - 0x000007fefc0d8000 	C:\Windows\system32\dwmapi.dll
0x0000000002220000 - 0x0000000002284000 	C:\Users\oCocha\AppData\Local\Temp\libgdxoCocha\dc0f0009\OpenAL64.dll
0x000007fefb580000 - 0x000007fefb5d6000 	C:\Windows\system32\uxtheme.dll
0x000007fefe910000 - 0x000007fefe9a9000 	C:\Windows\system32\CLBCatQ.DLL
0x000007fefb630000 - 0x000007fefb75c000 	C:\Windows\System32\PROPSYS.dll
0x000007fefd170000 - 0x000007fefd1ab000 	C:\Windows\system32\WINTRUST.dll
0x000007fefd250000 - 0x000007fefd3bd000 	C:\Windows\system32\CRYPT32.dll
0x000007fefd0a0000 - 0x000007fefd0af000 	C:\Windows\system32\MSASN1.dll
0x000007fedd6e0000 - 0x000007fedd768000 	C:\Windows\system32\dsound.dll
0x000007fefc0e0000 - 0x000007fefc10c000 	C:\Windows\system32\POWRPROF.dll
0x000007fefb760000 - 0x000007fefb7ab000 	C:\Windows\System32\MMDevApi.dll
0x000007fefa7b0000 - 0x000007fefa7ff000 	C:\Windows\system32\AUDIOSES.DLL
0x000007feea910000 - 0x000007feea928000 	C:\Windows\system32\atig6pxx.dll
0x0000000058770000 - 0x000000005a570000 	C:\Windows\system32\atio6axx.dll
0x000007feee430000 - 0x000007feee571000 	C:\Windows\system32\atiadlxx.dll
0x000007fefc120000 - 0x000007fefc131000 	C:\Windows\system32\WTSAPI32.dll
0x000007fedfd60000 - 0x000007fedfd8c000 	C:\Windows\system32\atig6txx.dll
0x000007fee0160000 - 0x000007fee01fc000 	C:\Windows\system32\mscms.dll
0x000007fee00c0000 - 0x000007fee0102000 	C:\Windows\system32\icm32.dll
0x0000000066bc0000 - 0x0000000066c7b000 	C:\Users\oCocha\AppData\Local\Temp\libgdxoCocha\b6038e5c\gdx-box2d64.dll
0x000007fef31d0000 - 0x000007fef32f5000 	C:\Windows\system32\dbghelp.dll

VM Arguments:
jvm_args: -Didea.launcher.port=7541 -Didea.launcher.bin.path=C:\Android\Android Studio\bin -Dfile.encoding=UTF-8 
java_command: com.intellij.rt.execution.application.AppMain com.runner.desktop.DesktopLauncher
java_class_path (initial): C:\Android\Android Studio\jre\jre\lib\charsets.jar;C:\Android\Android Studio\jre\jre\lib\ext\access-bridge-64.jar;C:\Android\Android Studio\jre\jre\lib\ext\cldrdata.jar;C:\Android\Android Studio\jre\jre\lib\ext\dnsns.jar;C:\Android\Android Studio\jre\jre\lib\ext\jaccess.jar;C:\Android\Android Studio\jre\jre\lib\ext\localedata.jar;C:\Android\Android Studio\jre\jre\lib\ext\nashorn.jar;C:\Android\Android Studio\jre\jre\lib\ext\sunec.jar;C:\Android\Android Studio\jre\jre\lib\ext\sunjce_provider.jar;C:\Android\Android Studio\jre\jre\lib\ext\sunmscapi.jar;C:\Android\Android Studio\jre\jre\lib\ext\sunpkcs11.jar;C:\Android\Android Studio\jre\jre\lib\ext\zipfs.jar;C:\Android\Android Studio\jre\jre\lib\jce.jar;C:\Android\Android Studio\jre\jre\lib\jsse.jar;C:\Android\Android Studio\jre\jre\lib\management-agent.jar;C:\Android\Android Studio\jre\jre\lib\resources.jar;C:\Android\Android Studio\jre\jre\lib\rt.jar;C:\Android\Projekte\ItsAMe\desktop\build\classes\main;C:\Android\Projekte\ItsAMe\core\build\classes\main;C:\Users\oCocha\.gradle\caches\modules-2\files-2.1\com.badlogicgames.gdx\gdx\1.9.4\4b4b7962d1bc75af0438f5c81ec1010557bc9ee5\gdx-1.9.4.jar;C:\Users\oCocha\.gradle\caches\modules-2\files-2.1\com.badlogicgames.gdx\gdx-box2d\1.9.4\98a0d25c9f0637fecac6e4aacf7287aa635964f5\gdx-box2d-1.9.4.jar;C:\Android\Projekte\ItsAMe\core\build\libs\core-1.0.jar;C:\Users\oCocha\.gradle\caches\modules-2\files-2.1\com.badlogicgames.gdx\gdx-backend-lwjgl\1.9.4\4c6c108a9dcbc07096de8594b93f9cab33856fe2\gdx-backend-lwjgl-1.9.4.jar;C:\Users\oCocha\.gradle\caches\modules-2\files-2.1\com.badlogicgames.gdx\gdx-platform\1.9.4\8e93afecc287ab152179983fc1b5f65db4c2fa4c\gdx-platform-1.9.4-natives-desktop.jar;C:\Users\oCocha\.gradle\caches\modules-2\files-2.1\com.badlogicgames.gdx\gdx-box2d-platform\1.9.4\905a9ed3017cd3917b7fbada5ece58c40fddcbca\gdx-box2d-platform-1.9.4-natives-desktop.jar;C:\Users\oCocha\.gradle\caches\modules-2\files-2.1\org.lwjgl.lwjgl\lwjgl\2.9.2\a9d80fe5
Launcher Type: SUN_STANDARD

Environment Variables:
PATH=C:\ProgramData\Oracle\Java\javapath;C:\Program Files\Common Files\Microsoft Shared\Windows Live;C:\Program Files (x86)\Common Files\Microsoft Shared\Windows Live;C:\Windows\system32;C:\Windows;C:\Windows\System32\Wbem;C:\Windows\System32\WindowsPowerShell\v1.0\;C:\Program Files (x86)\ATI Technologies\ATI.ACE\Core-Static;C:\Program Files (x86)\Windows Live\Shared;C:\Program Files (x86)\GtkSharp\2.12\bin;C:\Program Files (x86)\Skype\Phone\;C:\Program Files (x86)\AMD\ATI.ACE\Core-Static;C:\Program Files (x86)\Common Files\Softimage;C:\Program Files\Common Files\Softimage;C:\Program Files (x86)\Mozilla Firefox;C:\ProgramData\Oracle\Java\javapath;C:\Program Files\Common Files\Microsoft Shared\Windows Live;C:\Program Files (x86)\Common Files\Microsoft Shared\Windows Live;C:\Windows\system32;C:\Windows;C:\Windows\System32\Wbem;C:\Windows\System32\WindowsPowerShell\v1.0\;C:\Program Files (x86)\ATI Technologies\ATI.ACE\Core-Static;C:\Program Files (x86)\Windows Live\Shared;C:\Program Files (x86)\GtkSharp\2.12\bin;C:\Program Files (x86)\Skype\Phone\;C:\Program Files (x86)\AMD\ATI.ACE\Core-Static
USERNAME=oCocha
OS=Windows_NT
PROCESSOR_IDENTIFIER=Intel64 Family 6 Model 58 Stepping 9, GenuineIntel



---------------  S Y S T E M  ---------------

OS: Windows 7 , 64 bit Build 7601 (6.1.7601.23543)

CPU:total 2 (2 cores per cpu, 1 threads per core) family 6 model 58 stepping 9, cmov, cx8, fxsr, mmx, sse, sse2, sse3, ssse3, sse4.1, sse4.2, popcnt, clmul, erms, tsc, tscinvbit, tscinv

Memory: 4k page, physical 4143476k(896636k free), swap 8285092k(3096300k free)

vm_info: OpenJDK 64-Bit Server VM (25.76-b03) for windows-amd64 JRE (1.8.0_76-release-b03), built on Jun 29 2016 19:09:20 by "ralucas" with MS VC++ 10.0 (VS2010)

time: Sat Dec 03 17:12:10 2016
elapsed time: 8 seconds (0d 0h 0m 8s)

