#
# A fatal error has been detected by the Java Runtime Environment:
#
#  EXCEPTION_ACCESS_VIOLATION (0xc0000005) at pc=0x0000000066bcbd0d, pid=5592, tid=0x00000000000017a4
#
# JRE version: OpenJDK Runtime Environment (8.0_76-b03) (build 1.8.0_76-release-b03)
# Java VM: OpenJDK 64-Bit Server VM (25.76-b03 mixed mode windows-amd64 compressed oops)
# Problematic frame:
# C  [gdx-box2d64.dll+0xbd0d]
#
# Failed to write core dump. Minidumps are not enabled by default on client versions of Windows
#
# If you would like to submit a bug report, please visit:
#   http://bugreport.java.com/bugreport/crash.jsp
# The crash happened outside the Java Virtual Machine in native code.
# See problematic frame for where to report the bug.
#

---------------  T H R E A D  ---------------

Current thread (0x0000000056ea6800):  JavaThread "LWJGL Application" [_thread_in_native, id=6052, stack(0x0000000058540000,0x0000000058640000)]

siginfo: ExceptionCode=0xc0000005, reading address 0x00000002003fe910

Registers:
RAX=0x00000002003fe910, RBX=0x0000000000377de0, RCX=0x0000000000377db0, RDX=0x00000000000000b8
RSP=0x000000005863e9c0, RBP=0x0000000000000006, RSI=0x0000000000377db0, RDI=0x000000005863ea80
R8 =0x0000000000377db0, R9 =0x0000000000000002, R10=0x0000000000000000, R11=0x0000000000000001
R12=0x0000000000000000, R13=0x00000000549c7e60, R14=0x000000005863ed38, R15=0x0000000056ea6800
RIP=0x0000000066bcbd0d, EFLAGS=0x0000000000010202

Top of Stack: (sp=0x000000005863e9c0)
0x000000005863e9c0:   00000000143d4438 00000000ebf70b80
0x000000005863e9d0:   00000000ebf70b28 0000000066bf9b92
0x000000005863e9e0:   00000000eb5a9680 0000000000377db0
0x000000005863e9f0:   0000000000000001 000000005863ea80
0x000000005863ea00:   000000005863eba0 0000000000000000
0x000000005863ea10:   00000000549c7e60 0000000066be2483
0x000000005863ea20:   0000000000377d30 0000000066bfc2f5
0x000000005863ea30:   0000000054320480 0000000054928920
0x000000005863ea40:   0000000000000001 0000000000000001
0x000000005863ea50:   0000000000000001 0000000066be8616
0x000000005863ea60:   0000000056ea6800 000000005863ec40
0x000000005863ea70:   0000000054928920 0000000000000000
0x000000005863ea80:   4145800000000002 0000000040400000
0x000000005863ea90:   0000000000000000 0000000000000000
0x000000005863eaa0:   0000010100000000 0000000000000001
0x000000005863eab0:   0000000000000000 000000003f800000 

Instructions: (pc=0x0000000066bcbd0d)
0x0000000066bcbced:   48 8d 05 6c a3 05 00 0f b6 1c 18 80 fb 0d 0f b6
0x0000000066bcbcfd:   eb 77 21 48 8d 1c de 48 8b 43 10 48 85 c0 74 3a
0x0000000066bcbd0d:   48 8b 10 48 89 53 10 48 83 c4 28 5b 5e 5f 5d 41
0x0000000066bcbd1d:   5c 41 5d c3 48 8d 15 18 9e 04 00 48 8d 0d 99 9e 


Register to memory mapping:

RAX=0x00000002003fe910 is an unknown value
RBX=0x0000000000377de0 is an unknown value
RCX=0x0000000000377db0 is an unknown value
RDX=0x00000000000000b8 is an unknown value
RSP=0x000000005863e9c0 is pointing into the stack for thread: 0x0000000056ea6800
RBP=0x0000000000000006 is an unknown value
RSI=0x0000000000377db0 is an unknown value
RDI=0x000000005863ea80 is pointing into the stack for thread: 0x0000000056ea6800
R8 =0x0000000000377db0 is an unknown value
R9 =0x0000000000000002 is an unknown value
R10=0x0000000000000000 is an unknown value
R11=0x0000000000000001 is an unknown value
R12=0x0000000000000000 is an unknown value
R13=0x00000000549c7e60 is pointing into metadata
R14=0x000000005863ed38 is pointing into the stack for thread: 0x0000000056ea6800
R15=0x0000000056ea6800 is a thread


Stack: [0x0000000058540000,0x0000000058640000],  sp=0x000000005863e9c0,  free space=1018k
Native frames: (J=compiled Java code, j=interpreted, Vv=VM code, C=native code)
C  [gdx-box2d64.dll+0xbd0d]
C  [gdx-box2d64.dll+0x22483]
C  [gdx-box2d64.dll+0x28616]
C  0x00000000028cdd64

Java frames: (J=compiled Java code, j=interpreted, Vv=VM code)
J 650  com.badlogic.gdx.physics.box2d.World.jniCreateBody(JIFFFFFFFFZZZZZF)J (0 bytes) @ 0x00000000028cdce6 [0x00000000028cdc40+0xa6]
J 649 C1 com.badlogic.gdx.physics.box2d.World.createBody(Lcom/badlogic/gdx/physics/box2d/BodyDef;)Lcom/badlogic/gdx/physics/box2d/Body; (120 bytes) @ 0x00000000028cd23c [0x00000000028cd0a0+0x19c]
j  com.runner.utils.WorldUtils.createEnemy(Lcom/badlogic/gdx/physics/box2d/World;F)Lcom/badlogic/gdx/physics/box2d/Body;+115
j  com.runner.stages.GameStage.createEnemy(F)V+9
j  com.runner.stages.GameStage.shoot()V+11
j  com.runner.stages.HudStage.touchDown(IIII)Z+38
j  com.badlogic.gdx.backends.lwjgl.LwjglInput.processEvents()V+253
j  com.badlogic.gdx.backends.lwjgl.LwjglApplication.mainLoop()V+600
j  com.badlogic.gdx.backends.lwjgl.LwjglApplication$1.run()V+27
v  ~StubRoutines::call_stub

---------------  P R O C E S S  ---------------

Java Threads: ( => current thread )
  0x0000000057001800 JavaThread "LWJGL Timer" daemon [_thread_blocked, id=5656, stack(0x000000005c350000,0x000000005c450000)]
  0x0000000002050000 JavaThread "DestroyJavaVM" [_thread_blocked, id=2104, stack(0x0000000002230000,0x0000000002330000)]
=>0x0000000056ea6800 JavaThread "LWJGL Application" [_thread_in_native, id=6052, stack(0x0000000058540000,0x0000000058640000)]
  0x0000000056112800 JavaThread "Monitor Ctrl-Break" daemon [_thread_in_native, id=5648, stack(0x0000000056ae0000,0x0000000056be0000)]
  0x0000000054d1a800 JavaThread "Service Thread" daemon [_thread_blocked, id=5872, stack(0x00000000564b0000,0x00000000565b0000)]
  0x0000000054d17800 JavaThread "C1 CompilerThread1" daemon [_thread_blocked, id=4572, stack(0x0000000055ed0000,0x0000000055fd0000)]
  0x0000000054cb9800 JavaThread "C2 CompilerThread0" daemon [_thread_blocked, id=5552, stack(0x0000000055a50000,0x0000000055b50000)]
  0x0000000054cb8000 JavaThread "Attach Listener" daemon [_thread_blocked, id=3248, stack(0x0000000055d00000,0x0000000055e00000)]
  0x0000000054cb6800 JavaThread "Signal Dispatcher" daemon [_thread_blocked, id=6112, stack(0x0000000055b90000,0x0000000055c90000)]
  0x0000000054c9d800 JavaThread "Finalizer" daemon [_thread_blocked, id=3840, stack(0x0000000055930000,0x0000000055a30000)]
  0x0000000054c56800 JavaThread "Reference Handler" daemon [_thread_blocked, id=2660, stack(0x0000000055740000,0x0000000055840000)]

Other Threads:
  0x0000000054c4c800 VMThread [stack: 0x0000000055630000,0x0000000055730000] [id=5692]
  0x0000000055fd0800 WatcherThread [stack: 0x0000000056710000,0x0000000056810000] [id=5484]

VM state:not at safepoint (normal execution)

VM Mutex/Monitor currently owned by a thread: None

Heap:
 PSYoungGen      total 18944K, used 9452K [0x00000000eaf00000, 0x00000000ec400000, 0x0000000100000000)
  eden space 16384K, 42% used [0x00000000eaf00000,0x00000000eb5c05d0,0x00000000ebf00000)
  from space 2560K, 99% used [0x00000000ebf00000,0x00000000ec17aa88,0x00000000ec180000)
  to   space 2560K, 0% used [0x00000000ec180000,0x00000000ec180000,0x00000000ec400000)
 ParOldGen       total 44032K, used 1493K [0x00000000c0c00000, 0x00000000c3700000, 0x00000000eaf00000)
  object space 44032K, 3% used [0x00000000c0c00000,0x00000000c0d756c8,0x00000000c3700000)
 Metaspace       used 8345K, capacity 8395K, committed 8576K, reserved 1056768K
  class space    used 754K, capacity 784K, committed 896K, reserved 1048576K

Card table byte_map: [0x00000000119c0000,0x0000000011bc0000] byte_map_base: 0x00000000113ba000

Marking Bits: (ParMarkBitMap*) 0x000000005ce79d00
 Begin Bits: [0x0000000012180000, 0x0000000013150000)
 End Bits:   [0x0000000013150000, 0x0000000014120000)

Polling page: 0x0000000000440000

CodeCache: size=245760Kb used=4536Kb max_used=4536Kb free=241223Kb
 bounds [0x0000000002600000, 0x0000000002a80000, 0x0000000011600000]
 total_blobs=1728 nmethods=1230 adapters=413
 compilation: enabled

Compilation events (10 events):
Event: 9.548 Thread 0x0000000054d17800 1226       3       com.runner.stages.HudStage::act (43 bytes)
Event: 9.548 Thread 0x0000000054d17800 nmethod 1226 0x0000000002a6c1d0 code [0x0000000002a6c380, 0x0000000002a6c708]
Event: 9.548 Thread 0x0000000054d17800 1227       3       com.runner.stages.HudStage::renderButtons (120 bytes)
Event: 9.549 Thread 0x0000000054d17800 nmethod 1227 0x0000000002a6c910 code [0x0000000002a6cda0, 0x0000000002a6f088]
Event: 9.550 Thread 0x0000000054d17800 1228       3       com.badlogic.gdx.graphics.glutils.ShapeRenderer::circle (22 bytes)
Event: 9.550 Thread 0x0000000054d17800 nmethod 1228 0x0000000002a70a10 code [0x0000000002a70bc0, 0x0000000002a70ef8]
Event: 9.550 Thread 0x0000000054d17800 1229       3       java.lang.Math::cbrt (5 bytes)
Event: 9.550 Thread 0x0000000054d17800 nmethod 1229 0x0000000002a71090 code [0x0000000002a71200, 0x0000000002a71368]
Event: 9.557 Thread 0x0000000054d17800 1230       3       org.lwjgl.opengl.Display::wasResized (4 bytes)
Event: 9.558 Thread 0x0000000054d17800 nmethod 1230 0x0000000002a71410 code [0x0000000002a71560, 0x0000000002a716b0]

GC Heap History (2 events):
Event: 2.840 GC heap before
{Heap before GC invocations=1 (full 0):
 PSYoungGen      total 18944K, used 16384K [0x00000000eaf00000, 0x00000000ec400000, 0x0000000100000000)
  eden space 16384K, 100% used [0x00000000eaf00000,0x00000000ebf00000,0x00000000ebf00000)
  from space 2560K, 0% used [0x00000000ec180000,0x00000000ec180000,0x00000000ec400000)
  to   space 2560K, 0% used [0x00000000ebf00000,0x00000000ebf00000,0x00000000ec180000)
 ParOldGen       total 44032K, used 0K [0x00000000c0c00000, 0x00000000c3700000, 0x00000000eaf00000)
  object space 44032K, 0% used [0x00000000c0c00000,0x00000000c0c00000,0x00000000c3700000)
 Metaspace       used 7448K, capacity 7555K, committed 7680K, reserved 1056768K
  class space    used 689K, capacity 720K, committed 768K, reserved 1048576K
Event: 2.844 GC heap after
Heap after GC invocations=1 (full 0):
 PSYoungGen      total 18944K, used 2538K [0x00000000eaf00000, 0x00000000ec400000, 0x0000000100000000)
  eden space 16384K, 0% used [0x00000000eaf00000,0x00000000eaf00000,0x00000000ebf00000)
  from space 2560K, 99% used [0x00000000ebf00000,0x00000000ec17aa88,0x00000000ec180000)
  to   space 2560K, 0% used [0x00000000ec180000,0x00000000ec180000,0x00000000ec400000)
 ParOldGen       total 44032K, used 1493K [0x00000000c0c00000, 0x00000000c3700000, 0x00000000eaf00000)
  object space 44032K, 3% used [0x00000000c0c00000,0x00000000c0d756c8,0x00000000c3700000)
 Metaspace       used 7448K, capacity 7555K, committed 7680K, reserved 1056768K
  class space    used 689K, capacity 720K, committed 768K, reserved 1048576K
}

Deoptimization events (7 events):
Event: 2.728 Thread 0x0000000056ea6800 Uncommon trap: reason=unstable_if action=reinterpret pc=0x0000000002799c10 method=java.lang.String.<init>([CII)V @ 18
Event: 4.149 Thread 0x0000000056ea6800 Uncommon trap: reason=array_check action=maybe_recompile pc=0x000000000292efb8 method=com.badlogic.gdx.utils.Array.add(Ljava/lang/Object;)V @ 46
Event: 5.017 Thread 0x0000000056ea6800 Uncommon trap: reason=array_check action=maybe_recompile pc=0x000000000292efb8 method=com.badlogic.gdx.utils.Array.add(Ljava/lang/Object;)V @ 46
Event: 6.686 Thread 0x0000000056ea6800 Uncommon trap: reason=unstable_if action=reinterpret pc=0x0000000002a11cd4 method=com.runner.stages.GameStage.update(Lcom/badlogic/gdx/physics/box2d/Body;)V @ 24
Event: 6.689 Thread 0x0000000056ea6800 Uncommon trap: reason=array_check action=maybe_recompile pc=0x000000000292efb8 method=com.badlogic.gdx.utils.Array.add(Ljava/lang/Object;)V @ 46
Event: 7.638 Thread 0x0000000056ea6800 Uncommon trap: reason=unstable_if action=reinterpret pc=0x000000000293d38c method=com.runner.stages.GameStage.update(Lcom/badlogic/gdx/physics/box2d/Body;)V @ 24
Event: 7.648 Thread 0x0000000056ea6800 Uncommon trap: reason=array_check action=maybe_recompile pc=0x000000000292efb8 method=com.badlogic.gdx.utils.Array.add(Ljava/lang/Object;)V @ 46

Internal exceptions (10 events):
Event: 0.650 Thread 0x0000000002050000 Exception <a 'java/security/PrivilegedActionException'> (0x00000000eb1cfe40) thrown at [C:\src\android\AOSP-openjdk\external\jetbrains\jdk\hotspot\src\share\vm\prims\jvm.cpp, line 1386]
Event: 0.650 Thread 0x0000000002050000 Exception <a 'java/security/PrivilegedActionException'> (0x00000000eb1d0050) thrown at [C:\src\android\AOSP-openjdk\external\jetbrains\jdk\hotspot\src\share\vm\prims\jvm.cpp, line 1386]
Event: 0.650 Thread 0x0000000002050000 Exception <a 'java/security/PrivilegedActionException'> (0x00000000eb1d1428) thrown at [C:\src\android\AOSP-openjdk\external\jetbrains\jdk\hotspot\src\share\vm\prims\jvm.cpp, line 1386]
Event: 0.650 Thread 0x0000000002050000 Exception <a 'java/security/PrivilegedActionException'> (0x00000000eb1d1638) thrown at [C:\src\android\AOSP-openjdk\external\jetbrains\jdk\hotspot\src\share\vm\prims\jvm.cpp, line 1386]
Event: 2.056 Thread 0x0000000002050000 Exception <a 'java/security/PrivilegedActionException'> (0x00000000eb3c7028) thrown at [C:\src\android\AOSP-openjdk\external\jetbrains\jdk\hotspot\src\share\vm\prims\jvm.cpp, line 1386]
Event: 2.056 Thread 0x0000000002050000 Exception <a 'java/security/PrivilegedActionException'> (0x00000000eb3c8d00) thrown at [C:\src\android\AOSP-openjdk\external\jetbrains\jdk\hotspot\src\share\vm\prims\jvm.cpp, line 1386]
Event: 2.056 Thread 0x0000000002050000 Exception <a 'java/security/PrivilegedActionException'> (0x00000000eb3c9e70) thrown at [C:\src\android\AOSP-openjdk\external\jetbrains\jdk\hotspot\src\share\vm\prims\jvm.cpp, line 1386]
Event: 2.056 Thread 0x0000000002050000 Exception <a 'java/security/PrivilegedActionException'> (0x00000000eb3cefd8) thrown at [C:\src\android\AOSP-openjdk\external\jetbrains\jdk\hotspot\src\share\vm\prims\jvm.cpp, line 1386]
Event: 2.056 Thread 0x0000000002050000 Exception <a 'java/security/PrivilegedActionException'> (0x00000000eb3cfc30) thrown at [C:\src\android\AOSP-openjdk\external\jetbrains\jdk\hotspot\src\share\vm\prims\jvm.cpp, line 1386]
Event: 2.056 Thread 0x0000000002050000 Exception <a 'java/security/PrivilegedActionException'> (0x00000000eb3d0858) thrown at [C:\src\android\AOSP-openjdk\external\jetbrains\jdk\hotspot\src\share\vm\prims\jvm.cpp, line 1386]

Events (10 events):
Event: 7.621 Thread 0x0000000056ea6800 DEOPT PACKING pc=0x0000000002a1f42f sp=0x000000005863ed50
Event: 7.621 Thread 0x0000000056ea6800 DEOPT UNPACKING pc=0x00000000026471bf sp=0x000000005863eb28 mode 0
Event: 7.638 Thread 0x0000000056ea6800 Uncommon trap: trap_request=0xffffff65 fr.pc=0x000000000293d38c
Event: 7.638 Thread 0x0000000056ea6800 DEOPT PACKING pc=0x000000000293d38c sp=0x000000005863ed00
Event: 7.638 Thread 0x0000000056ea6800 DEOPT UNPACKING pc=0x000000000264556a sp=0x000000005863ecb8 mode 2
Event: 7.648 Thread 0x0000000056ea6800 Uncommon trap: trap_request=0xffffffd6 fr.pc=0x000000000292efb8
Event: 7.648 Thread 0x0000000056ea6800 DEOPT PACKING pc=0x000000000292efb8 sp=0x000000005863eb80
Event: 7.648 Thread 0x0000000056ea6800 DEOPT UNPACKING pc=0x000000000264556a sp=0x000000005863eb10 mode 2
Event: 7.882 Thread 0x0000000056ea6800 DEOPT PACKING pc=0x0000000002a1f42f sp=0x000000005863ed50
Event: 7.882 Thread 0x0000000056ea6800 DEOPT UNPACKING pc=0x00000000026471bf sp=0x000000005863eb28 mode 0


Dynamic libraries:
0x000000013f790000 - 0x000000013f7c1000 	C:\Android\Android Studio\jre\bin\java.exe
0x0000000077360000 - 0x000000007750a000 	C:\Windows\SYSTEM32\ntdll.dll
0x0000000077240000 - 0x000000007735f000 	C:\Windows\system32\kernel32.dll
0x000007fefd100000 - 0x000007fefd16a000 	C:\Windows\system32\KERNELBASE.dll
0x000007fefefe0000 - 0x000007feff0bb000 	C:\Windows\system32\ADVAPI32.dll
0x000007fefe7d0000 - 0x000007fefe86f000 	C:\Windows\system32\msvcrt.dll
0x000007fefee60000 - 0x000007fefee7f000 	C:\Windows\SYSTEM32\sechost.dll
0x000007feff530000 - 0x000007feff65d000 	C:\Windows\system32\RPCRT4.dll
0x0000000077140000 - 0x000000007723a000 	C:\Windows\system32\USER32.dll
0x000007fefe870000 - 0x000007fefe8d7000 	C:\Windows\system32\GDI32.dll
0x000007feff0c0000 - 0x000007feff0ce000 	C:\Windows\system32\LPK.dll
0x000007fefeca0000 - 0x000007fefed6a000 	C:\Windows\system32\USP10.dll
0x000007fefb980000 - 0x000007fefbb74000 	C:\Windows\WinSxS\amd64_microsoft.windows.common-controls_6595b64144ccf1df_6.0.7601.18837_none_fa3b1e3d17594757\COMCTL32.dll
0x000007fefe540000 - 0x000007fefe5b1000 	C:\Windows\system32\SHLWAPI.dll
0x000007fefe8e0000 - 0x000007fefe90e000 	C:\Windows\system32\IMM32.DLL
0x000007fefe9b0000 - 0x000007fefeab9000 	C:\Windows\system32\MSCTF.dll
0x000000006dd60000 - 0x000000006de32000 	C:\Android\Android Studio\jre\jre\bin\msvcr100.dll
0x000000005c6c0000 - 0x000000005cef4000 	C:\Android\Android Studio\jre\jre\bin\server\jvm.dll
0x000007feeceb0000 - 0x000007feeceb9000 	C:\Windows\system32\WSOCK32.dll
0x000007fefee10000 - 0x000007fefee5d000 	C:\Windows\system32\WS2_32.dll
0x000007feff660000 - 0x000007feff668000 	C:\Windows\system32\NSI.dll
0x000007fefafd0000 - 0x000007fefb00b000 	C:\Windows\system32\WINMM.dll
0x000007fefc110000 - 0x000007fefc11c000 	C:\Windows\system32\VERSION.dll
0x0000000077530000 - 0x0000000077537000 	C:\Windows\system32\PSAPI.DLL
0x000007fefa9a0000 - 0x000007fefa9af000 	C:\Android\Android Studio\jre\jre\bin\verify.dll
0x000007fef1670000 - 0x000007fef1699000 	C:\Android\Android Studio\jre\jre\bin\java.dll
0x000007fef1650000 - 0x000007fef1666000 	C:\Android\Android Studio\jre\jre\bin\zip.dll
0x000007fefd7b0000 - 0x000007fefe539000 	C:\Windows\system32\SHELL32.dll
0x000007fefe5c0000 - 0x000007fefe7c3000 	C:\Windows\system32\ole32.dll
0x000007fefd090000 - 0x000007fefd09f000 	C:\Windows\system32\profapi.dll
0x000007fef14c0000 - 0x000007fef14cf000 	C:\Android\Android Studio\bin\breakgen64.dll
0x000007fef1630000 - 0x000007fef164a000 	C:\Android\Android Studio\jre\jre\bin\net.dll
0x000007fefc870000 - 0x000007fefc8c5000 	C:\Windows\system32\mswsock.dll
0x000007fefc860000 - 0x000007fefc867000 	C:\Windows\System32\wship6.dll
0x0000000065580000 - 0x0000000065616000 	C:\Users\oCocha\AppData\Local\Temp\libgdxoCocha\8aad67a5\gdx64.dll
0x000007fefc8d0000 - 0x000007fefc8e8000 	C:\Windows\system32\CRYPTSP.dll
0x000007fefc5d0000 - 0x000007fefc617000 	C:\Windows\system32\rsaenh.dll
0x000007fefd0c0000 - 0x000007fefd0de000 	C:\Windows\system32\USERENV.dll
0x000007fefcf30000 - 0x000007fefcf3f000 	C:\Windows\system32\CRYPTBASE.dll
0x000007fefa770000 - 0x000007fefa797000 	C:\Windows\system32\IPHLPAPI.DLL
0x000007fefa750000 - 0x000007fefa75b000 	C:\Windows\system32\WINNSI.DLL
0x000007fefa590000 - 0x000007fefa5a1000 	C:\Windows\system32\dhcpcsvc6.DLL
0x000007fefa570000 - 0x000007fefa588000 	C:\Windows\system32\dhcpcsvc.DLL
0x000007fef1610000 - 0x000007fef1621000 	C:\Android\Android Studio\jre\jre\bin\nio.dll
0x0000000180000000 - 0x0000000180053000 	C:\Users\oCocha\AppData\Local\Temp\libgdxoCocha\dc0f0009\lwjgl64.dll
0x000007fedcce0000 - 0x000007fedcdfd000 	C:\Windows\system32\OPENGL32.dll
0x000007feeae00000 - 0x000007feeae2d000 	C:\Windows\system32\GLU32.dll
0x000007fedce20000 - 0x000007fedcf11000 	C:\Windows\system32\DDRAW.dll
0x000007fef1600000 - 0x000007fef1608000 	C:\Windows\system32\DCIMAN32.dll
0x000007fefeac0000 - 0x000007fefec97000 	C:\Windows\system32\SETUPAPI.dll
0x000007fefd3c0000 - 0x000007fefd3f6000 	C:\Windows\system32\CFGMGR32.dll
0x000007fefeee0000 - 0x000007fefefba000 	C:\Windows\system32\OLEAUT32.dll
0x000007fefd420000 - 0x000007fefd43a000 	C:\Windows\system32\DEVOBJ.dll
0x000007fefc0c0000 - 0x000007fefc0d8000 	C:\Windows\system32\dwmapi.dll
0x0000000011d20000 - 0x0000000011d84000 	C:\Users\oCocha\AppData\Local\Temp\libgdxoCocha\dc0f0009\OpenAL64.dll
0x000007fefb580000 - 0x000007fefb5d6000 	C:\Windows\system32\uxtheme.dll
0x000007fefe910000 - 0x000007fefe9a9000 	C:\Windows\system32\CLBCatQ.DLL
0x000007fefb630000 - 0x000007fefb75c000 	C:\Windows\System32\PROPSYS.dll
0x000007fefd170000 - 0x000007fefd1ab000 	C:\Windows\system32\WINTRUST.dll
0x000007fefd250000 - 0x000007fefd3bd000 	C:\Windows\system32\CRYPT32.dll
0x000007fefd0a0000 - 0x000007fefd0af000 	C:\Windows\system32\MSASN1.dll
0x000007feead70000 - 0x000007feeadf8000 	C:\Windows\system32\dsound.dll
0x000007fefc0e0000 - 0x000007fefc10c000 	C:\Windows\system32\POWRPROF.dll
0x000007fefb760000 - 0x000007fefb7ab000 	C:\Windows\System32\MMDevApi.dll
0x000007fefa7b0000 - 0x000007fefa7ff000 	C:\Windows\system32\AUDIOSES.DLL
0x000007feead50000 - 0x000007feead68000 	C:\Windows\system32\atig6pxx.dll
0x0000000058640000 - 0x000000005a440000 	C:\Windows\system32\atio6axx.dll
0x000007feee430000 - 0x000007feee571000 	C:\Windows\system32\atiadlxx.dll
0x000007fefc120000 - 0x000007fefc131000 	C:\Windows\system32\WTSAPI32.dll
0x000007fee5d00000 - 0x000007fee5d2c000 	C:\Windows\system32\atig6txx.dll
0x000007fee0160000 - 0x000007fee01fc000 	C:\Windows\system32\mscms.dll
0x000007fee00c0000 - 0x000007fee0102000 	C:\Windows\system32\icm32.dll
0x0000000066bc0000 - 0x0000000066c7b000 	C:\Users\oCocha\AppData\Local\Temp\libgdxoCocha\b6038e5c\gdx-box2d64.dll
0x000007fef31d0000 - 0x000007fef32f5000 	C:\Windows\system32\dbghelp.dll

VM Arguments:
jvm_args: -Didea.launcher.port=7535 -Didea.launcher.bin.path=C:\Android\Android Studio\bin -Dfile.encoding=UTF-8 
java_command: com.intellij.rt.execution.application.AppMain com.runner.desktop.DesktopLauncher
java_class_path (initial): C:\Android\Android Studio\jre\jre\lib\charsets.jar;C:\Android\Android Studio\jre\jre\lib\ext\access-bridge-64.jar;C:\Android\Android Studio\jre\jre\lib\ext\cldrdata.jar;C:\Android\Android Studio\jre\jre\lib\ext\dnsns.jar;C:\Android\Android Studio\jre\jre\lib\ext\jaccess.jar;C:\Android\Android Studio\jre\jre\lib\ext\localedata.jar;C:\Android\Android Studio\jre\jre\lib\ext\nashorn.jar;C:\Android\Android Studio\jre\jre\lib\ext\sunec.jar;C:\Android\Android Studio\jre\jre\lib\ext\sunjce_provider.jar;C:\Android\Android Studio\jre\jre\lib\ext\sunmscapi.jar;C:\Android\Android Studio\jre\jre\lib\ext\sunpkcs11.jar;C:\Android\Android Studio\jre\jre\lib\ext\zipfs.jar;C:\Android\Android Studio\jre\jre\lib\jce.jar;C:\Android\Android Studio\jre\jre\lib\jsse.jar;C:\Android\Android Studio\jre\jre\lib\management-agent.jar;C:\Android\Android Studio\jre\jre\lib\resources.jar;C:\Android\Android Studio\jre\jre\lib\rt.jar;C:\Android\Projekte\ItsAMe\desktop\build\classes\main;C:\Android\Projekte\ItsAMe\core\build\classes\main;C:\Users\oCocha\.gradle\caches\modules-2\files-2.1\com.badlogicgames.gdx\gdx\1.9.4\4b4b7962d1bc75af0438f5c81ec1010557bc9ee5\gdx-1.9.4.jar;C:\Users\oCocha\.gradle\caches\modules-2\files-2.1\com.badlogicgames.gdx\gdx-box2d\1.9.4\98a0d25c9f0637fecac6e4aacf7287aa635964f5\gdx-box2d-1.9.4.jar;C:\Android\Projekte\ItsAMe\core\build\libs\core-1.0.jar;C:\Users\oCocha\.gradle\caches\modules-2\files-2.1\com.badlogicgames.gdx\gdx-backend-lwjgl\1.9.4\4c6c108a9dcbc07096de8594b93f9cab33856fe2\gdx-backend-lwjgl-1.9.4.jar;C:\Users\oCocha\.gradle\caches\modules-2\files-2.1\com.badlogicgames.gdx\gdx-platform\1.9.4\8e93afecc287ab152179983fc1b5f65db4c2fa4c\gdx-platform-1.9.4-natives-desktop.jar;C:\Users\oCocha\.gradle\caches\modules-2\files-2.1\com.badlogicgames.gdx\gdx-box2d-platform\1.9.4\905a9ed3017cd3917b7fbada5ece58c40fddcbca\gdx-box2d-platform-1.9.4-natives-desktop.jar;C:\Users\oCocha\.gradle\caches\modules-2\files-2.1\org.lwjgl.lwjgl\lwjgl\2.9.2\a9d80fe5
Launcher Type: SUN_STANDARD

Environment Variables:
PATH=C:\ProgramData\Oracle\Java\javapath;C:\Program Files\Common Files\Microsoft Shared\Windows Live;C:\Program Files (x86)\Common Files\Microsoft Shared\Windows Live;C:\Windows\system32;C:\Windows;C:\Windows\System32\Wbem;C:\Windows\System32\WindowsPowerShell\v1.0\;C:\Program Files (x86)\ATI Technologies\ATI.ACE\Core-Static;C:\Program Files (x86)\Windows Live\Shared;C:\Program Files (x86)\GtkSharp\2.12\bin;C:\Program Files (x86)\Skype\Phone\;C:\Program Files (x86)\AMD\ATI.ACE\Core-Static;C:\Program Files (x86)\Common Files\Softimage;C:\Program Files\Common Files\Softimage;C:\Program Files (x86)\Mozilla Firefox;C:\ProgramData\Oracle\Java\javapath;C:\Program Files\Common Files\Microsoft Shared\Windows Live;C:\Program Files (x86)\Common Files\Microsoft Shared\Windows Live;C:\Windows\system32;C:\Windows;C:\Windows\System32\Wbem;C:\Windows\System32\WindowsPowerShell\v1.0\;C:\Program Files (x86)\ATI Technologies\ATI.ACE\Core-Static;C:\Program Files (x86)\Windows Live\Shared;C:\Program Files (x86)\GtkSharp\2.12\bin;C:\Program Files (x86)\Skype\Phone\;C:\Program Files (x86)\AMD\ATI.ACE\Core-Static
USERNAME=oCocha
OS=Windows_NT
PROCESSOR_IDENTIFIER=Intel64 Family 6 Model 58 Stepping 9, GenuineIntel



---------------  S Y S T E M  ---------------

OS: Windows 7 , 64 bit Build 7601 (6.1.7601.23543)

CPU:total 2 (2 cores per cpu, 1 threads per core) family 6 model 58 stepping 9, cmov, cx8, fxsr, mmx, sse, sse2, sse3, ssse3, sse4.1, sse4.2, popcnt, clmul, erms, tsc, tscinvbit, tscinv

Memory: 4k page, physical 4143476k(697324k free), swap 8285092k(2899296k free)

vm_info: OpenJDK 64-Bit Server VM (25.76-b03) for windows-amd64 JRE (1.8.0_76-release-b03), built on Jun 29 2016 19:09:20 by "ralucas" with MS VC++ 10.0 (VS2010)

time: Sat Dec 03 13:49:45 2016
elapsed time: 10 seconds (0d 0h 0m 10s)

