#
# A fatal error has been detected by the Java Runtime Environment:
#
#  EXCEPTION_ACCESS_VIOLATION (0xc0000005) at pc=0x0000000066bcbd0d, pid=5764, tid=0x000000000000177c
#
# JRE version: OpenJDK Runtime Environment (8.0_76-b03) (build 1.8.0_76-release-b03)
# Java VM: OpenJDK 64-Bit Server VM (25.76-b03 mixed mode windows-amd64 compressed oops)
# Problematic frame:
# C  [gdx-box2d64.dll+0xbd0d]
#
# Failed to write core dump. Minidumps are not enabled by default on client versions of Windows
#
# If you would like to submit a bug report, please visit:
#   http://bugreport.java.com/bugreport/crash.jsp
# The crash happened outside the Java Virtual Machine in native code.
# See problematic frame for where to report the bug.
#

---------------  T H R E A D  ---------------

Current thread (0x0000000056d3c000):  JavaThread "LWJGL Application" [_thread_in_native, id=6012, stack(0x0000000058690000,0x0000000058790000)]

siginfo: ExceptionCode=0xc0000005, reading address 0x00000002003fe790

Registers:
RAX=0x00000002003fe790, RBX=0x0000000000377de0, RCX=0x0000000000377db0, RDX=0x00000000000000b8
RSP=0x000000005878eb20, RBP=0x0000000000000006, RSI=0x0000000000377db0, RDI=0x000000005878ebe0
R8 =0x0000000000377db0, R9 =0x0000000000000002, R10=0x0000000000000000, R11=0x0000000000000001
R12=0x0000000000000000, R13=0x0000000054ac82b8, R14=0x000000005878eea0, R15=0x0000000056d3c000
RIP=0x0000000066bcbd0d, EFLAGS=0x0000000000010206

Top of Stack: (sp=0x000000005878eb20)
0x000000005878eb20:   00000000144e1738 0000000002757a01
0x000000005878eb30:   0000000000000005 0000000066bf9b92
0x000000005878eb40:   00000000eb7dee48 0000000000377db0
0x000000005878eb50:   0000000000000001 000000005878ebe0
0x000000005878eb60:   000000005878ed00 0000000000000000
0x000000005878eb70:   0000000054ac82b8 0000000066be2483
0x000000005878eb80:   0000000000377d30 0000000066bfc2f5
0x000000005878eb90:   0000000054420480 0000000054a2a468
0x000000005878eba0:   0000000000000001 0000000000000001
0x000000005878ebb0:   0000000000000001 0000000066be8616
0x000000005878ebc0:   0000000056d3c000 000000005878ed98
0x000000005878ebd0:   0000000054a2a468 0000000000000000
0x000000005878ebe0:   412bf95d00000002 00000000407cf5c1
0x000000005878ebf0:   0000000000000000 0000000000000000
0x000000005878ec00:   0000010100000000 0000000000000001
0x000000005878ec10:   0000000000000000 000000003f800000 

Instructions: (pc=0x0000000066bcbd0d)
0x0000000066bcbced:   48 8d 05 6c a3 05 00 0f b6 1c 18 80 fb 0d 0f b6
0x0000000066bcbcfd:   eb 77 21 48 8d 1c de 48 8b 43 10 48 85 c0 74 3a
0x0000000066bcbd0d:   48 8b 10 48 89 53 10 48 83 c4 28 5b 5e 5f 5d 41
0x0000000066bcbd1d:   5c 41 5d c3 48 8d 15 18 9e 04 00 48 8d 0d 99 9e 


Register to memory mapping:

RAX=0x00000002003fe790 is an unknown value
RBX=0x0000000000377de0 is an unknown value
RCX=0x0000000000377db0 is an unknown value
RDX=0x00000000000000b8 is an unknown value
RSP=0x000000005878eb20 is pointing into the stack for thread: 0x0000000056d3c000
RBP=0x0000000000000006 is an unknown value
RSI=0x0000000000377db0 is an unknown value
RDI=0x000000005878ebe0 is pointing into the stack for thread: 0x0000000056d3c000
R8 =0x0000000000377db0 is an unknown value
R9 =0x0000000000000002 is an unknown value
R10=0x0000000000000000 is an unknown value
R11=0x0000000000000001 is an unknown value
R12=0x0000000000000000 is an unknown value
R13=0x0000000054ac82b8 is pointing into metadata
R14=0x000000005878eea0 is pointing into the stack for thread: 0x0000000056d3c000
R15=0x0000000056d3c000 is a thread


Stack: [0x0000000058690000,0x0000000058790000],  sp=0x000000005878eb20,  free space=1018k
Native frames: (J=compiled Java code, j=interpreted, Vv=VM code, C=native code)
C  [gdx-box2d64.dll+0xbd0d]
C  [gdx-box2d64.dll+0x22483]
C  [gdx-box2d64.dll+0x28616]
C  0x00000000029e49e4

Java frames: (J=compiled Java code, j=interpreted, Vv=VM code)
J 591  com.badlogic.gdx.physics.box2d.World.jniCreateBody(JIFFFFFFFFZZZZZF)J (0 bytes) @ 0x00000000029e4966 [0x00000000029e48c0+0xa6]
J 590 C1 com.badlogic.gdx.physics.box2d.World.createBody(Lcom/badlogic/gdx/physics/box2d/BodyDef;)Lcom/badlogic/gdx/physics/box2d/Body; (120 bytes) @ 0x00000000029e62fc [0x00000000029e6160+0x19c]
j  com.runner.utils.WorldUtils.createProjectile(Lcom/badlogic/gdx/physics/box2d/World;FFZ)Lcom/badlogic/gdx/physics/box2d/Body;+154
j  com.runner.stages.GameStage.shoot()V+41
j  com.runner.stages.HudStage.touchDown(IIII)Z+38
J 1225 C1 com.badlogic.gdx.backends.lwjgl.LwjglInput.processEvents()V (478 bytes) @ 0x0000000002bb094c [0x0000000002bafae0+0xe6c]
j  com.badlogic.gdx.backends.lwjgl.LwjglApplication.mainLoop()V+600
j  com.badlogic.gdx.backends.lwjgl.LwjglApplication$1.run()V+27
v  ~StubRoutines::call_stub

---------------  P R O C E S S  ---------------

Java Threads: ( => current thread )
  0x0000000056e71800 JavaThread "LWJGL Timer" daemon [_thread_blocked, id=5516, stack(0x000000005da70000,0x000000005db70000)]
  0x00000000020b0000 JavaThread "DestroyJavaVM" [_thread_blocked, id=1356, stack(0x0000000002380000,0x0000000002480000)]
=>0x0000000056d3c000 JavaThread "LWJGL Application" [_thread_in_native, id=6012, stack(0x0000000058690000,0x0000000058790000)]
  0x000000005625c000 JavaThread "Monitor Ctrl-Break" daemon [_thread_in_native, id=5992, stack(0x0000000056a90000,0x0000000056b90000)]
  0x0000000056130800 JavaThread "Service Thread" daemon [_thread_blocked, id=5204, stack(0x00000000565a0000,0x00000000566a0000)]
  0x0000000054e14000 JavaThread "C1 CompilerThread1" daemon [_thread_blocked, id=6056, stack(0x0000000056030000,0x0000000056130000)]
  0x0000000054dc5800 JavaThread "C2 CompilerThread0" daemon [_thread_blocked, id=4984, stack(0x0000000055910000,0x0000000055a10000)]
  0x0000000054dc3800 JavaThread "Attach Listener" daemon [_thread_blocked, id=1256, stack(0x0000000055e90000,0x0000000055f90000)]
  0x0000000054dc2000 JavaThread "Signal Dispatcher" daemon [_thread_blocked, id=4932, stack(0x0000000055d50000,0x0000000055e50000)]
  0x0000000054d9d800 JavaThread "Finalizer" daemon [_thread_blocked, id=5676, stack(0x0000000055ac0000,0x0000000055bc0000)]
  0x0000000054d56800 JavaThread "Reference Handler" daemon [_thread_blocked, id=5568, stack(0x00000000556c0000,0x00000000557c0000)]

Other Threads:
  0x0000000054d4c800 VMThread [stack: 0x0000000055810000,0x0000000055910000] [id=4460]
  0x0000000056131000 WatcherThread [stack: 0x00000000567d0000,0x00000000568d0000] [id=1324]

VM state:not at safepoint (normal execution)

VM Mutex/Monitor currently owned by a thread: None

Heap:
 PSYoungGen      total 18944K, used 11889K [0x00000000eaf00000, 0x00000000ec400000, 0x0000000100000000)
  eden space 16384K, 56% used [0x00000000eaf00000,0x00000000eb81dd70,0x00000000ebf00000)
  from space 2560K, 99% used [0x00000000ebf00000,0x00000000ec17ea78,0x00000000ec180000)
  to   space 2560K, 0% used [0x00000000ec180000,0x00000000ec180000,0x00000000ec400000)
 ParOldGen       total 44032K, used 1485K [0x00000000c0c00000, 0x00000000c3700000, 0x00000000eaf00000)
  object space 44032K, 3% used [0x00000000c0c00000,0x00000000c0d736c8,0x00000000c3700000)
 Metaspace       used 8408K, capacity 8467K, committed 8832K, reserved 1056768K
  class space    used 757K, capacity 784K, committed 896K, reserved 1048576K

Card table byte_map: [0x0000000011b10000,0x0000000011d10000] byte_map_base: 0x000000001150a000

Marking Bits: (ParMarkBitMap*) 0x0000000059ed9d00
 Begin Bits: [0x0000000012280000, 0x0000000013250000)
 End Bits:   [0x0000000013250000, 0x0000000014220000)

Polling page: 0x0000000001b60000

CodeCache: size=245760Kb used=4686Kb max_used=4686Kb free=241074Kb
 bounds [0x0000000002750000, 0x0000000002bf0000, 0x0000000011750000]
 total_blobs=1780 nmethods=1281 adapters=414
 compilation: enabled

Compilation events (10 events):
Event: 19.501 Thread 0x0000000054e14000 1277       3       com.badlogic.gdx.graphics.g2d.TextureAtlas$AtlasRegion::<init> (36 bytes)
Event: 19.501 Thread 0x0000000054e14000 nmethod 1277 0x0000000002be5050 code [0x0000000002be51c0, 0x0000000002be54e8]
Event: 19.501 Thread 0x0000000054e14000 1278       3       com.badlogic.gdx.graphics.g2d.TextureRegion::<init> (20 bytes)
Event: 19.501 Thread 0x0000000054e14000 nmethod 1278 0x0000000002bd39d0 code [0x0000000002bd3b40, 0x0000000002bd3dc8]
Event: 19.579 Thread 0x0000000054e14000 1279       3       org.lwjgl.opengl.WindowsMouse::putMouseEventWithCoords (61 bytes)
Event: 19.579 Thread 0x0000000054e14000 nmethod 1279 0x0000000002bd2c10 code [0x0000000002bd2e00, 0x0000000002bd3628]
Event: 19.579 Thread 0x0000000054e14000 1280       3       java.nio.HeapByteBuffer::putLong (21 bytes)
Event: 19.579 Thread 0x0000000054e14000 nmethod 1280 0x0000000002be7b90 code [0x0000000002be7d20, 0x0000000002be80e8]
Event: 19.579 Thread 0x0000000054e14000 1281       3       java.nio.Bits::putLong (21 bytes)
Event: 19.579 Thread 0x0000000054e14000 nmethod 1281 0x0000000002be7750 code [0x0000000002be78c0, 0x0000000002be7ab8]

GC Heap History (2 events):
Event: 0.996 GC heap before
{Heap before GC invocations=1 (full 0):
 PSYoungGen      total 18944K, used 16384K [0x00000000eaf00000, 0x00000000ec400000, 0x0000000100000000)
  eden space 16384K, 100% used [0x00000000eaf00000,0x00000000ebf00000,0x00000000ebf00000)
  from space 2560K, 0% used [0x00000000ec180000,0x00000000ec180000,0x00000000ec400000)
  to   space 2560K, 0% used [0x00000000ebf00000,0x00000000ebf00000,0x00000000ec180000)
 ParOldGen       total 44032K, used 0K [0x00000000c0c00000, 0x00000000c3700000, 0x00000000eaf00000)
  object space 44032K, 0% used [0x00000000c0c00000,0x00000000c0c00000,0x00000000c3700000)
 Metaspace       used 7430K, capacity 7555K, committed 7680K, reserved 1056768K
  class space    used 690K, capacity 720K, committed 768K, reserved 1048576K
Event: 1.000 GC heap after
Heap after GC invocations=1 (full 0):
 PSYoungGen      total 18944K, used 2554K [0x00000000eaf00000, 0x00000000ec400000, 0x0000000100000000)
  eden space 16384K, 0% used [0x00000000eaf00000,0x00000000eaf00000,0x00000000ebf00000)
  from space 2560K, 99% used [0x00000000ebf00000,0x00000000ec17ea78,0x00000000ec180000)
  to   space 2560K, 0% used [0x00000000ec180000,0x00000000ec180000,0x00000000ec400000)
 ParOldGen       total 44032K, used 1485K [0x00000000c0c00000, 0x00000000c3700000, 0x00000000eaf00000)
  object space 44032K, 3% used [0x00000000c0c00000,0x00000000c0d736c8,0x00000000c3700000)
 Metaspace       used 7430K, capacity 7555K, committed 7680K, reserved 1056768K
  class space    used 690K, capacity 720K, committed 768K, reserved 1048576K
}

Deoptimization events (7 events):
Event: 0.920 Thread 0x0000000056d3c000 Uncommon trap: reason=unstable_if action=reinterpret pc=0x00000000028e7250 method=java.lang.String.<init>([CII)V @ 18
Event: 3.898 Thread 0x0000000056d3c000 Uncommon trap: reason=array_check action=maybe_recompile pc=0x0000000002a528b8 method=com.badlogic.gdx.utils.Array.add(Ljava/lang/Object;)V @ 46
Event: 4.389 Thread 0x0000000056d3c000 Uncommon trap: reason=array_check action=maybe_recompile pc=0x0000000002a528b8 method=com.badlogic.gdx.utils.Array.add(Ljava/lang/Object;)V @ 46
Event: 4.934 Thread 0x0000000056d3c000 Uncommon trap: reason=unstable_if action=reinterpret pc=0x0000000002b3df54 method=com.runner.stages.GameStage.update(Lcom/badlogic/gdx/physics/box2d/Body;)V @ 24
Event: 5.553 Thread 0x0000000056d3c000 Uncommon trap: reason=array_check action=maybe_recompile pc=0x0000000002a528b8 method=com.badlogic.gdx.utils.Array.add(Ljava/lang/Object;)V @ 46
Event: 6.121 Thread 0x0000000056d3c000 Uncommon trap: reason=unstable_if action=reinterpret pc=0x0000000002a6024c method=com.runner.stages.GameStage.update(Lcom/badlogic/gdx/physics/box2d/Body;)V @ 24
Event: 6.789 Thread 0x0000000056d3c000 Uncommon trap: reason=array_check action=maybe_recompile pc=0x0000000002a528b8 method=com.badlogic.gdx.utils.Array.add(Ljava/lang/Object;)V @ 46

Internal exceptions (10 events):
Event: 0.138 Thread 0x00000000020b0000 Exception <a 'java/security/PrivilegedActionException'> (0x00000000eb1ca0a0) thrown at [C:\src\android\AOSP-openjdk\external\jetbrains\jdk\hotspot\src\share\vm\prims\jvm.cpp, line 1386]
Event: 0.138 Thread 0x00000000020b0000 Exception <a 'java/security/PrivilegedActionException'> (0x00000000eb1ca2b0) thrown at [C:\src\android\AOSP-openjdk\external\jetbrains\jdk\hotspot\src\share\vm\prims\jvm.cpp, line 1386]
Event: 0.138 Thread 0x00000000020b0000 Exception <a 'java/security/PrivilegedActionException'> (0x00000000eb1cb688) thrown at [C:\src\android\AOSP-openjdk\external\jetbrains\jdk\hotspot\src\share\vm\prims\jvm.cpp, line 1386]
Event: 0.138 Thread 0x00000000020b0000 Exception <a 'java/security/PrivilegedActionException'> (0x00000000eb1cb898) thrown at [C:\src\android\AOSP-openjdk\external\jetbrains\jdk\hotspot\src\share\vm\prims\jvm.cpp, line 1386]
Event: 0.379 Thread 0x00000000020b0000 Exception <a 'java/security/PrivilegedActionException'> (0x00000000eb3bee58) thrown at [C:\src\android\AOSP-openjdk\external\jetbrains\jdk\hotspot\src\share\vm\prims\jvm.cpp, line 1386]
Event: 0.379 Thread 0x00000000020b0000 Exception <a 'java/security/PrivilegedActionException'> (0x00000000eb3c0b30) thrown at [C:\src\android\AOSP-openjdk\external\jetbrains\jdk\hotspot\src\share\vm\prims\jvm.cpp, line 1386]
Event: 0.379 Thread 0x00000000020b0000 Exception <a 'java/security/PrivilegedActionException'> (0x00000000eb3c1ca0) thrown at [C:\src\android\AOSP-openjdk\external\jetbrains\jdk\hotspot\src\share\vm\prims\jvm.cpp, line 1386]
Event: 0.379 Thread 0x00000000020b0000 Exception <a 'java/security/PrivilegedActionException'> (0x00000000eb3c6e08) thrown at [C:\src\android\AOSP-openjdk\external\jetbrains\jdk\hotspot\src\share\vm\prims\jvm.cpp, line 1386]
Event: 0.379 Thread 0x00000000020b0000 Exception <a 'java/security/PrivilegedActionException'> (0x00000000eb3c7a60) thrown at [C:\src\android\AOSP-openjdk\external\jetbrains\jdk\hotspot\src\share\vm\prims\jvm.cpp, line 1386]
Event: 0.379 Thread 0x00000000020b0000 Exception <a 'java/security/PrivilegedActionException'> (0x00000000eb3c8688) thrown at [C:\src\android\AOSP-openjdk\external\jetbrains\jdk\hotspot\src\share\vm\prims\jvm.cpp, line 1386]

Events (10 events):
Event: 6.111 Thread 0x0000000056d3c000 DEOPT PACKING pc=0x0000000002b42207 sp=0x000000005878ee50
Event: 6.111 Thread 0x0000000056d3c000 DEOPT UNPACKING pc=0x00000000027971bf sp=0x000000005878ec58 mode 0
Event: 6.121 Thread 0x0000000056d3c000 Uncommon trap: trap_request=0xffffff65 fr.pc=0x0000000002a6024c
Event: 6.121 Thread 0x0000000056d3c000 DEOPT PACKING pc=0x0000000002a6024c sp=0x000000005878ee00
Event: 6.121 Thread 0x0000000056d3c000 DEOPT UNPACKING pc=0x000000000279556a sp=0x000000005878edb8 mode 2
Event: 6.789 Thread 0x0000000056d3c000 Uncommon trap: trap_request=0xffffffd6 fr.pc=0x0000000002a528b8
Event: 6.789 Thread 0x0000000056d3c000 DEOPT PACKING pc=0x0000000002a528b8 sp=0x000000005878edd0
Event: 6.789 Thread 0x0000000056d3c000 DEOPT UNPACKING pc=0x000000000279556a sp=0x000000005878ed60 mode 2
Event: 14.670 Thread 0x0000000056d3c000 DEOPT PACKING pc=0x00000000029fe21b sp=0x000000005878e4d0
Event: 14.670 Thread 0x0000000056d3c000 DEOPT UNPACKING pc=0x00000000027971bf sp=0x000000005878e2d0 mode 0


Dynamic libraries:
0x000000013f0d0000 - 0x000000013f101000 	C:\Android\Android Studio\jre\bin\java.exe
0x00000000772e0000 - 0x000000007748a000 	C:\Windows\SYSTEM32\ntdll.dll
0x00000000771c0000 - 0x00000000772df000 	C:\Windows\system32\kernel32.dll
0x000007fefd360000 - 0x000007fefd3ca000 	C:\Windows\system32\KERNELBASE.dll
0x000007fefe690000 - 0x000007fefe76b000 	C:\Windows\system32\ADVAPI32.dll
0x000007fefed40000 - 0x000007fefeddf000 	C:\Windows\system32\msvcrt.dll
0x000007fefe880000 - 0x000007fefe89f000 	C:\Windows\SYSTEM32\sechost.dll
0x000007fefec10000 - 0x000007fefed3d000 	C:\Windows\system32\RPCRT4.dll
0x00000000770c0000 - 0x00000000771ba000 	C:\Windows\system32\USER32.dll
0x000007fefef20000 - 0x000007fefef87000 	C:\Windows\system32\GDI32.dll
0x000007fefe770000 - 0x000007fefe77e000 	C:\Windows\system32\LPK.dll
0x000007fefe440000 - 0x000007fefe50a000 	C:\Windows\system32\USP10.dll
0x000007fefbb50000 - 0x000007fefbd44000 	C:\Windows\WinSxS\amd64_microsoft.windows.common-controls_6595b64144ccf1df_6.0.7601.18837_none_fa3b1e3d17594757\COMCTL32.dll
0x000007fefeea0000 - 0x000007fefef11000 	C:\Windows\system32\SHLWAPI.dll
0x000007fefe7d0000 - 0x000007fefe7fe000 	C:\Windows\system32\IMM32.DLL
0x000007feff200000 - 0x000007feff309000 	C:\Windows\system32\MSCTF.dll
0x0000000055bf0000 - 0x0000000055cc2000 	C:\Android\Android Studio\jre\jre\bin\msvcr100.dll
0x0000000059720000 - 0x0000000059f54000 	C:\Android\Android Studio\jre\jre\bin\server\jvm.dll
0x000007feef7e0000 - 0x000007feef7e9000 	C:\Windows\system32\WSOCK32.dll
0x000007fefe780000 - 0x000007fefe7cd000 	C:\Windows\system32\WS2_32.dll
0x000007fefd3d0000 - 0x000007fefd3d8000 	C:\Windows\system32\NSI.dll
0x000007fefab10000 - 0x000007fefab4b000 	C:\Windows\system32\WINMM.dll
0x000007fefc040000 - 0x000007fefc04c000 	C:\Windows\system32\VERSION.dll
0x00000000774b0000 - 0x00000000774b7000 	C:\Windows\system32\PSAPI.DLL
0x000007fefb0d0000 - 0x000007fefb0df000 	C:\Android\Android Studio\jre\jre\bin\verify.dll
0x000007fef1740000 - 0x000007fef1769000 	C:\Android\Android Studio\jre\jre\bin\java.dll
0x000007fefae20000 - 0x000007fefae36000 	C:\Android\Android Studio\jre\jre\bin\zip.dll
0x000007fefd6b0000 - 0x000007fefe439000 	C:\Windows\system32\SHELL32.dll
0x000007fefeff0000 - 0x000007feff1f3000 	C:\Windows\system32\ole32.dll
0x000007fefd020000 - 0x000007fefd02f000 	C:\Windows\system32\profapi.dll
0x000007fefae10000 - 0x000007fefae1f000 	C:\Android\Android Studio\bin\breakgen64.dll
0x000007fefab60000 - 0x000007fefab7a000 	C:\Android\Android Studio\jre\jre\bin\net.dll
0x000007fefc7f0000 - 0x000007fefc845000 	C:\Windows\system32\mswsock.dll
0x000007fefc7e0000 - 0x000007fefc7e7000 	C:\Windows\System32\wship6.dll
0x0000000065580000 - 0x0000000065616000 	C:\Users\oCocha\AppData\Local\Temp\libgdxoCocha\8aad67a5\gdx64.dll
0x000007fefcb90000 - 0x000007fefcba8000 	C:\Windows\system32\CRYPTSP.dll
0x000007fefc550000 - 0x000007fefc597000 	C:\Windows\system32\rsaenh.dll
0x000007fefd120000 - 0x000007fefd13e000 	C:\Windows\system32\USERENV.dll
0x000007fefceb0000 - 0x000007fefcebf000 	C:\Windows\system32\CRYPTBASE.dll
0x000007fefa480000 - 0x000007fefa4a7000 	C:\Windows\system32\IPHLPAPI.DLL
0x000007fefa470000 - 0x000007fefa47b000 	C:\Windows\system32\WINNSI.DLL
0x000007fefa010000 - 0x000007fefa021000 	C:\Windows\system32\dhcpcsvc6.DLL
0x000007fef9ff0000 - 0x000007fefa008000 	C:\Windows\system32\dhcpcsvc.DLL
0x000007fef1780000 - 0x000007fef1791000 	C:\Android\Android Studio\jre\jre\bin\nio.dll
0x0000000180000000 - 0x0000000180053000 	C:\Users\oCocha\AppData\Local\Temp\libgdxoCocha\dc0f0009\lwjgl64.dll
0x000007fedc7b0000 - 0x000007fedc8cd000 	C:\Windows\system32\OPENGL32.dll
0x000007fef16d0000 - 0x000007fef16fd000 	C:\Windows\system32\GLU32.dll
0x000007fedd7b0000 - 0x000007fedd8a1000 	C:\Windows\system32\DDRAW.dll
0x000007fefae00000 - 0x000007fefae08000 	C:\Windows\system32\DCIMAN32.dll
0x000007fefea30000 - 0x000007fefec07000 	C:\Windows\system32\SETUPAPI.dll
0x000007fefd030000 - 0x000007fefd066000 	C:\Windows\system32\CFGMGR32.dll
0x000007fefe510000 - 0x000007fefe5ea000 	C:\Windows\system32\OLEAUT32.dll
0x000007fefd0d0000 - 0x000007fefd0ea000 	C:\Windows\system32\DEVOBJ.dll
0x000007fefc110000 - 0x000007fefc128000 	C:\Windows\system32\dwmapi.dll
0x0000000011e70000 - 0x0000000011ed4000 	C:\Users\oCocha\AppData\Local\Temp\libgdxoCocha\dc0f0009\OpenAL64.dll
0x000007fefb970000 - 0x000007fefb9c6000 	C:\Windows\system32\uxtheme.dll
0x000007fefee00000 - 0x000007fefee99000 	C:\Windows\system32\CLBCatQ.DLL
0x000007fefb9d0000 - 0x000007fefbafc000 	C:\Windows\System32\PROPSYS.dll
0x000007fefd080000 - 0x000007fefd0bb000 	C:\Windows\system32\WINTRUST.dll
0x000007fefd1f0000 - 0x000007fefd35d000 	C:\Windows\system32\CRYPT32.dll
0x000007fefd010000 - 0x000007fefd01f000 	C:\Windows\system32\MSASN1.dll
0x000007feddfa0000 - 0x000007fede028000 	C:\Windows\system32\dsound.dll
0x000007fefc130000 - 0x000007fefc15c000 	C:\Windows\system32\POWRPROF.dll
0x000007fefb560000 - 0x000007fefb5ab000 	C:\Windows\System32\MMDevApi.dll
0x000007fefa700000 - 0x000007fefa74f000 	C:\Windows\system32\AUDIOSES.DLL
0x000007fef16b0000 - 0x000007fef16c8000 	C:\Windows\system32\atig6pxx.dll
0x0000000059f60000 - 0x000000005bd60000 	C:\Windows\system32\atio6axx.dll
0x000007feee340000 - 0x000007feee481000 	C:\Windows\system32\atiadlxx.dll
0x000007fefc160000 - 0x000007fefc171000 	C:\Windows\system32\WTSAPI32.dll
0x000007fee2810000 - 0x000007fee283c000 	C:\Windows\system32\atig6txx.dll
0x000007feef210000 - 0x000007feef2ac000 	C:\Windows\system32\mscms.dll
0x000007fee0290000 - 0x000007fee02d2000 	C:\Windows\system32\icm32.dll
0x0000000066bc0000 - 0x0000000066c7b000 	C:\Users\oCocha\AppData\Local\Temp\libgdxoCocha\b6038e5c\gdx-box2d64.dll
0x000007fef4100000 - 0x000007fef4225000 	C:\Windows\system32\dbghelp.dll

VM Arguments:
jvm_args: -Didea.launcher.port=7542 -Didea.launcher.bin.path=C:\Android\Android Studio\bin -Dfile.encoding=UTF-8 
java_command: com.intellij.rt.execution.application.AppMain com.runner.desktop.DesktopLauncher
java_class_path (initial): C:\Android\Android Studio\jre\jre\lib\charsets.jar;C:\Android\Android Studio\jre\jre\lib\ext\access-bridge-64.jar;C:\Android\Android Studio\jre\jre\lib\ext\cldrdata.jar;C:\Android\Android Studio\jre\jre\lib\ext\dnsns.jar;C:\Android\Android Studio\jre\jre\lib\ext\jaccess.jar;C:\Android\Android Studio\jre\jre\lib\ext\localedata.jar;C:\Android\Android Studio\jre\jre\lib\ext\nashorn.jar;C:\Android\Android Studio\jre\jre\lib\ext\sunec.jar;C:\Android\Android Studio\jre\jre\lib\ext\sunjce_provider.jar;C:\Android\Android Studio\jre\jre\lib\ext\sunmscapi.jar;C:\Android\Android Studio\jre\jre\lib\ext\sunpkcs11.jar;C:\Android\Android Studio\jre\jre\lib\ext\zipfs.jar;C:\Android\Android Studio\jre\jre\lib\jce.jar;C:\Android\Android Studio\jre\jre\lib\jsse.jar;C:\Android\Android Studio\jre\jre\lib\management-agent.jar;C:\Android\Android Studio\jre\jre\lib\resources.jar;C:\Android\Android Studio\jre\jre\lib\rt.jar;C:\Android\Projekte\ItsAMe\desktop\build\classes\main;C:\Android\Projekte\ItsAMe\core\build\classes\main;C:\Users\oCocha\.gradle\caches\modules-2\files-2.1\com.badlogicgames.gdx\gdx\1.9.4\4b4b7962d1bc75af0438f5c81ec1010557bc9ee5\gdx-1.9.4.jar;C:\Users\oCocha\.gradle\caches\modules-2\files-2.1\com.badlogicgames.gdx\gdx-box2d\1.9.4\98a0d25c9f0637fecac6e4aacf7287aa635964f5\gdx-box2d-1.9.4.jar;C:\Users\oCocha\.gradle\caches\modules-2\files-2.1\com.badlogicgames.gdx\gdx-backend-lwjgl\1.9.4\4c6c108a9dcbc07096de8594b93f9cab33856fe2\gdx-backend-lwjgl-1.9.4.jar;C:\Users\oCocha\.gradle\caches\modules-2\files-2.1\com.badlogicgames.gdx\gdx-platform\1.9.4\8e93afecc287ab152179983fc1b5f65db4c2fa4c\gdx-platform-1.9.4-natives-desktop.jar;C:\Users\oCocha\.gradle\caches\modules-2\files-2.1\com.badlogicgames.gdx\gdx-box2d-platform\1.9.4\905a9ed3017cd3917b7fbada5ece58c40fddcbca\gdx-box2d-platform-1.9.4-natives-desktop.jar;C:\Users\oCocha\.gradle\caches\modules-2\files-2.1\org.lwjgl.lwjgl\lwjgl\2.9.2\a9d80fe5935c7a9149f6584d9777cfd471f65489\lwjgl-2.9.2.jar;C:\User
Launcher Type: SUN_STANDARD

Environment Variables:
PATH=C:\ProgramData\Oracle\Java\javapath;C:\Program Files\Common Files\Microsoft Shared\Windows Live;C:\Program Files (x86)\Common Files\Microsoft Shared\Windows Live;C:\Windows\system32;C:\Windows;C:\Windows\System32\Wbem;C:\Windows\System32\WindowsPowerShell\v1.0\;C:\Program Files (x86)\ATI Technologies\ATI.ACE\Core-Static;C:\Program Files (x86)\Windows Live\Shared;C:\Program Files (x86)\GtkSharp\2.12\bin;C:\Program Files (x86)\Skype\Phone\;C:\Program Files (x86)\AMD\ATI.ACE\Core-Static;C:\Program Files (x86)\Common Files\Softimage;C:\Program Files\Common Files\Softimage;C:\Program Files (x86)\Mozilla Firefox;C:\ProgramData\Oracle\Java\javapath;C:\Program Files\Common Files\Microsoft Shared\Windows Live;C:\Program Files (x86)\Common Files\Microsoft Shared\Windows Live;C:\Windows\system32;C:\Windows;C:\Windows\System32\Wbem;C:\Windows\System32\WindowsPowerShell\v1.0\;C:\Program Files (x86)\ATI Technologies\ATI.ACE\Core-Static;C:\Program Files (x86)\Windows Live\Shared;C:\Program Files (x86)\GtkSharp\2.12\bin;C:\Program Files (x86)\Skype\Phone\;C:\Program Files (x86)\AMD\ATI.ACE\Core-Static
USERNAME=oCocha
OS=Windows_NT
PROCESSOR_IDENTIFIER=Intel64 Family 6 Model 58 Stepping 9, GenuineIntel



---------------  S Y S T E M  ---------------

OS: Windows 7 , 64 bit Build 7601 (6.1.7601.23543)

CPU:total 2 (2 cores per cpu, 1 threads per core) family 6 model 58 stepping 9, cmov, cx8, fxsr, mmx, sse, sse2, sse3, ssse3, sse4.1, sse4.2, popcnt, clmul, erms, tsc, tscinvbit, tscinv

Memory: 4k page, physical 4143476k(758012k free), swap 8285092k(2965580k free)

vm_info: OpenJDK 64-Bit Server VM (25.76-b03) for windows-amd64 JRE (1.8.0_76-release-b03), built on Jun 29 2016 19:09:20 by "ralucas" with MS VC++ 10.0 (VS2010)

time: Mon Dec 05 11:48:31 2016
elapsed time: 19 seconds (0d 0h 0m 19s)

