#
# A fatal error has been detected by the Java Runtime Environment:
#
#  EXCEPTION_ACCESS_VIOLATION (0xc0000005) at pc=0x0000000066bcbd0d, pid=3824, tid=0x0000000000001e68
#
# JRE version: OpenJDK Runtime Environment (8.0_76-b03) (build 1.8.0_76-release-b03)
# Java VM: OpenJDK 64-Bit Server VM (25.76-b03 mixed mode windows-amd64 compressed oops)
# Problematic frame:
# C  [gdx-box2d64.dll+0xbd0d]
#
# Failed to write core dump. Minidumps are not enabled by default on client versions of Windows
#
# If you would like to submit a bug report, please visit:
#   http://bugreport.java.com/bugreport/crash.jsp
# The crash happened outside the Java Virtual Machine in native code.
# See problematic frame for where to report the bug.
#

---------------  T H R E A D  ---------------

Current thread (0x00000000576cb000):  JavaThread "LWJGL Application" [_thread_in_native, id=7784, stack(0x0000000058280000,0x0000000058380000)]

siginfo: ExceptionCode=0xc0000005, reading address 0x000000020030e790

Registers:
RAX=0x000000020030e790, RBX=0x0000000000287de0, RCX=0x0000000000287db0, RDX=0x00000000000000b8
RSP=0x000000005837e870, RBP=0x0000000000000006, RSI=0x0000000000287db0, RDI=0x000000005837e930
R8 =0x0000000000287db0, R9 =0x0000000000000002, R10=0x0000000000000000, R11=0x0000000000000001
R12=0x0000000000000000, R13=0x0000000054a0b730, R14=0x000000005837ebe8, R15=0x00000000576cb000
RIP=0x0000000066bcbd0d, EFLAGS=0x0000000000010206

Top of Stack: (sp=0x000000005837e870)
0x000000005837e870:   0000000014414848 0000000002223900
0x000000005837e880:   000000000001af93 0000000066bf9b92
0x000000005837e890:   00000000eb847e88 0000000000287db0
0x000000005837e8a0:   0000000000000001 000000005837e930
0x000000005837e8b0:   000000005837ea50 0000000000000000
0x000000005837e8c0:   0000000054a0b730 0000000066be2483
0x000000005837e8d0:   0000000000287d30 0000000066bfc2f5
0x000000005837e8e0:   0000000054360480 000000005496a4c8
0x000000005837e8f0:   0000000000000001 0000000000000001
0x000000005837e900:   0000000000000001 0000000066be8616
0x000000005837e910:   00000000576cb000 000000005837eaf0
0x000000005837e920:   000000005496a4c8 0000000000000000
0x000000005837e930:   421632a600000002 0000000040400000
0x000000005837e940:   0000000000000000 0000000000000000
0x000000005837e950:   0000010100000000 0000000000000001
0x000000005837e960:   0000000000000000 000000003f800000 

Instructions: (pc=0x0000000066bcbd0d)
0x0000000066bcbced:   48 8d 05 6c a3 05 00 0f b6 1c 18 80 fb 0d 0f b6
0x0000000066bcbcfd:   eb 77 21 48 8d 1c de 48 8b 43 10 48 85 c0 74 3a
0x0000000066bcbd0d:   48 8b 10 48 89 53 10 48 83 c4 28 5b 5e 5f 5d 41
0x0000000066bcbd1d:   5c 41 5d c3 48 8d 15 18 9e 04 00 48 8d 0d 99 9e 


Register to memory mapping:

RAX=0x000000020030e790 is an unknown value
RBX=0x0000000000287de0 is an unknown value
RCX=0x0000000000287db0 is an unknown value
RDX=0x00000000000000b8 is an unknown value
RSP=0x000000005837e870 is pointing into the stack for thread: 0x00000000576cb000
RBP=0x0000000000000006 is an unknown value
RSI=0x0000000000287db0 is an unknown value
RDI=0x000000005837e930 is pointing into the stack for thread: 0x00000000576cb000
R8 =0x0000000000287db0 is an unknown value
R9 =0x0000000000000002 is an unknown value
R10=0x0000000000000000 is an unknown value
R11=0x0000000000000001 is an unknown value
R12=0x0000000000000000 is an unknown value
R13=0x0000000054a0b730 is pointing into metadata
R14=0x000000005837ebe8 is pointing into the stack for thread: 0x00000000576cb000
R15=0x00000000576cb000 is a thread


Stack: [0x0000000058280000,0x0000000058380000],  sp=0x000000005837e870,  free space=1018k
Native frames: (J=compiled Java code, j=interpreted, Vv=VM code, C=native code)
C  [gdx-box2d64.dll+0xbd0d]
C  [gdx-box2d64.dll+0x22483]
C  [gdx-box2d64.dll+0x28616]
C  0x00000000029e49e4

Java frames: (J=compiled Java code, j=interpreted, Vv=VM code)
J 646  com.badlogic.gdx.physics.box2d.World.jniCreateBody(JIFFFFFFFFZZZZZF)J (0 bytes) @ 0x00000000029e4966 [0x00000000029e48c0+0xa6]
J 645 C1 com.badlogic.gdx.physics.box2d.World.createBody(Lcom/badlogic/gdx/physics/box2d/BodyDef;)Lcom/badlogic/gdx/physics/box2d/Body; (120 bytes) @ 0x00000000029e74bc [0x00000000029e7320+0x19c]
j  com.runner.utils.WorldUtils.createEnemy(Lcom/badlogic/gdx/physics/box2d/World;F)Lcom/badlogic/gdx/physics/box2d/Body;+115
j  com.runner.stages.GameStage.createEnemy(F)V+14
j  com.runner.stages.GameStage.act(F)V+288
J 1249 C1 com.runner.screens.GameScreen.render(F)V (50 bytes) @ 0x0000000002bb06ac [0x0000000002bafc60+0xa4c]
J 1201 C1 com.badlogic.gdx.Game.render()V (25 bytes) @ 0x0000000002b7faac [0x0000000002b7f920+0x18c]
j  com.badlogic.gdx.backends.lwjgl.LwjglApplication.mainLoop()V+698
j  com.badlogic.gdx.backends.lwjgl.LwjglApplication$1.run()V+27
v  ~StubRoutines::call_stub

---------------  P R O C E S S  ---------------

Java Threads: ( => current thread )
  0x0000000057886000 JavaThread "LWJGL Timer" daemon [_thread_blocked, id=7108, stack(0x000000005d8c0000,0x000000005d9c0000)]
  0x00000000020a0000 JavaThread "DestroyJavaVM" [_thread_blocked, id=6092, stack(0x0000000002280000,0x0000000002380000)]
=>0x00000000576cb000 JavaThread "LWJGL Application" [_thread_in_native, id=7784, stack(0x0000000058280000,0x0000000058380000)]
  0x00000000562d1000 JavaThread "Monitor Ctrl-Break" daemon [_thread_in_native, id=8124, stack(0x00000000567f0000,0x00000000568f0000)]
  0x0000000054d57000 JavaThread "Service Thread" daemon [_thread_blocked, id=7280, stack(0x00000000565b0000,0x00000000566b0000)]
  0x0000000054d54000 JavaThread "C1 CompilerThread1" daemon [_thread_blocked, id=7636, stack(0x00000000560a0000,0x00000000561a0000)]
  0x0000000054cf9800 JavaThread "C2 CompilerThread0" daemon [_thread_blocked, id=4876, stack(0x0000000055e60000,0x0000000055f60000)]
  0x0000000054cf8000 JavaThread "Attach Listener" daemon [_thread_blocked, id=5936, stack(0x0000000055c90000,0x0000000055d90000)]
  0x0000000054cf6800 JavaThread "Signal Dispatcher" daemon [_thread_blocked, id=7768, stack(0x0000000055b00000,0x0000000055c00000)]
  0x0000000054cdd800 JavaThread "Finalizer" daemon [_thread_blocked, id=6820, stack(0x0000000055900000,0x0000000055a00000)]
  0x0000000054c96800 JavaThread "Reference Handler" daemon [_thread_blocked, id=6336, stack(0x00000000557e0000,0x00000000558e0000)]

Other Threads:
  0x0000000054c8c800 VMThread [stack: 0x0000000055650000,0x0000000055750000] [id=3768]
  0x0000000054d58000 WatcherThread [stack: 0x00000000566c0000,0x00000000567c0000] [id=6372]

VM state:not at safepoint (normal execution)

VM Mutex/Monitor currently owned by a thread: None

Heap:
 PSYoungGen      total 18944K, used 12205K [0x00000000eaf00000, 0x00000000ec400000, 0x0000000100000000)
  eden space 16384K, 59% used [0x00000000eaf00000,0x00000000eb870b80,0x00000000ebf00000)
  from space 2560K, 99% used [0x00000000ebf00000,0x00000000ec17ab18,0x00000000ec180000)
  to   space 2560K, 0% used [0x00000000ec180000,0x00000000ec180000,0x00000000ec400000)
 ParOldGen       total 44032K, used 1486K [0x00000000c0c00000, 0x00000000c3700000, 0x00000000eaf00000)
  object space 44032K, 3% used [0x00000000c0c00000,0x00000000c0d73a48,0x00000000c3700000)
 Metaspace       used 8443K, capacity 8531K, committed 8832K, reserved 1056768K
  class space    used 757K, capacity 784K, committed 896K, reserved 1048576K

Card table byte_map: [0x0000000011ae0000,0x0000000011ce0000] byte_map_base: 0x00000000114da000

Marking Bits: (ParMarkBitMap*) 0x0000000057589d00
 Begin Bits: [0x00000000121c0000, 0x0000000013190000)
 End Bits:   [0x0000000013190000, 0x0000000014160000)

Polling page: 0x0000000000130000

CodeCache: size=245760Kb used=4980Kb max_used=4980Kb free=240779Kb
 bounds [0x0000000002720000, 0x0000000002c10000, 0x0000000011720000]
 total_blobs=1841 nmethods=1340 adapters=416
 compilation: enabled

Compilation events (10 events):
Event: 19.691 Thread 0x0000000054cf9800 1336       4       com.badlogic.gdx.graphics.g2d.SpriteBatch::begin (65 bytes)
Event: 19.694 Thread 0x0000000054cf9800 nmethod 1336 0x0000000002bffe50 code [0x0000000002bfffe0, 0x0000000002c002e8]
Event: 19.695 Thread 0x0000000054cf9800 1337       4       com.badlogic.gdx.graphics.g2d.SpriteBatch::end (90 bytes)
Event: 19.698 Thread 0x0000000054cf9800 nmethod 1337 0x0000000002bff1d0 code [0x0000000002bff380, 0x0000000002bff710]
Event: 19.955 Thread 0x0000000054cf9800 1338       4       com.badlogic.gdx.scenes.scene2d.Group::draw (35 bytes)
Event: 19.962 Thread 0x0000000054cf9800 nmethod 1338 0x0000000002c02950 code [0x0000000002c02b40, 0x0000000002c03160]
Event: 20.075 Thread 0x0000000054d54000 1339       3       com.badlogic.gdx.backends.lwjgl.LwjglGL20::glBindTexture (6 bytes)
Event: 20.075 Thread 0x0000000054d54000 nmethod 1339 0x0000000002bfb410 code [0x0000000002bfb600, 0x0000000002bfbdb8]
Event: 20.075 Thread 0x0000000054d54000 1340       3       org.lwjgl.opengl.GL11::glBindTexture (20 bytes)
Event: 20.075 Thread 0x0000000054d54000 nmethod 1340 0x0000000002c01c10 code [0x0000000002c01e00, 0x0000000002c02538]

GC Heap History (2 events):
Event: 1.252 GC heap before
{Heap before GC invocations=1 (full 0):
 PSYoungGen      total 18944K, used 16384K [0x00000000eaf00000, 0x00000000ec400000, 0x0000000100000000)
  eden space 16384K, 100% used [0x00000000eaf00000,0x00000000ebf00000,0x00000000ebf00000)
  from space 2560K, 0% used [0x00000000ec180000,0x00000000ec180000,0x00000000ec400000)
  to   space 2560K, 0% used [0x00000000ebf00000,0x00000000ebf00000,0x00000000ec180000)
 ParOldGen       total 44032K, used 0K [0x00000000c0c00000, 0x00000000c3700000, 0x00000000eaf00000)
  object space 44032K, 0% used [0x00000000c0c00000,0x00000000c0c00000,0x00000000c3700000)
 Metaspace       used 7463K, capacity 7555K, committed 7680K, reserved 1056768K
  class space    used 690K, capacity 720K, committed 768K, reserved 1048576K
Event: 1.256 GC heap after
Heap after GC invocations=1 (full 0):
 PSYoungGen      total 18944K, used 2538K [0x00000000eaf00000, 0x00000000ec400000, 0x0000000100000000)
  eden space 16384K, 0% used [0x00000000eaf00000,0x00000000eaf00000,0x00000000ebf00000)
  from space 2560K, 99% used [0x00000000ebf00000,0x00000000ec17ab18,0x00000000ec180000)
  to   space 2560K, 0% used [0x00000000ec180000,0x00000000ec180000,0x00000000ec400000)
 ParOldGen       total 44032K, used 1486K [0x00000000c0c00000, 0x00000000c3700000, 0x00000000eaf00000)
  object space 44032K, 3% used [0x00000000c0c00000,0x00000000c0d73a48,0x00000000c3700000)
 Metaspace       used 7463K, capacity 7555K, committed 7680K, reserved 1056768K
  class space    used 690K, capacity 720K, committed 768K, reserved 1048576K
}

Deoptimization events (9 events):
Event: 1.153 Thread 0x00000000576cb000 Uncommon trap: reason=unstable_if action=reinterpret pc=0x00000000028b9010 method=java.lang.String.<init>([CII)V @ 18
Event: 3.557 Thread 0x00000000576cb000 Uncommon trap: reason=array_check action=maybe_recompile pc=0x0000000002a5cd38 method=com.badlogic.gdx.utils.Array.add(Ljava/lang/Object;)V @ 46
Event: 5.130 Thread 0x00000000576cb000 Uncommon trap: reason=array_check action=maybe_recompile pc=0x0000000002a5cd38 method=com.badlogic.gdx.utils.Array.add(Ljava/lang/Object;)V @ 46
Event: 5.245 Thread 0x00000000576cb000 Uncommon trap: reason=unstable_if action=reinterpret pc=0x0000000002b4bde0 method=com.runner.stages.GameStage.act(F)V @ 298
Event: 6.065 Thread 0x00000000576cb000 Uncommon trap: reason=array_check action=maybe_recompile pc=0x0000000002a5cd38 method=com.badlogic.gdx.utils.Array.add(Ljava/lang/Object;)V @ 46
Event: 7.150 Thread 0x00000000576cb000 Uncommon trap: reason=array_check action=maybe_recompile pc=0x0000000002a5cd38 method=com.badlogic.gdx.utils.Array.add(Ljava/lang/Object;)V @ 46
Event: 15.749 Thread 0x00000000576cb000 Uncommon trap: reason=unstable_if action=reinterpret pc=0x0000000002bc2ed4 method=com.badlogic.gdx.scenes.scene2d.ui.Widget.validate()V @ 79
Event: 15.749 Thread 0x00000000576cb000 Uncommon trap: reason=unstable_if action=reinterpret pc=0x0000000002be8808 method=com.badlogic.gdx.graphics.g2d.BitmapFontCache.translate(FF)V @ 3
Event: 20.090 Thread 0x00000000576cb000 Uncommon trap: reason=unstable_if action=reinterpret pc=0x0000000002b95704 method=com.runner.stages.GameStage.act(F)V @ 264

Internal exceptions (10 events):
Event: 0.168 Thread 0x00000000020a0000 Exception <a 'java/security/PrivilegedActionException'> (0x00000000eb1781d0) thrown at [C:\src\android\AOSP-openjdk\external\jetbrains\jdk\hotspot\src\share\vm\prims\jvm.cpp, line 1386]
Event: 0.168 Thread 0x00000000020a0000 Exception <a 'java/security/PrivilegedActionException'> (0x00000000eb1783e0) thrown at [C:\src\android\AOSP-openjdk\external\jetbrains\jdk\hotspot\src\share\vm\prims\jvm.cpp, line 1386]
Event: 0.168 Thread 0x00000000020a0000 Exception <a 'java/security/PrivilegedActionException'> (0x00000000eb1797b8) thrown at [C:\src\android\AOSP-openjdk\external\jetbrains\jdk\hotspot\src\share\vm\prims\jvm.cpp, line 1386]
Event: 0.168 Thread 0x00000000020a0000 Exception <a 'java/security/PrivilegedActionException'> (0x00000000eb1799c8) thrown at [C:\src\android\AOSP-openjdk\external\jetbrains\jdk\hotspot\src\share\vm\prims\jvm.cpp, line 1386]
Event: 0.548 Thread 0x00000000020a0000 Exception <a 'java/security/PrivilegedActionException'> (0x00000000eb3bfa68) thrown at [C:\src\android\AOSP-openjdk\external\jetbrains\jdk\hotspot\src\share\vm\prims\jvm.cpp, line 1386]
Event: 0.548 Thread 0x00000000020a0000 Exception <a 'java/security/PrivilegedActionException'> (0x00000000eb3c1740) thrown at [C:\src\android\AOSP-openjdk\external\jetbrains\jdk\hotspot\src\share\vm\prims\jvm.cpp, line 1386]
Event: 0.548 Thread 0x00000000020a0000 Exception <a 'java/security/PrivilegedActionException'> (0x00000000eb3c28b0) thrown at [C:\src\android\AOSP-openjdk\external\jetbrains\jdk\hotspot\src\share\vm\prims\jvm.cpp, line 1386]
Event: 0.548 Thread 0x00000000020a0000 Exception <a 'java/security/PrivilegedActionException'> (0x00000000eb3c7a18) thrown at [C:\src\android\AOSP-openjdk\external\jetbrains\jdk\hotspot\src\share\vm\prims\jvm.cpp, line 1386]
Event: 0.548 Thread 0x00000000020a0000 Exception <a 'java/security/PrivilegedActionException'> (0x00000000eb3c8670) thrown at [C:\src\android\AOSP-openjdk\external\jetbrains\jdk\hotspot\src\share\vm\prims\jvm.cpp, line 1386]
Event: 0.548 Thread 0x00000000020a0000 Exception <a 'java/security/PrivilegedActionException'> (0x00000000eb3c9298) thrown at [C:\src\android\AOSP-openjdk\external\jetbrains\jdk\hotspot\src\share\vm\prims\jvm.cpp, line 1386]

Events (10 events):
Event: 7.150 Thread 0x00000000576cb000 DEOPT UNPACKING pc=0x000000000276556a sp=0x000000005837eb40 mode 2
Event: 15.749 Thread 0x00000000576cb000 Uncommon trap: trap_request=0xffffff65 fr.pc=0x0000000002bc2ed4
Event: 15.749 Thread 0x00000000576cb000 DEOPT PACKING pc=0x0000000002bc2ed4 sp=0x000000005837e830
Event: 15.749 Thread 0x00000000576cb000 DEOPT UNPACKING pc=0x000000000276556a sp=0x000000005837e7b8 mode 2
Event: 15.749 Thread 0x00000000576cb000 Uncommon trap: trap_request=0xffffff65 fr.pc=0x0000000002be8808
Event: 15.749 Thread 0x00000000576cb000 DEOPT PACKING pc=0x0000000002be8808 sp=0x000000005837e760
Event: 15.749 Thread 0x00000000576cb000 DEOPT UNPACKING pc=0x000000000276556a sp=0x000000005837e648 mode 2
Event: 20.090 Thread 0x00000000576cb000 Uncommon trap: trap_request=0xffffff65 fr.pc=0x0000000002b95704
Event: 20.090 Thread 0x00000000576cb000 DEOPT PACKING pc=0x0000000002b95704 sp=0x000000005837ec50
Event: 20.090 Thread 0x00000000576cb000 DEOPT UNPACKING pc=0x000000000276556a sp=0x000000005837ec28 mode 2


Dynamic libraries:
0x000000013fd60000 - 0x000000013fd91000 	C:\Android\Android Studio\jre\bin\java.exe
0x0000000077be0000 - 0x0000000077d8a000 	C:\Windows\SYSTEM32\ntdll.dll
0x00000000779c0000 - 0x0000000077adf000 	C:\Windows\system32\kernel32.dll
0x000007fefdbf0000 - 0x000007fefdc5a000 	C:\Windows\system32\KERNELBASE.dll
0x000007feffb00000 - 0x000007feffbdb000 	C:\Windows\system32\ADVAPI32.dll
0x000007feffc80000 - 0x000007feffd1f000 	C:\Windows\system32\msvcrt.dll
0x000007fefe210000 - 0x000007fefe22f000 	C:\Windows\SYSTEM32\sechost.dll
0x000007feff960000 - 0x000007feffa8d000 	C:\Windows\system32\RPCRT4.dll
0x0000000077ae0000 - 0x0000000077bda000 	C:\Windows\system32\USER32.dll
0x000007feffa90000 - 0x000007feffaf7000 	C:\Windows\system32\GDI32.dll
0x000007feffdc0000 - 0x000007feffdce000 	C:\Windows\system32\LPK.dll
0x000007feffdd0000 - 0x000007feffe9a000 	C:\Windows\system32\USP10.dll
0x000007fefc450000 - 0x000007fefc644000 	C:\Windows\WinSxS\amd64_microsoft.windows.common-controls_6595b64144ccf1df_6.0.7601.18837_none_fa3b1e3d17594757\COMCTL32.dll
0x000007fefe310000 - 0x000007fefe381000 	C:\Windows\system32\SHLWAPI.dll
0x000007feff640000 - 0x000007feff66e000 	C:\Windows\system32\IMM32.DLL
0x000007feff120000 - 0x000007feff229000 	C:\Windows\system32\MSCTF.dll
0x000000005b340000 - 0x000000005b412000 	C:\Android\Android Studio\jre\jre\bin\msvcr100.dll
0x0000000056dd0000 - 0x0000000057604000 	C:\Android\Android Studio\jre\jre\bin\server\jvm.dll
0x000007fefa3f0000 - 0x000007fefa3f9000 	C:\Windows\system32\WSOCK32.dll
0x000007feffea0000 - 0x000007feffeed000 	C:\Windows\system32\WS2_32.dll
0x000007feff230000 - 0x000007feff238000 	C:\Windows\system32\NSI.dll
0x000007fefb060000 - 0x000007fefb09b000 	C:\Windows\system32\WINMM.dll
0x000007fefc960000 - 0x000007fefc96c000 	C:\Windows\system32\VERSION.dll
0x0000000077db0000 - 0x0000000077db7000 	C:\Windows\system32\PSAPI.DLL
0x000007fefbc90000 - 0x000007fefbc9f000 	C:\Android\Android Studio\jre\jre\bin\verify.dll
0x000007fef6850000 - 0x000007fef6879000 	C:\Android\Android Studio\jre\jre\bin\java.dll
0x000007fefbc70000 - 0x000007fefbc86000 	C:\Android\Android Studio\jre\jre\bin\zip.dll
0x000007fefe390000 - 0x000007feff119000 	C:\Windows\system32\SHELL32.dll
0x000007feff430000 - 0x000007feff633000 	C:\Windows\system32\ole32.dll
0x000007fefd910000 - 0x000007fefd91f000 	C:\Windows\system32\profapi.dll
0x000007fef4fc0000 - 0x000007fef4fcf000 	C:\Android\Android Studio\bin\breakgen64.dll
0x000007fef5070000 - 0x000007fef508a000 	C:\Android\Android Studio\jre\jre\bin\net.dll
0x000007fefd0b0000 - 0x000007fefd105000 	C:\Windows\system32\mswsock.dll
0x000007fefd0a0000 - 0x000007fefd0a7000 	C:\Windows\System32\wship6.dll
0x0000000065580000 - 0x0000000065616000 	C:\Users\oCocha\AppData\Local\Temp\libgdxoCocha\8aad67a5\gdx64.dll
0x000007fefd110000 - 0x000007fefd128000 	C:\Windows\system32\CRYPTSP.dll
0x000007fefce10000 - 0x000007fefce57000 	C:\Windows\system32\rsaenh.dll
0x000007fefdcb0000 - 0x000007fefdcce000 	C:\Windows\system32\USERENV.dll
0x000007fefd7b0000 - 0x000007fefd7bf000 	C:\Windows\system32\CRYPTBASE.dll
0x000007fefb010000 - 0x000007fefb037000 	C:\Windows\system32\IPHLPAPI.DLL
0x000007fefb000000 - 0x000007fefb00b000 	C:\Windows\system32\WINNSI.DLL
0x000007fefae10000 - 0x000007fefae21000 	C:\Windows\system32\dhcpcsvc6.DLL
0x000007fefadf0000 - 0x000007fefae08000 	C:\Windows\system32\dhcpcsvc.DLL
0x000007fef5050000 - 0x000007fef5061000 	C:\Android\Android Studio\jre\jre\bin\nio.dll
0x0000000180000000 - 0x0000000180053000 	C:\Users\oCocha\AppData\Local\Temp\libgdxoCocha\dc0f0009\lwjgl64.dll
0x000007feef380000 - 0x000007feef49d000 	C:\Windows\system32\OPENGL32.dll
0x000007fef24b0000 - 0x000007fef24dd000 	C:\Windows\system32\GLU32.dll
0x000007fedcbc0000 - 0x000007fedccb1000 	C:\Windows\system32\DDRAW.dll
0x000007fefa710000 - 0x000007fefa718000 	C:\Windows\system32\DCIMAN32.dll
0x000007fefe030000 - 0x000007fefe207000 	C:\Windows\system32\SETUPAPI.dll
0x000007fefdc60000 - 0x000007fefdc96000 	C:\Windows\system32\CFGMGR32.dll
0x000007fefe230000 - 0x000007fefe30a000 	C:\Windows\system32\OLEAUT32.dll
0x000007fefda40000 - 0x000007fefda5a000 	C:\Windows\system32\DEVOBJ.dll
0x000007fefc940000 - 0x000007fefc958000 	C:\Windows\system32\dwmapi.dll
0x00000000021a0000 - 0x0000000002204000 	C:\Users\oCocha\AppData\Local\Temp\libgdxoCocha\dc0f0009\OpenAL64.dll
0x000007fefc270000 - 0x000007fefc2c6000 	C:\Windows\system32\uxtheme.dll
0x000007feffbe0000 - 0x000007feffc79000 	C:\Windows\system32\CLBCatQ.DLL
0x000007fefc2d0000 - 0x000007fefc3fc000 	C:\Windows\System32\PROPSYS.dll
0x000007fefd940000 - 0x000007fefd97b000 	C:\Windows\system32\WINTRUST.dll
0x000007fefda80000 - 0x000007fefdbed000 	C:\Windows\system32\CRYPT32.dll
0x000007fefd920000 - 0x000007fefd92f000 	C:\Windows\system32\MSASN1.dll
0x000007feef1c0000 - 0x000007feef248000 	C:\Windows\system32\dsound.dll
0x000007fefc970000 - 0x000007fefc99c000 	C:\Windows\system32\POWRPROF.dll
0x000007fefbe60000 - 0x000007fefbeab000 	C:\Windows\System32\MMDevApi.dll
0x000007fefa760000 - 0x000007fefa7af000 	C:\Windows\system32\AUDIOSES.DLL
0x000007fef4c30000 - 0x000007fef4c48000 	C:\Windows\system32\atig6pxx.dll
0x0000000058dc0000 - 0x000000005abc0000 	C:\Windows\system32\atio6axx.dll
0x000007fee8760000 - 0x000007fee88a1000 	C:\Windows\system32\atiadlxx.dll
0x000007fefca60000 - 0x000007fefca71000 	C:\Windows\system32\WTSAPI32.dll
0x000007fef2110000 - 0x000007fef213c000 	C:\Windows\system32\atig6txx.dll
0x000007fee6ba0000 - 0x000007fee6c3c000 	C:\Windows\system32\mscms.dll
0x000007fedf860000 - 0x000007fedf8a2000 	C:\Windows\system32\icm32.dll
0x0000000066bc0000 - 0x0000000066c7b000 	C:\Users\oCocha\AppData\Local\Temp\libgdxoCocha\b6038e5c\gdx-box2d64.dll
0x000007fef54e0000 - 0x000007fef5605000 	C:\Windows\system32\dbghelp.dll

VM Arguments:
jvm_args: -Didea.launcher.port=7533 -Didea.launcher.bin.path=C:\Android\Android Studio\bin -Dfile.encoding=UTF-8 
java_command: com.intellij.rt.execution.application.AppMain com.runner.desktop.DesktopLauncher
java_class_path (initial): C:\Android\Android Studio\jre\jre\lib\charsets.jar;C:\Android\Android Studio\jre\jre\lib\ext\access-bridge-64.jar;C:\Android\Android Studio\jre\jre\lib\ext\cldrdata.jar;C:\Android\Android Studio\jre\jre\lib\ext\dnsns.jar;C:\Android\Android Studio\jre\jre\lib\ext\jaccess.jar;C:\Android\Android Studio\jre\jre\lib\ext\localedata.jar;C:\Android\Android Studio\jre\jre\lib\ext\nashorn.jar;C:\Android\Android Studio\jre\jre\lib\ext\sunec.jar;C:\Android\Android Studio\jre\jre\lib\ext\sunjce_provider.jar;C:\Android\Android Studio\jre\jre\lib\ext\sunmscapi.jar;C:\Android\Android Studio\jre\jre\lib\ext\sunpkcs11.jar;C:\Android\Android Studio\jre\jre\lib\ext\zipfs.jar;C:\Android\Android Studio\jre\jre\lib\jce.jar;C:\Android\Android Studio\jre\jre\lib\jsse.jar;C:\Android\Android Studio\jre\jre\lib\management-agent.jar;C:\Android\Android Studio\jre\jre\lib\resources.jar;C:\Android\Android Studio\jre\jre\lib\rt.jar;C:\Android\Projekte\ItsAMe\desktop\build\classes\main;C:\Android\Projekte\ItsAMe\core\build\classes\main;C:\Users\oCocha\.gradle\caches\modules-2\files-2.1\com.badlogicgames.gdx\gdx\1.9.4\4b4b7962d1bc75af0438f5c81ec1010557bc9ee5\gdx-1.9.4.jar;C:\Users\oCocha\.gradle\caches\modules-2\files-2.1\com.badlogicgames.gdx\gdx-box2d\1.9.4\98a0d25c9f0637fecac6e4aacf7287aa635964f5\gdx-box2d-1.9.4.jar;C:\Users\oCocha\.gradle\caches\modules-2\files-2.1\com.badlogicgames.gdx\gdx-backend-lwjgl\1.9.4\4c6c108a9dcbc07096de8594b93f9cab33856fe2\gdx-backend-lwjgl-1.9.4.jar;C:\Users\oCocha\.gradle\caches\modules-2\files-2.1\com.badlogicgames.gdx\gdx-platform\1.9.4\8e93afecc287ab152179983fc1b5f65db4c2fa4c\gdx-platform-1.9.4-natives-desktop.jar;C:\Users\oCocha\.gradle\caches\modules-2\files-2.1\com.badlogicgames.gdx\gdx-box2d-platform\1.9.4\905a9ed3017cd3917b7fbada5ece58c40fddcbca\gdx-box2d-platform-1.9.4-natives-desktop.jar;C:\Users\oCocha\.gradle\caches\modules-2\files-2.1\org.lwjgl.lwjgl\lwjgl\2.9.2\a9d80fe5935c7a9149f6584d9777cfd471f65489\lwjgl-2.9.2.jar;C:\User
Launcher Type: SUN_STANDARD

Environment Variables:
PATH=C:\ProgramData\Oracle\Java\javapath;C:\Program Files\Common Files\Microsoft Shared\Windows Live;C:\Program Files (x86)\Common Files\Microsoft Shared\Windows Live;C:\Windows\system32;C:\Windows;C:\Windows\System32\Wbem;C:\Windows\System32\WindowsPowerShell\v1.0\;C:\Program Files (x86)\ATI Technologies\ATI.ACE\Core-Static;C:\Program Files (x86)\Windows Live\Shared;C:\Program Files (x86)\GtkSharp\2.12\bin;C:\Program Files (x86)\Skype\Phone\;C:\Program Files (x86)\AMD\ATI.ACE\Core-Static;C:\Program Files (x86)\Common Files\Softimage;C:\Program Files\Common Files\Softimage;C:\Program Files (x86)\Mozilla Firefox;C:\ProgramData\Oracle\Java\javapath;C:\Program Files\Common Files\Microsoft Shared\Windows Live;C:\Program Files (x86)\Common Files\Microsoft Shared\Windows Live;C:\Windows\system32;C:\Windows;C:\Windows\System32\Wbem;C:\Windows\System32\WindowsPowerShell\v1.0\;C:\Program Files (x86)\ATI Technologies\ATI.ACE\Core-Static;C:\Program Files (x86)\Windows Live\Shared;C:\Program Files (x86)\GtkSharp\2.12\bin;C:\Program Files (x86)\Skype\Phone\;C:\Program Files (x86)\AMD\ATI.ACE\Core-Static
USERNAME=oCocha
OS=Windows_NT
PROCESSOR_IDENTIFIER=Intel64 Family 6 Model 58 Stepping 9, GenuineIntel



---------------  S Y S T E M  ---------------

OS: Windows 7 , 64 bit Build 7601 (6.1.7601.23543)

CPU:total 2 (2 cores per cpu, 1 threads per core) family 6 model 58 stepping 9, cmov, cx8, fxsr, mmx, sse, sse2, sse3, ssse3, sse4.1, sse4.2, popcnt, clmul, erms, tsc, tscinvbit, tscinv

Memory: 4k page, physical 4143476k(997056k free), swap 8285092k(3344176k free)

vm_info: OpenJDK 64-Bit Server VM (25.76-b03) for windows-amd64 JRE (1.8.0_76-release-b03), built on Jun 29 2016 19:09:20 by "ralucas" with MS VC++ 10.0 (VS2010)

time: Tue Dec 06 18:25:15 2016
elapsed time: 20 seconds (0d 0h 0m 20s)

