#
# A fatal error has been detected by the Java Runtime Environment:
#
#  EXCEPTION_ACCESS_VIOLATION (0xc0000005) at pc=0x0000000066bcbd0d, pid=5184, tid=0x0000000000001584
#
# JRE version: OpenJDK Runtime Environment (8.0_76-b03) (build 1.8.0_76-release-b03)
# Java VM: OpenJDK 64-Bit Server VM (25.76-b03 mixed mode windows-amd64 compressed oops)
# Problematic frame:
# C  [gdx-box2d64.dll+0xbd0d]
#
# Failed to write core dump. Minidumps are not enabled by default on client versions of Windows
#
# If you would like to submit a bug report, please visit:
#   http://bugreport.java.com/bugreport/crash.jsp
# The crash happened outside the Java Virtual Machine in native code.
# See problematic frame for where to report the bug.
#

---------------  T H R E A D  ---------------

Current thread (0x0000000056e15800):  JavaThread "LWJGL Application" [_thread_in_native, id=5508, stack(0x0000000058240000,0x0000000058340000)]

siginfo: ExceptionCode=0xc0000005, reading address 0x000000020049e790

Registers:
RAX=0x000000020049e790, RBX=0x0000000000417de0, RCX=0x0000000000417db0, RDX=0x00000000000000b8
RSP=0x000000005833ef20, RBP=0x0000000000000006, RSI=0x0000000000417db0, RDI=0x000000005833efe0
R8 =0x0000000000417db0, R9 =0x0000000000000002, R10=0x0000000000000000, R11=0x0000000000000001
R12=0x0000000000000000, R13=0x0000000054b9ad88, R14=0x000000005833f2b0, R15=0x0000000056e15800
RIP=0x0000000066bcbd0d, EFLAGS=0x0000000000010206

Top of Stack: (sp=0x000000005833ef20)
0x000000005833ef20:   00000000145b14e8 000000005833ef98
0x000000005833ef30:   00000000028b7a01 0000000066bf9b92
0x000000005833ef40:   00000000eb5118a8 0000000000417db0
0x000000005833ef50:   0000000000000001 000000005833efe0
0x000000005833ef60:   000000005833f100 0000000000000000
0x000000005833ef70:   0000000054b9ad88 0000000066be2483
0x000000005833ef80:   0000000000417d30 0000000066bfc2f5
0x000000005833ef90:   00000000544f0480 0000000054afa4c8
0x000000005833efa0:   0000000000000001 0000000000000001
0x000000005833efb0:   0000000000000001 0000000066be8616
0x000000005833efc0:   0000000056e15800 000000005833f1a0
0x000000005833efd0:   0000000054afa4c8 0000000000000000
0x000000005833efe0:   412072e600000002 00000000407cf5c1
0x000000005833eff0:   0000000000000000 0000000000000000
0x000000005833f000:   0000010100000000 0000000000000001
0x000000005833f010:   0000000000000000 000000003f800000 

Instructions: (pc=0x0000000066bcbd0d)
0x0000000066bcbced:   48 8d 05 6c a3 05 00 0f b6 1c 18 80 fb 0d 0f b6
0x0000000066bcbcfd:   eb 77 21 48 8d 1c de 48 8b 43 10 48 85 c0 74 3a
0x0000000066bcbd0d:   48 8b 10 48 89 53 10 48 83 c4 28 5b 5e 5f 5d 41
0x0000000066bcbd1d:   5c 41 5d c3 48 8d 15 18 9e 04 00 48 8d 0d 99 9e 


Register to memory mapping:

RAX=0x000000020049e790 is an unknown value
RBX=0x0000000000417de0 is an unknown value
RCX=0x0000000000417db0 is an unknown value
RDX=0x00000000000000b8 is an unknown value
RSP=0x000000005833ef20 is pointing into the stack for thread: 0x0000000056e15800
RBP=0x0000000000000006 is an unknown value
RSI=0x0000000000417db0 is an unknown value
RDI=0x000000005833efe0 is pointing into the stack for thread: 0x0000000056e15800
R8 =0x0000000000417db0 is an unknown value
R9 =0x0000000000000002 is an unknown value
R10=0x0000000000000000 is an unknown value
R11=0x0000000000000001 is an unknown value
R12=0x0000000000000000 is an unknown value
R13=0x0000000054b9ad88 is pointing into metadata
R14=0x000000005833f2b0 is pointing into the stack for thread: 0x0000000056e15800
R15=0x0000000056e15800 is a thread


Stack: [0x0000000058240000,0x0000000058340000],  sp=0x000000005833ef20,  free space=1019k
Native frames: (J=compiled Java code, j=interpreted, Vv=VM code, C=native code)
C  [gdx-box2d64.dll+0xbd0d]
C  [gdx-box2d64.dll+0x22483]
C  [gdx-box2d64.dll+0x28616]
C  0x0000000002b83b64

Java frames: (J=compiled Java code, j=interpreted, Vv=VM code)
J 653  com.badlogic.gdx.physics.box2d.World.jniCreateBody(JIFFFFFFFFZZZZZF)J (0 bytes) @ 0x0000000002b83ae6 [0x0000000002b83a40+0xa6]
J 652 C1 com.badlogic.gdx.physics.box2d.World.createBody(Lcom/badlogic/gdx/physics/box2d/BodyDef;)Lcom/badlogic/gdx/physics/box2d/Body; (120 bytes) @ 0x0000000002b8303c [0x0000000002b82ea0+0x19c]
j  com.runner.utils.WorldUtils.createProjectile(Lcom/badlogic/gdx/physics/box2d/World;FFZI)Lcom/badlogic/gdx/physics/box2d/Body;+156
j  com.runner.stages.GameStage.shoot()V+44
j  com.runner.stages.HudStage.touchDown(IIII)Z+38
j  com.badlogic.gdx.backends.lwjgl.LwjglInput.processEvents()V+253
j  com.badlogic.gdx.backends.lwjgl.LwjglApplication.mainLoop()V+600
j  com.badlogic.gdx.backends.lwjgl.LwjglApplication$1.run()V+27
v  ~StubRoutines::call_stub

---------------  P R O C E S S  ---------------

Java Threads: ( => current thread )
  0x00000000571c8000 JavaThread "LWJGL Timer" daemon [_thread_blocked, id=5044, stack(0x000000005d990000,0x000000005da90000)]
  0x00000000021b0000 JavaThread "DestroyJavaVM" [_thread_blocked, id=2464, stack(0x00000000024e0000,0x00000000025e0000)]
=>0x0000000056e15800 JavaThread "LWJGL Application" [_thread_in_native, id=5508, stack(0x0000000058240000,0x0000000058340000)]
  0x0000000056689800 JavaThread "Monitor Ctrl-Break" daemon [_thread_in_native, id=5416, stack(0x0000000056990000,0x0000000056a90000)]
  0x0000000054ee7000 JavaThread "Service Thread" daemon [_thread_blocked, id=4188, stack(0x0000000056210000,0x0000000056310000)]
  0x0000000054ee4000 JavaThread "C1 CompilerThread1" daemon [_thread_blocked, id=5920, stack(0x0000000055670000,0x0000000055770000)]
  0x0000000054e89800 JavaThread "C2 CompilerThread0" daemon [_thread_blocked, id=6056, stack(0x0000000056060000,0x0000000056160000)]
  0x0000000054e87800 JavaThread "Attach Listener" daemon [_thread_blocked, id=4500, stack(0x0000000055f50000,0x0000000056050000)]
  0x0000000054e86800 JavaThread "Signal Dispatcher" daemon [_thread_blocked, id=5228, stack(0x0000000055e40000,0x0000000055f40000)]
  0x0000000054e6d800 JavaThread "Finalizer" daemon [_thread_blocked, id=4628, stack(0x0000000055c70000,0x0000000055d70000)]
  0x0000000054e26800 JavaThread "Reference Handler" daemon [_thread_blocked, id=5772, stack(0x0000000055a80000,0x0000000055b80000)]

Other Threads:
  0x0000000054e1c800 VMThread [stack: 0x0000000055960000,0x0000000055a60000] [id=5676]
  0x0000000054ee8000 WatcherThread [stack: 0x0000000056440000,0x0000000056540000] [id=5468]

VM state:not at safepoint (normal execution)

VM Mutex/Monitor currently owned by a thread: None

Heap:
 PSYoungGen      total 18944K, used 8937K [0x00000000eaf00000, 0x00000000ec400000, 0x0000000100000000)
  eden space 16384K, 38% used [0x00000000eaf00000,0x00000000eb53aed8,0x00000000ebf00000)
  from space 2560K, 99% used [0x00000000ebf00000,0x00000000ec17f6a0,0x00000000ec180000)
  to   space 2560K, 0% used [0x00000000ec180000,0x00000000ec180000,0x00000000ec400000)
 ParOldGen       total 44032K, used 1433K [0x00000000c0c00000, 0x00000000c3700000, 0x00000000eaf00000)
  object space 44032K, 3% used [0x00000000c0c00000,0x00000000c0d66680,0x00000000c3700000)
 Metaspace       used 8330K, capacity 8391K, committed 8576K, reserved 1056768K
  class space    used 757K, capacity 784K, committed 896K, reserved 1048576K

Card table byte_map: [0x0000000011c70000,0x0000000011e70000] byte_map_base: 0x000000001166a000

Marking Bits: (ParMarkBitMap*) 0x0000000058d49d00
 Begin Bits: [0x0000000012350000, 0x0000000013320000)
 End Bits:   [0x0000000013320000, 0x00000000142f0000)

Polling page: 0x0000000000240000

CodeCache: size=245760Kb used=4210Kb max_used=4220Kb free=241549Kb
 bounds [0x00000000028b0000, 0x0000000002ce0000, 0x00000000118b0000]
 total_blobs=1642 nmethods=1141 adapters=416
 compilation: enabled

Compilation events (10 events):
Event: 5.234 Thread 0x0000000054ee4000 1137       3       com.badlogic.gdx.physics.box2d.World::getBodyCount (9 bytes)
Event: 5.234 Thread 0x0000000054ee4000 nmethod 1137 0x0000000002ccdb50 code [0x0000000002ccdcc0, 0x0000000002ccde48]
Event: 5.331 Thread 0x0000000054e89800 1138       4       java.lang.Integer::parseInt (7 bytes)
Event: 5.331 Thread 0x0000000054ee4000 1139       3       sun.nio.cs.UTF_8$Decoder::decodeLoop (28 bytes)
Event: 5.331 Thread 0x0000000054ee4000 nmethod 1139 0x0000000002ccded0 code [0x0000000002cce060, 0x0000000002cce578]
Event: 5.335 Thread 0x0000000054e89800 nmethod 1138 0x0000000002cd17d0 code [0x0000000002cd1920, 0x0000000002cd1dd8]
Event: 5.348 Thread 0x0000000054ee4000 1140       1       com.runner.actors.Projectile::getUserData (5 bytes)
Event: 5.348 Thread 0x0000000054ee4000 nmethod 1140 0x0000000002cd1510 code [0x0000000002cd1660, 0x0000000002cd1770]
Event: 5.448 Thread 0x0000000054ee4000 1141       1       com.runner.box2d.ProjectileUserData::getLinearVelocity (5 bytes)
Event: 5.448 Thread 0x0000000054ee4000 nmethod 1141 0x0000000002cd1250 code [0x0000000002cd13a0, 0x0000000002cd14b0]

GC Heap History (2 events):
Event: 1.291 GC heap before
{Heap before GC invocations=1 (full 0):
 PSYoungGen      total 18944K, used 16384K [0x00000000eaf00000, 0x00000000ec400000, 0x0000000100000000)
  eden space 16384K, 100% used [0x00000000eaf00000,0x00000000ebf00000,0x00000000ebf00000)
  from space 2560K, 0% used [0x00000000ec180000,0x00000000ec180000,0x00000000ec400000)
  to   space 2560K, 0% used [0x00000000ebf00000,0x00000000ebf00000,0x00000000ec180000)
 ParOldGen       total 44032K, used 0K [0x00000000c0c00000, 0x00000000c3700000, 0x00000000eaf00000)
  object space 44032K, 0% used [0x00000000c0c00000,0x00000000c0c00000,0x00000000c3700000)
 Metaspace       used 7462K, capacity 7555K, committed 7680K, reserved 1056768K
  class space    used 690K, capacity 720K, committed 768K, reserved 1048576K
Event: 1.300 GC heap after
Heap after GC invocations=1 (full 0):
 PSYoungGen      total 18944K, used 2557K [0x00000000eaf00000, 0x00000000ec400000, 0x0000000100000000)
  eden space 16384K, 0% used [0x00000000eaf00000,0x00000000eaf00000,0x00000000ebf00000)
  from space 2560K, 99% used [0x00000000ebf00000,0x00000000ec17f6a0,0x00000000ec180000)
  to   space 2560K, 0% used [0x00000000ec180000,0x00000000ec180000,0x00000000ec400000)
 ParOldGen       total 44032K, used 1433K [0x00000000c0c00000, 0x00000000c3700000, 0x00000000eaf00000)
  object space 44032K, 3% used [0x00000000c0c00000,0x00000000c0d66680,0x00000000c3700000)
 Metaspace       used 7462K, capacity 7555K, committed 7680K, reserved 1056768K
  class space    used 690K, capacity 720K, committed 768K, reserved 1048576K
}

Deoptimization events (5 events):
Event: 1.212 Thread 0x0000000056e15800 Uncommon trap: reason=unstable_if action=reinterpret pc=0x0000000002a56dd0 method=java.lang.String.<init>([CII)V @ 18
Event: 2.126 Thread 0x0000000056e15800 Uncommon trap: reason=array_check action=maybe_recompile pc=0x0000000002badcf8 method=com.badlogic.gdx.utils.Array.add(Ljava/lang/Object;)V @ 46
Event: 2.635 Thread 0x0000000056e15800 Uncommon trap: reason=array_check action=maybe_recompile pc=0x0000000002badcf8 method=com.badlogic.gdx.utils.Array.add(Ljava/lang/Object;)V @ 46
Event: 3.277 Thread 0x0000000056e15800 Uncommon trap: reason=array_check action=maybe_recompile pc=0x0000000002badcf8 method=com.badlogic.gdx.utils.Array.add(Ljava/lang/Object;)V @ 46
Event: 4.001 Thread 0x0000000056e15800 Uncommon trap: reason=array_check action=maybe_recompile pc=0x0000000002badcf8 method=com.badlogic.gdx.utils.Array.add(Ljava/lang/Object;)V @ 46

Internal exceptions (10 events):
Event: 0.236 Thread 0x00000000021b0000 Exception <a 'java/security/PrivilegedActionException'> (0x00000000eb1cf360) thrown at [C:\src\android\AOSP-openjdk\external\jetbrains\jdk\hotspot\src\share\vm\prims\jvm.cpp, line 1386]
Event: 0.236 Thread 0x00000000021b0000 Exception <a 'java/security/PrivilegedActionException'> (0x00000000eb1cf570) thrown at [C:\src\android\AOSP-openjdk\external\jetbrains\jdk\hotspot\src\share\vm\prims\jvm.cpp, line 1386]
Event: 0.236 Thread 0x00000000021b0000 Exception <a 'java/security/PrivilegedActionException'> (0x00000000eb1d0948) thrown at [C:\src\android\AOSP-openjdk\external\jetbrains\jdk\hotspot\src\share\vm\prims\jvm.cpp, line 1386]
Event: 0.236 Thread 0x00000000021b0000 Exception <a 'java/security/PrivilegedActionException'> (0x00000000eb1d0b58) thrown at [C:\src\android\AOSP-openjdk\external\jetbrains\jdk\hotspot\src\share\vm\prims\jvm.cpp, line 1386]
Event: 0.488 Thread 0x00000000021b0000 Exception <a 'java/security/PrivilegedActionException'> (0x00000000eb3c7728) thrown at [C:\src\android\AOSP-openjdk\external\jetbrains\jdk\hotspot\src\share\vm\prims\jvm.cpp, line 1386]
Event: 0.488 Thread 0x00000000021b0000 Exception <a 'java/security/PrivilegedActionException'> (0x00000000eb3c9400) thrown at [C:\src\android\AOSP-openjdk\external\jetbrains\jdk\hotspot\src\share\vm\prims\jvm.cpp, line 1386]
Event: 0.488 Thread 0x00000000021b0000 Exception <a 'java/security/PrivilegedActionException'> (0x00000000eb3ca570) thrown at [C:\src\android\AOSP-openjdk\external\jetbrains\jdk\hotspot\src\share\vm\prims\jvm.cpp, line 1386]
Event: 0.488 Thread 0x00000000021b0000 Exception <a 'java/security/PrivilegedActionException'> (0x00000000eb3cf6d8) thrown at [C:\src\android\AOSP-openjdk\external\jetbrains\jdk\hotspot\src\share\vm\prims\jvm.cpp, line 1386]
Event: 0.489 Thread 0x00000000021b0000 Exception <a 'java/security/PrivilegedActionException'> (0x00000000eb3d0330) thrown at [C:\src\android\AOSP-openjdk\external\jetbrains\jdk\hotspot\src\share\vm\prims\jvm.cpp, line 1386]
Event: 0.489 Thread 0x00000000021b0000 Exception <a 'java/security/PrivilegedActionException'> (0x00000000eb3d0f58) thrown at [C:\src\android\AOSP-openjdk\external\jetbrains\jdk\hotspot\src\share\vm\prims\jvm.cpp, line 1386]

Events (10 events):
Event: 3.277 Thread 0x0000000056e15800 DEOPT UNPACKING pc=0x00000000028f556a sp=0x000000005833efe0 mode 2
Event: 4.001 Thread 0x0000000056e15800 Uncommon trap: trap_request=0xffffffd6 fr.pc=0x0000000002badcf8
Event: 4.001 Thread 0x0000000056e15800 DEOPT PACKING pc=0x0000000002badcf8 sp=0x000000005833f1b0
Event: 4.001 Thread 0x0000000056e15800 DEOPT UNPACKING pc=0x00000000028f556a sp=0x000000005833f140 mode 2
Event: 4.218 Executing VM operation: EnableBiasedLocking
Event: 4.219 Executing VM operation: EnableBiasedLocking done
Event: 4.480 Thread 0x0000000056e15800 DEOPT PACKING pc=0x0000000002c782a4 sp=0x000000005833f140
Event: 4.480 Thread 0x0000000056e15800 DEOPT UNPACKING pc=0x00000000028f71bf sp=0x000000005833ef00 mode 0
Event: 4.514 Thread 0x0000000056e15800 DEOPT PACKING pc=0x0000000002c7bc3f sp=0x000000005833f230
Event: 4.514 Thread 0x0000000056e15800 DEOPT UNPACKING pc=0x00000000028f71bf sp=0x000000005833f038 mode 0


Dynamic libraries:
0x000000013fb50000 - 0x000000013fb81000 	C:\Android\Android Studio\jre\bin\java.exe
0x0000000077470000 - 0x000000007761a000 	C:\Windows\SYSTEM32\ntdll.dll
0x0000000077350000 - 0x000000007746f000 	C:\Windows\system32\kernel32.dll
0x000007fefd4d0000 - 0x000007fefd53a000 	C:\Windows\system32\KERNELBASE.dll
0x000007feff6a0000 - 0x000007feff77b000 	C:\Windows\system32\ADVAPI32.dll
0x000007fefd5a0000 - 0x000007fefd63f000 	C:\Windows\system32\msvcrt.dll
0x000007fefe890000 - 0x000007fefe8af000 	C:\Windows\SYSTEM32\sechost.dll
0x000007fefd750000 - 0x000007fefd87d000 	C:\Windows\system32\RPCRT4.dll
0x0000000077250000 - 0x000000007734a000 	C:\Windows\system32\USER32.dll
0x000007fefef50000 - 0x000007fefefb7000 	C:\Windows\system32\GDI32.dll
0x000007fefd590000 - 0x000007fefd59e000 	C:\Windows\system32\LPK.dll
0x000007feff120000 - 0x000007feff1ea000 	C:\Windows\system32\USP10.dll
0x000007fefbce0000 - 0x000007fefbed4000 	C:\Windows\WinSxS\amd64_microsoft.windows.common-controls_6595b64144ccf1df_6.0.7601.18837_none_fa3b1e3d17594757\COMCTL32.dll
0x000007fefefc0000 - 0x000007feff031000 	C:\Windows\system32\SHLWAPI.dll
0x000007fefd560000 - 0x000007fefd58e000 	C:\Windows\system32\IMM32.DLL
0x000007fefeda0000 - 0x000007fefeea9000 	C:\Windows\system32\MSCTF.dll
0x00000000557b0000 - 0x0000000055882000 	C:\Android\Android Studio\jre\jre\bin\msvcr100.dll
0x0000000058590000 - 0x0000000058dc4000 	C:\Android\Android Studio\jre\jre\bin\server\jvm.dll
0x000007fee8fb0000 - 0x000007fee8fb9000 	C:\Windows\system32\WSOCK32.dll
0x000007feff650000 - 0x000007feff69d000 	C:\Windows\system32\WS2_32.dll
0x000007fefd6a0000 - 0x000007fefd6a8000 	C:\Windows\system32\NSI.dll
0x000007fefad50000 - 0x000007fefad8b000 	C:\Windows\system32\WINMM.dll
0x000007fefc1f0000 - 0x000007fefc1fc000 	C:\Windows\system32\VERSION.dll
0x0000000077640000 - 0x0000000077647000 	C:\Windows\system32\PSAPI.DLL
0x000007fefad90000 - 0x000007fefad9f000 	C:\Android\Android Studio\jre\jre\bin\verify.dll
0x000007fef4230000 - 0x000007fef4259000 	C:\Android\Android Studio\jre\jre\bin\java.dll
0x000007fef4a10000 - 0x000007fef4a26000 	C:\Android\Android Studio\jre\jre\bin\zip.dll
0x000007fefd880000 - 0x000007fefe609000 	C:\Windows\system32\SHELL32.dll
0x000007fefeb90000 - 0x000007fefed93000 	C:\Windows\system32\ole32.dll
0x000007fefd1b0000 - 0x000007fefd1bf000 	C:\Windows\system32\profapi.dll
0x000007fef4cd0000 - 0x000007fef4cdf000 	C:\Android\Android Studio\bin\breakgen64.dll
0x000007fef4210000 - 0x000007fef422a000 	C:\Android\Android Studio\jre\jre\bin\net.dll
0x000007fefc940000 - 0x000007fefc995000 	C:\Windows\system32\mswsock.dll
0x000007fefc930000 - 0x000007fefc937000 	C:\Windows\System32\wship6.dll
0x0000000065580000 - 0x0000000065616000 	C:\Users\oCocha\AppData\Local\Temp\libgdxoCocha\8aad67a5\gdx64.dll
0x000007fefc9a0000 - 0x000007fefc9b8000 	C:\Windows\system32\CRYPTSP.dll
0x000007fefc6a0000 - 0x000007fefc6e7000 	C:\Windows\system32\rsaenh.dll
0x000007fefd540000 - 0x000007fefd55e000 	C:\Windows\system32\USERENV.dll
0x000007fefd040000 - 0x000007fefd04f000 	C:\Windows\system32\CRYPTBASE.dll
0x000007fefab60000 - 0x000007fefab87000 	C:\Windows\system32\IPHLPAPI.DLL
0x000007fefb6d0000 - 0x000007fefb6db000 	C:\Windows\system32\WINNSI.DLL
0x000007fefa970000 - 0x000007fefa981000 	C:\Windows\system32\dhcpcsvc6.DLL
0x000007fefa950000 - 0x000007fefa968000 	C:\Windows\system32\dhcpcsvc.DLL
0x000007fee8d70000 - 0x000007fee8d81000 	C:\Android\Android Studio\jre\jre\bin\nio.dll
0x0000000180000000 - 0x0000000180053000 	C:\Users\oCocha\AppData\Local\Temp\libgdxoCocha\dc0f0009\lwjgl64.dll
0x000007fedab00000 - 0x000007fedac1d000 	C:\Windows\system32\OPENGL32.dll
0x000007fef4ca0000 - 0x000007fef4ccd000 	C:\Windows\system32\GLU32.dll
0x000007fedac40000 - 0x000007fedad31000 	C:\Windows\system32\DDRAW.dll
0x000007fef4d10000 - 0x000007fef4d18000 	C:\Windows\system32\DCIMAN32.dll
0x000007fefe610000 - 0x000007fefe7e7000 	C:\Windows\system32\SETUPAPI.dll
0x000007fefd290000 - 0x000007fefd2c6000 	C:\Windows\system32\CFGMGR32.dll
0x000007feff040000 - 0x000007feff11a000 	C:\Windows\system32\OLEAUT32.dll
0x000007fefd260000 - 0x000007fefd27a000 	C:\Windows\system32\DEVOBJ.dll
0x000007fefc1d0000 - 0x000007fefc1e8000 	C:\Windows\system32\dwmapi.dll
0x0000000002290000 - 0x00000000022f4000 	C:\Users\oCocha\AppData\Local\Temp\libgdxoCocha\dc0f0009\OpenAL64.dll
0x000007fefb3a0000 - 0x000007fefb3f6000 	C:\Windows\system32\uxtheme.dll
0x000007fefe7f0000 - 0x000007fefe889000 	C:\Windows\system32\CLBCatQ.DLL
0x000007fefb8b0000 - 0x000007fefb9dc000 	C:\Windows\System32\PROPSYS.dll
0x000007fefd450000 - 0x000007fefd48b000 	C:\Windows\system32\WINTRUST.dll
0x000007fefd2d0000 - 0x000007fefd43d000 	C:\Windows\system32\CRYPT32.dll
0x000007fefd1a0000 - 0x000007fefd1af000 	C:\Windows\system32\MSASN1.dll
0x000007fede060000 - 0x000007fede0e8000 	C:\Windows\system32\dsound.dll
0x000007fefc200000 - 0x000007fefc22c000 	C:\Windows\system32\POWRPROF.dll
0x000007fefb9e0000 - 0x000007fefba2b000 	C:\Windows\System32\MMDevApi.dll
0x000007fefacc0000 - 0x000007fefad0f000 	C:\Windows\system32\AUDIOSES.DLL
0x000007fef43b0000 - 0x000007fef43c8000 	C:\Windows\system32\atig6pxx.dll
0x0000000058ed0000 - 0x000000005acd0000 	C:\Windows\system32\atio6axx.dll
0x000007feea090000 - 0x000007feea1d1000 	C:\Windows\system32\atiadlxx.dll
0x000007fefc2f0000 - 0x000007fefc301000 	C:\Windows\system32\WTSAPI32.dll
0x000007fef4310000 - 0x000007fef433c000 	C:\Windows\system32\atig6txx.dll
0x000007fee0600000 - 0x000007fee069c000 	C:\Windows\system32\mscms.dll
0x000007fee0560000 - 0x000007fee05a2000 	C:\Windows\system32\icm32.dll
0x0000000066bc0000 - 0x0000000066c7b000 	C:\Users\oCocha\AppData\Local\Temp\libgdxoCocha\b6038e5c\gdx-box2d64.dll
0x000007fef4d40000 - 0x000007fef4e65000 	C:\Windows\system32\dbghelp.dll

VM Arguments:
jvm_args: -Didea.launcher.port=7533 -Didea.launcher.bin.path=C:\Android\Android Studio\bin -Dfile.encoding=UTF-8 
java_command: com.intellij.rt.execution.application.AppMain com.runner.desktop.DesktopLauncher
java_class_path (initial): C:\Android\Android Studio\jre\jre\lib\charsets.jar;C:\Android\Android Studio\jre\jre\lib\ext\access-bridge-64.jar;C:\Android\Android Studio\jre\jre\lib\ext\cldrdata.jar;C:\Android\Android Studio\jre\jre\lib\ext\dnsns.jar;C:\Android\Android Studio\jre\jre\lib\ext\jaccess.jar;C:\Android\Android Studio\jre\jre\lib\ext\localedata.jar;C:\Android\Android Studio\jre\jre\lib\ext\nashorn.jar;C:\Android\Android Studio\jre\jre\lib\ext\sunec.jar;C:\Android\Android Studio\jre\jre\lib\ext\sunjce_provider.jar;C:\Android\Android Studio\jre\jre\lib\ext\sunmscapi.jar;C:\Android\Android Studio\jre\jre\lib\ext\sunpkcs11.jar;C:\Android\Android Studio\jre\jre\lib\ext\zipfs.jar;C:\Android\Android Studio\jre\jre\lib\jce.jar;C:\Android\Android Studio\jre\jre\lib\jsse.jar;C:\Android\Android Studio\jre\jre\lib\management-agent.jar;C:\Android\Android Studio\jre\jre\lib\resources.jar;C:\Android\Android Studio\jre\jre\lib\rt.jar;C:\Android\Projekte\ItsAMe\desktop\build\classes\main;C:\Android\Projekte\ItsAMe\core\build\classes\main;C:\Users\oCocha\.gradle\caches\modules-2\files-2.1\com.badlogicgames.gdx\gdx\1.9.4\4b4b7962d1bc75af0438f5c81ec1010557bc9ee5\gdx-1.9.4.jar;C:\Users\oCocha\.gradle\caches\modules-2\files-2.1\com.badlogicgames.gdx\gdx-box2d\1.9.4\98a0d25c9f0637fecac6e4aacf7287aa635964f5\gdx-box2d-1.9.4.jar;C:\Android\Projekte\ItsAMe\core\build\libs\core-1.0.jar;C:\Users\oCocha\.gradle\caches\modules-2\files-2.1\com.badlogicgames.gdx\gdx-backend-lwjgl\1.9.4\4c6c108a9dcbc07096de8594b93f9cab33856fe2\gdx-backend-lwjgl-1.9.4.jar;C:\Users\oCocha\.gradle\caches\modules-2\files-2.1\com.badlogicgames.gdx\gdx-platform\1.9.4\8e93afecc287ab152179983fc1b5f65db4c2fa4c\gdx-platform-1.9.4-natives-desktop.jar;C:\Users\oCocha\.gradle\caches\modules-2\files-2.1\com.badlogicgames.gdx\gdx-box2d-platform\1.9.4\905a9ed3017cd3917b7fbada5ece58c40fddcbca\gdx-box2d-platform-1.9.4-natives-desktop.jar;C:\Users\oCocha\.gradle\caches\modules-2\files-2.1\org.lwjgl.lwjgl\lwjgl\2.9.2\a9d80fe5
Launcher Type: SUN_STANDARD

Environment Variables:
PATH=C:\ProgramData\Oracle\Java\javapath;C:\Program Files\Common Files\Microsoft Shared\Windows Live;C:\Program Files (x86)\Common Files\Microsoft Shared\Windows Live;C:\Windows\system32;C:\Windows;C:\Windows\System32\Wbem;C:\Windows\System32\WindowsPowerShell\v1.0\;C:\Program Files (x86)\ATI Technologies\ATI.ACE\Core-Static;C:\Program Files (x86)\Windows Live\Shared;C:\Program Files (x86)\GtkSharp\2.12\bin;C:\Program Files (x86)\Skype\Phone\;C:\Program Files (x86)\AMD\ATI.ACE\Core-Static;C:\Program Files (x86)\Common Files\Softimage;C:\Program Files\Common Files\Softimage;C:\Program Files (x86)\Mozilla Firefox;C:\ProgramData\Oracle\Java\javapath;C:\Program Files\Common Files\Microsoft Shared\Windows Live;C:\Program Files (x86)\Common Files\Microsoft Shared\Windows Live;C:\Windows\system32;C:\Windows;C:\Windows\System32\Wbem;C:\Windows\System32\WindowsPowerShell\v1.0\;C:\Program Files (x86)\ATI Technologies\ATI.ACE\Core-Static;C:\Program Files (x86)\Windows Live\Shared;C:\Program Files (x86)\GtkSharp\2.12\bin;C:\Program Files (x86)\Skype\Phone\;C:\Program Files (x86)\AMD\ATI.ACE\Core-Static
USERNAME=oCocha
OS=Windows_NT
PROCESSOR_IDENTIFIER=Intel64 Family 6 Model 58 Stepping 9, GenuineIntel



---------------  S Y S T E M  ---------------

OS: Windows 7 , 64 bit Build 7601 (6.1.7601.23543)

CPU:total 2 (2 cores per cpu, 1 threads per core) family 6 model 58 stepping 9, cmov, cx8, fxsr, mmx, sse, sse2, sse3, ssse3, sse4.1, sse4.2, popcnt, clmul, erms, tsc, tscinvbit, tscinv

Memory: 4k page, physical 4143476k(962452k free), swap 8285092k(3338776k free)

vm_info: OpenJDK 64-Bit Server VM (25.76-b03) for windows-amd64 JRE (1.8.0_76-release-b03), built on Jun 29 2016 19:09:20 by "ralucas" with MS VC++ 10.0 (VS2010)

time: Mon Dec 05 21:33:16 2016
elapsed time: 5 seconds (0d 0h 0m 5s)

